#
# A fatal error has been detected by the Java Runtime Environment:
#
#  EXCEPTION_ACCESS_VIOLATION (0xc0000005) at pc=0x00007ff90839db70, pid=20320, tid=13940
#
# JRE version: OpenJDK Runtime Environment AdoptOpenJDK (15.0.2+7) (build 15.0.2+7)
# Java VM: OpenJDK 64-Bit Server VM AdoptOpenJDK (15.0.2+7, mixed mode, sharing, tiered, compressed oops, g1 gc, windows-amd64)
# Problematic frame:
# C  [jniLLVM.dll+0xe7db70]
#
# No core dump will be written. Minidumps are not enabled by default on client versions of Windows
#
# If you would like to submit a bug report, please visit:
#   https://github.com/AdoptOpenJDK/openjdk-support/issues
# The crash happened outside the Java Virtual Machine in native code.
# See problematic frame for where to report the bug.
#

---------------  S U M M A R Y ------------

Command Line: -javaagent:C:\Program Files\JetBrains\IntelliJ IDEA 2022.3\lib\idea_rt.jar=12147:C:\Program Files\JetBrains\IntelliJ IDEA 2022.3\bin -Dfile.encoding=UTF-8 Main tests/function-and-var-test1.sysy tests/function-and-var-test1.out

Host: Intel(R) Core(TM) i7-8565U CPU @ 1.80GHz, 8 cores, 15G,  Windows 10 , 64 bit Build 19041 (10.0.19041.2364)
Time: Tue Jan  3 19:43:15 2023 中国标准时间 elapsed time: 1.180588 seconds (0d 0h 0m 1s)

---------------  T H R E A D  ---------------

Current thread (0x00000212876935a0):  JavaThread "main" [_thread_in_native, id=13940, stack(0x000000e239300000,0x000000e239400000)]

Stack: [0x000000e239300000,0x000000e239400000],  sp=0x000000e2393fedb8,  free space=1019k
Native frames: (J=compiled Java code, j=interpreted, Vv=VM code, C=native code)
C  [jniLLVM.dll+0xe7db70]

Java frames: (J=compiled Java code, j=interpreted, Vv=VM code)
j  org.bytedeco.llvm.global.LLVM.LLVMBuildAlloca(Lorg/bytedeco/llvm/LLVM/LLVMBuilderRef;Lorg/bytedeco/llvm/LLVM/LLVMTypeRef;Ljava/lang/String;)Lorg/bytedeco/llvm/LLVM/LLVMValueRef;+0
j  LLVMIRVisitor.visitFuncDef(LSysYParser$FuncDefContext;)Lorg/bytedeco/llvm/LLVM/LLVMValueRef;+99
j  LLVMIRVisitor.visitFuncDef(LSysYParser$FuncDefContext;)Ljava/lang/Object;+2
j  SysYParser$FuncDefContext.accept(Lorg/antlr/v4/runtime/tree/ParseTreeVisitor;)Ljava/lang/Object;+12
j  org.antlr.v4.runtime.tree.AbstractParseTreeVisitor.visitChildren(Lorg/antlr/v4/runtime/tree/RuleNode;)Ljava/lang/Object;+46
j  SysYParserBaseVisitor.visitCompUnit(LSysYParser$CompUnitContext;)Ljava/lang/Object;+2
j  SysYParser$CompUnitContext.accept(Lorg/antlr/v4/runtime/tree/ParseTreeVisitor;)Ljava/lang/Object;+12
j  org.antlr.v4.runtime.tree.AbstractParseTreeVisitor.visitChildren(Lorg/antlr/v4/runtime/tree/RuleNode;)Ljava/lang/Object;+46
j  SysYParserBaseVisitor.visitProgram(LSysYParser$ProgramContext;)Ljava/lang/Object;+2
j  LLVMIRVisitor.visitProgram(LSysYParser$ProgramContext;)Lorg/bytedeco/llvm/LLVM/LLVMValueRef;+19
j  LLVMIRVisitor.visitProgram(LSysYParser$ProgramContext;)Ljava/lang/Object;+2
j  SysYParser$ProgramContext.accept(Lorg/antlr/v4/runtime/tree/ParseTreeVisitor;)Ljava/lang/Object;+12
j  org.antlr.v4.runtime.tree.AbstractParseTreeVisitor.visit(Lorg/antlr/v4/runtime/tree/ParseTree;)Ljava/lang/Object;+2
j  Main.main([Ljava/lang/String;)V+54
v  ~StubRoutines::call_stub

siginfo: EXCEPTION_ACCESS_VIOLATION (0xc0000005), reading address 0x0000000000000048


Register to memory mapping:

RIP=0x00007ff90839db70 jniLLVM.dll
RAX=0x00000212ae78c9b0 points into unknown readable memory: 0x0000000000010066 | 66 00 01 00 00 00 00 00
RBX=0x0 is NULL
RCX=0x0 is NULL
RDX=0x00000212aec117f0 points into unknown readable memory: 0x00000212ade02320 | 20 23 e0 ad 12 02 00 00
RSP=0x000000e2393fedb8 is pointing into the stack for thread: 0x00000212876935a0
RBP=0x00000212aec117f0 points into unknown readable memory: 0x00000212ade02320 | 20 23 e0 ad 12 02 00 00
RSI=0x00000212ae300aa0 points into unknown readable memory: 0x00000212ae300ab0 | b0 0a 30 ae 12 02 00 00
RDI=0x00000212876938c8 points into unknown readable memory: 0x00007ff910e34fb0 | b0 4f e3 10 f9 7f 00 00
R8 =0x0 is NULL
R9 =0x000000e2393fee70 is pointing into the stack for thread: 0x00000212876935a0
R10=0x000000071248f6a0 points into unknown readable memory: 0x0000000000000066 | 66 00 00 00 00 00 00 00
R11=0x00000212ae78c9b0 points into unknown readable memory: 0x0000000000010066 | 66 00 01 00 00 00 00 00
R12=0x0 is NULL
R13={method} {0x00000212ad4ae3b0} 'LLVMBuildAlloca' '(Lorg/bytedeco/llvm/LLVM/LLVMBuilderRef;Lorg/bytedeco/llvm/LLVM/LLVMTypeRef;Ljava/lang/String;)Lorg/bytedeco/llvm/LLVM/LLVMValueRef;' in 'org/bytedeco/llvm/global/LLVM'
R14=0x0 is NULL
R15=0x000000e2393fee70 is pointing into the stack for thread: 0x00000212876935a0


Registers:
RAX=0x00000212ae78c9b0, RBX=0x0000000000000000, RCX=0x0000000000000000, RDX=0x00000212aec117f0
RSP=0x000000e2393fedb8, RBP=0x00000212aec117f0, RSI=0x00000212ae300aa0, RDI=0x00000212876938c8
R8 =0x0000000000000000, R9 =0x000000e2393fee70, R10=0x000000071248f6a0, R11=0x00000212ae78c9b0
R12=0x0000000000000000, R13=0x00000212ad4ae3a8, R14=0x0000000000000000, R15=0x000000e2393fee70
RIP=0x00007ff90839db70, EFLAGS=0x0000000000010206

Top of Stack: (sp=0x000000e2393fedb8)
0x000000e2393fedb8:   00007ff90807e36d 00000212876938c8
0x000000e2393fedc8:   000002128776b1d0 0000000000000001
0x000000e2393fedd8:   00007ff9a17efde6 0000000000000000
0x000000e2393fede8:   0000000000000001 00000212ad4ae3a8
0x000000e2393fedf8:   0000000000000000 000000071248f690
0x000000e2393fee08:   00007ff910794a86 00000212876935a0
0x000000e2393fee18:   000002128776b1d0 0000000000000010
0x000000e2393fee28:   00000000000003d8 00000212876935a0
0x000000e2393fee38:   00000212ae78c9b0 00000212876938c8
0x000000e2393fee48:   00007ff9083c4986 00000212876935a0
0x000000e2393fee58:   0000000000000000 00000212ae300aa0
0x000000e2393fee68:   00000212aec117f0 00000212ae78c9b0
0x000000e2393fee78:   0000000000000001 000002128776b1d0
0x000000e2393fee88:   00000212ae78c9b0 00000212ae780103
0x000000e2393fee98:   00000212876935a0 0000000000000000
0x000000e2393feea8:   00007ff9075f2ca5 00000212ae300aa0 

Instructions: (pc=0x00007ff90839db70)
0x00007ff90839da70:   8b ca 48 89 7c 24 40 48 39 51 30 75 0e 8b 41 14
0x00007ff90839da80:   c1 e8 1d a8 01 0f 84 86 00 00 00 ba 18 00 00 00
0x00007ff90839da90:   e8 1b e9 0b 00 48 8b f8 48 85 c0 74 74 8b 50 08
0x00007ff90839daa0:   48 8b c8 48 c1 e2 03 48 2b ca 48 8d 54 24 20 48
0x00007ff90839dab0:   8b 09 e8 e9 fc 0b 00 48 83 78 08 12 75 53 48 8b
0x00007ff90839dac0:   08 48 8d 15 b8 55 51 02 41 b8 12 00 00 00 e8 ad
0x00007ff90839dad0:   aa 68 01 85 c0 75 3a 8b 47 08 48 c1 e0 03 48 2b
0x00007ff90839dae0:   f8 48 8b 47 08 48 8b 80 80 00 00 00 48 83 c0 18
0x00007ff90839daf0:   83 78 08 40 76 03 48 8b 00 48 8b 00 48 89 03 48
0x00007ff90839db00:   8b c3 c6 43 08 01 48 8b 7c 24 40 48 83 c4 30 5b
0x00007ff90839db10:   c3 48 8b 7c 24 40 48 8b c3 c6 03 00 c6 43 08 00
0x00007ff90839db20:   48 83 c4 30 5b c3 cc cc cc cc cc cc cc cc cc cc
0x00007ff90839db30:   48 8b 41 40 45 33 c0 48 83 c1 38 48 3b c1 74 1a
0x00007ff90839db40:   48 85 c0 48 8d 50 e8 49 0f 44 d0 80 7a 10 51 75
0x00007ff90839db50:   0c 48 8b 40 08 48 3b c1 75 e6 49 8b d0 80 7a 10
0x00007ff90839db60:   5c 49 0f 45 d0 48 8b c2 c3 cc cc cc cc cc cc cc
0x00007ff90839db70:   48 8b 41 48 48 8b 40 28 c3 cc cc cc cc cc cc cc
0x00007ff90839db80:   48 89 5c 24 08 48 89 74 24 10 48 89 7c 24 18 4c
0x00007ff90839db90:   89 6c 24 20 55 41 56 41 57 48 8d 6c 24 b9 48 81
0x00007ff90839dba0:   ec 90 00 00 00 4c 8d 45 07 c7 45 f7 08 00 00 00
0x00007ff90839dbb0:   48 8d 45 07 4c 89 45 e7 48 89 45 ef 4c 8b e9 45
0x00007ff90839dbc0:   33 ff 48 c7 45 fb 01 00 00 00 48 89 4d 07 66 90
0x00007ff90839dbd0:   49 8b 4d 38 49 8d 55 38 48 3b d1 0f 84 4b 01 00
0x00007ff90839dbe0:   00 48 85 c9 4c 8d 71 e8 4d 0f 44 f7 41 0f b6 46
0x00007ff90839dbf0:   10 83 e8 1b 83 f8 0a 77 0d 48 85 c9 48 8d 51 e8
0x00007ff90839dc00:   49 0f 44 d7 eb 27 48 3b d1 0f 84 1d 01 00 00 48
0x00007ff90839dc10:   85 c9 48 8d 51 e8 4d 8b f7 49 0f 44 d7 0f b6 42
0x00007ff90839dc20:   10 83 e8 1b 83 f8 0a 0f 87 ff 00 00 00 48 85 d2
0x00007ff90839dc30:   0f 84 f6 00 00 00 48 8b ca e8 22 bc 08 00 8b f0
0x00007ff90839dc40:   85 c0 0f 84 e0 00 00 00 33 d2 49 8b ce e8 8e c0
0x00007ff90839dc50:   08 00 bb 01 00 00 00 48 8b f8 3b f3 74 1b 66 90
0x00007ff90839dc60:   8b d3 49 8b ce e8 76 c0 08 00 48 3b c7 0f 85 b5 


Stack slot to memory mapping:
stack at sp + 0 slots: 0x00007ff90807e36d jniLLVM.dll
stack at sp + 1 slots: 0x00000212876938c8 points into unknown readable memory: 0x00007ff910e34fb0 | b0 4f e3 10 f9 7f 00 00
stack at sp + 2 slots: 0x000002128776b1d0 points into unknown readable memory: 0x000000071248f690 | 90 f6 48 12 07 00 00 00
stack at sp + 3 slots: 0x0000000000000001 is an unknown value
stack at sp + 4 slots: 0x00007ff9a17efde6 ucrtbase.dll
stack at sp + 5 slots: 0x0 is NULL
stack at sp + 6 slots: 0x0000000000000001 is an unknown value
stack at sp + 7 slots: {method} {0x00000212ad4ae3b0} 'LLVMBuildAlloca' '(Lorg/bytedeco/llvm/LLVM/LLVMBuilderRef;Lorg/bytedeco/llvm/LLVM/LLVMTypeRef;Ljava/lang/String;)Lorg/bytedeco/llvm/LLVM/LLVMValueRef;' in 'org/bytedeco/llvm/global/LLVM'


---------------  P R O C E S S  ---------------

Threads class SMR info:
_java_thread_list=0x00000212ae261e50, length=15, elements={
0x00000212876935a0, 0x00000212acf7a050, 0x00000212acf7b3c0, 0x00000212ad7f9f60,
0x00000212ad7fa920, 0x00000212ad7fbb70, 0x00000212ad8032f0, 0x00000212ad80d200,
0x00000212ad8212d0, 0x00000212acf5e5c0, 0x00000212ad80f060, 0x00000212ad80ff90,
0x00000212adb80d80, 0x00000212adb81250, 0x00000212add52fc0
}

Java Threads: ( => current thread )
=>0x00000212876935a0 JavaThread "main" [_thread_in_native, id=13940, stack(0x000000e239300000,0x000000e239400000)]
  0x00000212acf7a050 JavaThread "Reference Handler" daemon [_thread_blocked, id=1384, stack(0x000000e239a00000,0x000000e239b00000)]
  0x00000212acf7b3c0 JavaThread "Finalizer" daemon [_thread_blocked, id=18304, stack(0x000000e239b00000,0x000000e239c00000)]
  0x00000212ad7f9f60 JavaThread "Signal Dispatcher" daemon [_thread_blocked, id=15088, stack(0x000000e239c00000,0x000000e239d00000)]
  0x00000212ad7fa920 JavaThread "Attach Listener" daemon [_thread_blocked, id=7060, stack(0x000000e239d00000,0x000000e239e00000)]
  0x00000212ad7fbb70 JavaThread "Service Thread" daemon [_thread_blocked, id=15336, stack(0x000000e239e00000,0x000000e239f00000)]
  0x00000212ad8032f0 JavaThread "C2 CompilerThread0" daemon [_thread_blocked, id=9612, stack(0x000000e239f00000,0x000000e23a000000)]
  0x00000212ad80d200 JavaThread "C1 CompilerThread0" daemon [_thread_blocked, id=3180, stack(0x000000e23a000000,0x000000e23a100000)]
  0x00000212ad8212d0 JavaThread "Sweeper thread" daemon [_thread_blocked, id=6424, stack(0x000000e23a100000,0x000000e23a200000)]
  0x00000212acf5e5c0 JavaThread "Common-Cleaner" daemon [_thread_blocked, id=5972, stack(0x000000e23a200000,0x000000e23a300000)]
  0x00000212ad80f060 JavaThread "C2 CompilerThread1" daemon [_thread_blocked, id=2444, stack(0x000000e23a300000,0x000000e23a400000)]
  0x00000212ad80ff90 JavaThread "C2 CompilerThread2" daemon [_thread_blocked, id=18712, stack(0x000000e23a400000,0x000000e23a500000)]
  0x00000212adb80d80 JavaThread "Monitor Ctrl-Break" daemon [_thread_in_native, id=5396, stack(0x000000e23a500000,0x000000e23a600000)]
  0x00000212adb81250 JavaThread "Notification Thread" daemon [_thread_blocked, id=13552, stack(0x000000e23a600000,0x000000e23a700000)]
  0x00000212add52fc0 JavaThread "JavaCPP Deallocator" daemon [_thread_blocked, id=13256, stack(0x000000e23ad00000,0x000000e23ae00000)]

Other Threads:
  0x00000212acf76c20 VMThread "VM Thread" [stack: 0x000000e239900000,0x000000e239a00000] [id=15848]
  0x00000212adafe160 WatcherThread [stack: 0x000000e23a700000,0x000000e23a800000] [id=13864]
  0x00000212876e1640 GCTaskThread "GC Thread#0" [stack: 0x000000e239400000,0x000000e239500000] [id=8236]
  0x00000212add41d00 GCTaskThread "GC Thread#1" [stack: 0x000000e23a800000,0x000000e23a900000] [id=19020]
  0x00000212add3f390 GCTaskThread "GC Thread#2" [stack: 0x000000e23a900000,0x000000e23aa00000] [id=6820]
  0x00000212add3f6c0 GCTaskThread "GC Thread#3" [stack: 0x000000e23aa00000,0x000000e23ab00000] [id=19444]
  0x00000212add416a0 GCTaskThread "GC Thread#4" [stack: 0x000000e23ab00000,0x000000e23ac00000] [id=6520]
  0x00000212add41370 GCTaskThread "GC Thread#5" [stack: 0x000000e23ac00000,0x000000e23ad00000] [id=1476]
  0x00000212876f4530 ConcurrentGCThread "G1 Main Marker" [stack: 0x000000e239500000,0x000000e239600000] [id=3852]
  0x00000212876f58c0 ConcurrentGCThread "G1 Conc#0" [stack: 0x000000e239600000,0x000000e239700000] [id=12696]
  0x00000212acdf30d0 ConcurrentGCThread "G1 Refine#0" [stack: 0x000000e239700000,0x000000e239800000] [id=13572]
  0x00000212acdf3a10 ConcurrentGCThread "G1 Young RemSet Sampling" [stack: 0x000000e239800000,0x000000e239900000] [id=18716]

Threads with active compile tasks:

VM state: not at safepoint (normal execution)

VM Mutex/Monitor currently owned by a thread: None

Heap address: 0x0000000703000000, size: 4048 MB, Compressed Oops mode: Zero based, Oop shift amount: 3
CDS archive(s) mapped at: [0x0000000800000000-0x0000000800b50000-0x0000000800b50000), size 11862016, SharedBaseAddress: 0x0000000800000000, ArchiveRelocationMode: 0.
Compressed class space mapped at: 0x0000000800b50000-0x0000000840b50000, size: 1073741824
Narrow klass base: 0x0000000800000000, Narrow klass shift: 3, Narrow klass range: 0x100000000

GC Precious Log:
 CPUs: 8 total, 8 available
 Memory: 16190M
 Large Page Support: Disabled
 NUMA Support: Disabled
 Compressed Oops: Enabled (Zero based)
 Heap Region Size: 2M
 Heap Min Capacity: 8M
 Heap Initial Capacity: 254M
 Heap Max Capacity: 4048M
 Pre-touch: Disabled
 Parallel Workers: 8
 Concurrent Workers: 2
 Concurrent Refinement Workers: 8
 Periodic GC: Disabled

Heap:
 garbage-first heap   total 260096K, used 14376K [0x0000000703000000, 0x0000000800000000)
  region size 2048K, 7 young (14336K), 2 survivors (4096K)
 Metaspace       used 4328K, capacity 6525K, committed 6656K, reserved 1056768K
  class space    used 445K, capacity 659K, committed 768K, reserved 1048576K

Heap Regions: E=young(eden), S=young(survivor), O=old, HS=humongous(starts), HC=humongous(continues), CS=collection set, F=free, OA=open archive, CA=closed archive, TAMS=top-at-mark-start (previous, next)
|   0|0x0000000703000000, 0x0000000703200000, 0x0000000703200000|100%| O|  |TAMS 0x0000000703000000, 0x0000000703000000| Untracked 
|   1|0x0000000703200000, 0x000000070320a200, 0x0000000703400000|  1%| O|  |TAMS 0x0000000703200000, 0x0000000703200000| Untracked 
|   2|0x0000000703400000, 0x0000000703400000, 0x0000000703600000|  0%| F|  |TAMS 0x0000000703400000, 0x0000000703400000| Untracked 
|   3|0x0000000703600000, 0x0000000703600000, 0x0000000703800000|  0%| F|  |TAMS 0x0000000703600000, 0x0000000703600000| Untracked 
|   4|0x0000000703800000, 0x0000000703800000, 0x0000000703a00000|  0%| F|  |TAMS 0x0000000703800000, 0x0000000703800000| Untracked 
|   5|0x0000000703a00000, 0x0000000703a00000, 0x0000000703c00000|  0%| F|  |TAMS 0x0000000703a00000, 0x0000000703a00000| Untracked 
|   6|0x0000000703c00000, 0x0000000703c00000, 0x0000000703e00000|  0%| F|  |TAMS 0x0000000703c00000, 0x0000000703c00000| Untracked 
|   7|0x0000000703e00000, 0x0000000703e00000, 0x0000000704000000|  0%| F|  |TAMS 0x0000000703e00000, 0x0000000703e00000| Untracked 
|   8|0x0000000704000000, 0x0000000704000000, 0x0000000704200000|  0%| F|  |TAMS 0x0000000704000000, 0x0000000704000000| Untracked 
|   9|0x0000000704200000, 0x0000000704200000, 0x0000000704400000|  0%| F|  |TAMS 0x0000000704200000, 0x0000000704200000| Untracked 
|  10|0x0000000704400000, 0x0000000704400000, 0x0000000704600000|  0%| F|  |TAMS 0x0000000704400000, 0x0000000704400000| Untracked 
|  11|0x0000000704600000, 0x0000000704600000, 0x0000000704800000|  0%| F|  |TAMS 0x0000000704600000, 0x0000000704600000| Untracked 
|  12|0x0000000704800000, 0x0000000704800000, 0x0000000704a00000|  0%| F|  |TAMS 0x0000000704800000, 0x0000000704800000| Untracked 
|  13|0x0000000704a00000, 0x0000000704a00000, 0x0000000704c00000|  0%| F|  |TAMS 0x0000000704a00000, 0x0000000704a00000| Untracked 
|  14|0x0000000704c00000, 0x0000000704c00000, 0x0000000704e00000|  0%| F|  |TAMS 0x0000000704c00000, 0x0000000704c00000| Untracked 
|  15|0x0000000704e00000, 0x0000000704e00000, 0x0000000705000000|  0%| F|  |TAMS 0x0000000704e00000, 0x0000000704e00000| Untracked 
|  16|0x0000000705000000, 0x0000000705000000, 0x0000000705200000|  0%| F|  |TAMS 0x0000000705000000, 0x0000000705000000| Untracked 
|  17|0x0000000705200000, 0x0000000705200000, 0x0000000705400000|  0%| F|  |TAMS 0x0000000705200000, 0x0000000705200000| Untracked 
|  18|0x0000000705400000, 0x0000000705400000, 0x0000000705600000|  0%| F|  |TAMS 0x0000000705400000, 0x0000000705400000| Untracked 
|  19|0x0000000705600000, 0x0000000705600000, 0x0000000705800000|  0%| F|  |TAMS 0x0000000705600000, 0x0000000705600000| Untracked 
|  20|0x0000000705800000, 0x0000000705800000, 0x0000000705a00000|  0%| F|  |TAMS 0x0000000705800000, 0x0000000705800000| Untracked 
|  21|0x0000000705a00000, 0x0000000705a00000, 0x0000000705c00000|  0%| F|  |TAMS 0x0000000705a00000, 0x0000000705a00000| Untracked 
|  22|0x0000000705c00000, 0x0000000705c00000, 0x0000000705e00000|  0%| F|  |TAMS 0x0000000705c00000, 0x0000000705c00000| Untracked 
|  23|0x0000000705e00000, 0x0000000705e00000, 0x0000000706000000|  0%| F|  |TAMS 0x0000000705e00000, 0x0000000705e00000| Untracked 
|  24|0x0000000706000000, 0x0000000706000000, 0x0000000706200000|  0%| F|  |TAMS 0x0000000706000000, 0x0000000706000000| Untracked 
|  25|0x0000000706200000, 0x0000000706200000, 0x0000000706400000|  0%| F|  |TAMS 0x0000000706200000, 0x0000000706200000| Untracked 
|  26|0x0000000706400000, 0x0000000706400000, 0x0000000706600000|  0%| F|  |TAMS 0x0000000706400000, 0x0000000706400000| Untracked 
|  27|0x0000000706600000, 0x0000000706600000, 0x0000000706800000|  0%| F|  |TAMS 0x0000000706600000, 0x0000000706600000| Untracked 
|  28|0x0000000706800000, 0x0000000706800000, 0x0000000706a00000|  0%| F|  |TAMS 0x0000000706800000, 0x0000000706800000| Untracked 
|  29|0x0000000706a00000, 0x0000000706a00000, 0x0000000706c00000|  0%| F|  |TAMS 0x0000000706a00000, 0x0000000706a00000| Untracked 
|  30|0x0000000706c00000, 0x0000000706c00000, 0x0000000706e00000|  0%| F|  |TAMS 0x0000000706c00000, 0x0000000706c00000| Untracked 
|  31|0x0000000706e00000, 0x0000000706e00000, 0x0000000707000000|  0%| F|  |TAMS 0x0000000706e00000, 0x0000000706e00000| Untracked 
|  32|0x0000000707000000, 0x0000000707000000, 0x0000000707200000|  0%| F|  |TAMS 0x0000000707000000, 0x0000000707000000| Untracked 
|  33|0x0000000707200000, 0x0000000707200000, 0x0000000707400000|  0%| F|  |TAMS 0x0000000707200000, 0x0000000707200000| Untracked 
|  34|0x0000000707400000, 0x0000000707400000, 0x0000000707600000|  0%| F|  |TAMS 0x0000000707400000, 0x0000000707400000| Untracked 
|  35|0x0000000707600000, 0x0000000707600000, 0x0000000707800000|  0%| F|  |TAMS 0x0000000707600000, 0x0000000707600000| Untracked 
|  36|0x0000000707800000, 0x0000000707800000, 0x0000000707a00000|  0%| F|  |TAMS 0x0000000707800000, 0x0000000707800000| Untracked 
|  37|0x0000000707a00000, 0x0000000707a00000, 0x0000000707c00000|  0%| F|  |TAMS 0x0000000707a00000, 0x0000000707a00000| Untracked 
|  38|0x0000000707c00000, 0x0000000707c00000, 0x0000000707e00000|  0%| F|  |TAMS 0x0000000707c00000, 0x0000000707c00000| Untracked 
|  39|0x0000000707e00000, 0x0000000707e00000, 0x0000000708000000|  0%| F|  |TAMS 0x0000000707e00000, 0x0000000707e00000| Untracked 
|  40|0x0000000708000000, 0x0000000708000000, 0x0000000708200000|  0%| F|  |TAMS 0x0000000708000000, 0x0000000708000000| Untracked 
|  41|0x0000000708200000, 0x0000000708200000, 0x0000000708400000|  0%| F|  |TAMS 0x0000000708200000, 0x0000000708200000| Untracked 
|  42|0x0000000708400000, 0x0000000708400000, 0x0000000708600000|  0%| F|  |TAMS 0x0000000708400000, 0x0000000708400000| Untracked 
|  43|0x0000000708600000, 0x0000000708600000, 0x0000000708800000|  0%| F|  |TAMS 0x0000000708600000, 0x0000000708600000| Untracked 
|  44|0x0000000708800000, 0x0000000708800000, 0x0000000708a00000|  0%| F|  |TAMS 0x0000000708800000, 0x0000000708800000| Untracked 
|  45|0x0000000708a00000, 0x0000000708a00000, 0x0000000708c00000|  0%| F|  |TAMS 0x0000000708a00000, 0x0000000708a00000| Untracked 
|  46|0x0000000708c00000, 0x0000000708c00000, 0x0000000708e00000|  0%| F|  |TAMS 0x0000000708c00000, 0x0000000708c00000| Untracked 
|  47|0x0000000708e00000, 0x0000000708e00000, 0x0000000709000000|  0%| F|  |TAMS 0x0000000708e00000, 0x0000000708e00000| Untracked 
|  48|0x0000000709000000, 0x0000000709000000, 0x0000000709200000|  0%| F|  |TAMS 0x0000000709000000, 0x0000000709000000| Untracked 
|  49|0x0000000709200000, 0x0000000709200000, 0x0000000709400000|  0%| F|  |TAMS 0x0000000709200000, 0x0000000709200000| Untracked 
|  50|0x0000000709400000, 0x0000000709400000, 0x0000000709600000|  0%| F|  |TAMS 0x0000000709400000, 0x0000000709400000| Untracked 
|  51|0x0000000709600000, 0x0000000709600000, 0x0000000709800000|  0%| F|  |TAMS 0x0000000709600000, 0x0000000709600000| Untracked 
|  52|0x0000000709800000, 0x0000000709800000, 0x0000000709a00000|  0%| F|  |TAMS 0x0000000709800000, 0x0000000709800000| Untracked 
|  53|0x0000000709a00000, 0x0000000709a00000, 0x0000000709c00000|  0%| F|  |TAMS 0x0000000709a00000, 0x0000000709a00000| Untracked 
|  54|0x0000000709c00000, 0x0000000709c00000, 0x0000000709e00000|  0%| F|  |TAMS 0x0000000709c00000, 0x0000000709c00000| Untracked 
|  55|0x0000000709e00000, 0x0000000709e00000, 0x000000070a000000|  0%| F|  |TAMS 0x0000000709e00000, 0x0000000709e00000| Untracked 
|  56|0x000000070a000000, 0x000000070a000000, 0x000000070a200000|  0%| F|  |TAMS 0x000000070a000000, 0x000000070a000000| Untracked 
|  57|0x000000070a200000, 0x000000070a200000, 0x000000070a400000|  0%| F|  |TAMS 0x000000070a200000, 0x000000070a200000| Untracked 
|  58|0x000000070a400000, 0x000000070a400000, 0x000000070a600000|  0%| F|  |TAMS 0x000000070a400000, 0x000000070a400000| Untracked 
|  59|0x000000070a600000, 0x000000070a600000, 0x000000070a800000|  0%| F|  |TAMS 0x000000070a600000, 0x000000070a600000| Untracked 
|  60|0x000000070a800000, 0x000000070a800000, 0x000000070aa00000|  0%| F|  |TAMS 0x000000070a800000, 0x000000070a800000| Untracked 
|  61|0x000000070aa00000, 0x000000070aa00000, 0x000000070ac00000|  0%| F|  |TAMS 0x000000070aa00000, 0x000000070aa00000| Untracked 
|  62|0x000000070ac00000, 0x000000070ac00000, 0x000000070ae00000|  0%| F|  |TAMS 0x000000070ac00000, 0x000000070ac00000| Untracked 
|  63|0x000000070ae00000, 0x000000070ae00000, 0x000000070b000000|  0%| F|  |TAMS 0x000000070ae00000, 0x000000070ae00000| Untracked 
|  64|0x000000070b000000, 0x000000070b000000, 0x000000070b200000|  0%| F|  |TAMS 0x000000070b000000, 0x000000070b000000| Untracked 
|  65|0x000000070b200000, 0x000000070b200000, 0x000000070b400000|  0%| F|  |TAMS 0x000000070b200000, 0x000000070b200000| Untracked 
|  66|0x000000070b400000, 0x000000070b400000, 0x000000070b600000|  0%| F|  |TAMS 0x000000070b400000, 0x000000070b400000| Untracked 
|  67|0x000000070b600000, 0x000000070b600000, 0x000000070b800000|  0%| F|  |TAMS 0x000000070b600000, 0x000000070b600000| Untracked 
|  68|0x000000070b800000, 0x000000070b800000, 0x000000070ba00000|  0%| F|  |TAMS 0x000000070b800000, 0x000000070b800000| Untracked 
|  69|0x000000070ba00000, 0x000000070ba00000, 0x000000070bc00000|  0%| F|  |TAMS 0x000000070ba00000, 0x000000070ba00000| Untracked 
|  70|0x000000070bc00000, 0x000000070bc00000, 0x000000070be00000|  0%| F|  |TAMS 0x000000070bc00000, 0x000000070bc00000| Untracked 
|  71|0x000000070be00000, 0x000000070be00000, 0x000000070c000000|  0%| F|  |TAMS 0x000000070be00000, 0x000000070be00000| Untracked 
|  72|0x000000070c000000, 0x000000070c000000, 0x000000070c200000|  0%| F|  |TAMS 0x000000070c000000, 0x000000070c000000| Untracked 
|  73|0x000000070c200000, 0x000000070c200000, 0x000000070c400000|  0%| F|  |TAMS 0x000000070c200000, 0x000000070c200000| Untracked 
|  74|0x000000070c400000, 0x000000070c400000, 0x000000070c600000|  0%| F|  |TAMS 0x000000070c400000, 0x000000070c400000| Untracked 
|  75|0x000000070c600000, 0x000000070c600000, 0x000000070c800000|  0%| F|  |TAMS 0x000000070c600000, 0x000000070c600000| Untracked 
|  76|0x000000070c800000, 0x000000070c800000, 0x000000070ca00000|  0%| F|  |TAMS 0x000000070c800000, 0x000000070c800000| Untracked 
|  77|0x000000070ca00000, 0x000000070ca00000, 0x000000070cc00000|  0%| F|  |TAMS 0x000000070ca00000, 0x000000070ca00000| Untracked 
|  78|0x000000070cc00000, 0x000000070cc00000, 0x000000070ce00000|  0%| F|  |TAMS 0x000000070cc00000, 0x000000070cc00000| Untracked 
|  79|0x000000070ce00000, 0x000000070ce00000, 0x000000070d000000|  0%| F|  |TAMS 0x000000070ce00000, 0x000000070ce00000| Untracked 
|  80|0x000000070d000000, 0x000000070d000000, 0x000000070d200000|  0%| F|  |TAMS 0x000000070d000000, 0x000000070d000000| Untracked 
|  81|0x000000070d200000, 0x000000070d200000, 0x000000070d400000|  0%| F|  |TAMS 0x000000070d200000, 0x000000070d200000| Untracked 
|  82|0x000000070d400000, 0x000000070d400000, 0x000000070d600000|  0%| F|  |TAMS 0x000000070d400000, 0x000000070d400000| Untracked 
|  83|0x000000070d600000, 0x000000070d600000, 0x000000070d800000|  0%| F|  |TAMS 0x000000070d600000, 0x000000070d600000| Untracked 
|  84|0x000000070d800000, 0x000000070d800000, 0x000000070da00000|  0%| F|  |TAMS 0x000000070d800000, 0x000000070d800000| Untracked 
|  85|0x000000070da00000, 0x000000070da00000, 0x000000070dc00000|  0%| F|  |TAMS 0x000000070da00000, 0x000000070da00000| Untracked 
|  86|0x000000070dc00000, 0x000000070dc00000, 0x000000070de00000|  0%| F|  |TAMS 0x000000070dc00000, 0x000000070dc00000| Untracked 
|  87|0x000000070de00000, 0x000000070de00000, 0x000000070e000000|  0%| F|  |TAMS 0x000000070de00000, 0x000000070de00000| Untracked 
|  88|0x000000070e000000, 0x000000070e000000, 0x000000070e200000|  0%| F|  |TAMS 0x000000070e000000, 0x000000070e000000| Untracked 
|  89|0x000000070e200000, 0x000000070e200000, 0x000000070e400000|  0%| F|  |TAMS 0x000000070e200000, 0x000000070e200000| Untracked 
|  90|0x000000070e400000, 0x000000070e400000, 0x000000070e600000|  0%| F|  |TAMS 0x000000070e400000, 0x000000070e400000| Untracked 
|  91|0x000000070e600000, 0x000000070e600000, 0x000000070e800000|  0%| F|  |TAMS 0x000000070e600000, 0x000000070e600000| Untracked 
|  92|0x000000070e800000, 0x000000070e800000, 0x000000070ea00000|  0%| F|  |TAMS 0x000000070e800000, 0x000000070e800000| Untracked 
|  93|0x000000070ea00000, 0x000000070ea00000, 0x000000070ec00000|  0%| F|  |TAMS 0x000000070ea00000, 0x000000070ea00000| Untracked 
|  94|0x000000070ec00000, 0x000000070ec00000, 0x000000070ee00000|  0%| F|  |TAMS 0x000000070ec00000, 0x000000070ec00000| Untracked 
|  95|0x000000070ee00000, 0x000000070ee00000, 0x000000070f000000|  0%| F|  |TAMS 0x000000070ee00000, 0x000000070ee00000| Untracked 
|  96|0x000000070f000000, 0x000000070f000000, 0x000000070f200000|  0%| F|  |TAMS 0x000000070f000000, 0x000000070f000000| Untracked 
|  97|0x000000070f200000, 0x000000070f200000, 0x000000070f400000|  0%| F|  |TAMS 0x000000070f200000, 0x000000070f200000| Untracked 
|  98|0x000000070f400000, 0x000000070f400000, 0x000000070f600000|  0%| F|  |TAMS 0x000000070f400000, 0x000000070f400000| Untracked 
|  99|0x000000070f600000, 0x000000070f600000, 0x000000070f800000|  0%| F|  |TAMS 0x000000070f600000, 0x000000070f600000| Untracked 
| 100|0x000000070f800000, 0x000000070f800000, 0x000000070fa00000|  0%| F|  |TAMS 0x000000070f800000, 0x000000070f800000| Untracked 
| 101|0x000000070fa00000, 0x000000070fa00000, 0x000000070fc00000|  0%| F|  |TAMS 0x000000070fa00000, 0x000000070fa00000| Untracked 
| 102|0x000000070fc00000, 0x000000070fc00000, 0x000000070fe00000|  0%| F|  |TAMS 0x000000070fc00000, 0x000000070fc00000| Untracked 
| 103|0x000000070fe00000, 0x000000070fe00000, 0x0000000710000000|  0%| F|  |TAMS 0x000000070fe00000, 0x000000070fe00000| Untracked 
| 104|0x0000000710000000, 0x0000000710000000, 0x0000000710200000|  0%| F|  |TAMS 0x0000000710000000, 0x0000000710000000| Untracked 
| 105|0x0000000710200000, 0x0000000710200000, 0x0000000710400000|  0%| F|  |TAMS 0x0000000710200000, 0x0000000710200000| Untracked 
| 106|0x0000000710400000, 0x0000000710400000, 0x0000000710600000|  0%| F|  |TAMS 0x0000000710400000, 0x0000000710400000| Untracked 
| 107|0x0000000710600000, 0x0000000710600000, 0x0000000710800000|  0%| F|  |TAMS 0x0000000710600000, 0x0000000710600000| Untracked 
| 108|0x0000000710800000, 0x0000000710800000, 0x0000000710a00000|  0%| F|  |TAMS 0x0000000710800000, 0x0000000710800000| Untracked 
| 109|0x0000000710a00000, 0x0000000710a00000, 0x0000000710c00000|  0%| F|  |TAMS 0x0000000710a00000, 0x0000000710a00000| Untracked 
| 110|0x0000000710c00000, 0x0000000710c00000, 0x0000000710e00000|  0%| F|  |TAMS 0x0000000710c00000, 0x0000000710c00000| Untracked 
| 111|0x0000000710e00000, 0x0000000710e00000, 0x0000000711000000|  0%| F|  |TAMS 0x0000000710e00000, 0x0000000710e00000| Untracked 
| 112|0x0000000711000000, 0x0000000711000000, 0x0000000711200000|  0%| F|  |TAMS 0x0000000711000000, 0x0000000711000000| Untracked 
| 113|0x0000000711200000, 0x0000000711200000, 0x0000000711400000|  0%| F|  |TAMS 0x0000000711200000, 0x0000000711200000| Untracked 
| 114|0x0000000711400000, 0x0000000711600000, 0x0000000711600000|100%| S|CS|TAMS 0x0000000711400000, 0x0000000711400000| Complete 
| 115|0x0000000711600000, 0x0000000711800000, 0x0000000711800000|100%| S|CS|TAMS 0x0000000711600000, 0x0000000711600000| Complete 
| 116|0x0000000711800000, 0x0000000711800000, 0x0000000711a00000|  0%| F|  |TAMS 0x0000000711800000, 0x0000000711800000| Untracked 
| 117|0x0000000711a00000, 0x0000000711a00000, 0x0000000711c00000|  0%| F|  |TAMS 0x0000000711a00000, 0x0000000711a00000| Untracked 
| 118|0x0000000711c00000, 0x0000000711c00000, 0x0000000711e00000|  0%| F|  |TAMS 0x0000000711c00000, 0x0000000711c00000| Untracked 
| 119|0x0000000711e00000, 0x0000000711e00000, 0x0000000712000000|  0%| F|  |TAMS 0x0000000711e00000, 0x0000000711e00000| Untracked 
| 120|0x0000000712000000, 0x0000000712000000, 0x0000000712200000|  0%| F|  |TAMS 0x0000000712000000, 0x0000000712000000| Untracked 
| 121|0x0000000712200000, 0x0000000712200000, 0x0000000712400000|  0%| F|  |TAMS 0x0000000712200000, 0x0000000712200000| Untracked 
| 122|0x0000000712400000, 0x00000007124f3a40, 0x0000000712600000| 47%| E|  |TAMS 0x0000000712400000, 0x0000000712400000| Complete 
| 123|0x0000000712600000, 0x0000000712800000, 0x0000000712800000|100%| E|CS|TAMS 0x0000000712600000, 0x0000000712600000| Complete 
| 124|0x0000000712800000, 0x0000000712a00000, 0x0000000712a00000|100%| E|CS|TAMS 0x0000000712800000, 0x0000000712800000| Complete 
| 125|0x0000000712a00000, 0x0000000712c00000, 0x0000000712c00000|100%| E|CS|TAMS 0x0000000712a00000, 0x0000000712a00000| Complete 
| 126|0x0000000712c00000, 0x0000000712e00000, 0x0000000712e00000|100%| E|CS|TAMS 0x0000000712c00000, 0x0000000712c00000| Complete 

Card table byte_map: [0x00000212a1610000,0x00000212a1e00000] _byte_map_base: 0x000002129ddf8000

Marking Bits (Prev, Next): (CMBitMap*) 0x00000212876e2ec0, (CMBitMap*) 0x00000212876e2f00
 Prev Bits: [0x00000212a25f0000, 0x00000212a6530000)
 Next Bits: [0x00000212a6530000, 0x00000212aa470000)

Polling page: 0x0000021287560000

Metaspace:

Usage:
  Non-class:      5.73 MB capacity,     3.79 MB ( 66%) used,     1.93 MB ( 34%) free+waste,     3.25 KB ( <1%) overhead. 
      Class:    659.00 KB capacity,   445.16 KB ( 68%) used,   212.41 KB ( 32%) free+waste,     1.44 KB ( <1%) overhead. 
       Both:      6.37 MB capacity,     4.23 MB ( 66%) used,     2.14 MB ( 34%) free+waste,     4.69 KB ( <1%) overhead. 

Virtual space:
  Non-class space:        8.00 MB reserved,       5.75 MB ( 72%) committed 
      Class space:        1.00 GB reserved,     768.00 KB ( <1%) committed 
             Both:        1.01 GB reserved,       6.50 MB ( <1%) committed 

Chunk freelists:
   Non-Class:  22.00 KB
       Class:  13.00 KB
        Both:  35.00 KB

MaxMetaspaceSize: 17179869184.00 GB
CompressedClassSpaceSize: 1.00 GB

CodeHeap 'non-profiled nmethods': size=120000Kb used=457Kb max_used=457Kb free=119542Kb
 bounds [0x0000021298e80000, 0x00000212990f0000, 0x00000212a03b0000]
CodeHeap 'profiled nmethods': size=120000Kb used=2022Kb max_used=2022Kb free=117977Kb
 bounds [0x0000021291950000, 0x0000021291bc0000, 0x0000021298e80000]
CodeHeap 'non-nmethods': size=5760Kb used=1179Kb max_used=1221Kb free=4580Kb
 bounds [0x00000212913b0000, 0x0000021291620000, 0x0000021291950000]
 total_blobs=1456 nmethods=1017 adapters=352
 compilation: enabled
              stopped_count=0, restarted_count=0
 full_count=0

Compilation events (20 events):
Event: 1.138 Thread 0x00000212ad80f060 1008       4       java.net.URI$Parser::scan (41 bytes)
Event: 1.141 Thread 0x00000212ad80d200 1009       3       java.lang.StringBuilder::<init> (6 bytes)
Event: 1.141 Thread 0x00000212ad80d200 nmethod 1009 0x0000021291b45910 code [0x0000021291b45ac0, 0x0000021291b45be8]
Event: 1.141 Thread 0x00000212ad80d200 1010       3       java.util.concurrent.ConcurrentHashMap$EntryIterator::next (5 bytes)
Event: 1.141 Thread 0x00000212ad80d200 nmethod 1010 0x0000021291b45c90 code [0x0000021291b45e40, 0x0000021291b45f68]
Event: 1.141 Thread 0x00000212ad80d200 1011       3       java.util.concurrent.ConcurrentHashMap$EntryIterator::next (51 bytes)
Event: 1.141 Thread 0x00000212ad80d200 nmethod 1011 0x0000021291b46010 code [0x0000021291b461e0, 0x0000021291b466b8]
Event: 1.147 Thread 0x00000212ad80d200 1012   !   3       sun.net.www.protocol.jar.JarURLConnection::connect (163 bytes)
Event: 1.148 Thread 0x00000212ad80f060 nmethod 1008 0x0000021298eeda90 code [0x0000021298eedc40, 0x0000021298eee088]
Event: 1.148 Thread 0x00000212ad80f060 1014       4       java.io.File::<init> (47 bytes)
Event: 1.148 Thread 0x00000212ad80d200 nmethod 1012 0x0000021291b46890 code [0x0000021291b46be0, 0x0000021291b48028]
Event: 1.148 Thread 0x00000212ad80d200 1013   !   3       sun.net.www.protocol.jar.JarFileFactory::getConnection (40 bytes)
Event: 1.149 Thread 0x00000212ad80d200 nmethod 1013 0x0000021291b48610 code [0x0000021291b48800, 0x0000021291b48e18]
Event: 1.149 Thread 0x00000212ad80d200 1015       3       java.util.ArrayDeque::removeFirst (19 bytes)
Event: 1.149 Thread 0x00000212ad80d200 nmethod 1015 0x0000021291b49090 code [0x0000021291b49240, 0x0000021291b49438]
Event: 1.149 Thread 0x00000212ad8032f0 nmethod 1000 0x0000021298eee410 code [0x0000021298eee640, 0x0000021298eef2f0]
Event: 1.151 Thread 0x00000212ad80d200 1016       3       java.util.ArrayDeque::pop (5 bytes)
Event: 1.152 Thread 0x00000212ad80ff90 nmethod 1001% 0x0000021298eefa90 code [0x0000021298eefc40, 0x0000021298ef04a8]
Event: 1.152 Thread 0x00000212ad80d200 nmethod 1016 0x0000021291b49510 code [0x0000021291b496e0, 0x0000021291b49938]
Event: 1.152 Thread 0x00000212ad80ff90 1017       4       java.io.WinNTFileSystem::normalize (143 bytes)

GC Heap History (2 events):
Event: 0.826 GC heap before
{Heap before GC invocations=0 (full 0):
 garbage-first heap   total 260096K, used 20480K [0x0000000703000000, 0x0000000800000000)
  region size 2048K, 11 young (22528K), 0 survivors (0K)
 Metaspace       used 3567K, capacity 6163K, committed 6272K, reserved 1056768K
  class space    used 333K, capacity 561K, committed 640K, reserved 1048576K
}
Event: 0.831 GC heap after
{Heap after GC invocations=1 (full 0):
 garbage-first heap   total 260096K, used 6184K [0x0000000703000000, 0x0000000800000000)
  region size 2048K, 2 young (4096K), 2 survivors (4096K)
 Metaspace       used 3567K, capacity 6163K, committed 6272K, reserved 1056768K
  class space    used 333K, capacity 561K, committed 640K, reserved 1048576K
}

Deoptimization events (20 events):
Event: 1.000 Thread 0x00000212876935a0 DEOPT PACKING pc=0x0000021298eb8e20 sp=0x000000e2393fe0a0
Event: 1.000 Thread 0x00000212876935a0 DEOPT UNPACKING pc=0x00000212913fe42f sp=0x000000e2393fe020 mode 2
Event: 1.003 Thread 0x00000212876935a0 Uncommon trap: trap_request=0xffffff45 fr.pc=0x0000021298ea1338 relative=0x00000000000004f8
Event: 1.003 Thread 0x00000212876935a0 Uncommon trap: reason=unstable_if action=reinterpret pc=0x0000021298ea1338 method=java.lang.AbstractStringBuilder.putStringAt(ILjava/lang/String;)V @ 8 c2
Event: 1.003 Thread 0x00000212876935a0 DEOPT PACKING pc=0x0000021298ea1338 sp=0x000000e2393fe490
Event: 1.003 Thread 0x00000212876935a0 DEOPT UNPACKING pc=0x00000212913fe42f sp=0x000000e2393fe398 mode 2
Event: 1.003 Thread 0x00000212876935a0 Uncommon trap: trap_request=0xffffff45 fr.pc=0x0000021298eb7b24 relative=0x0000000000000384
Event: 1.003 Thread 0x00000212876935a0 Uncommon trap: reason=unstable_if action=reinterpret pc=0x0000021298eb7b24 method=java.lang.AbstractStringBuilder.isLatin1()Z @ 10 c2
Event: 1.003 Thread 0x00000212876935a0 DEOPT PACKING pc=0x0000021298eb7b24 sp=0x000000e2393fe4a0
Event: 1.003 Thread 0x00000212876935a0 DEOPT UNPACKING pc=0x00000212913fe42f sp=0x000000e2393fe420 mode 2
Event: 1.136 Thread 0x00000212ad7fa920 Uncommon trap: trap_request=0xffffff45 fr.pc=0x0000021298ebb34c relative=0x000000000000060c
Event: 1.136 Thread 0x00000212ad7fa920 Uncommon trap: reason=unstable_if action=reinterpret pc=0x0000021298ebb34c method=java.lang.Integer.getChars(II[B)I @ 25 c2
Event: 1.136 Thread 0x00000212ad7fa920 DEOPT PACKING pc=0x0000021298ebb34c sp=0x000000e239dff0b0
Event: 1.136 Thread 0x00000212ad7fa920 DEOPT UNPACKING pc=0x00000212913fe42f sp=0x000000e239dfefe8 mode 2
Event: 1.139 Thread 0x00000212876935a0 DEOPT PACKING pc=0x0000021291ac0da1 sp=0x000000e2393fdee0
Event: 1.139 Thread 0x00000212876935a0 DEOPT UNPACKING pc=0x00000212913fe23f sp=0x000000e2393fd3d8 mode 0
Event: 1.152 Thread 0x00000212876935a0 DEOPT PACKING pc=0x0000021291b1e158 sp=0x000000e2393fe190
Event: 1.152 Thread 0x00000212876935a0 DEOPT UNPACKING pc=0x00000212913fe23f sp=0x000000e2393fd698 mode 0
Event: 1.153 Thread 0x00000212876935a0 DEOPT PACKING pc=0x0000021291b1e158 sp=0x000000e2393fe190
Event: 1.153 Thread 0x00000212876935a0 DEOPT UNPACKING pc=0x00000212913fe23f sp=0x000000e2393fd698 mode 0

Classes unloaded (0 events):
No events

Classes redefined (0 events):
No events

Internal exceptions (8 events):
Event: 0.271 Thread 0x00000212adb80d80 Exception <a 'java/lang/NoSuchMethodError'{0x000000071276d638}: 'java.lang.Object java.lang.invoke.DirectMethodHandle$Holder.invokeStatic(java.lang.Object)'> (0x000000071276d638) 
thrown [./src/hotspot/share/interpreter/linkResolver.cpp, line 782]
Event: 0.272 Thread 0x00000212adb80d80 Exception <a 'java/lang/NoSuchMethodError'{0x0000000712770f48}: 'java.lang.Object java.lang.invoke.DirectMethodHandle$Holder.invokeStaticInit(java.lang.Object)'> (0x0000000712770f48) 
thrown [./src/hotspot/share/interpreter/linkResolver.cpp, line 782]
Event: 0.281 Thread 0x00000212adb80d80 Exception <a 'java/lang/NoSuchMethodError'{0x000000071277e428}: 'void java.lang.invoke.DirectMethodHandle$Holder.invokeStatic(java.lang.Object, java.lang.Object)'> (0x000000071277e428) 
thrown [./src/hotspot/share/interpreter/linkResolver.cpp, line 782]
Event: 0.454 Thread 0x00000212876935a0 Exception <a 'java/lang/NoSuchMethodError'{0x000000071205ac90}: 'int java.lang.invoke.DirectMethodHandle$Holder.invokeStaticInit(java.lang.Object, java.lang.Object, java.lang.Object, java.lang.Object)'> (0x000000071205ac90) 
thrown [./src/hotspot/share/interpreter/linkResolver.cpp, line 782]
Event: 0.456 Thread 0x00000212876935a0 Exception <a 'java/lang/NoSuchMethodError'{0x00000007120658d0}: 'java.lang.Object java.lang.invoke.DirectMethodHandle$Holder.invokeInterface(java.lang.Object, java.lang.Object)'> (0x00000007120658d0) 
thrown [./src/hotspot/share/interpreter/linkResolver.cpp, line 782]
Event: 0.457 Thread 0x00000212876935a0 Exception <a 'java/lang/IncompatibleClassChangeError'{0x0000000712069020}: Found class java.lang.Object, but interface was expected> (0x0000000712069020) 
thrown [./src/hotspot/share/interpreter/linkResolver.cpp, line 848]
Event: 0.458 Thread 0x00000212876935a0 Exception <a 'java/lang/NoSuchMethodError'{0x000000071206c268}: 'void java.lang.invoke.DirectMethodHandle$Holder.invokeStaticInit(java.lang.Object, java.lang.Object)'> (0x000000071206c268) 
thrown [./src/hotspot/share/interpreter/linkResolver.cpp, line 782]
Event: 0.459 Thread 0x00000212876935a0 Exception <a 'java/lang/NoSuchMethodError'{0x00000007120723e0}: 'int java.lang.invoke.DirectMethodHandle$Holder.invokeStaticInit(java.lang.Object, java.lang.Object)'> (0x00000007120723e0) 
thrown [./src/hotspot/share/interpreter/linkResolver.cpp, line 782]

Events (20 events):
Event: 1.121 loading class sun/util/locale/provider/TimeZoneNameProviderImpl done
Event: 1.121 loading class sun/util/cldr/CLDRTimeZoneNameProviderImpl done
Event: 1.125 loading class sun/util/locale/provider/BaseLocaleDataMetaInfo
Event: 1.125 loading class sun/util/locale/provider/BaseLocaleDataMetaInfo done
Event: 1.128 loading class sun/util/resources/cldr/TimeZoneNames
Event: 1.128 loading class sun/util/resources/TimeZoneNamesBundle
Event: 1.128 loading class sun/util/resources/OpenListResourceBundle
Event: 1.128 loading class sun/util/resources/OpenListResourceBundle done
Event: 1.128 loading class sun/util/resources/TimeZoneNamesBundle done
Event: 1.128 loading class sun/util/resources/cldr/TimeZoneNames done
Event: 1.129 loading class sun/util/resources/cldr/TimeZoneNames_en
Event: 1.130 loading class sun/util/resources/cldr/TimeZoneNames_en done
Event: 1.130 loading class sun/util/resources/cldr/TimeZoneNames_en_US
Event: 1.130 loading class sun/util/resources/cldr/TimeZoneNames_en_US done
Event: 1.132 loading class java/util/LinkedHashMap$LinkedKeySet
Event: 1.132 loading class java/util/LinkedHashMap$LinkedKeySet done
Event: 1.132 loading class sun/util/resources/TimeZoneNames
Event: 1.133 loading class sun/util/resources/TimeZoneNames done
Event: 1.134 loading class sun/util/resources/TimeZoneNames_en
Event: 1.134 loading class sun/util/resources/TimeZoneNames_en done


Dynamic libraries:
0x00007ff7a0d00000 - 0x00007ff7a0d0d000 	C:\Program Files\AdoptOpenJDK\jdk-15.0.2.7-hotspot\bin\java.exe
0x00007ff9a40f0000 - 0x00007ff9a42e8000 	C:\WINDOWS\SYSTEM32\ntdll.dll
0x00007ff9a2ea0000 - 0x00007ff9a2f5f000 	C:\WINDOWS\System32\KERNEL32.DLL
0x00007ff9a1a90000 - 0x00007ff9a1d62000 	C:\WINDOWS\System32\KERNELBASE.dll
0x00007ff9a17e0000 - 0x00007ff9a18e0000 	C:\WINDOWS\System32\ucrtbase.dll
0x00007ff987dc0000 - 0x00007ff987dd5000 	C:\Program Files\AdoptOpenJDK\jdk-15.0.2.7-hotspot\bin\VCRUNTIME140.dll
0x00007ff987da0000 - 0x00007ff987db8000 	C:\Program Files\AdoptOpenJDK\jdk-15.0.2.7-hotspot\bin\jli.dll
0x00007ff9a3e20000 - 0x00007ff9a3fc1000 	C:\WINDOWS\System32\USER32.dll
0x00007ff9825a0000 - 0x00007ff98283a000 	C:\WINDOWS\WinSxS\amd64_microsoft.windows.common-controls_6595b64144ccf1df_6.0.19041.1110_none_60b5254171f9507e\COMCTL32.dll
0x00007ff9a1dc0000 - 0x00007ff9a1de2000 	C:\WINDOWS\System32\win32u.dll
0x00007ff9a3cd0000 - 0x00007ff9a3d6e000 	C:\WINDOWS\System32\msvcrt.dll
0x00007ff9a3ca0000 - 0x00007ff9a3ccb000 	C:\WINDOWS\System32\GDI32.dll
0x00007ff9a1980000 - 0x00007ff9a1a8f000 	C:\WINDOWS\System32\gdi32full.dll
0x00007ff9a18e0000 - 0x00007ff9a197d000 	C:\WINDOWS\System32\msvcp_win.dll
0x00007ff9a22b0000 - 0x00007ff9a22e2000 	C:\WINDOWS\System32\IMM32.DLL
0x00007ff94b500000 - 0x00007ff94b59b000 	C:\Program Files\AdoptOpenJDK\jdk-15.0.2.7-hotspot\bin\msvcp140.dll
0x00007ff910410000 - 0x00007ff910f9f000 	C:\Program Files\AdoptOpenJDK\jdk-15.0.2.7-hotspot\bin\server\jvm.dll
0x00007ff9a2130000 - 0x00007ff9a21de000 	C:\WINDOWS\System32\ADVAPI32.dll
0x00007ff9a38e0000 - 0x00007ff9a397c000 	C:\WINDOWS\System32\sechost.dll
0x00007ff9a2310000 - 0x00007ff9a2435000 	C:\WINDOWS\System32\RPCRT4.dll
0x00007ff9a3100000 - 0x00007ff9a3108000 	C:\WINDOWS\System32\PSAPI.DLL
0x00007ff980440000 - 0x00007ff980449000 	C:\WINDOWS\SYSTEM32\WSOCK32.dll
0x00007ff9829c0000 - 0x00007ff9829e7000 	C:\WINDOWS\SYSTEM32\WINMM.dll
0x00007ff9a0440000 - 0x00007ff9a044a000 	C:\WINDOWS\SYSTEM32\VERSION.dll
0x00007ff9a3090000 - 0x00007ff9a30fb000 	C:\WINDOWS\System32\WS2_32.dll
0x00007ff99fef0000 - 0x00007ff99ff02000 	C:\WINDOWS\SYSTEM32\kernel.appcore.dll
0x00007ff995db0000 - 0x00007ff995dba000 	C:\Program Files\AdoptOpenJDK\jdk-15.0.2.7-hotspot\bin\jimage.dll
0x00007ff99f460000 - 0x00007ff99f644000 	C:\WINDOWS\SYSTEM32\DBGHELP.DLL
0x00007ff984050000 - 0x00007ff984085000 	C:\WINDOWS\SYSTEM32\dbgcore.DLL
0x00007ff9a1df0000 - 0x00007ff9a1e72000 	C:\WINDOWS\System32\bcryptPrimitives.dll
0x00007ff987f70000 - 0x00007ff987f7e000 	C:\Program Files\AdoptOpenJDK\jdk-15.0.2.7-hotspot\bin\instrument.dll
0x00007ff987d70000 - 0x00007ff987d95000 	C:\Program Files\AdoptOpenJDK\jdk-15.0.2.7-hotspot\bin\java.dll
0x00007ff9a2440000 - 0x00007ff9a2b84000 	C:\WINDOWS\System32\SHELL32.dll
0x00007ff99f740000 - 0x00007ff99fed2000 	C:\WINDOWS\SYSTEM32\windows.storage.dll
0x00007ff9a3580000 - 0x00007ff9a38d5000 	C:\WINDOWS\System32\combase.dll
0x00007ff9a1160000 - 0x00007ff9a1190000 	C:\WINDOWS\SYSTEM32\Wldp.dll
0x00007ff9a3d70000 - 0x00007ff9a3e1d000 	C:\WINDOWS\System32\SHCORE.dll
0x00007ff9a3a30000 - 0x00007ff9a3a85000 	C:\WINDOWS\System32\shlwapi.dll
0x00007ff9a1720000 - 0x00007ff9a173f000 	C:\WINDOWS\SYSTEM32\profapi.dll
0x00007ff987c70000 - 0x00007ff987c88000 	C:\Program Files\AdoptOpenJDK\jdk-15.0.2.7-hotspot\bin\zip.dll
0x00007ff987d50000 - 0x00007ff987d69000 	C:\Program Files\AdoptOpenJDK\jdk-15.0.2.7-hotspot\bin\net.dll
0x00007ff996230000 - 0x00007ff99633c000 	C:\WINDOWS\SYSTEM32\WINHTTP.dll
0x00007ff9a0ec0000 - 0x00007ff9a0f2a000 	C:\WINDOWS\system32\mswsock.dll
0x00007ff987d30000 - 0x00007ff987d42000 	C:\Program Files\AdoptOpenJDK\jdk-15.0.2.7-hotspot\bin\nio.dll
0x00007ff987ed0000 - 0x00007ff987eea000 	C:\Program Files\JetBrains\IntelliJ IDEA 2022.3\bin\breakgen64.dll
0x00000212877b0000 - 0x00000212877b4000 	C:\Users\37756\.javacpp\cache\javacpp-1.5.7-windows-x86_64.jar\org\bytedeco\javacpp\windows-x86_64\api-ms-win-crt-locale-l1-1-0.dll
0x00000212877c0000 - 0x00000212877c5000 	C:\Users\37756\.javacpp\cache\javacpp-1.5.7-windows-x86_64.jar\org\bytedeco\javacpp\windows-x86_64\api-ms-win-crt-string-l1-1-0.dll
0x00000212ae3f0000 - 0x00000212ae3f5000 	C:\Users\37756\.javacpp\cache\javacpp-1.5.7-windows-x86_64.jar\org\bytedeco\javacpp\windows-x86_64\api-ms-win-crt-stdio-l1-1-0.dll
0x00000212ae400000 - 0x00000212ae406000 	C:\Users\37756\.javacpp\cache\javacpp-1.5.7-windows-x86_64.jar\org\bytedeco\javacpp\windows-x86_64\api-ms-win-crt-math-l1-1-0.dll
0x00000212ae410000 - 0x00000212ae414000 	C:\Users\37756\.javacpp\cache\javacpp-1.5.7-windows-x86_64.jar\org\bytedeco\javacpp\windows-x86_64\api-ms-win-crt-heap-l1-1-0.dll
0x00000212ae420000 - 0x00000212ae425000 	C:\Users\37756\.javacpp\cache\javacpp-1.5.7-windows-x86_64.jar\org\bytedeco\javacpp\windows-x86_64\api-ms-win-crt-runtime-l1-1-0.dll
0x00000212ae430000 - 0x00000212ae435000 	C:\Users\37756\.javacpp\cache\javacpp-1.5.7-windows-x86_64.jar\org\bytedeco\javacpp\windows-x86_64\api-ms-win-crt-convert-l1-1-0.dll
0x00000212ae440000 - 0x00000212ae444000 	C:\Users\37756\.javacpp\cache\javacpp-1.5.7-windows-x86_64.jar\org\bytedeco\javacpp\windows-x86_64\api-ms-win-crt-environment-l1-1-0.dll
0x00000212ae450000 - 0x00000212ae454000 	C:\Users\37756\.javacpp\cache\javacpp-1.5.7-windows-x86_64.jar\org\bytedeco\javacpp\windows-x86_64\api-ms-win-crt-time-l1-1-0.dll
0x00000212ae460000 - 0x00000212ae464000 	C:\Users\37756\.javacpp\cache\javacpp-1.5.7-windows-x86_64.jar\org\bytedeco\javacpp\windows-x86_64\api-ms-win-crt-filesystem-l1-1-0.dll
0x00000212ae470000 - 0x00000212ae474000 	C:\Users\37756\.javacpp\cache\javacpp-1.5.7-windows-x86_64.jar\org\bytedeco\javacpp\windows-x86_64\api-ms-win-crt-utility-l1-1-0.dll
0x00000212ae480000 - 0x00000212ae486000 	C:\Users\37756\.javacpp\cache\javacpp-1.5.7-windows-x86_64.jar\org\bytedeco\javacpp\windows-x86_64\api-ms-win-crt-multibyte-l1-1-0.dll
0x00000212ae490000 - 0x00000212ae494000 	C:\Users\37756\.javacpp\cache\javacpp-1.5.7-windows-x86_64.jar\org\bytedeco\javacpp\windows-x86_64\api-ms-win-crt-conio-l1-1-0.dll
0x00000212ae4a0000 - 0x00000212ae4b1000 	C:\Users\37756\.javacpp\cache\javacpp-1.5.7-windows-x86_64.jar\org\bytedeco\javacpp\windows-x86_64\api-ms-win-crt-private-l1-1-0.dll
0x00000212af490000 - 0x00000212af494000 	C:\Users\37756\.javacpp\cache\javacpp-1.5.7-windows-x86_64.jar\org\bytedeco\javacpp\windows-x86_64\api-ms-win-crt-process-l1-1-0.dll
0x00000212af4a0000 - 0x00000212af4a4000 	C:\Users\37756\.javacpp\cache\javacpp-1.5.7-windows-x86_64.jar\org\bytedeco\javacpp\windows-x86_64\api-ms-win-core-console-l1-2-0.dll
0x00000212af4b0000 - 0x00000212af4b4000 	C:\Users\37756\.javacpp\cache\javacpp-1.5.7-windows-x86_64.jar\org\bytedeco\javacpp\windows-x86_64\api-ms-win-core-string-l1-1-0.dll
0x00000212af4c0000 - 0x00000212af4c4000 	C:\Users\37756\.javacpp\cache\javacpp-1.5.7-windows-x86_64.jar\org\bytedeco\javacpp\windows-x86_64\api-ms-win-core-errorhandling-l1-1-0.dll
0x00000212af4d0000 - 0x00000212af4d4000 	C:\Users\37756\.javacpp\cache\javacpp-1.5.7-windows-x86_64.jar\org\bytedeco\javacpp\windows-x86_64\api-ms-win-core-timezone-l1-1-0.dll
0x00000212af4e0000 - 0x00000212af4e5000 	C:\Users\37756\.javacpp\cache\javacpp-1.5.7-windows-x86_64.jar\org\bytedeco\javacpp\windows-x86_64\api-ms-win-core-file-l1-1-0.dll
0x00000212af4f0000 - 0x00000212af4f4000 	C:\Users\37756\.javacpp\cache\javacpp-1.5.7-windows-x86_64.jar\org\bytedeco\javacpp\windows-x86_64\api-ms-win-core-namedpipe-l1-1-0.dll
0x00000212af500000 - 0x00000212af504000 	C:\Users\37756\.javacpp\cache\javacpp-1.5.7-windows-x86_64.jar\org\bytedeco\javacpp\windows-x86_64\api-ms-win-core-handle-l1-1-0.dll
0x00000212af510000 - 0x00000212af514000 	C:\Users\37756\.javacpp\cache\javacpp-1.5.7-windows-x86_64.jar\org\bytedeco\javacpp\windows-x86_64\api-ms-win-core-file-l2-1-0.dll
0x00000212af520000 - 0x00000212af524000 	C:\Users\37756\.javacpp\cache\javacpp-1.5.7-windows-x86_64.jar\org\bytedeco\javacpp\windows-x86_64\api-ms-win-core-heap-l1-1-0.dll
0x00000212af530000 - 0x00000212af534000 	C:\Users\37756\.javacpp\cache\javacpp-1.5.7-windows-x86_64.jar\org\bytedeco\javacpp\windows-x86_64\api-ms-win-core-libraryloader-l1-1-0.dll
0x00000212af540000 - 0x00000212af544000 	C:\Users\37756\.javacpp\cache\javacpp-1.5.7-windows-x86_64.jar\org\bytedeco\javacpp\windows-x86_64\api-ms-win-core-synch-l1-1-0.dll
0x00000212af550000 - 0x00000212af554000 	C:\Users\37756\.javacpp\cache\javacpp-1.5.7-windows-x86_64.jar\org\bytedeco\javacpp\windows-x86_64\api-ms-win-core-processthreads-l1-1-0.dll
0x00000212af560000 - 0x00000212af564000 	C:\Users\37756\.javacpp\cache\javacpp-1.5.7-windows-x86_64.jar\org\bytedeco\javacpp\windows-x86_64\api-ms-win-core-processenvironment-l1-1-0.dll
0x00000212af570000 - 0x00000212af574000 	C:\Users\37756\.javacpp\cache\javacpp-1.5.7-windows-x86_64.jar\org\bytedeco\javacpp\windows-x86_64\api-ms-win-core-datetime-l1-1-0.dll
0x00000212af580000 - 0x00000212af584000 	C:\Users\37756\.javacpp\cache\javacpp-1.5.7-windows-x86_64.jar\org\bytedeco\javacpp\windows-x86_64\api-ms-win-core-localization-l1-2-0.dll
0x00000212af590000 - 0x00000212af594000 	C:\Users\37756\.javacpp\cache\javacpp-1.5.7-windows-x86_64.jar\org\bytedeco\javacpp\windows-x86_64\api-ms-win-core-sysinfo-l1-1-0.dll
0x00000212af5a0000 - 0x00000212af5a4000 	C:\Users\37756\.javacpp\cache\javacpp-1.5.7-windows-x86_64.jar\org\bytedeco\javacpp\windows-x86_64\api-ms-win-core-synch-l1-2-0.dll
0x00000212af5b0000 - 0x00000212af5b4000 	C:\Users\37756\.javacpp\cache\javacpp-1.5.7-windows-x86_64.jar\org\bytedeco\javacpp\windows-x86_64\api-ms-win-core-console-l1-1-0.dll
0x00000212af5c0000 - 0x00000212af5c4000 	C:\Users\37756\.javacpp\cache\javacpp-1.5.7-windows-x86_64.jar\org\bytedeco\javacpp\windows-x86_64\api-ms-win-core-debug-l1-1-0.dll
0x00000212af5d0000 - 0x00000212af5d4000 	C:\Users\37756\.javacpp\cache\javacpp-1.5.7-windows-x86_64.jar\org\bytedeco\javacpp\windows-x86_64\api-ms-win-core-rtlsupport-l1-1-0.dll
0x00000212af5e0000 - 0x00000212af5e4000 	C:\Users\37756\.javacpp\cache\javacpp-1.5.7-windows-x86_64.jar\org\bytedeco\javacpp\windows-x86_64\api-ms-win-core-processthreads-l1-1-1.dll
0x00000212af5f0000 - 0x00000212af5f4000 	C:\Users\37756\.javacpp\cache\javacpp-1.5.7-windows-x86_64.jar\org\bytedeco\javacpp\windows-x86_64\api-ms-win-core-file-l1-2-0.dll
0x00000212af600000 - 0x00000212af604000 	C:\Users\37756\.javacpp\cache\javacpp-1.5.7-windows-x86_64.jar\org\bytedeco\javacpp\windows-x86_64\api-ms-win-core-profile-l1-1-0.dll
0x00000212af610000 - 0x00000212af614000 	C:\Users\37756\.javacpp\cache\javacpp-1.5.7-windows-x86_64.jar\org\bytedeco\javacpp\windows-x86_64\api-ms-win-core-memory-l1-1-0.dll
0x00000212af620000 - 0x00000212af624000 	C:\Users\37756\.javacpp\cache\javacpp-1.5.7-windows-x86_64.jar\org\bytedeco\javacpp\windows-x86_64\api-ms-win-core-util-l1-1-0.dll
0x00000212af630000 - 0x00000212af634000 	C:\Users\37756\.javacpp\cache\javacpp-1.5.7-windows-x86_64.jar\org\bytedeco\javacpp\windows-x86_64\api-ms-win-core-interlocked-l1-1-0.dll
0x00007ff91bd80000 - 0x00007ff91be91000 	C:\Users\37756\.javacpp\cache\javacpp-1.5.7-windows-x86_64.jar\org\bytedeco\javacpp\windows-x86_64\ucrtbase.dll
0x00007ff987e00000 - 0x00007ff987e1b000 	C:\Users\37756\.javacpp\cache\javacpp-1.5.7-windows-x86_64.jar\org\bytedeco\javacpp\windows-x86_64\vcruntime140.dll
0x00007ff987ec0000 - 0x00007ff987ecc000 	C:\Users\37756\.javacpp\cache\javacpp-1.5.7-windows-x86_64.jar\org\bytedeco\javacpp\windows-x86_64\vcruntime140_1.dll
0x00007ff92b290000 - 0x00007ff92b31d000 	C:\Users\37756\.javacpp\cache\javacpp-1.5.7-windows-x86_64.jar\org\bytedeco\javacpp\windows-x86_64\msvcp140.dll
0x00007ff987de0000 - 0x00007ff987de9000 	C:\Users\37756\.javacpp\cache\javacpp-1.5.7-windows-x86_64.jar\org\bytedeco\javacpp\windows-x86_64\msvcp140_1.dll
0x00007ff969230000 - 0x00007ff96927e000 	C:\Users\37756\.javacpp\cache\javacpp-1.5.7-windows-x86_64.jar\org\bytedeco\javacpp\windows-x86_64\concrt140.dll
0x00007ff9839e0000 - 0x00007ff983a11000 	C:\Users\37756\.javacpp\cache\javacpp-1.5.7-windows-x86_64.jar\org\bytedeco\javacpp\windows-x86_64\vcomp140.dll
0x00007ff987cd0000 - 0x00007ff987cde000 	C:\Users\37756\.javacpp\cache\javacpp-1.5.7-windows-x86_64.jar\org\bytedeco\javacpp\windows-x86_64\jnijavacpp.dll
0x00007ff90bd70000 - 0x00007ff91040d000 	C:\Users\37756\.javacpp\cache\llvm-13.0.1-1.5.7-windows-x86_64.jar\org\bytedeco\llvm\windows-x86_64\LTO.dll
0x00007ff979c80000 - 0x00007ff979cbb000 	C:\Users\37756\.javacpp\cache\llvm-13.0.1-1.5.7-windows-x86_64.jar\org\bytedeco\llvm\windows-x86_64\Remarks.dll
0x00007ff907520000 - 0x00007ff90bd70000 	C:\Users\37756\.javacpp\cache\llvm-13.0.1-1.5.7-windows-x86_64.jar\org\bytedeco\llvm\windows-x86_64\jniLLVM.dll
0x00007ff9a2f60000 - 0x00007ff9a308a000 	C:\WINDOWS\System32\ole32.dll

dbghelp: loaded successfully - version: 4.0.5 - missing functions: none
symbol engine: initialized successfully - sym options: 0x614 - pdb path: .;C:\Program Files\AdoptOpenJDK\jdk-15.0.2.7-hotspot\bin;C:\WINDOWS\SYSTEM32;C:\WINDOWS\WinSxS\amd64_microsoft.windows.common-controls_6595b64144ccf1df_6.0.19041.1110_none_60b5254171f9507e;C:\Program Files\AdoptOpenJDK\jdk-15.0.2.7-hotspot\bin\server;C:\Program Files\JetBrains\IntelliJ IDEA 2022.3\bin;C:\Users\37756\.javacpp\cache\javacpp-1.5.7-windows-x86_64.jar\org\bytedeco\javacpp\windows-x86_64;C:\Users\37756\.javacpp\cache\llvm-13.0.1-1.5.7-windows-x86_64.jar\org\bytedeco\llvm\windows-x86_64

VM Arguments:
jvm_args: -javaagent:C:\Program Files\JetBrains\IntelliJ IDEA 2022.3\lib\idea_rt.jar=12147:C:\Program Files\JetBrains\IntelliJ IDEA 2022.3\bin -Dfile.encoding=UTF-8 
java_command: Main tests/function-and-var-test1.sysy tests/function-and-var-test1.out
java_class_path (initial): C:\Users\37756\Documents\NJU\2022Fall\Compilers\Lab\target\classes;C:\Users\37756\.m2\repository\org\bytedeco\llvm-platform\13.0.1-1.5.7\llvm-platform-13.0.1-1.5.7.jar;C:\Users\37756\.m2\repository\org\bytedeco\javacpp-platform\1.5.7\javacpp-platform-1.5.7.jar;C:\Users\37756\.m2\repository\org\bytedeco\javacpp\1.5.7\javacpp-1.5.7.jar;C:\Users\37756\.m2\repository\org\bytedeco\javacpp\1.5.7\javacpp-1.5.7-android-arm.jar;C:\Users\37756\.m2\repository\org\bytedeco\javacpp\1.5.7\javacpp-1.5.7-android-arm64.jar;C:\Users\37756\.m2\repository\org\bytedeco\javacpp\1.5.7\javacpp-1.5.7-android-x86.jar;C:\Users\37756\.m2\repository\org\bytedeco\javacpp\1.5.7\javacpp-1.5.7-android-x86_64.jar;C:\Users\37756\.m2\repository\org\bytedeco\javacpp\1.5.7\javacpp-1.5.7-ios-arm64.jar;C:\Users\37756\.m2\repository\org\bytedeco\javacpp\1.5.7\javacpp-1.5.7-ios-x86_64.jar;C:\Users\37756\.m2\repository\org\bytedeco\javacpp\1.5.7\javacpp-1.5.7-linux-armhf.jar;C:\Users\37756\.m2\repository\org\bytedeco\javacpp\1.5.7\javacpp-1.5.7-linux-arm64.jar;C:\Users\37756\.m2\repository\org\bytedeco\javacpp\1.5.7\javacpp-1.5.7-linux-ppc64le.jar;C:\Users\37756\.m2\repository\org\bytedeco\javacpp\1.5.7\javacpp-1.5.7-linux-x86.jar;C:\Users\37756\.m2\repository\org\bytedeco\javacpp\1.5.7\javacpp-1.5.7-linux-x86_64.jar;C:\Users\37756\.m2\repository\org\bytedeco\javacpp\1.5.7\javacpp-1.5.7-macosx-arm64.jar;C:\Users\37756\.m2\repository\org\bytedeco\javacpp\1.5.7\javacpp-1.5.7-macosx-x86_64.jar;C:\Users\37756\.m2\repository\org\bytedeco\javacpp\1.5.7\javacpp-1.5.7-windows-x86.jar;C:\Users\37756\.m2\repository\org\bytedeco\javacpp\1.5.7\javacpp-1.5.7-windows-x86_64.jar;C:\Users\37756\.m2\repository\org\bytedeco\llvm\13.0.1-1.5.7\llvm-13.0.1-1.5.7.jar;C:\Users\37756\.m2\repository\org\bytedeco\llvm\13.0.1-1.5.7\llvm-13.0.1-1.5.7-linux-x86.jar;C:\Users\37756\.m2\repository\org\bytedeco\llvm\13.0.1-1.5.7\llvm-13.0.1-1.5.7-linux-x86_64.jar;C:\Users\37756\.m2\repository\org\bytedeco\llvm\1
Launcher Type: SUN_STANDARD

[Global flags]
     intx CICompilerCount                          = 4                                         {product} {ergonomic}
     uint ConcGCThreads                            = 2                                         {product} {ergonomic}
     uint G1ConcRefinementThreads                  = 8                                         {product} {ergonomic}
   size_t G1HeapRegionSize                         = 2097152                                   {product} {ergonomic}
    uintx GCDrainStackTargetSize                   = 64                                        {product} {ergonomic}
   size_t InitialHeapSize                          = 266338304                                 {product} {ergonomic}
   size_t MarkStackSize                            = 4194304                                   {product} {ergonomic}
   size_t MaxHeapSize                              = 4244635648                                {product} {ergonomic}
   size_t MaxNewSize                               = 2545942528                                {product} {ergonomic}
   size_t MinHeapDeltaBytes                        = 2097152                                   {product} {ergonomic}
   size_t MinHeapSize                              = 8388608                                   {product} {ergonomic}
    uintx NonNMethodCodeHeapSize                   = 5839372                                {pd product} {ergonomic}
    uintx NonProfiledCodeHeapSize                  = 122909434                              {pd product} {ergonomic}
    uintx ProfiledCodeHeapSize                     = 122909434                              {pd product} {ergonomic}
    uintx ReservedCodeCacheSize                    = 251658240                              {pd product} {ergonomic}
     bool SegmentedCodeCache                       = true                                      {product} {ergonomic}
   size_t SoftMaxHeapSize                          = 4244635648                             {manageable} {ergonomic}
     bool UseCompressedClassPointers               = true                                 {lp64_product} {ergonomic}
     bool UseCompressedOops                        = true                                 {lp64_product} {ergonomic}
     bool UseG1GC                                  = true                                      {product} {ergonomic}
     bool UseLargePagesIndividualAllocation        = false                                  {pd product} {ergonomic}

Logging:
Log output configuration:
 #0: stdout all=warning uptime,level,tags
 #1: stderr all=off uptime,level,tags

Environment Variables:
CLASSPATH=.;C:Program Files(x86)\scala\bin;C:Program Files(x86)\scala\lib\dt.jar;C:Program Files(x86)\scala\lib\tools.jar.;
PATH=C:\Program Files (x86)\VMware\VMware Workstation\bin\;C:\ProgramData\Anaconda3;C:\ProgramData\Anaconda3\Library\mingw-w64\bin;C:\ProgramData\Anaconda3\Library\usr\bin;C:\ProgramData\Anaconda3\Library\bin;C:\ProgramData\Anaconda3\Scripts;C:\Program Files\AdoptOpenJDK\jdk-15.0.2.7-hotspot\bin;C:\WINDOWS\system32;C:\WINDOWS;C:\WINDOWS\System32\Wbem;C:\WINDOWS\System32\WindowsPowerShell\v1.0\;C:\WINDOWS\System32\OpenSSH\;C:\Program Files\dotnet\;C:\Program Files\Microsoft SQL Server\130\Tools\Binn\;C:\Program Files\Microsoft SQL Server\Client SDK\ODBC\170\Tools\Binn\;C:\Program Files (x86)\Dev-Cpp\MinGW64\bin;C:\Program Files\Git\cmd;C:\Program Files\PuTTY\;C:\Program Files\Graphviz\bin;C:\Program Files (x86)\Tencent\微信web开发者工具\dll;C:\Program Files\nodejs\;C:\Web\mysql-8.0.28-winx64\bin;"C:Program Files(x86)\scala\bin;C:Program Files(x86)\scala\jre\bin;";C:\Program Files\NASM;C:\Users\37756\AppData\Local\Microsoft\WindowsApps;C:\Program Files\JetBrains\PyCharm Community Edition 2020.3.3\bin;C:\Users\37756\.dotnet\tools;C:\Users\37756\AppData\Local\Programs\Microsoft VS Code\bin;C:\Program Files\JetBrains\IntelliJ IDEA Community Edition 2020.3.2\bin;C:\texlive\2020\bin\win32;C:\Program Files\JetBrains\CLion 2021.2\bin;C:\Program Files\JetBrains\PyCharm 2021.1.3\bin;C:\Program Files\JetBrains\IntelliJ IDEA 2021.1.3\bin;C:\Users\37756\AppData\Roaming\npm;C:\Program Files\JetBrains\DataGrip 2021.3.4\bin;C:\Program Files\JetBrains\WebStorm 2022.1\bin;C:\Users\37756\AppData\Local\Coursier\data\bin;C:\Program Files\NASM;;C:\Program Files\JetBrains\IntelliJ IDEA 2022.3\bin;;C:\Program Files\JetBrains\CLion 2022.3.1\bin;;C:\Program Files\JetBrains\WebStorm 2022.3.1\bin;;C:\Program Files\JetBrains\IntelliJ IDEA Community Edition 2022.3.1\bin;
USERNAME=37756
OS=Windows_NT
PROCESSOR_IDENTIFIER=Intel64 Family 6 Model 142 Stepping 12, GenuineIntel



---------------  S Y S T E M  ---------------

OS:
 Windows 10 , 64 bit Build 19041 (10.0.19041.2364)
OS uptime: 0 days 4:48 hours

CPU: total 8 (initial active 8) (4 cores per cpu, 2 threads per core) family 6 model 142 stepping 12 microcode 0xf4, cmov, cx8, fxsr, mmx, sse, sse2, sse3, ssse3, sse4.1, sse4.2, popcnt, vzeroupper, avx, avx2, aes, clmul, erms, 3dnowpref, lzcnt, ht, tsc, tscinvbit, bmi1, bmi2, adx, fma, clflush, clflushopt

Memory: 4k page, system-wide physical 16190M (6201M free)
TotalPageFile size 21054M (AvailPageFile size 7003M)
current process WorkingSet (physical memory assigned to process): 105M, peak: 105M
current process commit charge ("private bytes"): 379M, peak: 382M

vm_info: OpenJDK 64-Bit Server VM (15.0.2+7) for windows-amd64 JRE (15.0.2+7), built on Jan 21 2021 05:54:57 by "" with MS VC++ 15.9 (VS2017)

END.
