#
# A fatal error has been detected by the Java Runtime Environment:
#
#  EXCEPTION_ACCESS_VIOLATION (0xc0000005) at pc=0x00007ff90727db70, pid=20036, tid=13292
#
# JRE version: OpenJDK Runtime Environment AdoptOpenJDK (15.0.2+7) (build 15.0.2+7)
# Java VM: OpenJDK 64-Bit Server VM AdoptOpenJDK (15.0.2+7, mixed mode, sharing, tiered, compressed oops, g1 gc, windows-amd64)
# Problematic frame:
# C  [jniLLVM.dll+0xe7db70]
#
# No core dump will be written. Minidumps are not enabled by default on client versions of Windows
#
# If you would like to submit a bug report, please visit:
#   https://github.com/AdoptOpenJDK/openjdk-support/issues
# The crash happened outside the Java Virtual Machine in native code.
# See problematic frame for where to report the bug.
#

---------------  S U M M A R Y ------------

Command Line: -javaagent:C:\Program Files\JetBrains\IntelliJ IDEA 2022.3\lib\idea_rt.jar=8203:C:\Program Files\JetBrains\IntelliJ IDEA 2022.3\bin -Dfile.encoding=UTF-8 Main tests/global-and-if-test1.sysy tests/global-and-if-test1.out

Host: Intel(R) Core(TM) i7-8565U CPU @ 1.80GHz, 8 cores, 15G,  Windows 10 , 64 bit Build 19041 (10.0.19041.2364)
Time: Thu Jan  5 22:21:15 2023 中国标准时间 elapsed time: 0.930589 seconds (0d 0h 0m 0s)

---------------  T H R E A D  ---------------

Current thread (0x0000023a5a7136f0):  JavaThread "main" [_thread_in_native, id=13292, stack(0x000000ee99e00000,0x000000ee99f00000)]

Stack: [0x000000ee99e00000,0x000000ee99f00000],  sp=0x000000ee99efe808,  free space=1018k
Native frames: (J=compiled Java code, j=interpreted, Vv=VM code, C=native code)
C  [jniLLVM.dll+0xe7db70]

Java frames: (J=compiled Java code, j=interpreted, Vv=VM code)
j  org.bytedeco.llvm.global.LLVM.LLVMBuildLoad(Lorg/bytedeco/llvm/LLVM/LLVMBuilderRef;Lorg/bytedeco/llvm/LLVM/LLVMValueRef;Ljava/lang/String;)Lorg/bytedeco/llvm/LLVM/LLVMValueRef;+0
j  LLVMIRVisitor.visitLValExp(LSysYParser$LValExpContext;)Lorg/bytedeco/llvm/LLVM/LLVMValueRef;+21
j  LLVMIRVisitor.visitLValExp(LSysYParser$LValExpContext;)Ljava/lang/Object;+2
j  SysYParser$LValExpContext.accept(Lorg/antlr/v4/runtime/tree/ParseTreeVisitor;)Ljava/lang/Object;+12
j  org.antlr.v4.runtime.tree.AbstractParseTreeVisitor.visit(Lorg/antlr/v4/runtime/tree/ParseTree;)Ljava/lang/Object;+2
j  LLVMIRVisitor.visitVarDecl(LSysYParser$VarDeclContext;)Lorg/bytedeco/llvm/LLVM/LLVMValueRef;+326
j  LLVMIRVisitor.visitVarDecl(LSysYParser$VarDeclContext;)Ljava/lang/Object;+2
j  SysYParser$VarDeclContext.accept(Lorg/antlr/v4/runtime/tree/ParseTreeVisitor;)Ljava/lang/Object;+12
j  org.antlr.v4.runtime.tree.AbstractParseTreeVisitor.visitChildren(Lorg/antlr/v4/runtime/tree/RuleNode;)Ljava/lang/Object;+46
j  SysYParserBaseVisitor.visitDecl(LSysYParser$DeclContext;)Ljava/lang/Object;+2
j  SysYParser$DeclContext.accept(Lorg/antlr/v4/runtime/tree/ParseTreeVisitor;)Ljava/lang/Object;+12
j  org.antlr.v4.runtime.tree.AbstractParseTreeVisitor.visitChildren(Lorg/antlr/v4/runtime/tree/RuleNode;)Ljava/lang/Object;+46
j  SysYParserBaseVisitor.visitCompUnit(LSysYParser$CompUnitContext;)Ljava/lang/Object;+2
j  SysYParser$CompUnitContext.accept(Lorg/antlr/v4/runtime/tree/ParseTreeVisitor;)Ljava/lang/Object;+12
j  org.antlr.v4.runtime.tree.AbstractParseTreeVisitor.visitChildren(Lorg/antlr/v4/runtime/tree/RuleNode;)Ljava/lang/Object;+46
j  SysYParserBaseVisitor.visitProgram(LSysYParser$ProgramContext;)Ljava/lang/Object;+2
j  LLVMIRVisitor.visitProgram(LSysYParser$ProgramContext;)Lorg/bytedeco/llvm/LLVM/LLVMValueRef;+19
j  LLVMIRVisitor.visitProgram(LSysYParser$ProgramContext;)Ljava/lang/Object;+2
j  SysYParser$ProgramContext.accept(Lorg/antlr/v4/runtime/tree/ParseTreeVisitor;)Ljava/lang/Object;+12
j  org.antlr.v4.runtime.tree.AbstractParseTreeVisitor.visit(Lorg/antlr/v4/runtime/tree/ParseTree;)Ljava/lang/Object;+2
j  Main.main([Ljava/lang/String;)V+54
v  ~StubRoutines::call_stub

siginfo: EXCEPTION_ACCESS_VIOLATION (0xc0000005), reading address 0x0000000000000048


Register to memory mapping:

RIP=0x00007ff90727db70 jniLLVM.dll
RAX=0x0 is NULL
RBX=0x0 is NULL
RCX=0x0 is NULL
RDX=0x0000023a0148c670 points into unknown readable memory: 0x0000023a00051940 | 40 19 05 00 3a 02 00 00
RSP=0x000000ee99efe808 is pointing into the stack for thread: 0x0000023a5a7136f0
RBP=0x0000023a0148c670 points into unknown readable memory: 0x0000023a00051940 | 40 19 05 00 3a 02 00 00
RSI=0x0000023a000332d0 points into unknown readable memory: 0x0000023a000332e0 | e0 32 03 00 3a 02 00 00
RDI=0x0000023a5a713a18 points into unknown readable memory: 0x00007ff9340d4fb0 | b0 4f 0d 34 f9 7f 00 00
R8 =0x0000023a7f383090 points into unknown readable memory: 0x0000023a7de92200 | 00 22 e9 7d 3a 02 00 00
R9 =0x0 is NULL
R10=0x00000007127d1c18 is pointing into object: [B 
{0x00000007127d1c08} - klass: {type array byte}
 - length: 9
R11=0x0000023a0145ae00 points into unknown readable memory: 0x61566c61626f6c67 | 67 6c 6f 62 61 6c 56 61
R12=0x0 is NULL
R13={method} {0x0000023a7e53e720} 'LLVMBuildLoad' '(Lorg/bytedeco/llvm/LLVM/LLVMBuilderRef;Lorg/bytedeco/llvm/LLVM/LLVMValueRef;Ljava/lang/String;)Lorg/bytedeco/llvm/LLVM/LLVMValueRef;' in 'org/bytedeco/llvm/global/LLVM'
R14=0x0000023a7f383090 points into unknown readable memory: 0x0000023a7de92200 | 00 22 e9 7d 3a 02 00 00
R15=0x0000023a0145ae00 points into unknown readable memory: 0x61566c61626f6c67 | 67 6c 6f 62 61 6c 56 61


Registers:
RAX=0x0000000000000000, RBX=0x0000000000000000, RCX=0x0000000000000000, RDX=0x0000023a0148c670
RSP=0x000000ee99efe808, RBP=0x0000023a0148c670, RSI=0x0000023a000332d0, RDI=0x0000023a5a713a18
R8 =0x0000023a7f383090, R9 =0x0000000000000000, R10=0x00000007127d1c18, R11=0x0000023a0145ae00
R12=0x0000000000000000, R13=0x0000023a7e53e718, R14=0x0000023a7f383090, R15=0x0000023a0145ae00
RIP=0x00007ff90727db70, EFLAGS=0x0000000000010246

Top of Stack: (sp=0x000000ee99efe808)
0x000000ee99efe808:   00007ff9067a4414 0000023a7e53e718
0x000000ee99efe818:   0000000000000000 0000023a5a713a18
0x000000ee99efe828:   0000023a7dea53f0 0000000000000009
0x000000ee99efe838:   00007ff9a17efde6 0000000000000000
0x000000ee99efe848:   0000000000000009 0000023a7e53e718
0x000000ee99efe858:   0000000000000000 00000007127d1c08
0x000000ee99efe868:   00007ff933a34a86 0000023a5a7136f0
0x000000ee99efe878:   0000023a7dea53f0 0000023a7f383090
0x000000ee99efe888:   0000023a5a713a18 000000ee99efea00
0x000000ee99efe898:   00007ff9072a878b 0000023a5a713a18
0x000000ee99efe8a8:   0000000000000000 0000023a000332d0
0x000000ee99efe8b8:   0000023a7f383090 0000000000000000
0x000000ee99efe8c8:   000000ee99efe8d0 0000023a0145ae00
0x000000ee99efe8d8:   0000000000000009 0000023a7dea53f0
0x000000ee99efe8e8:   0000023a0145ae00 0000023a01450103
0x000000ee99efe8f8:   00000007127d19e8 0000000000000000 

Instructions: (pc=0x00007ff90727db70)
0x00007ff90727da70:   8b ca 48 89 7c 24 40 48 39 51 30 75 0e 8b 41 14
0x00007ff90727da80:   c1 e8 1d a8 01 0f 84 86 00 00 00 ba 18 00 00 00
0x00007ff90727da90:   e8 1b e9 0b 00 48 8b f8 48 85 c0 74 74 8b 50 08
0x00007ff90727daa0:   48 8b c8 48 c1 e2 03 48 2b ca 48 8d 54 24 20 48
0x00007ff90727dab0:   8b 09 e8 e9 fc 0b 00 48 83 78 08 12 75 53 48 8b
0x00007ff90727dac0:   08 48 8d 15 b8 55 51 02 41 b8 12 00 00 00 e8 ad
0x00007ff90727dad0:   aa 68 01 85 c0 75 3a 8b 47 08 48 c1 e0 03 48 2b
0x00007ff90727dae0:   f8 48 8b 47 08 48 8b 80 80 00 00 00 48 83 c0 18
0x00007ff90727daf0:   83 78 08 40 76 03 48 8b 00 48 8b 00 48 89 03 48
0x00007ff90727db00:   8b c3 c6 43 08 01 48 8b 7c 24 40 48 83 c4 30 5b
0x00007ff90727db10:   c3 48 8b 7c 24 40 48 8b c3 c6 03 00 c6 43 08 00
0x00007ff90727db20:   48 83 c4 30 5b c3 cc cc cc cc cc cc cc cc cc cc
0x00007ff90727db30:   48 8b 41 40 45 33 c0 48 83 c1 38 48 3b c1 74 1a
0x00007ff90727db40:   48 85 c0 48 8d 50 e8 49 0f 44 d0 80 7a 10 51 75
0x00007ff90727db50:   0c 48 8b 40 08 48 3b c1 75 e6 49 8b d0 80 7a 10
0x00007ff90727db60:   5c 49 0f 45 d0 48 8b c2 c3 cc cc cc cc cc cc cc
0x00007ff90727db70:   48 8b 41 48 48 8b 40 28 c3 cc cc cc cc cc cc cc
0x00007ff90727db80:   48 89 5c 24 08 48 89 74 24 10 48 89 7c 24 18 4c
0x00007ff90727db90:   89 6c 24 20 55 41 56 41 57 48 8d 6c 24 b9 48 81
0x00007ff90727dba0:   ec 90 00 00 00 4c 8d 45 07 c7 45 f7 08 00 00 00
0x00007ff90727dbb0:   48 8d 45 07 4c 89 45 e7 48 89 45 ef 4c 8b e9 45
0x00007ff90727dbc0:   33 ff 48 c7 45 fb 01 00 00 00 48 89 4d 07 66 90
0x00007ff90727dbd0:   49 8b 4d 38 49 8d 55 38 48 3b d1 0f 84 4b 01 00
0x00007ff90727dbe0:   00 48 85 c9 4c 8d 71 e8 4d 0f 44 f7 41 0f b6 46
0x00007ff90727dbf0:   10 83 e8 1b 83 f8 0a 77 0d 48 85 c9 48 8d 51 e8
0x00007ff90727dc00:   49 0f 44 d7 eb 27 48 3b d1 0f 84 1d 01 00 00 48
0x00007ff90727dc10:   85 c9 48 8d 51 e8 4d 8b f7 49 0f 44 d7 0f b6 42
0x00007ff90727dc20:   10 83 e8 1b 83 f8 0a 0f 87 ff 00 00 00 48 85 d2
0x00007ff90727dc30:   0f 84 f6 00 00 00 48 8b ca e8 22 bc 08 00 8b f0
0x00007ff90727dc40:   85 c0 0f 84 e0 00 00 00 33 d2 49 8b ce e8 8e c0
0x00007ff90727dc50:   08 00 bb 01 00 00 00 48 8b f8 3b f3 74 1b 66 90
0x00007ff90727dc60:   8b d3 49 8b ce e8 76 c0 08 00 48 3b c7 0f 85 b5 


Stack slot to memory mapping:
stack at sp + 0 slots: 0x00007ff9067a4414 jniLLVM.dll
stack at sp + 1 slots: {method} {0x0000023a7e53e720} 'LLVMBuildLoad' '(Lorg/bytedeco/llvm/LLVM/LLVMBuilderRef;Lorg/bytedeco/llvm/LLVM/LLVMValueRef;Ljava/lang/String;)Lorg/bytedeco/llvm/LLVM/LLVMValueRef;' in 'org/bytedeco/llvm/global/LLVM'
stack at sp + 2 slots: 0x0 is NULL
stack at sp + 3 slots: 0x0000023a5a713a18 points into unknown readable memory: 0x00007ff9340d4fb0 | b0 4f 0d 34 f9 7f 00 00
stack at sp + 4 slots: 0x0000023a7dea53f0 points into unknown readable memory: 0x00000007127d1c08 | 08 1c 7d 12 07 00 00 00
stack at sp + 5 slots: 0x0000000000000009 is an unknown value
stack at sp + 6 slots: 0x00007ff9a17efde6 ucrtbase.dll
stack at sp + 7 slots: 0x0 is NULL


---------------  P R O C E S S  ---------------

Threads class SMR info:
_java_thread_list=0x0000023a00159fb0, length=15, elements={
0x0000023a5a7136f0, 0x0000023a7e830e90, 0x0000023a7e832410, 0x0000023a7e84f120,
0x0000023a7e850af0, 0x0000023a7e8534e0, 0x0000023a7e863ce0, 0x0000023a7e8645e0,
0x0000023a7e86de50, 0x0000023a7e8521a0, 0x0000023a7eb123f0, 0x0000023a7e852b40,
0x0000023a7e852670, 0x0000023a7e854350, 0x0000023a0028fe10
}

Java Threads: ( => current thread )
=>0x0000023a5a7136f0 JavaThread "main" [_thread_in_native, id=13292, stack(0x000000ee99e00000,0x000000ee99f00000)]
  0x0000023a7e830e90 JavaThread "Reference Handler" daemon [_thread_blocked, id=19964, stack(0x000000ee9a500000,0x000000ee9a600000)]
  0x0000023a7e832410 JavaThread "Finalizer" daemon [_thread_blocked, id=18192, stack(0x000000ee9a600000,0x000000ee9a700000)]
  0x0000023a7e84f120 JavaThread "Signal Dispatcher" daemon [_thread_blocked, id=17008, stack(0x000000ee9a700000,0x000000ee9a800000)]
  0x0000023a7e850af0 JavaThread "Attach Listener" daemon [_thread_blocked, id=17300, stack(0x000000ee9a800000,0x000000ee9a900000)]
  0x0000023a7e8534e0 JavaThread "Service Thread" daemon [_thread_blocked, id=2268, stack(0x000000ee9a900000,0x000000ee9aa00000)]
  0x0000023a7e863ce0 JavaThread "C2 CompilerThread0" daemon [_thread_blocked, id=19960, stack(0x000000ee9aa00000,0x000000ee9ab00000)]
  0x0000023a7e8645e0 JavaThread "C1 CompilerThread0" daemon [_thread_blocked, id=23212, stack(0x000000ee9ab00000,0x000000ee9ac00000)]
  0x0000023a7e86de50 JavaThread "Sweeper thread" daemon [_thread_blocked, id=13580, stack(0x000000ee9ac00000,0x000000ee9ad00000)]
  0x0000023a7e8521a0 JavaThread "Common-Cleaner" daemon [_thread_blocked, id=20892, stack(0x000000ee9ad00000,0x000000ee9ae00000)]
  0x0000023a7eb123f0 JavaThread "C2 CompilerThread1" daemon [_thread_blocked, id=18436, stack(0x000000ee9ae00000,0x000000ee9af00000)]
  0x0000023a7e852b40 JavaThread "Monitor Ctrl-Break" daemon [_thread_in_native, id=8256, stack(0x000000ee9af00000,0x000000ee9b000000)]
  0x0000023a7e852670 JavaThread "Notification Thread" daemon [_thread_blocked, id=11460, stack(0x000000ee9b000000,0x000000ee9b100000)]
  0x0000023a7e854350 JavaThread "JavaCPP Deallocator" daemon [_thread_blocked, id=5040, stack(0x000000ee9b700000,0x000000ee9b800000)]
  0x0000023a0028fe10 JavaThread "C2 CompilerThread2" daemon [_thread_in_native, id=13244, stack(0x000000ee9b800000,0x000000ee9b900000)]

Other Threads:
  0x0000023a7e82ce60 VMThread "VM Thread" [stack: 0x000000ee9a400000,0x000000ee9a500000] [id=22892]
  0x0000023a7e9fd720 WatcherThread [stack: 0x000000ee9b100000,0x000000ee9b200000] [id=20140]
  0x0000023a5a760780 GCTaskThread "GC Thread#0" [stack: 0x000000ee99f00000,0x000000ee9a000000] [id=2400]
  0x0000023a7f0433e0 GCTaskThread "GC Thread#1" [stack: 0x000000ee9b200000,0x000000ee9b300000] [id=18252]
  0x0000023a7f044700 GCTaskThread "GC Thread#2" [stack: 0x000000ee9b300000,0x000000ee9b400000] [id=23496]
  0x0000023a7f0420c0 GCTaskThread "GC Thread#3" [stack: 0x000000ee9b400000,0x000000ee9b500000] [id=21644]
  0x0000023a7f0443d0 GCTaskThread "GC Thread#4" [stack: 0x000000ee9b500000,0x000000ee9b600000] [id=22672]
  0x0000023a7f042d80 GCTaskThread "GC Thread#5" [stack: 0x000000ee9b600000,0x000000ee9b700000] [id=17540]
  0x0000023a5a7735f0 ConcurrentGCThread "G1 Main Marker" [stack: 0x000000ee9a000000,0x000000ee9a100000] [id=9616]
  0x0000023a5a774980 ConcurrentGCThread "G1 Conc#0" [stack: 0x000000ee9a100000,0x000000ee9a200000] [id=6060]
  0x0000023a5a7ee760 ConcurrentGCThread "G1 Refine#0" [stack: 0x000000ee9a200000,0x000000ee9a300000] [id=22844]
  0x0000023a7dea61f0 ConcurrentGCThread "G1 Young RemSet Sampling" [stack: 0x000000ee9a300000,0x000000ee9a400000] [id=8652]

Threads with active compile tasks:

VM state: not at safepoint (normal execution)

VM Mutex/Monitor currently owned by a thread: None

Heap address: 0x0000000703000000, size: 4048 MB, Compressed Oops mode: Zero based, Oop shift amount: 3
CDS archive(s) mapped at: [0x0000000800000000-0x0000000800b50000-0x0000000800b50000), size 11862016, SharedBaseAddress: 0x0000000800000000, ArchiveRelocationMode: 0.
Compressed class space mapped at: 0x0000000800b50000-0x0000000840b50000, size: 1073741824
Narrow klass base: 0x0000000800000000, Narrow klass shift: 3, Narrow klass range: 0x100000000

GC Precious Log:
 CPUs: 8 total, 8 available
 Memory: 16190M
 Large Page Support: Disabled
 NUMA Support: Disabled
 Compressed Oops: Enabled (Zero based)
 Heap Region Size: 2M
 Heap Min Capacity: 8M
 Heap Initial Capacity: 254M
 Heap Max Capacity: 4048M
 Pre-touch: Disabled
 Parallel Workers: 8
 Concurrent Workers: 2
 Concurrent Refinement Workers: 8
 Periodic GC: Disabled

Heap:
 garbage-first heap   total 260096K, used 14484K [0x0000000703000000, 0x0000000800000000)
  region size 2048K, 7 young (14336K), 2 survivors (4096K)
 Metaspace       used 4379K, capacity 6528K, committed 6656K, reserved 1056768K
  class space    used 449K, capacity 660K, committed 768K, reserved 1048576K

Heap Regions: E=young(eden), S=young(survivor), O=old, HS=humongous(starts), HC=humongous(continues), CS=collection set, F=free, OA=open archive, CA=closed archive, TAMS=top-at-mark-start (previous, next)
|   0|0x0000000703000000, 0x0000000703200000, 0x0000000703200000|100%| O|  |TAMS 0x0000000703000000, 0x0000000703000000| Untracked 
|   1|0x0000000703200000, 0x0000000703225000, 0x0000000703400000|  7%| O|  |TAMS 0x0000000703200000, 0x0000000703200000| Untracked 
|   2|0x0000000703400000, 0x0000000703400000, 0x0000000703600000|  0%| F|  |TAMS 0x0000000703400000, 0x0000000703400000| Untracked 
|   3|0x0000000703600000, 0x0000000703600000, 0x0000000703800000|  0%| F|  |TAMS 0x0000000703600000, 0x0000000703600000| Untracked 
|   4|0x0000000703800000, 0x0000000703800000, 0x0000000703a00000|  0%| F|  |TAMS 0x0000000703800000, 0x0000000703800000| Untracked 
|   5|0x0000000703a00000, 0x0000000703a00000, 0x0000000703c00000|  0%| F|  |TAMS 0x0000000703a00000, 0x0000000703a00000| Untracked 
|   6|0x0000000703c00000, 0x0000000703c00000, 0x0000000703e00000|  0%| F|  |TAMS 0x0000000703c00000, 0x0000000703c00000| Untracked 
|   7|0x0000000703e00000, 0x0000000703e00000, 0x0000000704000000|  0%| F|  |TAMS 0x0000000703e00000, 0x0000000703e00000| Untracked 
|   8|0x0000000704000000, 0x0000000704000000, 0x0000000704200000|  0%| F|  |TAMS 0x0000000704000000, 0x0000000704000000| Untracked 
|   9|0x0000000704200000, 0x0000000704200000, 0x0000000704400000|  0%| F|  |TAMS 0x0000000704200000, 0x0000000704200000| Untracked 
|  10|0x0000000704400000, 0x0000000704400000, 0x0000000704600000|  0%| F|  |TAMS 0x0000000704400000, 0x0000000704400000| Untracked 
|  11|0x0000000704600000, 0x0000000704600000, 0x0000000704800000|  0%| F|  |TAMS 0x0000000704600000, 0x0000000704600000| Untracked 
|  12|0x0000000704800000, 0x0000000704800000, 0x0000000704a00000|  0%| F|  |TAMS 0x0000000704800000, 0x0000000704800000| Untracked 
|  13|0x0000000704a00000, 0x0000000704a00000, 0x0000000704c00000|  0%| F|  |TAMS 0x0000000704a00000, 0x0000000704a00000| Untracked 
|  14|0x0000000704c00000, 0x0000000704c00000, 0x0000000704e00000|  0%| F|  |TAMS 0x0000000704c00000, 0x0000000704c00000| Untracked 
|  15|0x0000000704e00000, 0x0000000704e00000, 0x0000000705000000|  0%| F|  |TAMS 0x0000000704e00000, 0x0000000704e00000| Untracked 
|  16|0x0000000705000000, 0x0000000705000000, 0x0000000705200000|  0%| F|  |TAMS 0x0000000705000000, 0x0000000705000000| Untracked 
|  17|0x0000000705200000, 0x0000000705200000, 0x0000000705400000|  0%| F|  |TAMS 0x0000000705200000, 0x0000000705200000| Untracked 
|  18|0x0000000705400000, 0x0000000705400000, 0x0000000705600000|  0%| F|  |TAMS 0x0000000705400000, 0x0000000705400000| Untracked 
|  19|0x0000000705600000, 0x0000000705600000, 0x0000000705800000|  0%| F|  |TAMS 0x0000000705600000, 0x0000000705600000| Untracked 
|  20|0x0000000705800000, 0x0000000705800000, 0x0000000705a00000|  0%| F|  |TAMS 0x0000000705800000, 0x0000000705800000| Untracked 
|  21|0x0000000705a00000, 0x0000000705a00000, 0x0000000705c00000|  0%| F|  |TAMS 0x0000000705a00000, 0x0000000705a00000| Untracked 
|  22|0x0000000705c00000, 0x0000000705c00000, 0x0000000705e00000|  0%| F|  |TAMS 0x0000000705c00000, 0x0000000705c00000| Untracked 
|  23|0x0000000705e00000, 0x0000000705e00000, 0x0000000706000000|  0%| F|  |TAMS 0x0000000705e00000, 0x0000000705e00000| Untracked 
|  24|0x0000000706000000, 0x0000000706000000, 0x0000000706200000|  0%| F|  |TAMS 0x0000000706000000, 0x0000000706000000| Untracked 
|  25|0x0000000706200000, 0x0000000706200000, 0x0000000706400000|  0%| F|  |TAMS 0x0000000706200000, 0x0000000706200000| Untracked 
|  26|0x0000000706400000, 0x0000000706400000, 0x0000000706600000|  0%| F|  |TAMS 0x0000000706400000, 0x0000000706400000| Untracked 
|  27|0x0000000706600000, 0x0000000706600000, 0x0000000706800000|  0%| F|  |TAMS 0x0000000706600000, 0x0000000706600000| Untracked 
|  28|0x0000000706800000, 0x0000000706800000, 0x0000000706a00000|  0%| F|  |TAMS 0x0000000706800000, 0x0000000706800000| Untracked 
|  29|0x0000000706a00000, 0x0000000706a00000, 0x0000000706c00000|  0%| F|  |TAMS 0x0000000706a00000, 0x0000000706a00000| Untracked 
|  30|0x0000000706c00000, 0x0000000706c00000, 0x0000000706e00000|  0%| F|  |TAMS 0x0000000706c00000, 0x0000000706c00000| Untracked 
|  31|0x0000000706e00000, 0x0000000706e00000, 0x0000000707000000|  0%| F|  |TAMS 0x0000000706e00000, 0x0000000706e00000| Untracked 
|  32|0x0000000707000000, 0x0000000707000000, 0x0000000707200000|  0%| F|  |TAMS 0x0000000707000000, 0x0000000707000000| Untracked 
|  33|0x0000000707200000, 0x0000000707200000, 0x0000000707400000|  0%| F|  |TAMS 0x0000000707200000, 0x0000000707200000| Untracked 
|  34|0x0000000707400000, 0x0000000707400000, 0x0000000707600000|  0%| F|  |TAMS 0x0000000707400000, 0x0000000707400000| Untracked 
|  35|0x0000000707600000, 0x0000000707600000, 0x0000000707800000|  0%| F|  |TAMS 0x0000000707600000, 0x0000000707600000| Untracked 
|  36|0x0000000707800000, 0x0000000707800000, 0x0000000707a00000|  0%| F|  |TAMS 0x0000000707800000, 0x0000000707800000| Untracked 
|  37|0x0000000707a00000, 0x0000000707a00000, 0x0000000707c00000|  0%| F|  |TAMS 0x0000000707a00000, 0x0000000707a00000| Untracked 
|  38|0x0000000707c00000, 0x0000000707c00000, 0x0000000707e00000|  0%| F|  |TAMS 0x0000000707c00000, 0x0000000707c00000| Untracked 
|  39|0x0000000707e00000, 0x0000000707e00000, 0x0000000708000000|  0%| F|  |TAMS 0x0000000707e00000, 0x0000000707e00000| Untracked 
|  40|0x0000000708000000, 0x0000000708000000, 0x0000000708200000|  0%| F|  |TAMS 0x0000000708000000, 0x0000000708000000| Untracked 
|  41|0x0000000708200000, 0x0000000708200000, 0x0000000708400000|  0%| F|  |TAMS 0x0000000708200000, 0x0000000708200000| Untracked 
|  42|0x0000000708400000, 0x0000000708400000, 0x0000000708600000|  0%| F|  |TAMS 0x0000000708400000, 0x0000000708400000| Untracked 
|  43|0x0000000708600000, 0x0000000708600000, 0x0000000708800000|  0%| F|  |TAMS 0x0000000708600000, 0x0000000708600000| Untracked 
|  44|0x0000000708800000, 0x0000000708800000, 0x0000000708a00000|  0%| F|  |TAMS 0x0000000708800000, 0x0000000708800000| Untracked 
|  45|0x0000000708a00000, 0x0000000708a00000, 0x0000000708c00000|  0%| F|  |TAMS 0x0000000708a00000, 0x0000000708a00000| Untracked 
|  46|0x0000000708c00000, 0x0000000708c00000, 0x0000000708e00000|  0%| F|  |TAMS 0x0000000708c00000, 0x0000000708c00000| Untracked 
|  47|0x0000000708e00000, 0x0000000708e00000, 0x0000000709000000|  0%| F|  |TAMS 0x0000000708e00000, 0x0000000708e00000| Untracked 
|  48|0x0000000709000000, 0x0000000709000000, 0x0000000709200000|  0%| F|  |TAMS 0x0000000709000000, 0x0000000709000000| Untracked 
|  49|0x0000000709200000, 0x0000000709200000, 0x0000000709400000|  0%| F|  |TAMS 0x0000000709200000, 0x0000000709200000| Untracked 
|  50|0x0000000709400000, 0x0000000709400000, 0x0000000709600000|  0%| F|  |TAMS 0x0000000709400000, 0x0000000709400000| Untracked 
|  51|0x0000000709600000, 0x0000000709600000, 0x0000000709800000|  0%| F|  |TAMS 0x0000000709600000, 0x0000000709600000| Untracked 
|  52|0x0000000709800000, 0x0000000709800000, 0x0000000709a00000|  0%| F|  |TAMS 0x0000000709800000, 0x0000000709800000| Untracked 
|  53|0x0000000709a00000, 0x0000000709a00000, 0x0000000709c00000|  0%| F|  |TAMS 0x0000000709a00000, 0x0000000709a00000| Untracked 
|  54|0x0000000709c00000, 0x0000000709c00000, 0x0000000709e00000|  0%| F|  |TAMS 0x0000000709c00000, 0x0000000709c00000| Untracked 
|  55|0x0000000709e00000, 0x0000000709e00000, 0x000000070a000000|  0%| F|  |TAMS 0x0000000709e00000, 0x0000000709e00000| Untracked 
|  56|0x000000070a000000, 0x000000070a000000, 0x000000070a200000|  0%| F|  |TAMS 0x000000070a000000, 0x000000070a000000| Untracked 
|  57|0x000000070a200000, 0x000000070a200000, 0x000000070a400000|  0%| F|  |TAMS 0x000000070a200000, 0x000000070a200000| Untracked 
|  58|0x000000070a400000, 0x000000070a400000, 0x000000070a600000|  0%| F|  |TAMS 0x000000070a400000, 0x000000070a400000| Untracked 
|  59|0x000000070a600000, 0x000000070a600000, 0x000000070a800000|  0%| F|  |TAMS 0x000000070a600000, 0x000000070a600000| Untracked 
|  60|0x000000070a800000, 0x000000070a800000, 0x000000070aa00000|  0%| F|  |TAMS 0x000000070a800000, 0x000000070a800000| Untracked 
|  61|0x000000070aa00000, 0x000000070aa00000, 0x000000070ac00000|  0%| F|  |TAMS 0x000000070aa00000, 0x000000070aa00000| Untracked 
|  62|0x000000070ac00000, 0x000000070ac00000, 0x000000070ae00000|  0%| F|  |TAMS 0x000000070ac00000, 0x000000070ac00000| Untracked 
|  63|0x000000070ae00000, 0x000000070ae00000, 0x000000070b000000|  0%| F|  |TAMS 0x000000070ae00000, 0x000000070ae00000| Untracked 
|  64|0x000000070b000000, 0x000000070b000000, 0x000000070b200000|  0%| F|  |TAMS 0x000000070b000000, 0x000000070b000000| Untracked 
|  65|0x000000070b200000, 0x000000070b200000, 0x000000070b400000|  0%| F|  |TAMS 0x000000070b200000, 0x000000070b200000| Untracked 
|  66|0x000000070b400000, 0x000000070b400000, 0x000000070b600000|  0%| F|  |TAMS 0x000000070b400000, 0x000000070b400000| Untracked 
|  67|0x000000070b600000, 0x000000070b600000, 0x000000070b800000|  0%| F|  |TAMS 0x000000070b600000, 0x000000070b600000| Untracked 
|  68|0x000000070b800000, 0x000000070b800000, 0x000000070ba00000|  0%| F|  |TAMS 0x000000070b800000, 0x000000070b800000| Untracked 
|  69|0x000000070ba00000, 0x000000070ba00000, 0x000000070bc00000|  0%| F|  |TAMS 0x000000070ba00000, 0x000000070ba00000| Untracked 
|  70|0x000000070bc00000, 0x000000070bc00000, 0x000000070be00000|  0%| F|  |TAMS 0x000000070bc00000, 0x000000070bc00000| Untracked 
|  71|0x000000070be00000, 0x000000070be00000, 0x000000070c000000|  0%| F|  |TAMS 0x000000070be00000, 0x000000070be00000| Untracked 
|  72|0x000000070c000000, 0x000000070c000000, 0x000000070c200000|  0%| F|  |TAMS 0x000000070c000000, 0x000000070c000000| Untracked 
|  73|0x000000070c200000, 0x000000070c200000, 0x000000070c400000|  0%| F|  |TAMS 0x000000070c200000, 0x000000070c200000| Untracked 
|  74|0x000000070c400000, 0x000000070c400000, 0x000000070c600000|  0%| F|  |TAMS 0x000000070c400000, 0x000000070c400000| Untracked 
|  75|0x000000070c600000, 0x000000070c600000, 0x000000070c800000|  0%| F|  |TAMS 0x000000070c600000, 0x000000070c600000| Untracked 
|  76|0x000000070c800000, 0x000000070c800000, 0x000000070ca00000|  0%| F|  |TAMS 0x000000070c800000, 0x000000070c800000| Untracked 
|  77|0x000000070ca00000, 0x000000070ca00000, 0x000000070cc00000|  0%| F|  |TAMS 0x000000070ca00000, 0x000000070ca00000| Untracked 
|  78|0x000000070cc00000, 0x000000070cc00000, 0x000000070ce00000|  0%| F|  |TAMS 0x000000070cc00000, 0x000000070cc00000| Untracked 
|  79|0x000000070ce00000, 0x000000070ce00000, 0x000000070d000000|  0%| F|  |TAMS 0x000000070ce00000, 0x000000070ce00000| Untracked 
|  80|0x000000070d000000, 0x000000070d000000, 0x000000070d200000|  0%| F|  |TAMS 0x000000070d000000, 0x000000070d000000| Untracked 
|  81|0x000000070d200000, 0x000000070d200000, 0x000000070d400000|  0%| F|  |TAMS 0x000000070d200000, 0x000000070d200000| Untracked 
|  82|0x000000070d400000, 0x000000070d400000, 0x000000070d600000|  0%| F|  |TAMS 0x000000070d400000, 0x000000070d400000| Untracked 
|  83|0x000000070d600000, 0x000000070d600000, 0x000000070d800000|  0%| F|  |TAMS 0x000000070d600000, 0x000000070d600000| Untracked 
|  84|0x000000070d800000, 0x000000070d800000, 0x000000070da00000|  0%| F|  |TAMS 0x000000070d800000, 0x000000070d800000| Untracked 
|  85|0x000000070da00000, 0x000000070da00000, 0x000000070dc00000|  0%| F|  |TAMS 0x000000070da00000, 0x000000070da00000| Untracked 
|  86|0x000000070dc00000, 0x000000070dc00000, 0x000000070de00000|  0%| F|  |TAMS 0x000000070dc00000, 0x000000070dc00000| Untracked 
|  87|0x000000070de00000, 0x000000070de00000, 0x000000070e000000|  0%| F|  |TAMS 0x000000070de00000, 0x000000070de00000| Untracked 
|  88|0x000000070e000000, 0x000000070e000000, 0x000000070e200000|  0%| F|  |TAMS 0x000000070e000000, 0x000000070e000000| Untracked 
|  89|0x000000070e200000, 0x000000070e200000, 0x000000070e400000|  0%| F|  |TAMS 0x000000070e200000, 0x000000070e200000| Untracked 
|  90|0x000000070e400000, 0x000000070e400000, 0x000000070e600000|  0%| F|  |TAMS 0x000000070e400000, 0x000000070e400000| Untracked 
|  91|0x000000070e600000, 0x000000070e600000, 0x000000070e800000|  0%| F|  |TAMS 0x000000070e600000, 0x000000070e600000| Untracked 
|  92|0x000000070e800000, 0x000000070e800000, 0x000000070ea00000|  0%| F|  |TAMS 0x000000070e800000, 0x000000070e800000| Untracked 
|  93|0x000000070ea00000, 0x000000070ea00000, 0x000000070ec00000|  0%| F|  |TAMS 0x000000070ea00000, 0x000000070ea00000| Untracked 
|  94|0x000000070ec00000, 0x000000070ec00000, 0x000000070ee00000|  0%| F|  |TAMS 0x000000070ec00000, 0x000000070ec00000| Untracked 
|  95|0x000000070ee00000, 0x000000070ee00000, 0x000000070f000000|  0%| F|  |TAMS 0x000000070ee00000, 0x000000070ee00000| Untracked 
|  96|0x000000070f000000, 0x000000070f000000, 0x000000070f200000|  0%| F|  |TAMS 0x000000070f000000, 0x000000070f000000| Untracked 
|  97|0x000000070f200000, 0x000000070f200000, 0x000000070f400000|  0%| F|  |TAMS 0x000000070f200000, 0x000000070f200000| Untracked 
|  98|0x000000070f400000, 0x000000070f400000, 0x000000070f600000|  0%| F|  |TAMS 0x000000070f400000, 0x000000070f400000| Untracked 
|  99|0x000000070f600000, 0x000000070f600000, 0x000000070f800000|  0%| F|  |TAMS 0x000000070f600000, 0x000000070f600000| Untracked 
| 100|0x000000070f800000, 0x000000070f800000, 0x000000070fa00000|  0%| F|  |TAMS 0x000000070f800000, 0x000000070f800000| Untracked 
| 101|0x000000070fa00000, 0x000000070fa00000, 0x000000070fc00000|  0%| F|  |TAMS 0x000000070fa00000, 0x000000070fa00000| Untracked 
| 102|0x000000070fc00000, 0x000000070fc00000, 0x000000070fe00000|  0%| F|  |TAMS 0x000000070fc00000, 0x000000070fc00000| Untracked 
| 103|0x000000070fe00000, 0x000000070fe00000, 0x0000000710000000|  0%| F|  |TAMS 0x000000070fe00000, 0x000000070fe00000| Untracked 
| 104|0x0000000710000000, 0x0000000710000000, 0x0000000710200000|  0%| F|  |TAMS 0x0000000710000000, 0x0000000710000000| Untracked 
| 105|0x0000000710200000, 0x0000000710200000, 0x0000000710400000|  0%| F|  |TAMS 0x0000000710200000, 0x0000000710200000| Untracked 
| 106|0x0000000710400000, 0x0000000710400000, 0x0000000710600000|  0%| F|  |TAMS 0x0000000710400000, 0x0000000710400000| Untracked 
| 107|0x0000000710600000, 0x0000000710600000, 0x0000000710800000|  0%| F|  |TAMS 0x0000000710600000, 0x0000000710600000| Untracked 
| 108|0x0000000710800000, 0x0000000710800000, 0x0000000710a00000|  0%| F|  |TAMS 0x0000000710800000, 0x0000000710800000| Untracked 
| 109|0x0000000710a00000, 0x0000000710a00000, 0x0000000710c00000|  0%| F|  |TAMS 0x0000000710a00000, 0x0000000710a00000| Untracked 
| 110|0x0000000710c00000, 0x0000000710c00000, 0x0000000710e00000|  0%| F|  |TAMS 0x0000000710c00000, 0x0000000710c00000| Untracked 
| 111|0x0000000710e00000, 0x0000000710e00000, 0x0000000711000000|  0%| F|  |TAMS 0x0000000710e00000, 0x0000000710e00000| Untracked 
| 112|0x0000000711000000, 0x0000000711000000, 0x0000000711200000|  0%| F|  |TAMS 0x0000000711000000, 0x0000000711000000| Untracked 
| 113|0x0000000711200000, 0x0000000711200000, 0x0000000711400000|  0%| F|  |TAMS 0x0000000711200000, 0x0000000711200000| Untracked 
| 114|0x0000000711400000, 0x0000000711600000, 0x0000000711600000|100%| S|CS|TAMS 0x0000000711400000, 0x0000000711400000| Complete 
| 115|0x0000000711600000, 0x0000000711800000, 0x0000000711800000|100%| S|CS|TAMS 0x0000000711600000, 0x0000000711600000| Complete 
| 116|0x0000000711800000, 0x0000000711800000, 0x0000000711a00000|  0%| F|  |TAMS 0x0000000711800000, 0x0000000711800000| Untracked 
| 117|0x0000000711a00000, 0x0000000711a00000, 0x0000000711c00000|  0%| F|  |TAMS 0x0000000711a00000, 0x0000000711a00000| Untracked 
| 118|0x0000000711c00000, 0x0000000711c00000, 0x0000000711e00000|  0%| F|  |TAMS 0x0000000711c00000, 0x0000000711c00000| Untracked 
| 119|0x0000000711e00000, 0x0000000711e00000, 0x0000000712000000|  0%| F|  |TAMS 0x0000000711e00000, 0x0000000711e00000| Untracked 
| 120|0x0000000712000000, 0x0000000712000000, 0x0000000712200000|  0%| F|  |TAMS 0x0000000712000000, 0x0000000712000000| Untracked 
| 121|0x0000000712200000, 0x0000000712200000, 0x0000000712400000|  0%| F|  |TAMS 0x0000000712200000, 0x0000000712200000| Untracked 
| 122|0x0000000712400000, 0x00000007124f75c0, 0x0000000712600000| 48%| E|  |TAMS 0x0000000712400000, 0x0000000712400000| Complete 
| 123|0x0000000712600000, 0x0000000712800000, 0x0000000712800000|100%| E|CS|TAMS 0x0000000712600000, 0x0000000712600000| Complete 
| 124|0x0000000712800000, 0x0000000712a00000, 0x0000000712a00000|100%| E|CS|TAMS 0x0000000712800000, 0x0000000712800000| Complete 
| 125|0x0000000712a00000, 0x0000000712c00000, 0x0000000712c00000|100%| E|CS|TAMS 0x0000000712a00000, 0x0000000712a00000| Complete 
| 126|0x0000000712c00000, 0x0000000712e00000, 0x0000000712e00000|100%| E|CS|TAMS 0x0000000712c00000, 0x0000000712c00000| Complete 

Card table byte_map: [0x0000023a72740000,0x0000023a72f30000] _byte_map_base: 0x0000023a6ef28000

Marking Bits (Prev, Next): (CMBitMap*) 0x0000023a5a762f90, (CMBitMap*) 0x0000023a5a762fd0
 Prev Bits: [0x0000023a73720000, 0x0000023a77660000)
 Next Bits: [0x0000023a77660000, 0x0000023a7b5a0000)

Polling page: 0x0000023a58660000

Metaspace:

Usage:
  Non-class:      5.73 MB capacity,     3.84 MB ( 67%) used,     1.89 MB ( 33%) free+waste,     3.38 KB ( <1%) overhead. 
      Class:    660.00 KB capacity,   449.34 KB ( 68%) used,   209.16 KB ( 32%) free+waste,     1.50 KB ( <1%) overhead. 
       Both:      6.38 MB capacity,     4.28 MB ( 67%) used,     2.09 MB ( 33%) free+waste,     4.88 KB ( <1%) overhead. 

Virtual space:
  Non-class space:        8.00 MB reserved,       5.75 MB ( 72%) committed 
      Class space:        1.00 GB reserved,     768.00 KB ( <1%) committed 
             Both:        1.01 GB reserved,       6.50 MB ( <1%) committed 

Chunk freelists:
   Non-Class:  20.00 KB
       Class:  12.00 KB
        Both:  32.00 KB

MaxMetaspaceSize: 17179869184.00 GB
CompressedClassSpaceSize: 1.00 GB

CodeHeap 'non-profiled nmethods': size=120000Kb used=465Kb max_used=465Kb free=119534Kb
 bounds [0x0000023a6a6f0000, 0x0000023a6a960000, 0x0000023a71c20000]
CodeHeap 'profiled nmethods': size=120000Kb used=2063Kb max_used=2063Kb free=117937Kb
 bounds [0x0000023a631c0000, 0x0000023a63430000, 0x0000023a6a6f0000]
CodeHeap 'non-nmethods': size=5760Kb used=1180Kb max_used=1222Kb free=4580Kb
 bounds [0x0000023a62c20000, 0x0000023a62e90000, 0x0000023a631c0000]
 total_blobs=1473 nmethods=1034 adapters=352
 compilation: enabled
              stopped_count=0, restarted_count=0
 full_count=0

Compilation events (20 events):
Event: 0.892 Thread 0x0000023a7e8645e0  993       3       java.net.URI$Parser::checkChar (14 bytes)
Event: 0.892 Thread 0x0000023a7e8645e0 nmethod 993 0x0000023a633b2310 code [0x0000023a633b24c0, 0x0000023a633b2608]
Event: 0.893 Thread 0x0000023a0028fe10  994       4       java.net.URI$Parser::scan (76 bytes)
Event: 0.897 Thread 0x0000023a7eb123f0  995 %     4       java.net.URI$Parser::scan @ 3 (41 bytes)
Event: 0.899 Thread 0x0000023a0028fe10 nmethod 994 0x0000023a6a75c810 code [0x0000023a6a75c9c0, 0x0000023a6a75cc88]
Event: 0.905 Thread 0x0000023a7eb123f0 nmethod 995% 0x0000023a6a75d010 code [0x0000023a6a75d1c0, 0x0000023a6a75d608]
Event: 0.905 Thread 0x0000023a7e8645e0  996       3       java.lang.IllegalArgumentException::<init> (6 bytes)
Event: 0.905 Thread 0x0000023a7e863ce0 nmethod 989% 0x0000023a6a75da10 code [0x0000023a6a75dbc0, 0x0000023a6a75e448]
Event: 0.905 Thread 0x0000023a7e8645e0 nmethod 996 0x0000023a633b2710 code [0x0000023a633b28c0, 0x0000023a633b2aa8]
Event: 0.905 Thread 0x0000023a7e8645e0  997       3       java.lang.RuntimeException::<init> (6 bytes)
Event: 0.905 Thread 0x0000023a7e8645e0 nmethod 997 0x0000023a633b2b90 code [0x0000023a633b2d40, 0x0000023a633b2ec8]
Event: 0.905 Thread 0x0000023a7e863ce0  998       4       java.io.WinNTFileSystem::normalize (143 bytes)
Event: 0.905 Thread 0x0000023a0028fe10  999       4       java.io.File::<init> (47 bytes)
Event: 0.905 Thread 0x0000023a7e8645e0 1000       3       java.util.ArrayDeque::removeFirst (19 bytes)
Event: 0.906 Thread 0x0000023a7e8645e0 nmethod 1000 0x0000023a633b2f90 code [0x0000023a633b3140, 0x0000023a633b3338]
Event: 0.906 Thread 0x0000023a7e8645e0 1001   !   3       sun.net.www.protocol.jar.JarFileFactory::getConnection (40 bytes)
Event: 0.907 Thread 0x0000023a7e8645e0 nmethod 1001 0x0000023a633b3410 code [0x0000023a633b3600, 0x0000023a633b3c18]
Event: 0.909 Thread 0x0000023a7e8645e0 1002       3       java.util.ArrayDeque::pop (5 bytes)
Event: 0.909 Thread 0x0000023a7e8645e0 nmethod 1002 0x0000023a633b3e90 code [0x0000023a633b4060, 0x0000023a633b42b8]
Event: 0.910 Thread 0x0000023a7eb123f0 1003       4       java.io.File::getParent (65 bytes)

GC Heap History (2 events):
Event: 0.661 GC heap before
{Heap before GC invocations=0 (full 0):
 garbage-first heap   total 260096K, used 20480K [0x0000000703000000, 0x0000000800000000)
  region size 2048K, 11 young (22528K), 0 survivors (0K)
 Metaspace       used 3552K, capacity 6163K, committed 6272K, reserved 1056768K
  class space    used 333K, capacity 561K, committed 640K, reserved 1048576K
}
Event: 0.665 GC heap after
{Heap after GC invocations=1 (full 0):
 garbage-first heap   total 260096K, used 6292K [0x0000000703000000, 0x0000000800000000)
  region size 2048K, 2 young (4096K), 2 survivors (4096K)
 Metaspace       used 3552K, capacity 6163K, committed 6272K, reserved 1056768K
  class space    used 333K, capacity 561K, committed 640K, reserved 1048576K
}

Deoptimization events (20 events):
Event: 0.792 Thread 0x0000023a5a7136f0 DEOPT PACKING pc=0x0000023a6a7293a0 sp=0x000000ee99efde50
Event: 0.792 Thread 0x0000023a5a7136f0 DEOPT UNPACKING pc=0x0000023a62c6e42f sp=0x000000ee99efddd0 mode 2
Event: 0.794 Thread 0x0000023a5a7136f0 Uncommon trap: trap_request=0xffffff45 fr.pc=0x0000023a6a710db8 relative=0x00000000000004f8
Event: 0.794 Thread 0x0000023a5a7136f0 Uncommon trap: reason=unstable_if action=reinterpret pc=0x0000023a6a710db8 method=java.lang.AbstractStringBuilder.putStringAt(ILjava/lang/String;)V @ 8 c2
Event: 0.794 Thread 0x0000023a5a7136f0 DEOPT PACKING pc=0x0000023a6a710db8 sp=0x000000ee99efe240
Event: 0.795 Thread 0x0000023a5a7136f0 DEOPT UNPACKING pc=0x0000023a62c6e42f sp=0x000000ee99efe148 mode 2
Event: 0.893 Thread 0x0000023a5a7136f0 DEOPT PACKING pc=0x0000023a632f966a sp=0x000000ee99efdb20
Event: 0.893 Thread 0x0000023a5a7136f0 DEOPT UNPACKING pc=0x0000023a62c6e23f sp=0x000000ee99efd018 mode 0
Event: 0.905 Thread 0x0000023a5a7136f0 DEOPT PACKING pc=0x0000023a63395358 sp=0x000000ee99efddb0
Event: 0.905 Thread 0x0000023a5a7136f0 DEOPT UNPACKING pc=0x0000023a62c6e23f sp=0x000000ee99efd2b8 mode 0
Event: 0.906 Thread 0x0000023a5a7136f0 DEOPT PACKING pc=0x0000023a63395358 sp=0x000000ee99efddb0
Event: 0.906 Thread 0x0000023a5a7136f0 DEOPT UNPACKING pc=0x0000023a62c6e23f sp=0x000000ee99efd2b8 mode 0
Event: 0.907 Thread 0x0000023a5a7136f0 DEOPT PACKING pc=0x0000023a63395358 sp=0x000000ee99efddb0
Event: 0.907 Thread 0x0000023a5a7136f0 DEOPT UNPACKING pc=0x0000023a62c6e23f sp=0x000000ee99efd2b8 mode 0
Event: 0.908 Thread 0x0000023a5a7136f0 DEOPT PACKING pc=0x0000023a63395358 sp=0x000000ee99efddb0
Event: 0.908 Thread 0x0000023a5a7136f0 DEOPT UNPACKING pc=0x0000023a62c6e23f sp=0x000000ee99efd2b8 mode 0
Event: 0.909 Thread 0x0000023a5a7136f0 DEOPT PACKING pc=0x0000023a63395358 sp=0x000000ee99efddb0
Event: 0.909 Thread 0x0000023a5a7136f0 DEOPT UNPACKING pc=0x0000023a62c6e23f sp=0x000000ee99efd2b8 mode 0
Event: 0.910 Thread 0x0000023a5a7136f0 DEOPT PACKING pc=0x0000023a63395358 sp=0x000000ee99efddb0
Event: 0.910 Thread 0x0000023a5a7136f0 DEOPT UNPACKING pc=0x0000023a62c6e23f sp=0x000000ee99efd2b8 mode 0

Classes unloaded (0 events):
No events

Classes redefined (0 events):
No events

Internal exceptions (8 events):
Event: 0.201 Thread 0x0000023a7e852b40 Exception <a 'java/lang/NoSuchMethodError'{0x000000071276d638}: 'java.lang.Object java.lang.invoke.DirectMethodHandle$Holder.invokeStatic(java.lang.Object)'> (0x000000071276d638) 
thrown [./src/hotspot/share/interpreter/linkResolver.cpp, line 782]
Event: 0.202 Thread 0x0000023a7e852b40 Exception <a 'java/lang/NoSuchMethodError'{0x0000000712770f48}: 'java.lang.Object java.lang.invoke.DirectMethodHandle$Holder.invokeStaticInit(java.lang.Object)'> (0x0000000712770f48) 
thrown [./src/hotspot/share/interpreter/linkResolver.cpp, line 782]
Event: 0.209 Thread 0x0000023a7e852b40 Exception <a 'java/lang/NoSuchMethodError'{0x000000071277e428}: 'void java.lang.invoke.DirectMethodHandle$Holder.invokeStatic(java.lang.Object, java.lang.Object)'> (0x000000071277e428) 
thrown [./src/hotspot/share/interpreter/linkResolver.cpp, line 782]
Event: 0.358 Thread 0x0000023a5a7136f0 Exception <a 'java/lang/NoSuchMethodError'{0x0000000712079820}: 'int java.lang.invoke.DirectMethodHandle$Holder.invokeStaticInit(java.lang.Object, java.lang.Object, java.lang.Object, java.lang.Object)'> (0x0000000712079820) 
thrown [./src/hotspot/share/interpreter/linkResolver.cpp, line 782]
Event: 0.359 Thread 0x0000023a5a7136f0 Exception <a 'java/lang/NoSuchMethodError'{0x0000000712084460}: 'java.lang.Object java.lang.invoke.DirectMethodHandle$Holder.invokeInterface(java.lang.Object, java.lang.Object)'> (0x0000000712084460) 
thrown [./src/hotspot/share/interpreter/linkResolver.cpp, line 782]
Event: 0.360 Thread 0x0000023a5a7136f0 Exception <a 'java/lang/IncompatibleClassChangeError'{0x0000000712087bb0}: Found class java.lang.Object, but interface was expected> (0x0000000712087bb0) 
thrown [./src/hotspot/share/interpreter/linkResolver.cpp, line 848]
Event: 0.360 Thread 0x0000023a5a7136f0 Exception <a 'java/lang/NoSuchMethodError'{0x000000071208adf8}: 'void java.lang.invoke.DirectMethodHandle$Holder.invokeStaticInit(java.lang.Object, java.lang.Object)'> (0x000000071208adf8) 
thrown [./src/hotspot/share/interpreter/linkResolver.cpp, line 782]
Event: 0.361 Thread 0x0000023a5a7136f0 Exception <a 'java/lang/NoSuchMethodError'{0x0000000712090f30}: 'int java.lang.invoke.DirectMethodHandle$Holder.invokeStaticInit(java.lang.Object, java.lang.Object)'> (0x0000000712090f30) 
thrown [./src/hotspot/share/interpreter/linkResolver.cpp, line 782]

Events (20 events):
Event: 0.724 Loaded shared library C:\Users\37756\.javacpp\cache\javacpp-1.5.7-windows-x86_64.jar\org\bytedeco\javacpp\windows-x86_64\jnijavacpp.dll
Event: 0.732 loading class java/lang/NumberFormatException
Event: 0.732 loading class java/lang/NumberFormatException done
Event: 0.732 Executing VM operation: HandshakeAllThreads
Event: 0.732 Executing VM operation: HandshakeAllThreads done
Event: 0.734 Thread 0x0000023a7e854350 Thread added: 0x0000023a7e854350
Event: 0.765 loading class java/util/regex/Pattern$BnM
Event: 0.765 loading class java/util/regex/Pattern$BnM done
Event: 0.765 loading class java/util/regex/Pattern$SliceS
Event: 0.765 loading class java/util/regex/Pattern$SliceS done
Event: 0.777 Thread 0x0000023a0028fe10 Thread added: 0x0000023a0028fe10
Event: 0.807 Loaded shared library C:\Users\37756\.javacpp\cache\llvm-13.0.1-1.5.7-windows-x86_64.jar\org\bytedeco\llvm\windows-x86_64\LTO.dll
Event: 0.814 Loaded shared library C:\Users\37756\.javacpp\cache\llvm-13.0.1-1.5.7-windows-x86_64.jar\org\bytedeco\llvm\windows-x86_64\Remarks.dll
Event: 0.827 Loaded shared library C:\Users\37756\.javacpp\cache\llvm-13.0.1-1.5.7-windows-x86_64.jar\org\bytedeco\llvm\windows-x86_64\jniLLVM.dll
Event: 0.871 loading class java/util/Stack
Event: 0.871 loading class java/util/Vector
Event: 0.871 loading class java/util/Vector done
Event: 0.871 loading class java/util/Stack done
Event: 0.875 loading class java/lang/invoke/BoundMethodHandle$Species_LL
Event: 0.875 loading class java/lang/invoke/BoundMethodHandle$Species_LL done


Dynamic libraries:
0x00007ff76f090000 - 0x00007ff76f09d000 	C:\Program Files\AdoptOpenJDK\jdk-15.0.2.7-hotspot\bin\java.exe
0x00007ff9a40f0000 - 0x00007ff9a42e8000 	C:\WINDOWS\SYSTEM32\ntdll.dll
0x00007ff9a2ea0000 - 0x00007ff9a2f5f000 	C:\WINDOWS\System32\KERNEL32.DLL
0x00007ff9a1a90000 - 0x00007ff9a1d62000 	C:\WINDOWS\System32\KERNELBASE.dll
0x00007ff9a17e0000 - 0x00007ff9a18e0000 	C:\WINDOWS\System32\ucrtbase.dll
0x00007ff97bea0000 - 0x00007ff97beb8000 	C:\Program Files\AdoptOpenJDK\jdk-15.0.2.7-hotspot\bin\jli.dll
0x00007ff97be00000 - 0x00007ff97be15000 	C:\Program Files\AdoptOpenJDK\jdk-15.0.2.7-hotspot\bin\VCRUNTIME140.dll
0x00007ff9a3e20000 - 0x00007ff9a3fc1000 	C:\WINDOWS\System32\USER32.dll
0x00007ff9a1dc0000 - 0x00007ff9a1de2000 	C:\WINDOWS\System32\win32u.dll
0x00007ff9825a0000 - 0x00007ff98283a000 	C:\WINDOWS\WinSxS\amd64_microsoft.windows.common-controls_6595b64144ccf1df_6.0.19041.1110_none_60b5254171f9507e\COMCTL32.dll
0x00007ff9a3cd0000 - 0x00007ff9a3d6e000 	C:\WINDOWS\System32\msvcrt.dll
0x00007ff9a3ca0000 - 0x00007ff9a3ccb000 	C:\WINDOWS\System32\GDI32.dll
0x00007ff9a1980000 - 0x00007ff9a1a8f000 	C:\WINDOWS\System32\gdi32full.dll
0x00007ff9a18e0000 - 0x00007ff9a197d000 	C:\WINDOWS\System32\msvcp_win.dll
0x00007ff9a22b0000 - 0x00007ff9a22e2000 	C:\WINDOWS\System32\IMM32.DLL
0x00007ff967540000 - 0x00007ff9675db000 	C:\Program Files\AdoptOpenJDK\jdk-15.0.2.7-hotspot\bin\msvcp140.dll
0x00007ff9336b0000 - 0x00007ff93423f000 	C:\Program Files\AdoptOpenJDK\jdk-15.0.2.7-hotspot\bin\server\jvm.dll
0x00007ff9a2130000 - 0x00007ff9a21de000 	C:\WINDOWS\System32\ADVAPI32.dll
0x00007ff9a38e0000 - 0x00007ff9a397c000 	C:\WINDOWS\System32\sechost.dll
0x00007ff9a2310000 - 0x00007ff9a2435000 	C:\WINDOWS\System32\RPCRT4.dll
0x00007ff9a3100000 - 0x00007ff9a3108000 	C:\WINDOWS\System32\PSAPI.DLL
0x00007ff99ea90000 - 0x00007ff99ea99000 	C:\WINDOWS\SYSTEM32\WSOCK32.dll
0x00007ff9829c0000 - 0x00007ff9829e7000 	C:\WINDOWS\SYSTEM32\WINMM.dll
0x00007ff9a0440000 - 0x00007ff9a044a000 	C:\WINDOWS\SYSTEM32\VERSION.dll
0x00007ff9a3090000 - 0x00007ff9a30fb000 	C:\WINDOWS\System32\WS2_32.dll
0x00007ff99fef0000 - 0x00007ff99ff02000 	C:\WINDOWS\SYSTEM32\kernel.appcore.dll
0x00007ff987d80000 - 0x00007ff987d8a000 	C:\Program Files\AdoptOpenJDK\jdk-15.0.2.7-hotspot\bin\jimage.dll
0x00007ff99f460000 - 0x00007ff99f644000 	C:\WINDOWS\SYSTEM32\DBGHELP.DLL
0x00007ff984050000 - 0x00007ff984085000 	C:\WINDOWS\SYSTEM32\dbgcore.DLL
0x00007ff9a1df0000 - 0x00007ff9a1e72000 	C:\WINDOWS\System32\bcryptPrimitives.dll
0x00007ff987f10000 - 0x00007ff987f1e000 	C:\Program Files\AdoptOpenJDK\jdk-15.0.2.7-hotspot\bin\instrument.dll
0x00007ff979c90000 - 0x00007ff979cb5000 	C:\Program Files\AdoptOpenJDK\jdk-15.0.2.7-hotspot\bin\java.dll
0x00007ff9a2440000 - 0x00007ff9a2b84000 	C:\WINDOWS\System32\SHELL32.dll
0x00007ff99f740000 - 0x00007ff99fed2000 	C:\WINDOWS\SYSTEM32\windows.storage.dll
0x00007ff9a3580000 - 0x00007ff9a38d5000 	C:\WINDOWS\System32\combase.dll
0x00007ff9a1160000 - 0x00007ff9a1190000 	C:\WINDOWS\SYSTEM32\Wldp.dll
0x00007ff9a3d70000 - 0x00007ff9a3e1d000 	C:\WINDOWS\System32\SHCORE.dll
0x00007ff9a3a30000 - 0x00007ff9a3a85000 	C:\WINDOWS\System32\shlwapi.dll
0x00007ff9a1720000 - 0x00007ff9a173f000 	C:\WINDOWS\SYSTEM32\profapi.dll
0x00007ff96ef70000 - 0x00007ff96ef88000 	C:\Program Files\AdoptOpenJDK\jdk-15.0.2.7-hotspot\bin\zip.dll
0x00007ff97bde0000 - 0x00007ff97bdf9000 	C:\Program Files\AdoptOpenJDK\jdk-15.0.2.7-hotspot\bin\net.dll
0x00007ff996230000 - 0x00007ff99633c000 	C:\WINDOWS\SYSTEM32\WINHTTP.dll
0x00007ff9a0ec0000 - 0x00007ff9a0f2a000 	C:\WINDOWS\system32\mswsock.dll
0x00007ff976060000 - 0x00007ff976072000 	C:\Program Files\AdoptOpenJDK\jdk-15.0.2.7-hotspot\bin\nio.dll
0x00007ff9698f0000 - 0x00007ff96990a000 	C:\Program Files\JetBrains\IntelliJ IDEA 2022.3\bin\breakgen64.dll
0x0000023a5a680000 - 0x0000023a5a684000 	C:\Users\37756\.javacpp\cache\javacpp-1.5.7-windows-x86_64.jar\org\bytedeco\javacpp\windows-x86_64\api-ms-win-crt-locale-l1-1-0.dll
0x0000023a5a690000 - 0x0000023a5a695000 	C:\Users\37756\.javacpp\cache\javacpp-1.5.7-windows-x86_64.jar\org\bytedeco\javacpp\windows-x86_64\api-ms-win-crt-string-l1-1-0.dll
0x0000023a5a6a0000 - 0x0000023a5a6a5000 	C:\Users\37756\.javacpp\cache\javacpp-1.5.7-windows-x86_64.jar\org\bytedeco\javacpp\windows-x86_64\api-ms-win-crt-stdio-l1-1-0.dll
0x0000023a5a6b0000 - 0x0000023a5a6b6000 	C:\Users\37756\.javacpp\cache\javacpp-1.5.7-windows-x86_64.jar\org\bytedeco\javacpp\windows-x86_64\api-ms-win-crt-math-l1-1-0.dll
0x0000023a5a6c0000 - 0x0000023a5a6c4000 	C:\Users\37756\.javacpp\cache\javacpp-1.5.7-windows-x86_64.jar\org\bytedeco\javacpp\windows-x86_64\api-ms-win-crt-heap-l1-1-0.dll
0x0000023a5a6d0000 - 0x0000023a5a6d5000 	C:\Users\37756\.javacpp\cache\javacpp-1.5.7-windows-x86_64.jar\org\bytedeco\javacpp\windows-x86_64\api-ms-win-crt-runtime-l1-1-0.dll
0x0000023a5a6e0000 - 0x0000023a5a6e5000 	C:\Users\37756\.javacpp\cache\javacpp-1.5.7-windows-x86_64.jar\org\bytedeco\javacpp\windows-x86_64\api-ms-win-crt-convert-l1-1-0.dll
0x0000023a7f420000 - 0x0000023a7f424000 	C:\Users\37756\.javacpp\cache\javacpp-1.5.7-windows-x86_64.jar\org\bytedeco\javacpp\windows-x86_64\api-ms-win-crt-environment-l1-1-0.dll
0x0000023a7f430000 - 0x0000023a7f434000 	C:\Users\37756\.javacpp\cache\javacpp-1.5.7-windows-x86_64.jar\org\bytedeco\javacpp\windows-x86_64\api-ms-win-crt-time-l1-1-0.dll
0x0000023a7f440000 - 0x0000023a7f444000 	C:\Users\37756\.javacpp\cache\javacpp-1.5.7-windows-x86_64.jar\org\bytedeco\javacpp\windows-x86_64\api-ms-win-crt-filesystem-l1-1-0.dll
0x0000023a7f450000 - 0x0000023a7f454000 	C:\Users\37756\.javacpp\cache\javacpp-1.5.7-windows-x86_64.jar\org\bytedeco\javacpp\windows-x86_64\api-ms-win-crt-utility-l1-1-0.dll
0x0000023a7f460000 - 0x0000023a7f466000 	C:\Users\37756\.javacpp\cache\javacpp-1.5.7-windows-x86_64.jar\org\bytedeco\javacpp\windows-x86_64\api-ms-win-crt-multibyte-l1-1-0.dll
0x0000023a7f470000 - 0x0000023a7f474000 	C:\Users\37756\.javacpp\cache\javacpp-1.5.7-windows-x86_64.jar\org\bytedeco\javacpp\windows-x86_64\api-ms-win-crt-conio-l1-1-0.dll
0x0000023a7f480000 - 0x0000023a7f491000 	C:\Users\37756\.javacpp\cache\javacpp-1.5.7-windows-x86_64.jar\org\bytedeco\javacpp\windows-x86_64\api-ms-win-crt-private-l1-1-0.dll
0x0000023a7f4a0000 - 0x0000023a7f4a4000 	C:\Users\37756\.javacpp\cache\javacpp-1.5.7-windows-x86_64.jar\org\bytedeco\javacpp\windows-x86_64\api-ms-win-crt-process-l1-1-0.dll
0x0000023a7f4b0000 - 0x0000023a7f4b4000 	C:\Users\37756\.javacpp\cache\javacpp-1.5.7-windows-x86_64.jar\org\bytedeco\javacpp\windows-x86_64\api-ms-win-core-console-l1-2-0.dll
0x0000023a7f4c0000 - 0x0000023a7f4c4000 	C:\Users\37756\.javacpp\cache\javacpp-1.5.7-windows-x86_64.jar\org\bytedeco\javacpp\windows-x86_64\api-ms-win-core-string-l1-1-0.dll
0x0000023a7f4d0000 - 0x0000023a7f4d4000 	C:\Users\37756\.javacpp\cache\javacpp-1.5.7-windows-x86_64.jar\org\bytedeco\javacpp\windows-x86_64\api-ms-win-core-errorhandling-l1-1-0.dll
0x0000023a7f4e0000 - 0x0000023a7f4e4000 	C:\Users\37756\.javacpp\cache\javacpp-1.5.7-windows-x86_64.jar\org\bytedeco\javacpp\windows-x86_64\api-ms-win-core-timezone-l1-1-0.dll
0x0000023a7f4f0000 - 0x0000023a7f4f5000 	C:\Users\37756\.javacpp\cache\javacpp-1.5.7-windows-x86_64.jar\org\bytedeco\javacpp\windows-x86_64\api-ms-win-core-file-l1-1-0.dll
0x0000023a7f500000 - 0x0000023a7f504000 	C:\Users\37756\.javacpp\cache\javacpp-1.5.7-windows-x86_64.jar\org\bytedeco\javacpp\windows-x86_64\api-ms-win-core-namedpipe-l1-1-0.dll
0x0000023a7f510000 - 0x0000023a7f514000 	C:\Users\37756\.javacpp\cache\javacpp-1.5.7-windows-x86_64.jar\org\bytedeco\javacpp\windows-x86_64\api-ms-win-core-handle-l1-1-0.dll
0x0000023a7f520000 - 0x0000023a7f524000 	C:\Users\37756\.javacpp\cache\javacpp-1.5.7-windows-x86_64.jar\org\bytedeco\javacpp\windows-x86_64\api-ms-win-core-file-l2-1-0.dll
0x0000023a7f530000 - 0x0000023a7f534000 	C:\Users\37756\.javacpp\cache\javacpp-1.5.7-windows-x86_64.jar\org\bytedeco\javacpp\windows-x86_64\api-ms-win-core-heap-l1-1-0.dll
0x0000023a7f540000 - 0x0000023a7f544000 	C:\Users\37756\.javacpp\cache\javacpp-1.5.7-windows-x86_64.jar\org\bytedeco\javacpp\windows-x86_64\api-ms-win-core-libraryloader-l1-1-0.dll
0x0000023a7f550000 - 0x0000023a7f554000 	C:\Users\37756\.javacpp\cache\javacpp-1.5.7-windows-x86_64.jar\org\bytedeco\javacpp\windows-x86_64\api-ms-win-core-synch-l1-1-0.dll
0x0000023a7f560000 - 0x0000023a7f564000 	C:\Users\37756\.javacpp\cache\javacpp-1.5.7-windows-x86_64.jar\org\bytedeco\javacpp\windows-x86_64\api-ms-win-core-processthreads-l1-1-0.dll
0x0000023a7f570000 - 0x0000023a7f574000 	C:\Users\37756\.javacpp\cache\javacpp-1.5.7-windows-x86_64.jar\org\bytedeco\javacpp\windows-x86_64\api-ms-win-core-processenvironment-l1-1-0.dll
0x0000023a7f580000 - 0x0000023a7f584000 	C:\Users\37756\.javacpp\cache\javacpp-1.5.7-windows-x86_64.jar\org\bytedeco\javacpp\windows-x86_64\api-ms-win-core-datetime-l1-1-0.dll
0x0000023a7f590000 - 0x0000023a7f594000 	C:\Users\37756\.javacpp\cache\javacpp-1.5.7-windows-x86_64.jar\org\bytedeco\javacpp\windows-x86_64\api-ms-win-core-localization-l1-2-0.dll
0x0000023a7f5a0000 - 0x0000023a7f5a4000 	C:\Users\37756\.javacpp\cache\javacpp-1.5.7-windows-x86_64.jar\org\bytedeco\javacpp\windows-x86_64\api-ms-win-core-sysinfo-l1-1-0.dll
0x0000023a7f5b0000 - 0x0000023a7f5b4000 	C:\Users\37756\.javacpp\cache\javacpp-1.5.7-windows-x86_64.jar\org\bytedeco\javacpp\windows-x86_64\api-ms-win-core-synch-l1-2-0.dll
0x0000023a7f5c0000 - 0x0000023a7f5c4000 	C:\Users\37756\.javacpp\cache\javacpp-1.5.7-windows-x86_64.jar\org\bytedeco\javacpp\windows-x86_64\api-ms-win-core-console-l1-1-0.dll
0x0000023a7f5d0000 - 0x0000023a7f5d4000 	C:\Users\37756\.javacpp\cache\javacpp-1.5.7-windows-x86_64.jar\org\bytedeco\javacpp\windows-x86_64\api-ms-win-core-debug-l1-1-0.dll
0x0000023a7f5e0000 - 0x0000023a7f5e4000 	C:\Users\37756\.javacpp\cache\javacpp-1.5.7-windows-x86_64.jar\org\bytedeco\javacpp\windows-x86_64\api-ms-win-core-rtlsupport-l1-1-0.dll
0x0000023a7f5f0000 - 0x0000023a7f5f4000 	C:\Users\37756\.javacpp\cache\javacpp-1.5.7-windows-x86_64.jar\org\bytedeco\javacpp\windows-x86_64\api-ms-win-core-processthreads-l1-1-1.dll
0x0000023a7f600000 - 0x0000023a7f604000 	C:\Users\37756\.javacpp\cache\javacpp-1.5.7-windows-x86_64.jar\org\bytedeco\javacpp\windows-x86_64\api-ms-win-core-file-l1-2-0.dll
0x0000023a7f610000 - 0x0000023a7f614000 	C:\Users\37756\.javacpp\cache\javacpp-1.5.7-windows-x86_64.jar\org\bytedeco\javacpp\windows-x86_64\api-ms-win-core-profile-l1-1-0.dll
0x0000023a7f620000 - 0x0000023a7f624000 	C:\Users\37756\.javacpp\cache\javacpp-1.5.7-windows-x86_64.jar\org\bytedeco\javacpp\windows-x86_64\api-ms-win-core-memory-l1-1-0.dll
0x0000023a7f630000 - 0x0000023a7f634000 	C:\Users\37756\.javacpp\cache\javacpp-1.5.7-windows-x86_64.jar\org\bytedeco\javacpp\windows-x86_64\api-ms-win-core-util-l1-1-0.dll
0x0000023a7f640000 - 0x0000023a7f644000 	C:\Users\37756\.javacpp\cache\javacpp-1.5.7-windows-x86_64.jar\org\bytedeco\javacpp\windows-x86_64\api-ms-win-core-interlocked-l1-1-0.dll
0x00007ff9394a0000 - 0x00007ff9395b1000 	C:\Users\37756\.javacpp\cache\javacpp-1.5.7-windows-x86_64.jar\org\bytedeco\javacpp\windows-x86_64\ucrtbase.dll
0x00007ff9697a0000 - 0x00007ff9697bb000 	C:\Users\37756\.javacpp\cache\javacpp-1.5.7-windows-x86_64.jar\org\bytedeco\javacpp\windows-x86_64\vcruntime140.dll
0x00007ff987c00000 - 0x00007ff987c0c000 	C:\Users\37756\.javacpp\cache\javacpp-1.5.7-windows-x86_64.jar\org\bytedeco\javacpp\windows-x86_64\vcruntime140_1.dll
0x00007ff964030000 - 0x00007ff9640bd000 	C:\Users\37756\.javacpp\cache\javacpp-1.5.7-windows-x86_64.jar\org\bytedeco\javacpp\windows-x86_64\msvcp140.dll
0x00007ff983a60000 - 0x00007ff983a69000 	C:\Users\37756\.javacpp\cache\javacpp-1.5.7-windows-x86_64.jar\org\bytedeco\javacpp\windows-x86_64\msvcp140_1.dll
0x00007ff9676e0000 - 0x00007ff96772e000 	C:\Users\37756\.javacpp\cache\javacpp-1.5.7-windows-x86_64.jar\org\bytedeco\javacpp\windows-x86_64\concrt140.dll
0x00007ff967480000 - 0x00007ff9674b1000 	C:\Users\37756\.javacpp\cache\javacpp-1.5.7-windows-x86_64.jar\org\bytedeco\javacpp\windows-x86_64\vcomp140.dll
0x00007ff983920000 - 0x00007ff98392e000 	C:\Users\37756\.javacpp\cache\javacpp-1.5.7-windows-x86_64.jar\org\bytedeco\javacpp\windows-x86_64\jnijavacpp.dll
0x00007ff90ac50000 - 0x00007ff90f2ed000 	C:\Users\37756\.javacpp\cache\llvm-13.0.1-1.5.7-windows-x86_64.jar\org\bytedeco\llvm\windows-x86_64\LTO.dll
0x00007ff967150000 - 0x00007ff96718b000 	C:\Users\37756\.javacpp\cache\llvm-13.0.1-1.5.7-windows-x86_64.jar\org\bytedeco\llvm\windows-x86_64\Remarks.dll
0x00007ff906400000 - 0x00007ff90ac50000 	C:\Users\37756\.javacpp\cache\llvm-13.0.1-1.5.7-windows-x86_64.jar\org\bytedeco\llvm\windows-x86_64\jniLLVM.dll
0x00007ff9a2f60000 - 0x00007ff9a308a000 	C:\WINDOWS\System32\ole32.dll

dbghelp: loaded successfully - version: 4.0.5 - missing functions: none
symbol engine: initialized successfully - sym options: 0x614 - pdb path: .;C:\Program Files\AdoptOpenJDK\jdk-15.0.2.7-hotspot\bin;C:\WINDOWS\SYSTEM32;C:\WINDOWS\WinSxS\amd64_microsoft.windows.common-controls_6595b64144ccf1df_6.0.19041.1110_none_60b5254171f9507e;C:\Program Files\AdoptOpenJDK\jdk-15.0.2.7-hotspot\bin\server;C:\Program Files\JetBrains\IntelliJ IDEA 2022.3\bin;C:\Users\37756\.javacpp\cache\javacpp-1.5.7-windows-x86_64.jar\org\bytedeco\javacpp\windows-x86_64;C:\Users\37756\.javacpp\cache\llvm-13.0.1-1.5.7-windows-x86_64.jar\org\bytedeco\llvm\windows-x86_64

VM Arguments:
jvm_args: -javaagent:C:\Program Files\JetBrains\IntelliJ IDEA 2022.3\lib\idea_rt.jar=8203:C:\Program Files\JetBrains\IntelliJ IDEA 2022.3\bin -Dfile.encoding=UTF-8 
java_command: Main tests/global-and-if-test1.sysy tests/global-and-if-test1.out
java_class_path (initial): C:\Users\37756\Documents\NJU\2022Fall\Compilers\Lab\target\classes;C:\Users\37756\.m2\repository\org\bytedeco\llvm-platform\13.0.1-1.5.7\llvm-platform-13.0.1-1.5.7.jar;C:\Users\37756\.m2\repository\org\bytedeco\javacpp-platform\1.5.7\javacpp-platform-1.5.7.jar;C:\Users\37756\.m2\repository\org\bytedeco\javacpp\1.5.7\javacpp-1.5.7.jar;C:\Users\37756\.m2\repository\org\bytedeco\javacpp\1.5.7\javacpp-1.5.7-android-arm.jar;C:\Users\37756\.m2\repository\org\bytedeco\javacpp\1.5.7\javacpp-1.5.7-android-arm64.jar;C:\Users\37756\.m2\repository\org\bytedeco\javacpp\1.5.7\javacpp-1.5.7-android-x86.jar;C:\Users\37756\.m2\repository\org\bytedeco\javacpp\1.5.7\javacpp-1.5.7-android-x86_64.jar;C:\Users\37756\.m2\repository\org\bytedeco\javacpp\1.5.7\javacpp-1.5.7-ios-arm64.jar;C:\Users\37756\.m2\repository\org\bytedeco\javacpp\1.5.7\javacpp-1.5.7-ios-x86_64.jar;C:\Users\37756\.m2\repository\org\bytedeco\javacpp\1.5.7\javacpp-1.5.7-linux-armhf.jar;C:\Users\37756\.m2\repository\org\bytedeco\javacpp\1.5.7\javacpp-1.5.7-linux-arm64.jar;C:\Users\37756\.m2\repository\org\bytedeco\javacpp\1.5.7\javacpp-1.5.7-linux-ppc64le.jar;C:\Users\37756\.m2\repository\org\bytedeco\javacpp\1.5.7\javacpp-1.5.7-linux-x86.jar;C:\Users\37756\.m2\repository\org\bytedeco\javacpp\1.5.7\javacpp-1.5.7-linux-x86_64.jar;C:\Users\37756\.m2\repository\org\bytedeco\javacpp\1.5.7\javacpp-1.5.7-macosx-arm64.jar;C:\Users\37756\.m2\repository\org\bytedeco\javacpp\1.5.7\javacpp-1.5.7-macosx-x86_64.jar;C:\Users\37756\.m2\repository\org\bytedeco\javacpp\1.5.7\javacpp-1.5.7-windows-x86.jar;C:\Users\37756\.m2\repository\org\bytedeco\javacpp\1.5.7\javacpp-1.5.7-windows-x86_64.jar;C:\Users\37756\.m2\repository\org\bytedeco\llvm\13.0.1-1.5.7\llvm-13.0.1-1.5.7.jar;C:\Users\37756\.m2\repository\org\bytedeco\llvm\13.0.1-1.5.7\llvm-13.0.1-1.5.7-linux-x86.jar;C:\Users\37756\.m2\repository\org\bytedeco\llvm\13.0.1-1.5.7\llvm-13.0.1-1.5.7-linux-x86_64.jar;C:\Users\37756\.m2\repository\org\bytedeco\llvm\1
Launcher Type: SUN_STANDARD

[Global flags]
     intx CICompilerCount                          = 4                                         {product} {ergonomic}
     uint ConcGCThreads                            = 2                                         {product} {ergonomic}
     uint G1ConcRefinementThreads                  = 8                                         {product} {ergonomic}
   size_t G1HeapRegionSize                         = 2097152                                   {product} {ergonomic}
    uintx GCDrainStackTargetSize                   = 64                                        {product} {ergonomic}
   size_t InitialHeapSize                          = 266338304                                 {product} {ergonomic}
   size_t MarkStackSize                            = 4194304                                   {product} {ergonomic}
   size_t MaxHeapSize                              = 4244635648                                {product} {ergonomic}
   size_t MaxNewSize                               = 2545942528                                {product} {ergonomic}
   size_t MinHeapDeltaBytes                        = 2097152                                   {product} {ergonomic}
   size_t MinHeapSize                              = 8388608                                   {product} {ergonomic}
    uintx NonNMethodCodeHeapSize                   = 5839372                                {pd product} {ergonomic}
    uintx NonProfiledCodeHeapSize                  = 122909434                              {pd product} {ergonomic}
    uintx ProfiledCodeHeapSize                     = 122909434                              {pd product} {ergonomic}
    uintx ReservedCodeCacheSize                    = 251658240                              {pd product} {ergonomic}
     bool SegmentedCodeCache                       = true                                      {product} {ergonomic}
   size_t SoftMaxHeapSize                          = 4244635648                             {manageable} {ergonomic}
     bool UseCompressedClassPointers               = true                                 {lp64_product} {ergonomic}
     bool UseCompressedOops                        = true                                 {lp64_product} {ergonomic}
     bool UseG1GC                                  = true                                      {product} {ergonomic}
     bool UseLargePagesIndividualAllocation        = false                                  {pd product} {ergonomic}

Logging:
Log output configuration:
 #0: stdout all=warning uptime,level,tags
 #1: stderr all=off uptime,level,tags

Environment Variables:
CLASSPATH=.;C:Program Files(x86)\scala\bin;C:Program Files(x86)\scala\lib\dt.jar;C:Program Files(x86)\scala\lib\tools.jar.;
PATH=C:\Program Files (x86)\VMware\VMware Workstation\bin\;C:\ProgramData\Anaconda3;C:\ProgramData\Anaconda3\Library\mingw-w64\bin;C:\ProgramData\Anaconda3\Library\usr\bin;C:\ProgramData\Anaconda3\Library\bin;C:\ProgramData\Anaconda3\Scripts;C:\Program Files\AdoptOpenJDK\jdk-15.0.2.7-hotspot\bin;C:\WINDOWS\system32;C:\WINDOWS;C:\WINDOWS\System32\Wbem;C:\WINDOWS\System32\WindowsPowerShell\v1.0\;C:\WINDOWS\System32\OpenSSH\;C:\Program Files\dotnet\;C:\Program Files\Microsoft SQL Server\130\Tools\Binn\;C:\Program Files\Microsoft SQL Server\Client SDK\ODBC\170\Tools\Binn\;C:\Program Files (x86)\Dev-Cpp\MinGW64\bin;C:\Program Files\Git\cmd;C:\Program Files\PuTTY\;C:\Program Files\Graphviz\bin;C:\Program Files (x86)\Tencent\微信web开发者工具\dll;C:\Program Files\nodejs\;C:\Web\mysql-8.0.28-winx64\bin;"C:Program Files(x86)\scala\bin;C:Program Files(x86)\scala\jre\bin;";C:\Program Files\NASM;C:\Users\37756\AppData\Local\Microsoft\WindowsApps;C:\Program Files\JetBrains\PyCharm Community Edition 2020.3.3\bin;C:\Users\37756\.dotnet\tools;C:\Users\37756\AppData\Local\Programs\Microsoft VS Code\bin;C:\Program Files\JetBrains\IntelliJ IDEA Community Edition 2020.3.2\bin;C:\texlive\2020\bin\win32;C:\Program Files\JetBrains\CLion 2021.2\bin;C:\Program Files\JetBrains\PyCharm 2021.1.3\bin;C:\Program Files\JetBrains\IntelliJ IDEA 2021.1.3\bin;C:\Users\37756\AppData\Roaming\npm;C:\Program Files\JetBrains\DataGrip 2021.3.4\bin;C:\Program Files\JetBrains\WebStorm 2022.1\bin;C:\Users\37756\AppData\Local\Coursier\data\bin;C:\Program Files\NASM;;C:\Program Files\JetBrains\IntelliJ IDEA 2022.3\bin;;C:\Program Files\JetBrains\CLion 2022.3.1\bin;;C:\Program Files\JetBrains\WebStorm 2022.3.1\bin;;C:\Program Files\JetBrains\IntelliJ IDEA Community Edition 2022.3.1\bin;
USERNAME=37756
OS=Windows_NT
PROCESSOR_IDENTIFIER=Intel64 Family 6 Model 142 Stepping 12, GenuineIntel



---------------  S Y S T E M  ---------------

OS:
 Windows 10 , 64 bit Build 19041 (10.0.19041.2364)
OS uptime: 2 days 7:26 hours

CPU: total 8 (initial active 8) (4 cores per cpu, 2 threads per core) family 6 model 142 stepping 12 microcode 0xf4, cmov, cx8, fxsr, mmx, sse, sse2, sse3, ssse3, sse4.1, sse4.2, popcnt, vzeroupper, avx, avx2, aes, clmul, erms, 3dnowpref, lzcnt, ht, tsc, tscinvbit, bmi1, bmi2, adx, fma, clflush, clflushopt

Memory: 4k page, system-wide physical 16190M (5899M free)
TotalPageFile size 21054M (AvailPageFile size 6286M)
current process WorkingSet (physical memory assigned to process): 105M, peak: 105M
current process commit charge ("private bytes"): 380M, peak: 381M

vm_info: OpenJDK 64-Bit Server VM (15.0.2+7) for windows-amd64 JRE (15.0.2+7), built on Jan 21 2021 05:54:57 by "" with MS VC++ 15.9 (VS2017)

END.
