#
# A fatal error has been detected by the Java Runtime Environment:
#
#  EXCEPTION_ACCESS_VIOLATION (0xc0000005) at pc=0x00007ff94392f53d, pid=13988, tid=10368
#
# JRE version: OpenJDK Runtime Environment AdoptOpenJDK (15.0.2+7) (build 15.0.2+7)
# Java VM: OpenJDK 64-Bit Server VM AdoptOpenJDK (15.0.2+7, mixed mode, sharing, tiered, compressed oops, g1 gc, windows-amd64)
# Problematic frame:
# C  [jniLLVM.dll+0xeff53d]
#
# No core dump will be written. Minidumps are not enabled by default on client versions of Windows
#
# If you would like to submit a bug report, please visit:
#   https://github.com/AdoptOpenJDK/openjdk-support/issues
# The crash happened outside the Java Virtual Machine in native code.
# See problematic frame for where to report the bug.
#

---------------  S U M M A R Y ------------

Command Line: -javaagent:C:\Program Files\JetBrains\IntelliJ IDEA 2022.3\lib\idea_rt.jar=1430:C:\Program Files\JetBrains\IntelliJ IDEA 2022.3\bin -Dfile.encoding=UTF-8 Main tests/global-and-if-test2.sysy tests/global-and-if-test2.out

Host: Intel(R) Core(TM) i7-8565U CPU @ 1.80GHz, 8 cores, 15G,  Windows 10 , 64 bit Build 19041 (10.0.19041.2364)
Time: Fri Jan  6 12:07:51 2023 中国标准时间 elapsed time: 1.308359 seconds (0d 0h 0m 1s)

---------------  T H R E A D  ---------------

Current thread (0x000001ebcc772960):  JavaThread "main" [_thread_in_native, id=10368, stack(0x0000000543b00000,0x0000000543c00000)]

Stack: [0x0000000543b00000,0x0000000543c00000],  sp=0x0000000543bfea68,  free space=1018k
Native frames: (J=compiled Java code, j=interpreted, Vv=VM code, C=native code)
C  [jniLLVM.dll+0xeff53d]

Java frames: (J=compiled Java code, j=interpreted, Vv=VM code)
j  org.bytedeco.llvm.global.LLVM.LLVMSetInitializer(Lorg/bytedeco/llvm/LLVM/LLVMValueRef;Lorg/bytedeco/llvm/LLVM/LLVMValueRef;)V+0
j  LLVMIRVisitor.visitVarDecl(LSysYParser$VarDeclContext;)Lorg/bytedeco/llvm/LLVM/LLVMValueRef;+140
j  LLVMIRVisitor.visitVarDecl(LSysYParser$VarDeclContext;)Ljava/lang/Object;+2
j  SysYParser$VarDeclContext.accept(Lorg/antlr/v4/runtime/tree/ParseTreeVisitor;)Ljava/lang/Object;+12
j  org.antlr.v4.runtime.tree.AbstractParseTreeVisitor.visitChildren(Lorg/antlr/v4/runtime/tree/RuleNode;)Ljava/lang/Object;+46
j  SysYParserBaseVisitor.visitDecl(LSysYParser$DeclContext;)Ljava/lang/Object;+2
j  SysYParser$DeclContext.accept(Lorg/antlr/v4/runtime/tree/ParseTreeVisitor;)Ljava/lang/Object;+12
j  org.antlr.v4.runtime.tree.AbstractParseTreeVisitor.visitChildren(Lorg/antlr/v4/runtime/tree/RuleNode;)Ljava/lang/Object;+46
j  SysYParserBaseVisitor.visitCompUnit(LSysYParser$CompUnitContext;)Ljava/lang/Object;+2
j  SysYParser$CompUnitContext.accept(Lorg/antlr/v4/runtime/tree/ParseTreeVisitor;)Ljava/lang/Object;+12
j  org.antlr.v4.runtime.tree.AbstractParseTreeVisitor.visitChildren(Lorg/antlr/v4/runtime/tree/RuleNode;)Ljava/lang/Object;+46
j  SysYParserBaseVisitor.visitProgram(LSysYParser$ProgramContext;)Ljava/lang/Object;+2
j  LLVMIRVisitor.visitProgram(LSysYParser$ProgramContext;)Lorg/bytedeco/llvm/LLVM/LLVMValueRef;+19
j  LLVMIRVisitor.visitProgram(LSysYParser$ProgramContext;)Ljava/lang/Object;+2
j  SysYParser$ProgramContext.accept(Lorg/antlr/v4/runtime/tree/ParseTreeVisitor;)Ljava/lang/Object;+12
j  org.antlr.v4.runtime.tree.AbstractParseTreeVisitor.visit(Lorg/antlr/v4/runtime/tree/ParseTree;)Ljava/lang/Object;+2
j  Main.main([Ljava/lang/String;)V+54
v  ~StubRoutines::call_stub

siginfo: EXCEPTION_ACCESS_VIOLATION (0xc0000005), reading address 0x0000000000000010


Register to memory mapping:

RIP=0x00007ff94392f53d jniLLVM.dll
RAX=0x0 is NULL
RBX={method} {0x000001ebf0593f40} 'LLVMSetInitializer' '(Lorg/bytedeco/llvm/LLVM/LLVMValueRef;Lorg/bytedeco/llvm/LLVM/LLVMValueRef;)V' in 'org/bytedeco/llvm/global/LLVM'
RCX=0x0 is NULL
RDX=0x000001ebf1b3d890 points into unknown readable memory: 0x000001ebf21d07a0 | a0 07 1d f2 eb 01 00 00
RSP=0x0000000543bfea68 is pointing into the stack for thread: 0x000001ebcc772960
RBP=0x0000000543bfeaf0 is pointing into the stack for thread: 0x000001ebcc772960
RSI=0x0000000000000003 is an unknown value
RDI=0x000001ebd4c89950 is at code_begin+208 in an Interpreter codelet
invoke return entry points  [0x000001ebd4c89880, 0x000001ebd4c8a280]  2560 bytes
R8 =0x0 is NULL
R9 =0x000001ebf1b3d890 points into unknown readable memory: 0x000001ebf21d07a0 | a0 07 1d f2 eb 01 00 00
R10=0x00007ff95a0880e0 jvm.dll
R11=0x0000000000000002 is an unknown value
R12=0x0 is NULL
R13={method} {0x000001ebf0593f40} 'LLVMSetInitializer' '(Lorg/bytedeco/llvm/LLVM/LLVMValueRef;Lorg/bytedeco/llvm/LLVM/LLVMValueRef;)V' in 'org/bytedeco/llvm/global/LLVM'
R14=0x0000000543bfeb18 is pointing into the stack for thread: 0x000001ebcc772960
R15=0x000001ebcc772960 is a thread


Registers:
RAX=0x0000000000000000, RBX=0x000001ebf0593f38, RCX=0x0000000000000000, RDX=0x000001ebf1b3d890
RSP=0x0000000543bfea68, RBP=0x0000000543bfeaf0, RSI=0x0000000000000003, RDI=0x000001ebd4c89950
R8 =0x0000000000000000, R9 =0x000001ebf1b3d890, R10=0x00007ff95a0880e0, R11=0x0000000000000002
R12=0x0000000000000000, R13=0x000001ebf0593f38, R14=0x0000000543bfeb18, R15=0x000001ebcc772960
RIP=0x00007ff94392f53d, EFLAGS=0x0000000000010206

Top of Stack: (sp=0x0000000543bfea68)
0x0000000543bfea68:   000001ebd4c8f177 000001ebf0593f38
0x0000000543bfea78:   0000000543bfeaf0 0000000000000003
0x0000000543bfea88:   0000000000000003 00000007031a2098
0x0000000543bfea98:   0000000800128648 000001ebd4c8ee16
0x0000000543bfeaa8:   0000000543bfeaa8 000001ebf0593f38
0x0000000543bfeab8:   0000000543bfeb18 000001ebf05d8e80
0x0000000543bfeac8:   0000000000000000 0000000711600098
0x0000000543bfead8:   000001ebf0593f38 0000000000000000
0x0000000543bfeae8:   0000000543bfeb10 0000000543bfeb68
0x0000000543bfeaf8:   000001ebd4c8a1aa 0000000711600098
0x0000000543bfeb08:   000001ebd4c8c218 000000071241c680
0x0000000543bfeb18:   0000000000000000 0000000543bfeb20
0x0000000543bfeb28:   000001ebf056157c 0000000543bfebd8
0x0000000543bfeb38:   000001ebf05716e8 0000000000000000
0x0000000543bfeb48:   0000000711606fc0 000001ebf05617c8
0x0000000543bfeb58:   0000000543bfeb10 0000000543bfebd0 

Instructions: (pc=0x00007ff94392f53d)
0x00007ff94392f43d:   38 48 8b d9 48 8b 49 28 33 ff 48 85 c0 48 0f 44
0x00007ff94392f44d:   df 48 83 c1 08 48 8b d3 e8 c6 5b 04 00 48 85 db
0x00007ff94392f45d:   48 8d 53 38 48 8b 5c 24 30 48 0f 44 d7 48 8b 42
0x00007ff94392f46d:   08 48 8b 0a 48 89 08 48 89 41 08 48 89 3a 48 89
0x00007ff94392f47d:   7a 08 48 83 c4 20 5f c3 cc cc cc cc cc cc cc cc
0x00007ff94392f48d:   cc cc cc 0f b7 c2 66 c1 e8 08 84 c0 74 14 0f b6
0x00007ff94392f49d:   c2 ba e0 ff 00 00 66 21 51 22 66 ff c0 66 09 41
0x00007ff94392f4ad:   22 c3 ba e0 ff 00 00 33 c0 66 21 51 22 66 09 41
0x00007ff94392f4bd:   22 c3 cc 4c 8b ca 4c 8b c1 48 8b c1 48 85 d2 75
0x00007ff94392f4cd:   6f 44 0f b6 49 10 41 80 f9 03 48 0f 45 c2 48 85
0x00007ff94392f4dd:   c0 74 0a 8b 40 14 25 ff ff ff 07 eb 1e 45 84 c9
0x00007ff94392f4ed:   48 0f 45 ca 48 85 c9 74 18 48 8d 41 58 48 3b 00
0x00007ff94392f4fd:   75 0f 0f b6 41 22 c0 e8 06 a8 01 0f 84 c0 00 00
0x00007ff94392f50d:   00 49 39 50 e0 74 1c 49 8b 48 f0 49 8b 40 e8 48
0x00007ff94392f51d:   89 01 49 8b 48 e8 48 85 c9 74 08 49 8b 40 f0 48
0x00007ff94392f52d:   89 41 10 49 89 50 e0 41 81 60 14 00 00 00 f8 c3
0x00007ff94392f53d:   44 0f b6 51 10 33 d2 41 80 fa 03 48 0f 45 c2 48
0x00007ff94392f54d:   85 c0 74 0a 8b 40 14 25 ff ff ff 07 eb 1e 45 84
0x00007ff94392f55d:   d2 48 0f 45 ca 48 85 c9 74 21 48 8d 41 58 48 3b
0x00007ff94392f56d:   00 75 18 0f b6 41 22 c0 e8 06 a8 01 75 0d 41 81
0x00007ff94392f57d:   60 14 01 00 00 f8 41 83 48 14 01 49 83 c0 e0 49
0x00007ff94392f58d:   39 10 74 1c 49 8b 48 10 49 8b 40 08 48 89 01 49
0x00007ff94392f59d:   8b 48 08 48 85 c9 74 08 49 8b 40 10 48 89 41 10
0x00007ff94392f5ad:   49 8d 41 08 4d 89 08 48 8b 08 49 8d 50 08 48 89
0x00007ff94392f5bd:   0a 48 85 c9 74 04 48 89 51 10 49 89 40 10 4c 89
0x00007ff94392f5cd:   00 c3 cc 48 89 5c 24 18 57 48 83 ec 40 8b 41 20
0x00007ff94392f5dd:   48 8b fa c1 e8 0f 48 8b d9 a8 01 75 07 48 83 7a
0x00007ff94392f5ed:   08 00 74 7e 48 89 74 24 58 48 8b 72 08 48 85 f6
0x00007ff94392f5fd:   74 30 0f 10 02 0f 29 44 24 20 e8 74 e1 f7 ff 4c
0x00007ff94392f60d:   8d 44 24 20 48 8d 54 24 30 48 8b 08 48 81 c1 20
0x00007ff94392f61d:   08 00 00 e8 7b 5f df 00 0f 10 00 0f 11 07 48 8b
0x00007ff94392f62d:   77 08 48 8b cb 48 89 5c 24 50 e8 44 e1 f7 ff 48 


Stack slot to memory mapping:
stack at sp + 0 slots: 0x000001ebd4c8f177 is at code_begin+1047 in an Interpreter codelet
method entry point (kind = native)  [0x000001ebd4c8ed60, 0x000001ebd4c8f7e0]  2688 bytes
stack at sp + 1 slots: {method} {0x000001ebf0593f40} 'LLVMSetInitializer' '(Lorg/bytedeco/llvm/LLVM/LLVMValueRef;Lorg/bytedeco/llvm/LLVM/LLVMValueRef;)V' in 'org/bytedeco/llvm/global/LLVM'
stack at sp + 2 slots: 0x0000000543bfeaf0 is pointing into the stack for thread: 0x000001ebcc772960
stack at sp + 3 slots: 0x0000000000000003 is an unknown value
stack at sp + 4 slots: 0x0000000000000003 is an unknown value
stack at sp + 5 slots: 0x00000007031a2098 is an oop: java.lang.Class 
{0x00000007031a2098} - klass: 'java/lang/Class'
stack at sp + 6 slots: {method} {0x0000000800128650} 'emptyIterator' '()Ljava/util/Iterator;' in 'java/util/Collections'
stack at sp + 7 slots: 0x000001ebd4c8ee16 is at code_begin+182 in an Interpreter codelet
method entry point (kind = native)  [0x000001ebd4c8ed60, 0x000001ebd4c8f7e0]  2688 bytes


---------------  P R O C E S S  ---------------

Threads class SMR info:
_java_thread_list=0x000001ebf1417170, length=14, elements={
0x000001ebcc772960, 0x000001ebf006a0f0, 0x000001ebf006b460, 0x000001ebf088c180,
0x000001ebf088ca40, 0x000001ebf088fca0, 0x000001ebf0897620, 0x000001ebf089bd60,
0x000001ebf08afe60, 0x000001ebf09abd70, 0x000001ebf09cffa0, 0x000001ebf0a59be0,
0x000001ebf0a5a0b0, 0x000001ebf14182b0
}

Java Threads: ( => current thread )
=>0x000001ebcc772960 JavaThread "main" [_thread_in_native, id=10368, stack(0x0000000543b00000,0x0000000543c00000)]
  0x000001ebf006a0f0 JavaThread "Reference Handler" daemon [_thread_blocked, id=6060, stack(0x0000000544200000,0x0000000544300000)]
  0x000001ebf006b460 JavaThread "Finalizer" daemon [_thread_blocked, id=10628, stack(0x0000000544300000,0x0000000544400000)]
  0x000001ebf088c180 JavaThread "Signal Dispatcher" daemon [_thread_blocked, id=12660, stack(0x0000000544400000,0x0000000544500000)]
  0x000001ebf088ca40 JavaThread "Attach Listener" daemon [_thread_blocked, id=1988, stack(0x0000000544500000,0x0000000544600000)]
  0x000001ebf088fca0 JavaThread "Service Thread" daemon [_thread_blocked, id=8624, stack(0x0000000544600000,0x0000000544700000)]
  0x000001ebf0897620 JavaThread "C2 CompilerThread0" daemon [_thread_blocked, id=9304, stack(0x0000000544700000,0x0000000544800000)]
  0x000001ebf089bd60 JavaThread "C1 CompilerThread0" daemon [_thread_blocked, id=10280, stack(0x0000000544800000,0x0000000544900000)]
  0x000001ebf08afe60 JavaThread "Sweeper thread" daemon [_thread_blocked, id=7672, stack(0x0000000544900000,0x0000000544a00000)]
  0x000001ebf09abd70 JavaThread "Common-Cleaner" daemon [_thread_blocked, id=4356, stack(0x0000000544a00000,0x0000000544b00000)]
  0x000001ebf09cffa0 JavaThread "C2 CompilerThread1" daemon [_thread_blocked, id=2508, stack(0x0000000544b00000,0x0000000544c00000)]
  0x000001ebf0a59be0 JavaThread "Monitor Ctrl-Break" daemon [_thread_in_native, id=12904, stack(0x0000000544c00000,0x0000000544d00000)]
  0x000001ebf0a5a0b0 JavaThread "Notification Thread" daemon [_thread_blocked, id=8248, stack(0x0000000544d00000,0x0000000544e00000)]
  0x000001ebf14182b0 JavaThread "JavaCPP Deallocator" daemon [_thread_blocked, id=12272, stack(0x0000000545400000,0x0000000545500000)]

Other Threads:
  0x000001ebf0065ca0 VMThread "VM Thread" [stack: 0x0000000544100000,0x0000000544200000] [id=7360]
  0x000001ebf0abfac0 WatcherThread [stack: 0x0000000544e00000,0x0000000544f00000] [id=8788]
  0x000001ebcc7c05a0 GCTaskThread "GC Thread#0" [stack: 0x0000000543c00000,0x0000000543d00000] [id=5828]
  0x000001ebf09f8970 GCTaskThread "GC Thread#1" [stack: 0x0000000544f00000,0x0000000545000000] [id=12008]
  0x000001ebf09f8ca0 GCTaskThread "GC Thread#2" [stack: 0x0000000545000000,0x0000000545100000] [id=2684]
  0x000001ebf12e5c50 GCTaskThread "GC Thread#3" [stack: 0x0000000545100000,0x0000000545200000] [id=5224]
  0x000001ebf12e4c60 GCTaskThread "GC Thread#4" [stack: 0x0000000545200000,0x0000000545300000] [id=6664]
  0x000001ebf12e55f0 GCTaskThread "GC Thread#5" [stack: 0x0000000545300000,0x0000000545400000] [id=14500]
  0x000001ebcc7d3490 ConcurrentGCThread "G1 Main Marker" [stack: 0x0000000543d00000,0x0000000543e00000] [id=13428]
  0x000001ebcc7d4080 ConcurrentGCThread "G1 Conc#0" [stack: 0x0000000543e00000,0x0000000543f00000] [id=13308]
  0x000001ebefee30d0 ConcurrentGCThread "G1 Refine#0" [stack: 0x0000000543f00000,0x0000000544000000] [id=3264]
  0x000001ebcc84b450 ConcurrentGCThread "G1 Young RemSet Sampling" [stack: 0x0000000544000000,0x0000000544100000] [id=14960]

Threads with active compile tasks:

VM state: not at safepoint (normal execution)

VM Mutex/Monitor currently owned by a thread: None

Heap address: 0x0000000703000000, size: 4048 MB, Compressed Oops mode: Zero based, Oop shift amount: 3
CDS archive(s) mapped at: [0x0000000800000000-0x0000000800b50000-0x0000000800b50000), size 11862016, SharedBaseAddress: 0x0000000800000000, ArchiveRelocationMode: 0.
Compressed class space mapped at: 0x0000000800b50000-0x0000000840b50000, size: 1073741824
Narrow klass base: 0x0000000800000000, Narrow klass shift: 3, Narrow klass range: 0x100000000

GC Precious Log:
 CPUs: 8 total, 8 available
 Memory: 16190M
 Large Page Support: Disabled
 NUMA Support: Disabled
 Compressed Oops: Enabled (Zero based)
 Heap Region Size: 2M
 Heap Min Capacity: 8M
 Heap Initial Capacity: 254M
 Heap Max Capacity: 4048M
 Pre-touch: Disabled
 Parallel Workers: 8
 Concurrent Workers: 2
 Concurrent Refinement Workers: 8
 Periodic GC: Disabled

Heap:
 garbage-first heap   total 260096K, used 14190K [0x0000000703000000, 0x0000000800000000)
  region size 2048K, 7 young (14336K), 2 survivors (4096K)
 Metaspace       used 4355K, capacity 6589K, committed 6912K, reserved 1056768K
  class space    used 449K, capacity 659K, committed 768K, reserved 1048576K

Heap Regions: E=young(eden), S=young(survivor), O=old, HS=humongous(starts), HC=humongous(continues), CS=collection set, F=free, OA=open archive, CA=closed archive, TAMS=top-at-mark-start (previous, next)
|   0|0x0000000703000000, 0x00000007031db800, 0x0000000703200000| 92%| O|  |TAMS 0x0000000703000000, 0x0000000703000000| Untracked 
|   1|0x0000000703200000, 0x0000000703200000, 0x0000000703400000|  0%| F|  |TAMS 0x0000000703200000, 0x0000000703200000| Untracked 
|   2|0x0000000703400000, 0x0000000703400000, 0x0000000703600000|  0%| F|  |TAMS 0x0000000703400000, 0x0000000703400000| Untracked 
|   3|0x0000000703600000, 0x0000000703600000, 0x0000000703800000|  0%| F|  |TAMS 0x0000000703600000, 0x0000000703600000| Untracked 
|   4|0x0000000703800000, 0x0000000703800000, 0x0000000703a00000|  0%| F|  |TAMS 0x0000000703800000, 0x0000000703800000| Untracked 
|   5|0x0000000703a00000, 0x0000000703a00000, 0x0000000703c00000|  0%| F|  |TAMS 0x0000000703a00000, 0x0000000703a00000| Untracked 
|   6|0x0000000703c00000, 0x0000000703c00000, 0x0000000703e00000|  0%| F|  |TAMS 0x0000000703c00000, 0x0000000703c00000| Untracked 
|   7|0x0000000703e00000, 0x0000000703e00000, 0x0000000704000000|  0%| F|  |TAMS 0x0000000703e00000, 0x0000000703e00000| Untracked 
|   8|0x0000000704000000, 0x0000000704000000, 0x0000000704200000|  0%| F|  |TAMS 0x0000000704000000, 0x0000000704000000| Untracked 
|   9|0x0000000704200000, 0x0000000704200000, 0x0000000704400000|  0%| F|  |TAMS 0x0000000704200000, 0x0000000704200000| Untracked 
|  10|0x0000000704400000, 0x0000000704400000, 0x0000000704600000|  0%| F|  |TAMS 0x0000000704400000, 0x0000000704400000| Untracked 
|  11|0x0000000704600000, 0x0000000704600000, 0x0000000704800000|  0%| F|  |TAMS 0x0000000704600000, 0x0000000704600000| Untracked 
|  12|0x0000000704800000, 0x0000000704800000, 0x0000000704a00000|  0%| F|  |TAMS 0x0000000704800000, 0x0000000704800000| Untracked 
|  13|0x0000000704a00000, 0x0000000704a00000, 0x0000000704c00000|  0%| F|  |TAMS 0x0000000704a00000, 0x0000000704a00000| Untracked 
|  14|0x0000000704c00000, 0x0000000704c00000, 0x0000000704e00000|  0%| F|  |TAMS 0x0000000704c00000, 0x0000000704c00000| Untracked 
|  15|0x0000000704e00000, 0x0000000704e00000, 0x0000000705000000|  0%| F|  |TAMS 0x0000000704e00000, 0x0000000704e00000| Untracked 
|  16|0x0000000705000000, 0x0000000705000000, 0x0000000705200000|  0%| F|  |TAMS 0x0000000705000000, 0x0000000705000000| Untracked 
|  17|0x0000000705200000, 0x0000000705200000, 0x0000000705400000|  0%| F|  |TAMS 0x0000000705200000, 0x0000000705200000| Untracked 
|  18|0x0000000705400000, 0x0000000705400000, 0x0000000705600000|  0%| F|  |TAMS 0x0000000705400000, 0x0000000705400000| Untracked 
|  19|0x0000000705600000, 0x0000000705600000, 0x0000000705800000|  0%| F|  |TAMS 0x0000000705600000, 0x0000000705600000| Untracked 
|  20|0x0000000705800000, 0x0000000705800000, 0x0000000705a00000|  0%| F|  |TAMS 0x0000000705800000, 0x0000000705800000| Untracked 
|  21|0x0000000705a00000, 0x0000000705a00000, 0x0000000705c00000|  0%| F|  |TAMS 0x0000000705a00000, 0x0000000705a00000| Untracked 
|  22|0x0000000705c00000, 0x0000000705c00000, 0x0000000705e00000|  0%| F|  |TAMS 0x0000000705c00000, 0x0000000705c00000| Untracked 
|  23|0x0000000705e00000, 0x0000000705e00000, 0x0000000706000000|  0%| F|  |TAMS 0x0000000705e00000, 0x0000000705e00000| Untracked 
|  24|0x0000000706000000, 0x0000000706000000, 0x0000000706200000|  0%| F|  |TAMS 0x0000000706000000, 0x0000000706000000| Untracked 
|  25|0x0000000706200000, 0x0000000706200000, 0x0000000706400000|  0%| F|  |TAMS 0x0000000706200000, 0x0000000706200000| Untracked 
|  26|0x0000000706400000, 0x0000000706400000, 0x0000000706600000|  0%| F|  |TAMS 0x0000000706400000, 0x0000000706400000| Untracked 
|  27|0x0000000706600000, 0x0000000706600000, 0x0000000706800000|  0%| F|  |TAMS 0x0000000706600000, 0x0000000706600000| Untracked 
|  28|0x0000000706800000, 0x0000000706800000, 0x0000000706a00000|  0%| F|  |TAMS 0x0000000706800000, 0x0000000706800000| Untracked 
|  29|0x0000000706a00000, 0x0000000706a00000, 0x0000000706c00000|  0%| F|  |TAMS 0x0000000706a00000, 0x0000000706a00000| Untracked 
|  30|0x0000000706c00000, 0x0000000706c00000, 0x0000000706e00000|  0%| F|  |TAMS 0x0000000706c00000, 0x0000000706c00000| Untracked 
|  31|0x0000000706e00000, 0x0000000706e00000, 0x0000000707000000|  0%| F|  |TAMS 0x0000000706e00000, 0x0000000706e00000| Untracked 
|  32|0x0000000707000000, 0x0000000707000000, 0x0000000707200000|  0%| F|  |TAMS 0x0000000707000000, 0x0000000707000000| Untracked 
|  33|0x0000000707200000, 0x0000000707200000, 0x0000000707400000|  0%| F|  |TAMS 0x0000000707200000, 0x0000000707200000| Untracked 
|  34|0x0000000707400000, 0x0000000707400000, 0x0000000707600000|  0%| F|  |TAMS 0x0000000707400000, 0x0000000707400000| Untracked 
|  35|0x0000000707600000, 0x0000000707600000, 0x0000000707800000|  0%| F|  |TAMS 0x0000000707600000, 0x0000000707600000| Untracked 
|  36|0x0000000707800000, 0x0000000707800000, 0x0000000707a00000|  0%| F|  |TAMS 0x0000000707800000, 0x0000000707800000| Untracked 
|  37|0x0000000707a00000, 0x0000000707a00000, 0x0000000707c00000|  0%| F|  |TAMS 0x0000000707a00000, 0x0000000707a00000| Untracked 
|  38|0x0000000707c00000, 0x0000000707c00000, 0x0000000707e00000|  0%| F|  |TAMS 0x0000000707c00000, 0x0000000707c00000| Untracked 
|  39|0x0000000707e00000, 0x0000000707e00000, 0x0000000708000000|  0%| F|  |TAMS 0x0000000707e00000, 0x0000000707e00000| Untracked 
|  40|0x0000000708000000, 0x0000000708000000, 0x0000000708200000|  0%| F|  |TAMS 0x0000000708000000, 0x0000000708000000| Untracked 
|  41|0x0000000708200000, 0x0000000708200000, 0x0000000708400000|  0%| F|  |TAMS 0x0000000708200000, 0x0000000708200000| Untracked 
|  42|0x0000000708400000, 0x0000000708400000, 0x0000000708600000|  0%| F|  |TAMS 0x0000000708400000, 0x0000000708400000| Untracked 
|  43|0x0000000708600000, 0x0000000708600000, 0x0000000708800000|  0%| F|  |TAMS 0x0000000708600000, 0x0000000708600000| Untracked 
|  44|0x0000000708800000, 0x0000000708800000, 0x0000000708a00000|  0%| F|  |TAMS 0x0000000708800000, 0x0000000708800000| Untracked 
|  45|0x0000000708a00000, 0x0000000708a00000, 0x0000000708c00000|  0%| F|  |TAMS 0x0000000708a00000, 0x0000000708a00000| Untracked 
|  46|0x0000000708c00000, 0x0000000708c00000, 0x0000000708e00000|  0%| F|  |TAMS 0x0000000708c00000, 0x0000000708c00000| Untracked 
|  47|0x0000000708e00000, 0x0000000708e00000, 0x0000000709000000|  0%| F|  |TAMS 0x0000000708e00000, 0x0000000708e00000| Untracked 
|  48|0x0000000709000000, 0x0000000709000000, 0x0000000709200000|  0%| F|  |TAMS 0x0000000709000000, 0x0000000709000000| Untracked 
|  49|0x0000000709200000, 0x0000000709200000, 0x0000000709400000|  0%| F|  |TAMS 0x0000000709200000, 0x0000000709200000| Untracked 
|  50|0x0000000709400000, 0x0000000709400000, 0x0000000709600000|  0%| F|  |TAMS 0x0000000709400000, 0x0000000709400000| Untracked 
|  51|0x0000000709600000, 0x0000000709600000, 0x0000000709800000|  0%| F|  |TAMS 0x0000000709600000, 0x0000000709600000| Untracked 
|  52|0x0000000709800000, 0x0000000709800000, 0x0000000709a00000|  0%| F|  |TAMS 0x0000000709800000, 0x0000000709800000| Untracked 
|  53|0x0000000709a00000, 0x0000000709a00000, 0x0000000709c00000|  0%| F|  |TAMS 0x0000000709a00000, 0x0000000709a00000| Untracked 
|  54|0x0000000709c00000, 0x0000000709c00000, 0x0000000709e00000|  0%| F|  |TAMS 0x0000000709c00000, 0x0000000709c00000| Untracked 
|  55|0x0000000709e00000, 0x0000000709e00000, 0x000000070a000000|  0%| F|  |TAMS 0x0000000709e00000, 0x0000000709e00000| Untracked 
|  56|0x000000070a000000, 0x000000070a000000, 0x000000070a200000|  0%| F|  |TAMS 0x000000070a000000, 0x000000070a000000| Untracked 
|  57|0x000000070a200000, 0x000000070a200000, 0x000000070a400000|  0%| F|  |TAMS 0x000000070a200000, 0x000000070a200000| Untracked 
|  58|0x000000070a400000, 0x000000070a400000, 0x000000070a600000|  0%| F|  |TAMS 0x000000070a400000, 0x000000070a400000| Untracked 
|  59|0x000000070a600000, 0x000000070a600000, 0x000000070a800000|  0%| F|  |TAMS 0x000000070a600000, 0x000000070a600000| Untracked 
|  60|0x000000070a800000, 0x000000070a800000, 0x000000070aa00000|  0%| F|  |TAMS 0x000000070a800000, 0x000000070a800000| Untracked 
|  61|0x000000070aa00000, 0x000000070aa00000, 0x000000070ac00000|  0%| F|  |TAMS 0x000000070aa00000, 0x000000070aa00000| Untracked 
|  62|0x000000070ac00000, 0x000000070ac00000, 0x000000070ae00000|  0%| F|  |TAMS 0x000000070ac00000, 0x000000070ac00000| Untracked 
|  63|0x000000070ae00000, 0x000000070ae00000, 0x000000070b000000|  0%| F|  |TAMS 0x000000070ae00000, 0x000000070ae00000| Untracked 
|  64|0x000000070b000000, 0x000000070b000000, 0x000000070b200000|  0%| F|  |TAMS 0x000000070b000000, 0x000000070b000000| Untracked 
|  65|0x000000070b200000, 0x000000070b200000, 0x000000070b400000|  0%| F|  |TAMS 0x000000070b200000, 0x000000070b200000| Untracked 
|  66|0x000000070b400000, 0x000000070b400000, 0x000000070b600000|  0%| F|  |TAMS 0x000000070b400000, 0x000000070b400000| Untracked 
|  67|0x000000070b600000, 0x000000070b600000, 0x000000070b800000|  0%| F|  |TAMS 0x000000070b600000, 0x000000070b600000| Untracked 
|  68|0x000000070b800000, 0x000000070b800000, 0x000000070ba00000|  0%| F|  |TAMS 0x000000070b800000, 0x000000070b800000| Untracked 
|  69|0x000000070ba00000, 0x000000070ba00000, 0x000000070bc00000|  0%| F|  |TAMS 0x000000070ba00000, 0x000000070ba00000| Untracked 
|  70|0x000000070bc00000, 0x000000070bc00000, 0x000000070be00000|  0%| F|  |TAMS 0x000000070bc00000, 0x000000070bc00000| Untracked 
|  71|0x000000070be00000, 0x000000070be00000, 0x000000070c000000|  0%| F|  |TAMS 0x000000070be00000, 0x000000070be00000| Untracked 
|  72|0x000000070c000000, 0x000000070c000000, 0x000000070c200000|  0%| F|  |TAMS 0x000000070c000000, 0x000000070c000000| Untracked 
|  73|0x000000070c200000, 0x000000070c200000, 0x000000070c400000|  0%| F|  |TAMS 0x000000070c200000, 0x000000070c200000| Untracked 
|  74|0x000000070c400000, 0x000000070c400000, 0x000000070c600000|  0%| F|  |TAMS 0x000000070c400000, 0x000000070c400000| Untracked 
|  75|0x000000070c600000, 0x000000070c600000, 0x000000070c800000|  0%| F|  |TAMS 0x000000070c600000, 0x000000070c600000| Untracked 
|  76|0x000000070c800000, 0x000000070c800000, 0x000000070ca00000|  0%| F|  |TAMS 0x000000070c800000, 0x000000070c800000| Untracked 
|  77|0x000000070ca00000, 0x000000070ca00000, 0x000000070cc00000|  0%| F|  |TAMS 0x000000070ca00000, 0x000000070ca00000| Untracked 
|  78|0x000000070cc00000, 0x000000070cc00000, 0x000000070ce00000|  0%| F|  |TAMS 0x000000070cc00000, 0x000000070cc00000| Untracked 
|  79|0x000000070ce00000, 0x000000070ce00000, 0x000000070d000000|  0%| F|  |TAMS 0x000000070ce00000, 0x000000070ce00000| Untracked 
|  80|0x000000070d000000, 0x000000070d000000, 0x000000070d200000|  0%| F|  |TAMS 0x000000070d000000, 0x000000070d000000| Untracked 
|  81|0x000000070d200000, 0x000000070d200000, 0x000000070d400000|  0%| F|  |TAMS 0x000000070d200000, 0x000000070d200000| Untracked 
|  82|0x000000070d400000, 0x000000070d400000, 0x000000070d600000|  0%| F|  |TAMS 0x000000070d400000, 0x000000070d400000| Untracked 
|  83|0x000000070d600000, 0x000000070d600000, 0x000000070d800000|  0%| F|  |TAMS 0x000000070d600000, 0x000000070d600000| Untracked 
|  84|0x000000070d800000, 0x000000070d800000, 0x000000070da00000|  0%| F|  |TAMS 0x000000070d800000, 0x000000070d800000| Untracked 
|  85|0x000000070da00000, 0x000000070da00000, 0x000000070dc00000|  0%| F|  |TAMS 0x000000070da00000, 0x000000070da00000| Untracked 
|  86|0x000000070dc00000, 0x000000070dc00000, 0x000000070de00000|  0%| F|  |TAMS 0x000000070dc00000, 0x000000070dc00000| Untracked 
|  87|0x000000070de00000, 0x000000070de00000, 0x000000070e000000|  0%| F|  |TAMS 0x000000070de00000, 0x000000070de00000| Untracked 
|  88|0x000000070e000000, 0x000000070e000000, 0x000000070e200000|  0%| F|  |TAMS 0x000000070e000000, 0x000000070e000000| Untracked 
|  89|0x000000070e200000, 0x000000070e200000, 0x000000070e400000|  0%| F|  |TAMS 0x000000070e200000, 0x000000070e200000| Untracked 
|  90|0x000000070e400000, 0x000000070e400000, 0x000000070e600000|  0%| F|  |TAMS 0x000000070e400000, 0x000000070e400000| Untracked 
|  91|0x000000070e600000, 0x000000070e600000, 0x000000070e800000|  0%| F|  |TAMS 0x000000070e600000, 0x000000070e600000| Untracked 
|  92|0x000000070e800000, 0x000000070e800000, 0x000000070ea00000|  0%| F|  |TAMS 0x000000070e800000, 0x000000070e800000| Untracked 
|  93|0x000000070ea00000, 0x000000070ea00000, 0x000000070ec00000|  0%| F|  |TAMS 0x000000070ea00000, 0x000000070ea00000| Untracked 
|  94|0x000000070ec00000, 0x000000070ec00000, 0x000000070ee00000|  0%| F|  |TAMS 0x000000070ec00000, 0x000000070ec00000| Untracked 
|  95|0x000000070ee00000, 0x000000070ee00000, 0x000000070f000000|  0%| F|  |TAMS 0x000000070ee00000, 0x000000070ee00000| Untracked 
|  96|0x000000070f000000, 0x000000070f000000, 0x000000070f200000|  0%| F|  |TAMS 0x000000070f000000, 0x000000070f000000| Untracked 
|  97|0x000000070f200000, 0x000000070f200000, 0x000000070f400000|  0%| F|  |TAMS 0x000000070f200000, 0x000000070f200000| Untracked 
|  98|0x000000070f400000, 0x000000070f400000, 0x000000070f600000|  0%| F|  |TAMS 0x000000070f400000, 0x000000070f400000| Untracked 
|  99|0x000000070f600000, 0x000000070f600000, 0x000000070f800000|  0%| F|  |TAMS 0x000000070f600000, 0x000000070f600000| Untracked 
| 100|0x000000070f800000, 0x000000070f800000, 0x000000070fa00000|  0%| F|  |TAMS 0x000000070f800000, 0x000000070f800000| Untracked 
| 101|0x000000070fa00000, 0x000000070fa00000, 0x000000070fc00000|  0%| F|  |TAMS 0x000000070fa00000, 0x000000070fa00000| Untracked 
| 102|0x000000070fc00000, 0x000000070fc00000, 0x000000070fe00000|  0%| F|  |TAMS 0x000000070fc00000, 0x000000070fc00000| Untracked 
| 103|0x000000070fe00000, 0x000000070fe00000, 0x0000000710000000|  0%| F|  |TAMS 0x000000070fe00000, 0x000000070fe00000| Untracked 
| 104|0x0000000710000000, 0x0000000710000000, 0x0000000710200000|  0%| F|  |TAMS 0x0000000710000000, 0x0000000710000000| Untracked 
| 105|0x0000000710200000, 0x0000000710200000, 0x0000000710400000|  0%| F|  |TAMS 0x0000000710200000, 0x0000000710200000| Untracked 
| 106|0x0000000710400000, 0x0000000710400000, 0x0000000710600000|  0%| F|  |TAMS 0x0000000710400000, 0x0000000710400000| Untracked 
| 107|0x0000000710600000, 0x0000000710600000, 0x0000000710800000|  0%| F|  |TAMS 0x0000000710600000, 0x0000000710600000| Untracked 
| 108|0x0000000710800000, 0x0000000710800000, 0x0000000710a00000|  0%| F|  |TAMS 0x0000000710800000, 0x0000000710800000| Untracked 
| 109|0x0000000710a00000, 0x0000000710a00000, 0x0000000710c00000|  0%| F|  |TAMS 0x0000000710a00000, 0x0000000710a00000| Untracked 
| 110|0x0000000710c00000, 0x0000000710c00000, 0x0000000710e00000|  0%| F|  |TAMS 0x0000000710c00000, 0x0000000710c00000| Untracked 
| 111|0x0000000710e00000, 0x0000000710e00000, 0x0000000711000000|  0%| F|  |TAMS 0x0000000710e00000, 0x0000000710e00000| Untracked 
| 112|0x0000000711000000, 0x0000000711000000, 0x0000000711200000|  0%| F|  |TAMS 0x0000000711000000, 0x0000000711000000| Untracked 
| 113|0x0000000711200000, 0x0000000711200000, 0x0000000711400000|  0%| F|  |TAMS 0x0000000711200000, 0x0000000711200000| Untracked 
| 114|0x0000000711400000, 0x0000000711600000, 0x0000000711600000|100%| S|CS|TAMS 0x0000000711400000, 0x0000000711400000| Complete 
| 115|0x0000000711600000, 0x0000000711800000, 0x0000000711800000|100%| S|CS|TAMS 0x0000000711600000, 0x0000000711600000| Complete 
| 116|0x0000000711800000, 0x0000000711800000, 0x0000000711a00000|  0%| F|  |TAMS 0x0000000711800000, 0x0000000711800000| Untracked 
| 117|0x0000000711a00000, 0x0000000711a00000, 0x0000000711c00000|  0%| F|  |TAMS 0x0000000711a00000, 0x0000000711a00000| Untracked 
| 118|0x0000000711c00000, 0x0000000711c00000, 0x0000000711e00000|  0%| F|  |TAMS 0x0000000711c00000, 0x0000000711c00000| Untracked 
| 119|0x0000000711e00000, 0x0000000711e00000, 0x0000000712000000|  0%| F|  |TAMS 0x0000000711e00000, 0x0000000711e00000| Untracked 
| 120|0x0000000712000000, 0x0000000712000000, 0x0000000712200000|  0%| F|  |TAMS 0x0000000712000000, 0x0000000712000000| Untracked 
| 121|0x0000000712200000, 0x0000000712200000, 0x0000000712400000|  0%| F|  |TAMS 0x0000000712200000, 0x0000000712200000| Untracked 
| 122|0x0000000712400000, 0x0000000712479080, 0x0000000712600000| 23%| E|  |TAMS 0x0000000712400000, 0x0000000712400000| Complete 
| 123|0x0000000712600000, 0x0000000712800000, 0x0000000712800000|100%| E|CS|TAMS 0x0000000712600000, 0x0000000712600000| Complete 
| 124|0x0000000712800000, 0x0000000712a00000, 0x0000000712a00000|100%| E|CS|TAMS 0x0000000712800000, 0x0000000712800000| Complete 
| 125|0x0000000712a00000, 0x0000000712c00000, 0x0000000712c00000|100%| E|CS|TAMS 0x0000000712a00000, 0x0000000712a00000| Complete 
| 126|0x0000000712c00000, 0x0000000712e00000, 0x0000000712e00000|100%| E|CS|TAMS 0x0000000712c00000, 0x0000000712c00000| Complete 

Card table byte_map: [0x000001ebe47a0000,0x000001ebe4f90000] _byte_map_base: 0x000001ebe0f88000

Marking Bits (Prev, Next): (CMBitMap*) 0x000001ebcc7c1e20, (CMBitMap*) 0x000001ebcc7c1e60
 Prev Bits: [0x000001ebe5780000, 0x000001ebe96c0000)
 Next Bits: [0x000001ebe96c0000, 0x000001ebed600000)

Polling page: 0x000001ebca6d0000

Metaspace:

Usage:
  Non-class:      5.79 MB capacity,     3.81 MB ( 66%) used,     1.97 MB ( 34%) free+waste,     3.31 KB ( <1%) overhead. 
      Class:    659.00 KB capacity,   449.20 KB ( 68%) used,   208.36 KB ( 32%) free+waste,     1.44 KB ( <1%) overhead. 
       Both:      6.43 MB capacity,     4.25 MB ( 66%) used,     2.18 MB ( 34%) free+waste,     4.75 KB ( <1%) overhead. 

Virtual space:
  Non-class space:        8.00 MB reserved,       6.00 MB ( 75%) committed 
      Class space:        1.00 GB reserved,     768.00 KB ( <1%) committed 
             Both:        1.01 GB reserved,       6.75 MB ( <1%) committed 

Chunk freelists:
   Non-Class:  22.00 KB
       Class:  13.00 KB
        Both:  35.00 KB

MaxMetaspaceSize: 17179869184.00 GB
CompressedClassSpaceSize: 1.00 GB

CodeHeap 'non-profiled nmethods': size=120000Kb used=427Kb max_used=427Kb free=119572Kb
 bounds [0x000001ebdc750000, 0x000001ebdc9c0000, 0x000001ebe3c80000]
CodeHeap 'profiled nmethods': size=120000Kb used=2067Kb max_used=2067Kb free=117933Kb
 bounds [0x000001ebd5220000, 0x000001ebd5490000, 0x000001ebdc750000]
CodeHeap 'non-nmethods': size=5760Kb used=1178Kb max_used=1243Kb free=4581Kb
 bounds [0x000001ebd4c80000, 0x000001ebd4ef0000, 0x000001ebd5220000]
 total_blobs=1455 nmethods=1016 adapters=352
 compilation: enabled
              stopped_count=0, restarted_count=0
 full_count=0

Compilation events (20 events):
Event: 1.276 Thread 0x000001ebf089bd60 1007  s    3       java.util.jar.JarFile::getInputStream (72 bytes)
Event: 1.276 Thread 0x000001ebf089bd60 nmethod 1007 0x000001ebd5420110 code [0x000001ebd5420320, 0x000001ebd5420858]
Event: 1.276 Thread 0x000001ebf089bd60 1008       3       jdk.internal.loader.ClassLoaders$AppClassLoader::defineOrCheckPackage (8 bytes)
Event: 1.277 Thread 0x000001ebf089bd60 nmethod 1008 0x000001ebd5420a10 code [0x000001ebd5420bc0, 0x000001ebd5420ce8]
Event: 1.277 Thread 0x000001ebf089bd60 1009   !   3       jdk.internal.loader.BuiltinClassLoader::defineOrCheckPackage (94 bytes)
Event: 1.278 Thread 0x000001ebf089bd60 nmethod 1009 0x000001ebd5420d90 code [0x000001ebd5421000, 0x000001ebd5421978]
Event: 1.278 Thread 0x000001ebf089bd60 1010       3       jdk.internal.loader.URLClassPath$JarLoader$2::getCodeSourceURL (8 bytes)
Event: 1.278 Thread 0x000001ebf089bd60 nmethod 1010 0x000001ebd5421c90 code [0x000001ebd5421e20, 0x000001ebd5421f38]
Event: 1.278 Thread 0x000001ebf089bd60 1011       3       jdk.internal.loader.URLClassPath$JarLoader$2::getManifest (26 bytes)
Event: 1.278 Thread 0x000001ebf089bd60 nmethod 1011 0x000001ebd5422010 code [0x000001ebd5422240, 0x000001ebd54228e8]
Event: 1.279 Thread 0x000001ebf09cffa0 nmethod 936 0x000001ebdc7b7b90 code [0x000001ebdc7b7d20, 0x000001ebdc7b7f78]
Event: 1.279 Thread 0x000001ebf09cffa0  938       4       java.lang.String::checkBoundsOffCount (64 bytes)
Event: 1.280 Thread 0x000001ebf09cffa0 nmethod 938 0x000001ebdc7b8190 code [0x000001ebdc7b8300, 0x000001ebdc7b8398]
Event: 1.282 Thread 0x000001ebf089bd60 1012       3       java.lang.ClassLoader::definePackage (85 bytes)
Event: 1.283 Thread 0x000001ebf089bd60 nmethod 1012 0x000001ebd5422c10 code [0x000001ebd5422ee0, 0x000001ebd5423e38]
Event: 1.283 Thread 0x000001ebf089bd60 1013       3       java.lang.Package::isSealed (26 bytes)
Event: 1.284 Thread 0x000001ebf089bd60 nmethod 1013 0x000001ebd5424290 code [0x000001ebd5424440, 0x000001ebd5424758]
Event: 1.284 Thread 0x000001ebf09cffa0 1014       4       java.util.concurrent.ConcurrentHashMap$Traverser::advance (188 bytes)
Event: 1.285 Thread 0x000001ebf089bd60 1015       3       jdk.internal.loader.NativeLibraries$NativeLibraryImpl::find (6 bytes)
Event: 1.285 Thread 0x000001ebf089bd60 nmethod 1015 0x000001ebd5424890 code [0x000001ebd5424a40, 0x000001ebd5424b68]

GC Heap History (2 events):
Event: 1.051 GC heap before
{Heap before GC invocations=0 (full 0):
 garbage-first heap   total 260096K, used 20480K [0x0000000703000000, 0x0000000800000000)
  region size 2048K, 11 young (22528K), 0 survivors (0K)
 Metaspace       used 3580K, capacity 6163K, committed 6272K, reserved 1056768K
  class space    used 336K, capacity 561K, committed 640K, reserved 1048576K
}
Event: 1.055 GC heap after
{Heap after GC invocations=1 (full 0):
 garbage-first heap   total 260096K, used 5998K [0x0000000703000000, 0x0000000800000000)
  region size 2048K, 2 young (4096K), 2 survivors (4096K)
 Metaspace       used 3580K, capacity 6163K, committed 6272K, reserved 1056768K
  class space    used 336K, capacity 561K, committed 640K, reserved 1048576K
}

Deoptimization events (20 events):
Event: 1.207 Thread 0x000001ebcc772960 DEOPT PACKING pc=0x000001ebdc78aea0 sp=0x0000000543bfdf20
Event: 1.207 Thread 0x000001ebcc772960 DEOPT UNPACKING pc=0x000001ebd4cce42f sp=0x0000000543bfdeb8 mode 2
Event: 1.209 Thread 0x000001ebcc772960 Uncommon trap: trap_request=0xffffff45 fr.pc=0x000001ebdc79218c relative=0x000000000000064c
Event: 1.209 Thread 0x000001ebcc772960 Uncommon trap: reason=unstable_if action=reinterpret pc=0x000001ebdc79218c method=java.io.WinNTFileSystem.normalize(Ljava/lang/String;)Ljava/lang/String; @ 128 c2
Event: 1.209 Thread 0x000001ebcc772960 DEOPT PACKING pc=0x000001ebdc79218c sp=0x0000000543bfe020
Event: 1.209 Thread 0x000001ebcc772960 DEOPT UNPACKING pc=0x000001ebd4cce42f sp=0x0000000543bfdfa8 mode 2
Event: 1.211 Thread 0x000001ebcc772960 Uncommon trap: trap_request=0xffffff45 fr.pc=0x000001ebdc789920 relative=0x0000000000000320
Event: 1.212 Thread 0x000001ebcc772960 Uncommon trap: reason=unstable_if action=reinterpret pc=0x000001ebdc789920 method=java.lang.StringUTF16.compress([CI[BII)I @ 20 c2
Event: 1.212 Thread 0x000001ebcc772960 DEOPT PACKING pc=0x000001ebdc789920 sp=0x0000000543bfdda0
Event: 1.212 Thread 0x000001ebcc772960 DEOPT UNPACKING pc=0x000001ebd4cce42f sp=0x0000000543bfdd20 mode 2
Event: 1.215 Thread 0x000001ebcc772960 Uncommon trap: trap_request=0xffffff45 fr.pc=0x000001ebdc771eb8 relative=0x00000000000004f8
Event: 1.215 Thread 0x000001ebcc772960 Uncommon trap: reason=unstable_if action=reinterpret pc=0x000001ebdc771eb8 method=java.lang.AbstractStringBuilder.putStringAt(ILjava/lang/String;)V @ 8 c2
Event: 1.215 Thread 0x000001ebcc772960 DEOPT PACKING pc=0x000001ebdc771eb8 sp=0x0000000543bfe190
Event: 1.215 Thread 0x000001ebcc772960 DEOPT UNPACKING pc=0x000001ebd4cce42f sp=0x0000000543bfe098 mode 2
Event: 1.215 Thread 0x000001ebcc772960 Uncommon trap: trap_request=0xffffff45 fr.pc=0x000001ebdc7870a4 relative=0x0000000000000384
Event: 1.215 Thread 0x000001ebcc772960 Uncommon trap: reason=unstable_if action=reinterpret pc=0x000001ebdc7870a4 method=java.lang.AbstractStringBuilder.isLatin1()Z @ 10 c2
Event: 1.215 Thread 0x000001ebcc772960 DEOPT PACKING pc=0x000001ebdc7870a4 sp=0x0000000543bfe1a0
Event: 1.215 Thread 0x000001ebcc772960 DEOPT UNPACKING pc=0x000001ebd4cce42f sp=0x0000000543bfe120 mode 2
Event: 1.279 Thread 0x000001ebcc772960 DEOPT PACKING pc=0x000001ebd540f6d8 sp=0x0000000543bfc770
Event: 1.279 Thread 0x000001ebcc772960 DEOPT UNPACKING pc=0x000001ebd4cce23f sp=0x0000000543bfbc78 mode 0

Classes unloaded (0 events):
No events

Classes redefined (0 events):
No events

Internal exceptions (8 events):
Event: 0.388 Thread 0x000001ebf0a59be0 Exception <a 'java/lang/NoSuchMethodError'{0x000000071276d638}: 'java.lang.Object java.lang.invoke.DirectMethodHandle$Holder.invokeStatic(java.lang.Object)'> (0x000000071276d638) 
thrown [./src/hotspot/share/interpreter/linkResolver.cpp, line 782]
Event: 0.389 Thread 0x000001ebf0a59be0 Exception <a 'java/lang/NoSuchMethodError'{0x0000000712770f48}: 'java.lang.Object java.lang.invoke.DirectMethodHandle$Holder.invokeStaticInit(java.lang.Object)'> (0x0000000712770f48) 
thrown [./src/hotspot/share/interpreter/linkResolver.cpp, line 782]
Event: 0.401 Thread 0x000001ebf0a59be0 Exception <a 'java/lang/NoSuchMethodError'{0x000000071277de60}: 'void java.lang.invoke.DirectMethodHandle$Holder.invokeStatic(java.lang.Object, java.lang.Object)'> (0x000000071277de60) 
thrown [./src/hotspot/share/interpreter/linkResolver.cpp, line 782]
Event: 0.668 Thread 0x000001ebcc772960 Exception <a 'java/lang/NoSuchMethodError'{0x0000000712087428}: 'int java.lang.invoke.DirectMethodHandle$Holder.invokeStaticInit(java.lang.Object, java.lang.Object, java.lang.Object, java.lang.Object)'> (0x0000000712087428) 
thrown [./src/hotspot/share/interpreter/linkResolver.cpp, line 782]
Event: 0.670 Thread 0x000001ebcc772960 Exception <a 'java/lang/NoSuchMethodError'{0x0000000712092068}: 'java.lang.Object java.lang.invoke.DirectMethodHandle$Holder.invokeInterface(java.lang.Object, java.lang.Object)'> (0x0000000712092068) 
thrown [./src/hotspot/share/interpreter/linkResolver.cpp, line 782]
Event: 0.671 Thread 0x000001ebcc772960 Exception <a 'java/lang/IncompatibleClassChangeError'{0x00000007120957b8}: Found class java.lang.Object, but interface was expected> (0x00000007120957b8) 
thrown [./src/hotspot/share/interpreter/linkResolver.cpp, line 848]
Event: 0.676 Thread 0x000001ebcc772960 Exception <a 'java/lang/NoSuchMethodError'{0x0000000712098a00}: 'void java.lang.invoke.DirectMethodHandle$Holder.invokeStaticInit(java.lang.Object, java.lang.Object)'> (0x0000000712098a00) 
thrown [./src/hotspot/share/interpreter/linkResolver.cpp, line 782]
Event: 0.677 Thread 0x000001ebcc772960 Exception <a 'java/lang/NoSuchMethodError'{0x000000071209ebb8}: 'int java.lang.invoke.DirectMethodHandle$Holder.invokeStaticInit(java.lang.Object, java.lang.Object)'> (0x000000071209ebb8) 
thrown [./src/hotspot/share/interpreter/linkResolver.cpp, line 782]

Events (20 events):
Event: 1.118 loading class sun/util/resources/TimeZoneNames done
Event: 1.119 loading class sun/util/resources/TimeZoneNames_en
Event: 1.119 loading class sun/util/resources/TimeZoneNames_en done
Event: 1.126 Loaded shared library C:\Users\37756\.javacpp\cache\javacpp-1.5.7-windows-x86_64.jar\org\bytedeco\javacpp\windows-x86_64\jnijavacpp.dll
Event: 1.137 loading class java/lang/NumberFormatException
Event: 1.137 loading class java/lang/NumberFormatException done
Event: 1.138 Executing VM operation: HandshakeAllThreads
Event: 1.138 Executing VM operation: HandshakeAllThreads done
Event: 1.139 Thread 0x000001ebf14182b0 Thread added: 0x000001ebf14182b0
Event: 1.178 loading class java/util/regex/Pattern$BnM
Event: 1.178 loading class java/util/regex/Pattern$BnM done
Event: 1.178 loading class java/util/regex/Pattern$SliceS
Event: 1.178 loading class java/util/regex/Pattern$SliceS done
Event: 1.227 Loaded shared library C:\Users\37756\.javacpp\cache\llvm-13.0.1-1.5.7-windows-x86_64.jar\org\bytedeco\llvm\windows-x86_64\LTO.dll
Event: 1.234 Loaded shared library C:\Users\37756\.javacpp\cache\llvm-13.0.1-1.5.7-windows-x86_64.jar\org\bytedeco\llvm\windows-x86_64\Remarks.dll
Event: 1.248 Loaded shared library C:\Users\37756\.javacpp\cache\llvm-13.0.1-1.5.7-windows-x86_64.jar\org\bytedeco\llvm\windows-x86_64\jniLLVM.dll
Event: 1.285 loading class java/util/Stack
Event: 1.285 loading class java/util/Vector
Event: 1.285 loading class java/util/Vector done
Event: 1.286 loading class java/util/Stack done


Dynamic libraries:
0x00007ff715ef0000 - 0x00007ff715efd000 	C:\Program Files\AdoptOpenJDK\jdk-15.0.2.7-hotspot\bin\java.exe
0x00007ff9efcd0000 - 0x00007ff9efec8000 	C:\WINDOWS\SYSTEM32\ntdll.dll
0x00007ff9ef670000 - 0x00007ff9ef72f000 	C:\WINDOWS\System32\KERNEL32.DLL
0x00007ff9ed8b0000 - 0x00007ff9edb82000 	C:\WINDOWS\System32\KERNELBASE.dll
0x00007ff9ed520000 - 0x00007ff9ed620000 	C:\WINDOWS\System32\ucrtbase.dll
0x00007ff9de910000 - 0x00007ff9de925000 	C:\Program Files\AdoptOpenJDK\jdk-15.0.2.7-hotspot\bin\VCRUNTIME140.dll
0x00007ff9e60f0000 - 0x00007ff9e6108000 	C:\Program Files\AdoptOpenJDK\jdk-15.0.2.7-hotspot\bin\jli.dll
0x00007ff9ef240000 - 0x00007ff9ef3e1000 	C:\WINDOWS\System32\USER32.dll
0x00007ff9cefb0000 - 0x00007ff9cf24a000 	C:\WINDOWS\WinSxS\amd64_microsoft.windows.common-controls_6595b64144ccf1df_6.0.19041.1110_none_60b5254171f9507e\COMCTL32.dll
0x00007ff9ed620000 - 0x00007ff9ed642000 	C:\WINDOWS\System32\win32u.dll
0x00007ff9edd10000 - 0x00007ff9eddae000 	C:\WINDOWS\System32\msvcrt.dll
0x00007ff9ef000000 - 0x00007ff9ef02b000 	C:\WINDOWS\System32\GDI32.dll
0x00007ff9ed3c0000 - 0x00007ff9ed4cf000 	C:\WINDOWS\System32\gdi32full.dll
0x00007ff9edc40000 - 0x00007ff9edcdd000 	C:\WINDOWS\System32\msvcp_win.dll
0x00007ff9ef7e0000 - 0x00007ff9ef812000 	C:\WINDOWS\System32\IMM32.DLL
0x00007ff9c57b0000 - 0x00007ff9c584b000 	C:\Program Files\AdoptOpenJDK\jdk-15.0.2.7-hotspot\bin\msvcp140.dll
0x00007ff9595c0000 - 0x00007ff95a14f000 	C:\Program Files\AdoptOpenJDK\jdk-15.0.2.7-hotspot\bin\server\jvm.dll
0x00007ff9ef730000 - 0x00007ff9ef7de000 	C:\WINDOWS\System32\ADVAPI32.dll
0x00007ff9ef5d0000 - 0x00007ff9ef66c000 	C:\WINDOWS\System32\sechost.dll
0x00007ff9ef4a0000 - 0x00007ff9ef5c5000 	C:\WINDOWS\System32\RPCRT4.dll
0x00007ff9eee20000 - 0x00007ff9eee28000 	C:\WINDOWS\System32\PSAPI.DLL
0x00007ff9cef90000 - 0x00007ff9cef99000 	C:\WINDOWS\SYSTEM32\WSOCK32.dll
0x00007ff9ec020000 - 0x00007ff9ec02a000 	C:\WINDOWS\SYSTEM32\VERSION.dll
0x00007ff9ee560000 - 0x00007ff9ee5cb000 	C:\WINDOWS\System32\WS2_32.dll
0x00007ff9cdfe0000 - 0x00007ff9ce007000 	C:\WINDOWS\SYSTEM32\WINMM.dll
0x00007ff9ebad0000 - 0x00007ff9ebae2000 	C:\WINDOWS\SYSTEM32\kernel.appcore.dll
0x00007ff9e8b70000 - 0x00007ff9e8b7a000 	C:\Program Files\AdoptOpenJDK\jdk-15.0.2.7-hotspot\bin\jimage.dll
0x00007ff9eaef0000 - 0x00007ff9eb0d4000 	C:\WINDOWS\SYSTEM32\DBGHELP.DLL
0x00007ff9cf760000 - 0x00007ff9cf795000 	C:\WINDOWS\SYSTEM32\dbgcore.DLL
0x00007ff9ed7b0000 - 0x00007ff9ed832000 	C:\WINDOWS\System32\bcryptPrimitives.dll
0x00007ff9e72b0000 - 0x00007ff9e72be000 	C:\Program Files\AdoptOpenJDK\jdk-15.0.2.7-hotspot\bin\instrument.dll
0x00007ff9b68e0000 - 0x00007ff9b6905000 	C:\Program Files\AdoptOpenJDK\jdk-15.0.2.7-hotspot\bin\java.dll
0x00007ff9ee5d0000 - 0x00007ff9eed14000 	C:\WINDOWS\System32\SHELL32.dll
0x00007ff9eb320000 - 0x00007ff9ebab2000 	C:\WINDOWS\SYSTEM32\windows.storage.dll
0x00007ff9ee030000 - 0x00007ff9ee385000 	C:\WINDOWS\System32\combase.dll
0x00007ff9ecd40000 - 0x00007ff9ecd70000 	C:\WINDOWS\SYSTEM32\Wldp.dll
0x00007ff9eee30000 - 0x00007ff9eeedd000 	C:\WINDOWS\System32\SHCORE.dll
0x00007ff9ef1e0000 - 0x00007ff9ef235000 	C:\WINDOWS\System32\shlwapi.dll
0x00007ff9ed300000 - 0x00007ff9ed31f000 	C:\WINDOWS\SYSTEM32\profapi.dll
0x00007ff9b6880000 - 0x00007ff9b6898000 	C:\Program Files\AdoptOpenJDK\jdk-15.0.2.7-hotspot\bin\zip.dll
0x00007ff9b68c0000 - 0x00007ff9b68d9000 	C:\Program Files\AdoptOpenJDK\jdk-15.0.2.7-hotspot\bin\net.dll
0x00007ff9e14b0000 - 0x00007ff9e15bc000 	C:\WINDOWS\SYSTEM32\WINHTTP.dll
0x00007ff9ecaa0000 - 0x00007ff9ecb0a000 	C:\WINDOWS\system32\mswsock.dll
0x00007ff9b68a0000 - 0x00007ff9b68b2000 	C:\Program Files\AdoptOpenJDK\jdk-15.0.2.7-hotspot\bin\nio.dll
0x00007ff9c6830000 - 0x00007ff9c684a000 	C:\Program Files\JetBrains\IntelliJ IDEA 2022.3\bin\breakgen64.dll
0x000001ebcc700000 - 0x000001ebcc704000 	C:\Users\37756\.javacpp\cache\javacpp-1.5.7-windows-x86_64.jar\org\bytedeco\javacpp\windows-x86_64\api-ms-win-crt-locale-l1-1-0.dll
0x000001ebcc710000 - 0x000001ebcc715000 	C:\Users\37756\.javacpp\cache\javacpp-1.5.7-windows-x86_64.jar\org\bytedeco\javacpp\windows-x86_64\api-ms-win-crt-string-l1-1-0.dll
0x000001ebcc720000 - 0x000001ebcc725000 	C:\Users\37756\.javacpp\cache\javacpp-1.5.7-windows-x86_64.jar\org\bytedeco\javacpp\windows-x86_64\api-ms-win-crt-stdio-l1-1-0.dll
0x000001ebcc730000 - 0x000001ebcc736000 	C:\Users\37756\.javacpp\cache\javacpp-1.5.7-windows-x86_64.jar\org\bytedeco\javacpp\windows-x86_64\api-ms-win-crt-math-l1-1-0.dll
0x000001ebcc740000 - 0x000001ebcc744000 	C:\Users\37756\.javacpp\cache\javacpp-1.5.7-windows-x86_64.jar\org\bytedeco\javacpp\windows-x86_64\api-ms-win-crt-heap-l1-1-0.dll
0x000001ebf1480000 - 0x000001ebf1485000 	C:\Users\37756\.javacpp\cache\javacpp-1.5.7-windows-x86_64.jar\org\bytedeco\javacpp\windows-x86_64\api-ms-win-crt-runtime-l1-1-0.dll
0x000001ebf1490000 - 0x000001ebf1495000 	C:\Users\37756\.javacpp\cache\javacpp-1.5.7-windows-x86_64.jar\org\bytedeco\javacpp\windows-x86_64\api-ms-win-crt-convert-l1-1-0.dll
0x000001ebf14a0000 - 0x000001ebf14a4000 	C:\Users\37756\.javacpp\cache\javacpp-1.5.7-windows-x86_64.jar\org\bytedeco\javacpp\windows-x86_64\api-ms-win-crt-environment-l1-1-0.dll
0x000001ebf14b0000 - 0x000001ebf14b4000 	C:\Users\37756\.javacpp\cache\javacpp-1.5.7-windows-x86_64.jar\org\bytedeco\javacpp\windows-x86_64\api-ms-win-crt-time-l1-1-0.dll
0x000001ebf14c0000 - 0x000001ebf14c4000 	C:\Users\37756\.javacpp\cache\javacpp-1.5.7-windows-x86_64.jar\org\bytedeco\javacpp\windows-x86_64\api-ms-win-crt-filesystem-l1-1-0.dll
0x000001ebf14d0000 - 0x000001ebf14d4000 	C:\Users\37756\.javacpp\cache\javacpp-1.5.7-windows-x86_64.jar\org\bytedeco\javacpp\windows-x86_64\api-ms-win-crt-utility-l1-1-0.dll
0x000001ebf14e0000 - 0x000001ebf14e6000 	C:\Users\37756\.javacpp\cache\javacpp-1.5.7-windows-x86_64.jar\org\bytedeco\javacpp\windows-x86_64\api-ms-win-crt-multibyte-l1-1-0.dll
0x000001ebf14f0000 - 0x000001ebf14f4000 	C:\Users\37756\.javacpp\cache\javacpp-1.5.7-windows-x86_64.jar\org\bytedeco\javacpp\windows-x86_64\api-ms-win-crt-conio-l1-1-0.dll
0x000001ebf1500000 - 0x000001ebf1511000 	C:\Users\37756\.javacpp\cache\javacpp-1.5.7-windows-x86_64.jar\org\bytedeco\javacpp\windows-x86_64\api-ms-win-crt-private-l1-1-0.dll
0x000001ebf1520000 - 0x000001ebf1524000 	C:\Users\37756\.javacpp\cache\javacpp-1.5.7-windows-x86_64.jar\org\bytedeco\javacpp\windows-x86_64\api-ms-win-crt-process-l1-1-0.dll
0x000001ebf1530000 - 0x000001ebf1534000 	C:\Users\37756\.javacpp\cache\javacpp-1.5.7-windows-x86_64.jar\org\bytedeco\javacpp\windows-x86_64\api-ms-win-core-console-l1-2-0.dll
0x000001ebf1540000 - 0x000001ebf1544000 	C:\Users\37756\.javacpp\cache\javacpp-1.5.7-windows-x86_64.jar\org\bytedeco\javacpp\windows-x86_64\api-ms-win-core-string-l1-1-0.dll
0x000001ebf1550000 - 0x000001ebf1554000 	C:\Users\37756\.javacpp\cache\javacpp-1.5.7-windows-x86_64.jar\org\bytedeco\javacpp\windows-x86_64\api-ms-win-core-errorhandling-l1-1-0.dll
0x000001ebf1560000 - 0x000001ebf1564000 	C:\Users\37756\.javacpp\cache\javacpp-1.5.7-windows-x86_64.jar\org\bytedeco\javacpp\windows-x86_64\api-ms-win-core-timezone-l1-1-0.dll
0x000001ebf1570000 - 0x000001ebf1575000 	C:\Users\37756\.javacpp\cache\javacpp-1.5.7-windows-x86_64.jar\org\bytedeco\javacpp\windows-x86_64\api-ms-win-core-file-l1-1-0.dll
0x000001ebf2550000 - 0x000001ebf2554000 	C:\Users\37756\.javacpp\cache\javacpp-1.5.7-windows-x86_64.jar\org\bytedeco\javacpp\windows-x86_64\api-ms-win-core-namedpipe-l1-1-0.dll
0x000001ebf2560000 - 0x000001ebf2564000 	C:\Users\37756\.javacpp\cache\javacpp-1.5.7-windows-x86_64.jar\org\bytedeco\javacpp\windows-x86_64\api-ms-win-core-handle-l1-1-0.dll
0x000001ebf2570000 - 0x000001ebf2574000 	C:\Users\37756\.javacpp\cache\javacpp-1.5.7-windows-x86_64.jar\org\bytedeco\javacpp\windows-x86_64\api-ms-win-core-file-l2-1-0.dll
0x000001ebf2580000 - 0x000001ebf2584000 	C:\Users\37756\.javacpp\cache\javacpp-1.5.7-windows-x86_64.jar\org\bytedeco\javacpp\windows-x86_64\api-ms-win-core-heap-l1-1-0.dll
0x000001ebf2590000 - 0x000001ebf2594000 	C:\Users\37756\.javacpp\cache\javacpp-1.5.7-windows-x86_64.jar\org\bytedeco\javacpp\windows-x86_64\api-ms-win-core-libraryloader-l1-1-0.dll
0x000001ebf25a0000 - 0x000001ebf25a4000 	C:\Users\37756\.javacpp\cache\javacpp-1.5.7-windows-x86_64.jar\org\bytedeco\javacpp\windows-x86_64\api-ms-win-core-synch-l1-1-0.dll
0x000001ebf25b0000 - 0x000001ebf25b4000 	C:\Users\37756\.javacpp\cache\javacpp-1.5.7-windows-x86_64.jar\org\bytedeco\javacpp\windows-x86_64\api-ms-win-core-processthreads-l1-1-0.dll
0x000001ebf25c0000 - 0x000001ebf25c4000 	C:\Users\37756\.javacpp\cache\javacpp-1.5.7-windows-x86_64.jar\org\bytedeco\javacpp\windows-x86_64\api-ms-win-core-processenvironment-l1-1-0.dll
0x000001ebf25d0000 - 0x000001ebf25d4000 	C:\Users\37756\.javacpp\cache\javacpp-1.5.7-windows-x86_64.jar\org\bytedeco\javacpp\windows-x86_64\api-ms-win-core-datetime-l1-1-0.dll
0x000001ebf25e0000 - 0x000001ebf25e4000 	C:\Users\37756\.javacpp\cache\javacpp-1.5.7-windows-x86_64.jar\org\bytedeco\javacpp\windows-x86_64\api-ms-win-core-localization-l1-2-0.dll
0x000001ebf25f0000 - 0x000001ebf25f4000 	C:\Users\37756\.javacpp\cache\javacpp-1.5.7-windows-x86_64.jar\org\bytedeco\javacpp\windows-x86_64\api-ms-win-core-sysinfo-l1-1-0.dll
0x000001ebf2600000 - 0x000001ebf2604000 	C:\Users\37756\.javacpp\cache\javacpp-1.5.7-windows-x86_64.jar\org\bytedeco\javacpp\windows-x86_64\api-ms-win-core-synch-l1-2-0.dll
0x000001ebf2610000 - 0x000001ebf2614000 	C:\Users\37756\.javacpp\cache\javacpp-1.5.7-windows-x86_64.jar\org\bytedeco\javacpp\windows-x86_64\api-ms-win-core-console-l1-1-0.dll
0x000001ebf2620000 - 0x000001ebf2624000 	C:\Users\37756\.javacpp\cache\javacpp-1.5.7-windows-x86_64.jar\org\bytedeco\javacpp\windows-x86_64\api-ms-win-core-debug-l1-1-0.dll
0x000001ebf2630000 - 0x000001ebf2634000 	C:\Users\37756\.javacpp\cache\javacpp-1.5.7-windows-x86_64.jar\org\bytedeco\javacpp\windows-x86_64\api-ms-win-core-rtlsupport-l1-1-0.dll
0x000001ebf2640000 - 0x000001ebf2644000 	C:\Users\37756\.javacpp\cache\javacpp-1.5.7-windows-x86_64.jar\org\bytedeco\javacpp\windows-x86_64\api-ms-win-core-processthreads-l1-1-1.dll
0x000001ebf2650000 - 0x000001ebf2654000 	C:\Users\37756\.javacpp\cache\javacpp-1.5.7-windows-x86_64.jar\org\bytedeco\javacpp\windows-x86_64\api-ms-win-core-file-l1-2-0.dll
0x000001ebf2660000 - 0x000001ebf2664000 	C:\Users\37756\.javacpp\cache\javacpp-1.5.7-windows-x86_64.jar\org\bytedeco\javacpp\windows-x86_64\api-ms-win-core-profile-l1-1-0.dll
0x000001ebf2670000 - 0x000001ebf2674000 	C:\Users\37756\.javacpp\cache\javacpp-1.5.7-windows-x86_64.jar\org\bytedeco\javacpp\windows-x86_64\api-ms-win-core-memory-l1-1-0.dll
0x000001ebf2680000 - 0x000001ebf2684000 	C:\Users\37756\.javacpp\cache\javacpp-1.5.7-windows-x86_64.jar\org\bytedeco\javacpp\windows-x86_64\api-ms-win-core-util-l1-1-0.dll
0x000001ebf2690000 - 0x000001ebf2694000 	C:\Users\37756\.javacpp\cache\javacpp-1.5.7-windows-x86_64.jar\org\bytedeco\javacpp\windows-x86_64\api-ms-win-core-interlocked-l1-1-0.dll
0x00007ff95d1e0000 - 0x00007ff95d2f1000 	C:\Users\37756\.javacpp\cache\javacpp-1.5.7-windows-x86_64.jar\org\bytedeco\javacpp\windows-x86_64\ucrtbase.dll
0x00007ff9c6810000 - 0x00007ff9c682b000 	C:\Users\37756\.javacpp\cache\javacpp-1.5.7-windows-x86_64.jar\org\bytedeco\javacpp\windows-x86_64\vcruntime140.dll
0x00007ff9c73c0000 - 0x00007ff9c73cc000 	C:\Users\37756\.javacpp\cache\javacpp-1.5.7-windows-x86_64.jar\org\bytedeco\javacpp\windows-x86_64\vcruntime140_1.dll
0x00007ff9a4530000 - 0x00007ff9a45bd000 	C:\Users\37756\.javacpp\cache\javacpp-1.5.7-windows-x86_64.jar\org\bytedeco\javacpp\windows-x86_64\msvcp140.dll
0x00007ff9c6780000 - 0x00007ff9c6789000 	C:\Users\37756\.javacpp\cache\javacpp-1.5.7-windows-x86_64.jar\org\bytedeco\javacpp\windows-x86_64\msvcp140_1.dll
0x00007ff9b38a0000 - 0x00007ff9b38ee000 	C:\Users\37756\.javacpp\cache\javacpp-1.5.7-windows-x86_64.jar\org\bytedeco\javacpp\windows-x86_64\concrt140.dll
0x00007ff9bd5e0000 - 0x00007ff9bd611000 	C:\Users\37756\.javacpp\cache\javacpp-1.5.7-windows-x86_64.jar\org\bytedeco\javacpp\windows-x86_64\vcomp140.dll
0x00007ff9c6770000 - 0x00007ff9c677e000 	C:\Users\37756\.javacpp\cache\javacpp-1.5.7-windows-x86_64.jar\org\bytedeco\javacpp\windows-x86_64\jnijavacpp.dll
0x00007ff947280000 - 0x00007ff94b91d000 	C:\Users\37756\.javacpp\cache\llvm-13.0.1-1.5.7-windows-x86_64.jar\org\bytedeco\llvm\windows-x86_64\LTO.dll
0x00007ff9b2e40000 - 0x00007ff9b2e7b000 	C:\Users\37756\.javacpp\cache\llvm-13.0.1-1.5.7-windows-x86_64.jar\org\bytedeco\llvm\windows-x86_64\Remarks.dll
0x00007ff942a30000 - 0x00007ff947280000 	C:\Users\37756\.javacpp\cache\llvm-13.0.1-1.5.7-windows-x86_64.jar\org\bytedeco\llvm\windows-x86_64\jniLLVM.dll
0x00007ff9edf00000 - 0x00007ff9ee02a000 	C:\WINDOWS\System32\ole32.dll

dbghelp: loaded successfully - version: 4.0.5 - missing functions: none
symbol engine: initialized successfully - sym options: 0x614 - pdb path: .;C:\Program Files\AdoptOpenJDK\jdk-15.0.2.7-hotspot\bin;C:\WINDOWS\SYSTEM32;C:\WINDOWS\WinSxS\amd64_microsoft.windows.common-controls_6595b64144ccf1df_6.0.19041.1110_none_60b5254171f9507e;C:\Program Files\AdoptOpenJDK\jdk-15.0.2.7-hotspot\bin\server;C:\Program Files\JetBrains\IntelliJ IDEA 2022.3\bin;C:\Users\37756\.javacpp\cache\javacpp-1.5.7-windows-x86_64.jar\org\bytedeco\javacpp\windows-x86_64;C:\Users\37756\.javacpp\cache\llvm-13.0.1-1.5.7-windows-x86_64.jar\org\bytedeco\llvm\windows-x86_64

VM Arguments:
jvm_args: -javaagent:C:\Program Files\JetBrains\IntelliJ IDEA 2022.3\lib\idea_rt.jar=1430:C:\Program Files\JetBrains\IntelliJ IDEA 2022.3\bin -Dfile.encoding=UTF-8 
java_command: Main tests/global-and-if-test2.sysy tests/global-and-if-test2.out
java_class_path (initial): C:\Users\37756\Documents\NJU\2022Fall\Compilers\Lab\target\classes;C:\Users\37756\.m2\repository\org\bytedeco\llvm-platform\13.0.1-1.5.7\llvm-platform-13.0.1-1.5.7.jar;C:\Users\37756\.m2\repository\org\bytedeco\javacpp-platform\1.5.7\javacpp-platform-1.5.7.jar;C:\Users\37756\.m2\repository\org\bytedeco\javacpp\1.5.7\javacpp-1.5.7.jar;C:\Users\37756\.m2\repository\org\bytedeco\javacpp\1.5.7\javacpp-1.5.7-android-arm.jar;C:\Users\37756\.m2\repository\org\bytedeco\javacpp\1.5.7\javacpp-1.5.7-android-arm64.jar;C:\Users\37756\.m2\repository\org\bytedeco\javacpp\1.5.7\javacpp-1.5.7-android-x86.jar;C:\Users\37756\.m2\repository\org\bytedeco\javacpp\1.5.7\javacpp-1.5.7-android-x86_64.jar;C:\Users\37756\.m2\repository\org\bytedeco\javacpp\1.5.7\javacpp-1.5.7-ios-arm64.jar;C:\Users\37756\.m2\repository\org\bytedeco\javacpp\1.5.7\javacpp-1.5.7-ios-x86_64.jar;C:\Users\37756\.m2\repository\org\bytedeco\javacpp\1.5.7\javacpp-1.5.7-linux-armhf.jar;C:\Users\37756\.m2\repository\org\bytedeco\javacpp\1.5.7\javacpp-1.5.7-linux-arm64.jar;C:\Users\37756\.m2\repository\org\bytedeco\javacpp\1.5.7\javacpp-1.5.7-linux-ppc64le.jar;C:\Users\37756\.m2\repository\org\bytedeco\javacpp\1.5.7\javacpp-1.5.7-linux-x86.jar;C:\Users\37756\.m2\repository\org\bytedeco\javacpp\1.5.7\javacpp-1.5.7-linux-x86_64.jar;C:\Users\37756\.m2\repository\org\bytedeco\javacpp\1.5.7\javacpp-1.5.7-macosx-arm64.jar;C:\Users\37756\.m2\repository\org\bytedeco\javacpp\1.5.7\javacpp-1.5.7-macosx-x86_64.jar;C:\Users\37756\.m2\repository\org\bytedeco\javacpp\1.5.7\javacpp-1.5.7-windows-x86.jar;C:\Users\37756\.m2\repository\org\bytedeco\javacpp\1.5.7\javacpp-1.5.7-windows-x86_64.jar;C:\Users\37756\.m2\repository\org\bytedeco\llvm\13.0.1-1.5.7\llvm-13.0.1-1.5.7.jar;C:\Users\37756\.m2\repository\org\bytedeco\llvm\13.0.1-1.5.7\llvm-13.0.1-1.5.7-linux-x86.jar;C:\Users\37756\.m2\repository\org\bytedeco\llvm\13.0.1-1.5.7\llvm-13.0.1-1.5.7-linux-x86_64.jar;C:\Users\37756\.m2\repository\org\bytedeco\llvm\1
Launcher Type: SUN_STANDARD

[Global flags]
     intx CICompilerCount                          = 4                                         {product} {ergonomic}
     uint ConcGCThreads                            = 2                                         {product} {ergonomic}
     uint G1ConcRefinementThreads                  = 8                                         {product} {ergonomic}
   size_t G1HeapRegionSize                         = 2097152                                   {product} {ergonomic}
    uintx GCDrainStackTargetSize                   = 64                                        {product} {ergonomic}
   size_t InitialHeapSize                          = 266338304                                 {product} {ergonomic}
   size_t MarkStackSize                            = 4194304                                   {product} {ergonomic}
   size_t MaxHeapSize                              = 4244635648                                {product} {ergonomic}
   size_t MaxNewSize                               = 2545942528                                {product} {ergonomic}
   size_t MinHeapDeltaBytes                        = 2097152                                   {product} {ergonomic}
   size_t MinHeapSize                              = 8388608                                   {product} {ergonomic}
    uintx NonNMethodCodeHeapSize                   = 5839372                                {pd product} {ergonomic}
    uintx NonProfiledCodeHeapSize                  = 122909434                              {pd product} {ergonomic}
    uintx ProfiledCodeHeapSize                     = 122909434                              {pd product} {ergonomic}
    uintx ReservedCodeCacheSize                    = 251658240                              {pd product} {ergonomic}
     bool SegmentedCodeCache                       = true                                      {product} {ergonomic}
   size_t SoftMaxHeapSize                          = 4244635648                             {manageable} {ergonomic}
     bool UseCompressedClassPointers               = true                                 {lp64_product} {ergonomic}
     bool UseCompressedOops                        = true                                 {lp64_product} {ergonomic}
     bool UseG1GC                                  = true                                      {product} {ergonomic}
     bool UseLargePagesIndividualAllocation        = false                                  {pd product} {ergonomic}

Logging:
Log output configuration:
 #0: stdout all=warning uptime,level,tags
 #1: stderr all=off uptime,level,tags

Environment Variables:
CLASSPATH=.;C:Program Files(x86)\scala\bin;C:Program Files(x86)\scala\lib\dt.jar;C:Program Files(x86)\scala\lib\tools.jar.;
PATH=C:\Program Files (x86)\VMware\VMware Workstation\bin\;C:\ProgramData\Anaconda3;C:\ProgramData\Anaconda3\Library\mingw-w64\bin;C:\ProgramData\Anaconda3\Library\usr\bin;C:\ProgramData\Anaconda3\Library\bin;C:\ProgramData\Anaconda3\Scripts;C:\Program Files\AdoptOpenJDK\jdk-15.0.2.7-hotspot\bin;C:\WINDOWS\system32;C:\WINDOWS;C:\WINDOWS\System32\Wbem;C:\WINDOWS\System32\WindowsPowerShell\v1.0\;C:\WINDOWS\System32\OpenSSH\;C:\Program Files\dotnet\;C:\Program Files\Microsoft SQL Server\130\Tools\Binn\;C:\Program Files\Microsoft SQL Server\Client SDK\ODBC\170\Tools\Binn\;C:\Program Files (x86)\Dev-Cpp\MinGW64\bin;C:\Program Files\Git\cmd;C:\Program Files\PuTTY\;C:\Program Files\Graphviz\bin;C:\Program Files (x86)\Tencent\微信web开发者工具\dll;C:\Program Files\nodejs\;C:\Web\mysql-8.0.28-winx64\bin;"C:Program Files(x86)\scala\bin;C:Program Files(x86)\scala\jre\bin;";C:\Program Files\NASM;C:\Users\37756\AppData\Local\Microsoft\WindowsApps;C:\Program Files\JetBrains\PyCharm Community Edition 2020.3.3\bin;C:\Users\37756\.dotnet\tools;C:\Users\37756\AppData\Local\Programs\Microsoft VS Code\bin;C:\Program Files\JetBrains\IntelliJ IDEA Community Edition 2020.3.2\bin;C:\texlive\2020\bin\win32;C:\Program Files\JetBrains\CLion 2021.2\bin;C:\Program Files\JetBrains\PyCharm 2021.1.3\bin;C:\Program Files\JetBrains\IntelliJ IDEA 2021.1.3\bin;C:\Users\37756\AppData\Roaming\npm;C:\Program Files\JetBrains\DataGrip 2021.3.4\bin;C:\Program Files\JetBrains\WebStorm 2022.1\bin;C:\Users\37756\AppData\Local\Coursier\data\bin;C:\Program Files\NASM;;C:\Program Files\JetBrains\IntelliJ IDEA 2022.3\bin;;C:\Program Files\JetBrains\CLion 2022.3.1\bin;;C:\Program Files\JetBrains\WebStorm 2022.3.1\bin;;C:\Program Files\JetBrains\IntelliJ IDEA Community Edition 2022.3.1\bin;
USERNAME=37756
OS=Windows_NT
PROCESSOR_IDENTIFIER=Intel64 Family 6 Model 142 Stepping 12, GenuineIntel



---------------  S Y S T E M  ---------------

OS:
 Windows 10 , 64 bit Build 19041 (10.0.19041.2364)
OS uptime: 0 days 1:01 hours

CPU: total 8 (initial active 8) (4 cores per cpu, 2 threads per core) family 6 model 142 stepping 12 microcode 0xf4, cmov, cx8, fxsr, mmx, sse, sse2, sse3, ssse3, sse4.1, sse4.2, popcnt, vzeroupper, avx, avx2, aes, clmul, erms, 3dnowpref, lzcnt, ht, tsc, tscinvbit, bmi1, bmi2, adx, fma, clflush, clflushopt

Memory: 4k page, system-wide physical 16190M (7488M free)
TotalPageFile size 21054M (AvailPageFile size 8240M)
current process WorkingSet (physical memory assigned to process): 98M, peak: 100M
current process commit charge ("private bytes"): 373M, peak: 376M

vm_info: OpenJDK 64-Bit Server VM (15.0.2+7) for windows-amd64 JRE (15.0.2+7), built on Jan 21 2021 05:54:57 by "" with MS VC++ 15.9 (VS2017)

END.
