#
# A fatal error has been detected by the Java Runtime Environment:
#
#  EXCEPTION_ACCESS_VIOLATION (0xc0000005) at pc=0x00007ff94392f53d, pid=10132, tid=9144
#
# JRE version: OpenJDK Runtime Environment AdoptOpenJDK (15.0.2+7) (build 15.0.2+7)
# Java VM: OpenJDK 64-Bit Server VM AdoptOpenJDK (15.0.2+7, mixed mode, sharing, tiered, compressed oops, g1 gc, windows-amd64)
# Problematic frame:
# C  [jniLLVM.dll+0xeff53d]
#
# No core dump will be written. Minidumps are not enabled by default on client versions of Windows
#
# If you would like to submit a bug report, please visit:
#   https://github.com/AdoptOpenJDK/openjdk-support/issues
# The crash happened outside the Java Virtual Machine in native code.
# See problematic frame for where to report the bug.
#

---------------  S U M M A R Y ------------

Command Line: -javaagent:C:\Program Files\JetBrains\IntelliJ IDEA 2022.3\lib\idea_rt.jar=13912:C:\Program Files\JetBrains\IntelliJ IDEA 2022.3\bin -Dfile.encoding=UTF-8 Main tests/global-and-if-test2.sysy tests/global-and-if-test2.out

Host: Intel(R) Core(TM) i7-8565U CPU @ 1.80GHz, 8 cores, 15G,  Windows 10 , 64 bit Build 19041 (10.0.19041.2364)
Time: Fri Jan  6 12:05:01 2023 中国标准时间 elapsed time: 1.200464 seconds (0d 0h 0m 1s)

---------------  T H R E A D  ---------------

Current thread (0x000001d0f0c54190):  JavaThread "main" [_thread_in_native, id=9144, stack(0x0000006cf3b00000,0x0000006cf3c00000)]

Stack: [0x0000006cf3b00000,0x0000006cf3c00000],  sp=0x0000006cf3bff028,  free space=1020k
Native frames: (J=compiled Java code, j=interpreted, Vv=VM code, C=native code)
C  [jniLLVM.dll+0xeff53d]

Java frames: (J=compiled Java code, j=interpreted, Vv=VM code)
j  org.bytedeco.llvm.global.LLVM.LLVMSetInitializer(Lorg/bytedeco/llvm/LLVM/LLVMValueRef;Lorg/bytedeco/llvm/LLVM/LLVMValueRef;)V+0
j  LLVMIRVisitor.visitVarDecl(LSysYParser$VarDeclContext;)Lorg/bytedeco/llvm/LLVM/LLVMValueRef;+145
j  LLVMIRVisitor.visitVarDecl(LSysYParser$VarDeclContext;)Ljava/lang/Object;+2
j  SysYParser$VarDeclContext.accept(Lorg/antlr/v4/runtime/tree/ParseTreeVisitor;)Ljava/lang/Object;+12
j  org.antlr.v4.runtime.tree.AbstractParseTreeVisitor.visitChildren(Lorg/antlr/v4/runtime/tree/RuleNode;)Ljava/lang/Object;+46
j  SysYParserBaseVisitor.visitDecl(LSysYParser$DeclContext;)Ljava/lang/Object;+2
j  SysYParser$DeclContext.accept(Lorg/antlr/v4/runtime/tree/ParseTreeVisitor;)Ljava/lang/Object;+12
j  org.antlr.v4.runtime.tree.AbstractParseTreeVisitor.visitChildren(Lorg/antlr/v4/runtime/tree/RuleNode;)Ljava/lang/Object;+46
j  SysYParserBaseVisitor.visitCompUnit(LSysYParser$CompUnitContext;)Ljava/lang/Object;+2
j  SysYParser$CompUnitContext.accept(Lorg/antlr/v4/runtime/tree/ParseTreeVisitor;)Ljava/lang/Object;+12
j  org.antlr.v4.runtime.tree.AbstractParseTreeVisitor.visitChildren(Lorg/antlr/v4/runtime/tree/RuleNode;)Ljava/lang/Object;+46
j  SysYParserBaseVisitor.visitProgram(LSysYParser$ProgramContext;)Ljava/lang/Object;+2
j  LLVMIRVisitor.visitProgram(LSysYParser$ProgramContext;)Lorg/bytedeco/llvm/LLVM/LLVMValueRef;+19
j  LLVMIRVisitor.visitProgram(LSysYParser$ProgramContext;)Ljava/lang/Object;+2
j  SysYParser$ProgramContext.accept(Lorg/antlr/v4/runtime/tree/ParseTreeVisitor;)Ljava/lang/Object;+12
j  org.antlr.v4.runtime.tree.AbstractParseTreeVisitor.visit(Lorg/antlr/v4/runtime/tree/ParseTree;)Ljava/lang/Object;+2
j  Main.main([Ljava/lang/String;)V+54
v  ~StubRoutines::call_stub

siginfo: EXCEPTION_ACCESS_VIOLATION (0xc0000005), reading address 0x0000000000000010


Register to memory mapping:

RIP=0x00007ff94392f53d jniLLVM.dll
RAX=0x0 is NULL
RBX={method} {0x000001d0ffb92860} 'LLVMSetInitializer' '(Lorg/bytedeco/llvm/LLVM/LLVMValueRef;Lorg/bytedeco/llvm/LLVM/LLVMValueRef;)V' in 'org/bytedeco/llvm/global/LLVM'
RCX=0x0 is NULL
RDX=0x000001d098e30bf0 points into unknown readable memory: 0x000001d0985cc160 | 60 c1 5c 98 d0 01 00 00
RSP=0x0000006cf3bff028 is pointing into the stack for thread: 0x000001d0f0c54190
RBP=0x0000006cf3bff0b0 is pointing into the stack for thread: 0x000001d0f0c54190
RSI=0x0000000000000003 is an unknown value
RDI=0x000001d080009950 is at code_begin+208 in an Interpreter codelet
invoke return entry points  [0x000001d080009880, 0x000001d08000a280]  2560 bytes
R8 =0x0 is NULL
R9 =0x000001d098e30bf0 points into unknown readable memory: 0x000001d0985cc160 | 60 c1 5c 98 d0 01 00 00
R10=0x00007ff95a0880e0 jvm.dll
R11=0x0000000000000002 is an unknown value
R12=0x0 is NULL
R13={method} {0x000001d0ffb92860} 'LLVMSetInitializer' '(Lorg/bytedeco/llvm/LLVM/LLVMValueRef;Lorg/bytedeco/llvm/LLVM/LLVMValueRef;)V' in 'org/bytedeco/llvm/global/LLVM'
R14=0x0000006cf3bff0d8 is pointing into the stack for thread: 0x000001d0f0c54190
R15=0x000001d0f0c54190 is a thread


Registers:
RAX=0x0000000000000000, RBX=0x000001d0ffb92858, RCX=0x0000000000000000, RDX=0x000001d098e30bf0
RSP=0x0000006cf3bff028, RBP=0x0000006cf3bff0b0, RSI=0x0000000000000003, RDI=0x000001d080009950
R8 =0x0000000000000000, R9 =0x000001d098e30bf0, R10=0x00007ff95a0880e0, R11=0x0000000000000002
R12=0x0000000000000000, R13=0x000001d0ffb92858, R14=0x0000006cf3bff0d8, R15=0x000001d0f0c54190
RIP=0x00007ff94392f53d, EFLAGS=0x0000000000010206

Top of Stack: (sp=0x0000006cf3bff028)
0x0000006cf3bff028:   000001d08000f177 000001d0ffb92858
0x0000006cf3bff038:   0000006cf3bff0b0 0000000000000003
0x0000006cf3bff048:   0000000000000003 00000007031e39f8
0x0000006cf3bff058:   0000000800128648 000001d08000ee16
0x0000006cf3bff068:   0000006cf3bff068 000001d0ffb92858
0x0000006cf3bff078:   0000006cf3bff0d8 000001d0ffbd7788
0x0000006cf3bff088:   0000000000000000 00000007116015e8
0x0000006cf3bff098:   000001d0ffb92858 0000000000000000
0x0000006cf3bff0a8:   0000006cf3bff0d0 0000006cf3bff128
0x0000006cf3bff0b8:   000001d08000a1aa 00000007116015e8
0x0000006cf3bff0c8:   000001d08000c218 0000000712755f28
0x0000006cf3bff0d8:   0000000000000000 0000006cf3bff0e0
0x0000006cf3bff0e8:   000001d0ffb5fac9 0000006cf3bff198
0x0000006cf3bff0f8:   000001d0ffb70040 0000000000000000
0x0000006cf3bff108:   0000000711605a70 000001d0ffb5fd68
0x0000006cf3bff118:   0000006cf3bff0d0 0000006cf3bff190 

Instructions: (pc=0x00007ff94392f53d)
0x00007ff94392f43d:   38 48 8b d9 48 8b 49 28 33 ff 48 85 c0 48 0f 44
0x00007ff94392f44d:   df 48 83 c1 08 48 8b d3 e8 c6 5b 04 00 48 85 db
0x00007ff94392f45d:   48 8d 53 38 48 8b 5c 24 30 48 0f 44 d7 48 8b 42
0x00007ff94392f46d:   08 48 8b 0a 48 89 08 48 89 41 08 48 89 3a 48 89
0x00007ff94392f47d:   7a 08 48 83 c4 20 5f c3 cc cc cc cc cc cc cc cc
0x00007ff94392f48d:   cc cc cc 0f b7 c2 66 c1 e8 08 84 c0 74 14 0f b6
0x00007ff94392f49d:   c2 ba e0 ff 00 00 66 21 51 22 66 ff c0 66 09 41
0x00007ff94392f4ad:   22 c3 ba e0 ff 00 00 33 c0 66 21 51 22 66 09 41
0x00007ff94392f4bd:   22 c3 cc 4c 8b ca 4c 8b c1 48 8b c1 48 85 d2 75
0x00007ff94392f4cd:   6f 44 0f b6 49 10 41 80 f9 03 48 0f 45 c2 48 85
0x00007ff94392f4dd:   c0 74 0a 8b 40 14 25 ff ff ff 07 eb 1e 45 84 c9
0x00007ff94392f4ed:   48 0f 45 ca 48 85 c9 74 18 48 8d 41 58 48 3b 00
0x00007ff94392f4fd:   75 0f 0f b6 41 22 c0 e8 06 a8 01 0f 84 c0 00 00
0x00007ff94392f50d:   00 49 39 50 e0 74 1c 49 8b 48 f0 49 8b 40 e8 48
0x00007ff94392f51d:   89 01 49 8b 48 e8 48 85 c9 74 08 49 8b 40 f0 48
0x00007ff94392f52d:   89 41 10 49 89 50 e0 41 81 60 14 00 00 00 f8 c3
0x00007ff94392f53d:   44 0f b6 51 10 33 d2 41 80 fa 03 48 0f 45 c2 48
0x00007ff94392f54d:   85 c0 74 0a 8b 40 14 25 ff ff ff 07 eb 1e 45 84
0x00007ff94392f55d:   d2 48 0f 45 ca 48 85 c9 74 21 48 8d 41 58 48 3b
0x00007ff94392f56d:   00 75 18 0f b6 41 22 c0 e8 06 a8 01 75 0d 41 81
0x00007ff94392f57d:   60 14 01 00 00 f8 41 83 48 14 01 49 83 c0 e0 49
0x00007ff94392f58d:   39 10 74 1c 49 8b 48 10 49 8b 40 08 48 89 01 49
0x00007ff94392f59d:   8b 48 08 48 85 c9 74 08 49 8b 40 10 48 89 41 10
0x00007ff94392f5ad:   49 8d 41 08 4d 89 08 48 8b 08 49 8d 50 08 48 89
0x00007ff94392f5bd:   0a 48 85 c9 74 04 48 89 51 10 49 89 40 10 4c 89
0x00007ff94392f5cd:   00 c3 cc 48 89 5c 24 18 57 48 83 ec 40 8b 41 20
0x00007ff94392f5dd:   48 8b fa c1 e8 0f 48 8b d9 a8 01 75 07 48 83 7a
0x00007ff94392f5ed:   08 00 74 7e 48 89 74 24 58 48 8b 72 08 48 85 f6
0x00007ff94392f5fd:   74 30 0f 10 02 0f 29 44 24 20 e8 74 e1 f7 ff 4c
0x00007ff94392f60d:   8d 44 24 20 48 8d 54 24 30 48 8b 08 48 81 c1 20
0x00007ff94392f61d:   08 00 00 e8 7b 5f df 00 0f 10 00 0f 11 07 48 8b
0x00007ff94392f62d:   77 08 48 8b cb 48 89 5c 24 50 e8 44 e1 f7 ff 48 


Stack slot to memory mapping:
stack at sp + 0 slots: 0x000001d08000f177 is at code_begin+1047 in an Interpreter codelet
method entry point (kind = native)  [0x000001d08000ed60, 0x000001d08000f7e0]  2688 bytes
stack at sp + 1 slots: {method} {0x000001d0ffb92860} 'LLVMSetInitializer' '(Lorg/bytedeco/llvm/LLVM/LLVMValueRef;Lorg/bytedeco/llvm/LLVM/LLVMValueRef;)V' in 'org/bytedeco/llvm/global/LLVM'
stack at sp + 2 slots: 0x0000006cf3bff0b0 is pointing into the stack for thread: 0x000001d0f0c54190
stack at sp + 3 slots: 0x0000000000000003 is an unknown value
stack at sp + 4 slots: 0x0000000000000003 is an unknown value
stack at sp + 5 slots: 0x00000007031e39f8 is an oop: java.lang.Class 
{0x00000007031e39f8} - klass: 'java/lang/Class'
stack at sp + 6 slots: {method} {0x0000000800128650} 'emptyIterator' '()Ljava/util/Iterator;' in 'java/util/Collections'
stack at sp + 7 slots: 0x000001d08000ee16 is at code_begin+182 in an Interpreter codelet
method entry point (kind = native)  [0x000001d08000ed60, 0x000001d08000f7e0]  2688 bytes


---------------  P R O C E S S  ---------------

Threads class SMR info:
_java_thread_list=0x000001d0977a3860, length=15, elements={
0x000001d0f0c54190, 0x000001d0ff66aa50, 0x000001d0ff66bcd0, 0x000001d096e887d0,
0x000001d096e8b0a0, 0x000001d096e8ca70, 0x000001d096e90680, 0x000001d096e91430,
0x000001d096e91d30, 0x000001d096f9f620, 0x000001d0970d97d0, 0x000001d0970d9ce0,
0x000001d097213c50, 0x000001d097214120, 0x000001d0978c3a90
}

Java Threads: ( => current thread )
=>0x000001d0f0c54190 JavaThread "main" [_thread_in_native, id=9144, stack(0x0000006cf3b00000,0x0000006cf3c00000)]
  0x000001d0ff66aa50 JavaThread "Reference Handler" daemon [_thread_blocked, id=12072, stack(0x0000006cf4200000,0x0000006cf4300000)]
  0x000001d0ff66bcd0 JavaThread "Finalizer" daemon [_thread_blocked, id=10304, stack(0x0000006cf4300000,0x0000006cf4400000)]
  0x000001d096e887d0 JavaThread "Signal Dispatcher" daemon [_thread_blocked, id=5084, stack(0x0000006cf4400000,0x0000006cf4500000)]
  0x000001d096e8b0a0 JavaThread "Attach Listener" daemon [_thread_blocked, id=7972, stack(0x0000006cf4500000,0x0000006cf4600000)]
  0x000001d096e8ca70 JavaThread "Service Thread" daemon [_thread_blocked, id=2892, stack(0x0000006cf4600000,0x0000006cf4700000)]
  0x000001d096e90680 JavaThread "C2 CompilerThread0" daemon [_thread_blocked, id=3088, stack(0x0000006cf4700000,0x0000006cf4800000)]
  0x000001d096e91430 JavaThread "C1 CompilerThread0" daemon [_thread_blocked, id=10576, stack(0x0000006cf4800000,0x0000006cf4900000)]
  0x000001d096e91d30 JavaThread "Sweeper thread" daemon [_thread_blocked, id=15000, stack(0x0000006cf4900000,0x0000006cf4a00000)]
  0x000001d096f9f620 JavaThread "Common-Cleaner" daemon [_thread_blocked, id=8384, stack(0x0000006cf4a00000,0x0000006cf4b00000)]
  0x000001d0970d97d0 JavaThread "C2 CompilerThread1" daemon [_thread_blocked, id=1268, stack(0x0000006cf4b00000,0x0000006cf4c00000)]
  0x000001d0970d9ce0 JavaThread "C2 CompilerThread2" daemon [_thread_blocked, id=3976, stack(0x0000006cf4c00000,0x0000006cf4d00000)]
  0x000001d097213c50 JavaThread "Monitor Ctrl-Break" daemon [_thread_in_native, id=13040, stack(0x0000006cf4d00000,0x0000006cf4e00000)]
  0x000001d097214120 JavaThread "Notification Thread" daemon [_thread_blocked, id=3244, stack(0x0000006cf4e00000,0x0000006cf4f00000)]
  0x000001d0978c3a90 JavaThread "JavaCPP Deallocator" daemon [_thread_blocked, id=10852, stack(0x0000006cf5500000,0x0000006cf5600000)]

Other Threads:
  0x000001d0ff667b10 VMThread "VM Thread" [stack: 0x0000006cf4100000,0x0000006cf4200000] [id=11400]
  0x000001d097167840 WatcherThread [stack: 0x0000006cf4f00000,0x0000006cf5000000] [id=13452]
  0x000001d0f0ca30d0 GCTaskThread "GC Thread#0" [stack: 0x0000006cf3c00000,0x0000006cf3d00000] [id=13268]
  0x000001d097477e70 GCTaskThread "GC Thread#1" [stack: 0x0000006cf5000000,0x0000006cf5100000] [id=5692]
  0x000001d0974774e0 GCTaskThread "GC Thread#2" [stack: 0x0000006cf5100000,0x0000006cf5200000] [id=9012]
  0x000001d097476e80 GCTaskThread "GC Thread#3" [stack: 0x0000006cf5200000,0x0000006cf5300000] [id=16792]
  0x000001d097477810 GCTaskThread "GC Thread#4" [stack: 0x0000006cf5300000,0x0000006cf5400000] [id=6852]
  0x000001d0974771b0 GCTaskThread "GC Thread#5" [stack: 0x0000006cf5400000,0x0000006cf5500000] [id=12972]
  0x000001d0f0cb56e0 ConcurrentGCThread "G1 Main Marker" [stack: 0x0000006cf3d00000,0x0000006cf3e00000] [id=1912]
  0x000001d0f0cb61e0 ConcurrentGCThread "G1 Conc#0" [stack: 0x0000006cf3e00000,0x0000006cf3f00000] [id=12688]
  0x000001d0ff4e20c0 ConcurrentGCThread "G1 Refine#0" [stack: 0x0000006cf3f00000,0x0000006cf4000000] [id=5600]
  0x000001d0ff4e2bd0 ConcurrentGCThread "G1 Young RemSet Sampling" [stack: 0x0000006cf4000000,0x0000006cf4100000] [id=1648]

Threads with active compile tasks:

VM state: not at safepoint (normal execution)

VM Mutex/Monitor currently owned by a thread: None

Heap address: 0x0000000703000000, size: 4048 MB, Compressed Oops mode: Zero based, Oop shift amount: 3
CDS archive(s) mapped at: [0x0000000800000000-0x0000000800b50000-0x0000000800b50000), size 11862016, SharedBaseAddress: 0x0000000800000000, ArchiveRelocationMode: 0.
Compressed class space mapped at: 0x0000000800b50000-0x0000000840b50000, size: 1073741824
Narrow klass base: 0x0000000800000000, Narrow klass shift: 3, Narrow klass range: 0x100000000

GC Precious Log:
 CPUs: 8 total, 8 available
 Memory: 16190M
 Large Page Support: Disabled
 NUMA Support: Disabled
 Compressed Oops: Enabled (Zero based)
 Heap Region Size: 2M
 Heap Min Capacity: 8M
 Heap Initial Capacity: 254M
 Heap Max Capacity: 4048M
 Pre-touch: Disabled
 Parallel Workers: 8
 Concurrent Workers: 2
 Concurrent Refinement Workers: 8
 Periodic GC: Disabled

Heap:
 garbage-first heap   total 260096K, used 12379K [0x0000000703000000, 0x0000000800000000)
  region size 2048K, 6 young (12288K), 2 survivors (4096K)
 Metaspace       used 4350K, capacity 6525K, committed 6656K, reserved 1056768K
  class space    used 448K, capacity 659K, committed 768K, reserved 1048576K

Heap Regions: E=young(eden), S=young(survivor), O=old, HS=humongous(starts), HC=humongous(continues), CS=collection set, F=free, OA=open archive, CA=closed archive, TAMS=top-at-mark-start (previous, next)
|   0|0x0000000703000000, 0x0000000703200000, 0x0000000703200000|100%| O|  |TAMS 0x0000000703000000, 0x0000000703000000| Untracked 
|   1|0x0000000703200000, 0x0000000703216e00, 0x0000000703400000|  4%| O|  |TAMS 0x0000000703200000, 0x0000000703200000| Untracked 
|   2|0x0000000703400000, 0x0000000703400000, 0x0000000703600000|  0%| F|  |TAMS 0x0000000703400000, 0x0000000703400000| Untracked 
|   3|0x0000000703600000, 0x0000000703600000, 0x0000000703800000|  0%| F|  |TAMS 0x0000000703600000, 0x0000000703600000| Untracked 
|   4|0x0000000703800000, 0x0000000703800000, 0x0000000703a00000|  0%| F|  |TAMS 0x0000000703800000, 0x0000000703800000| Untracked 
|   5|0x0000000703a00000, 0x0000000703a00000, 0x0000000703c00000|  0%| F|  |TAMS 0x0000000703a00000, 0x0000000703a00000| Untracked 
|   6|0x0000000703c00000, 0x0000000703c00000, 0x0000000703e00000|  0%| F|  |TAMS 0x0000000703c00000, 0x0000000703c00000| Untracked 
|   7|0x0000000703e00000, 0x0000000703e00000, 0x0000000704000000|  0%| F|  |TAMS 0x0000000703e00000, 0x0000000703e00000| Untracked 
|   8|0x0000000704000000, 0x0000000704000000, 0x0000000704200000|  0%| F|  |TAMS 0x0000000704000000, 0x0000000704000000| Untracked 
|   9|0x0000000704200000, 0x0000000704200000, 0x0000000704400000|  0%| F|  |TAMS 0x0000000704200000, 0x0000000704200000| Untracked 
|  10|0x0000000704400000, 0x0000000704400000, 0x0000000704600000|  0%| F|  |TAMS 0x0000000704400000, 0x0000000704400000| Untracked 
|  11|0x0000000704600000, 0x0000000704600000, 0x0000000704800000|  0%| F|  |TAMS 0x0000000704600000, 0x0000000704600000| Untracked 
|  12|0x0000000704800000, 0x0000000704800000, 0x0000000704a00000|  0%| F|  |TAMS 0x0000000704800000, 0x0000000704800000| Untracked 
|  13|0x0000000704a00000, 0x0000000704a00000, 0x0000000704c00000|  0%| F|  |TAMS 0x0000000704a00000, 0x0000000704a00000| Untracked 
|  14|0x0000000704c00000, 0x0000000704c00000, 0x0000000704e00000|  0%| F|  |TAMS 0x0000000704c00000, 0x0000000704c00000| Untracked 
|  15|0x0000000704e00000, 0x0000000704e00000, 0x0000000705000000|  0%| F|  |TAMS 0x0000000704e00000, 0x0000000704e00000| Untracked 
|  16|0x0000000705000000, 0x0000000705000000, 0x0000000705200000|  0%| F|  |TAMS 0x0000000705000000, 0x0000000705000000| Untracked 
|  17|0x0000000705200000, 0x0000000705200000, 0x0000000705400000|  0%| F|  |TAMS 0x0000000705200000, 0x0000000705200000| Untracked 
|  18|0x0000000705400000, 0x0000000705400000, 0x0000000705600000|  0%| F|  |TAMS 0x0000000705400000, 0x0000000705400000| Untracked 
|  19|0x0000000705600000, 0x0000000705600000, 0x0000000705800000|  0%| F|  |TAMS 0x0000000705600000, 0x0000000705600000| Untracked 
|  20|0x0000000705800000, 0x0000000705800000, 0x0000000705a00000|  0%| F|  |TAMS 0x0000000705800000, 0x0000000705800000| Untracked 
|  21|0x0000000705a00000, 0x0000000705a00000, 0x0000000705c00000|  0%| F|  |TAMS 0x0000000705a00000, 0x0000000705a00000| Untracked 
|  22|0x0000000705c00000, 0x0000000705c00000, 0x0000000705e00000|  0%| F|  |TAMS 0x0000000705c00000, 0x0000000705c00000| Untracked 
|  23|0x0000000705e00000, 0x0000000705e00000, 0x0000000706000000|  0%| F|  |TAMS 0x0000000705e00000, 0x0000000705e00000| Untracked 
|  24|0x0000000706000000, 0x0000000706000000, 0x0000000706200000|  0%| F|  |TAMS 0x0000000706000000, 0x0000000706000000| Untracked 
|  25|0x0000000706200000, 0x0000000706200000, 0x0000000706400000|  0%| F|  |TAMS 0x0000000706200000, 0x0000000706200000| Untracked 
|  26|0x0000000706400000, 0x0000000706400000, 0x0000000706600000|  0%| F|  |TAMS 0x0000000706400000, 0x0000000706400000| Untracked 
|  27|0x0000000706600000, 0x0000000706600000, 0x0000000706800000|  0%| F|  |TAMS 0x0000000706600000, 0x0000000706600000| Untracked 
|  28|0x0000000706800000, 0x0000000706800000, 0x0000000706a00000|  0%| F|  |TAMS 0x0000000706800000, 0x0000000706800000| Untracked 
|  29|0x0000000706a00000, 0x0000000706a00000, 0x0000000706c00000|  0%| F|  |TAMS 0x0000000706a00000, 0x0000000706a00000| Untracked 
|  30|0x0000000706c00000, 0x0000000706c00000, 0x0000000706e00000|  0%| F|  |TAMS 0x0000000706c00000, 0x0000000706c00000| Untracked 
|  31|0x0000000706e00000, 0x0000000706e00000, 0x0000000707000000|  0%| F|  |TAMS 0x0000000706e00000, 0x0000000706e00000| Untracked 
|  32|0x0000000707000000, 0x0000000707000000, 0x0000000707200000|  0%| F|  |TAMS 0x0000000707000000, 0x0000000707000000| Untracked 
|  33|0x0000000707200000, 0x0000000707200000, 0x0000000707400000|  0%| F|  |TAMS 0x0000000707200000, 0x0000000707200000| Untracked 
|  34|0x0000000707400000, 0x0000000707400000, 0x0000000707600000|  0%| F|  |TAMS 0x0000000707400000, 0x0000000707400000| Untracked 
|  35|0x0000000707600000, 0x0000000707600000, 0x0000000707800000|  0%| F|  |TAMS 0x0000000707600000, 0x0000000707600000| Untracked 
|  36|0x0000000707800000, 0x0000000707800000, 0x0000000707a00000|  0%| F|  |TAMS 0x0000000707800000, 0x0000000707800000| Untracked 
|  37|0x0000000707a00000, 0x0000000707a00000, 0x0000000707c00000|  0%| F|  |TAMS 0x0000000707a00000, 0x0000000707a00000| Untracked 
|  38|0x0000000707c00000, 0x0000000707c00000, 0x0000000707e00000|  0%| F|  |TAMS 0x0000000707c00000, 0x0000000707c00000| Untracked 
|  39|0x0000000707e00000, 0x0000000707e00000, 0x0000000708000000|  0%| F|  |TAMS 0x0000000707e00000, 0x0000000707e00000| Untracked 
|  40|0x0000000708000000, 0x0000000708000000, 0x0000000708200000|  0%| F|  |TAMS 0x0000000708000000, 0x0000000708000000| Untracked 
|  41|0x0000000708200000, 0x0000000708200000, 0x0000000708400000|  0%| F|  |TAMS 0x0000000708200000, 0x0000000708200000| Untracked 
|  42|0x0000000708400000, 0x0000000708400000, 0x0000000708600000|  0%| F|  |TAMS 0x0000000708400000, 0x0000000708400000| Untracked 
|  43|0x0000000708600000, 0x0000000708600000, 0x0000000708800000|  0%| F|  |TAMS 0x0000000708600000, 0x0000000708600000| Untracked 
|  44|0x0000000708800000, 0x0000000708800000, 0x0000000708a00000|  0%| F|  |TAMS 0x0000000708800000, 0x0000000708800000| Untracked 
|  45|0x0000000708a00000, 0x0000000708a00000, 0x0000000708c00000|  0%| F|  |TAMS 0x0000000708a00000, 0x0000000708a00000| Untracked 
|  46|0x0000000708c00000, 0x0000000708c00000, 0x0000000708e00000|  0%| F|  |TAMS 0x0000000708c00000, 0x0000000708c00000| Untracked 
|  47|0x0000000708e00000, 0x0000000708e00000, 0x0000000709000000|  0%| F|  |TAMS 0x0000000708e00000, 0x0000000708e00000| Untracked 
|  48|0x0000000709000000, 0x0000000709000000, 0x0000000709200000|  0%| F|  |TAMS 0x0000000709000000, 0x0000000709000000| Untracked 
|  49|0x0000000709200000, 0x0000000709200000, 0x0000000709400000|  0%| F|  |TAMS 0x0000000709200000, 0x0000000709200000| Untracked 
|  50|0x0000000709400000, 0x0000000709400000, 0x0000000709600000|  0%| F|  |TAMS 0x0000000709400000, 0x0000000709400000| Untracked 
|  51|0x0000000709600000, 0x0000000709600000, 0x0000000709800000|  0%| F|  |TAMS 0x0000000709600000, 0x0000000709600000| Untracked 
|  52|0x0000000709800000, 0x0000000709800000, 0x0000000709a00000|  0%| F|  |TAMS 0x0000000709800000, 0x0000000709800000| Untracked 
|  53|0x0000000709a00000, 0x0000000709a00000, 0x0000000709c00000|  0%| F|  |TAMS 0x0000000709a00000, 0x0000000709a00000| Untracked 
|  54|0x0000000709c00000, 0x0000000709c00000, 0x0000000709e00000|  0%| F|  |TAMS 0x0000000709c00000, 0x0000000709c00000| Untracked 
|  55|0x0000000709e00000, 0x0000000709e00000, 0x000000070a000000|  0%| F|  |TAMS 0x0000000709e00000, 0x0000000709e00000| Untracked 
|  56|0x000000070a000000, 0x000000070a000000, 0x000000070a200000|  0%| F|  |TAMS 0x000000070a000000, 0x000000070a000000| Untracked 
|  57|0x000000070a200000, 0x000000070a200000, 0x000000070a400000|  0%| F|  |TAMS 0x000000070a200000, 0x000000070a200000| Untracked 
|  58|0x000000070a400000, 0x000000070a400000, 0x000000070a600000|  0%| F|  |TAMS 0x000000070a400000, 0x000000070a400000| Untracked 
|  59|0x000000070a600000, 0x000000070a600000, 0x000000070a800000|  0%| F|  |TAMS 0x000000070a600000, 0x000000070a600000| Untracked 
|  60|0x000000070a800000, 0x000000070a800000, 0x000000070aa00000|  0%| F|  |TAMS 0x000000070a800000, 0x000000070a800000| Untracked 
|  61|0x000000070aa00000, 0x000000070aa00000, 0x000000070ac00000|  0%| F|  |TAMS 0x000000070aa00000, 0x000000070aa00000| Untracked 
|  62|0x000000070ac00000, 0x000000070ac00000, 0x000000070ae00000|  0%| F|  |TAMS 0x000000070ac00000, 0x000000070ac00000| Untracked 
|  63|0x000000070ae00000, 0x000000070ae00000, 0x000000070b000000|  0%| F|  |TAMS 0x000000070ae00000, 0x000000070ae00000| Untracked 
|  64|0x000000070b000000, 0x000000070b000000, 0x000000070b200000|  0%| F|  |TAMS 0x000000070b000000, 0x000000070b000000| Untracked 
|  65|0x000000070b200000, 0x000000070b200000, 0x000000070b400000|  0%| F|  |TAMS 0x000000070b200000, 0x000000070b200000| Untracked 
|  66|0x000000070b400000, 0x000000070b400000, 0x000000070b600000|  0%| F|  |TAMS 0x000000070b400000, 0x000000070b400000| Untracked 
|  67|0x000000070b600000, 0x000000070b600000, 0x000000070b800000|  0%| F|  |TAMS 0x000000070b600000, 0x000000070b600000| Untracked 
|  68|0x000000070b800000, 0x000000070b800000, 0x000000070ba00000|  0%| F|  |TAMS 0x000000070b800000, 0x000000070b800000| Untracked 
|  69|0x000000070ba00000, 0x000000070ba00000, 0x000000070bc00000|  0%| F|  |TAMS 0x000000070ba00000, 0x000000070ba00000| Untracked 
|  70|0x000000070bc00000, 0x000000070bc00000, 0x000000070be00000|  0%| F|  |TAMS 0x000000070bc00000, 0x000000070bc00000| Untracked 
|  71|0x000000070be00000, 0x000000070be00000, 0x000000070c000000|  0%| F|  |TAMS 0x000000070be00000, 0x000000070be00000| Untracked 
|  72|0x000000070c000000, 0x000000070c000000, 0x000000070c200000|  0%| F|  |TAMS 0x000000070c000000, 0x000000070c000000| Untracked 
|  73|0x000000070c200000, 0x000000070c200000, 0x000000070c400000|  0%| F|  |TAMS 0x000000070c200000, 0x000000070c200000| Untracked 
|  74|0x000000070c400000, 0x000000070c400000, 0x000000070c600000|  0%| F|  |TAMS 0x000000070c400000, 0x000000070c400000| Untracked 
|  75|0x000000070c600000, 0x000000070c600000, 0x000000070c800000|  0%| F|  |TAMS 0x000000070c600000, 0x000000070c600000| Untracked 
|  76|0x000000070c800000, 0x000000070c800000, 0x000000070ca00000|  0%| F|  |TAMS 0x000000070c800000, 0x000000070c800000| Untracked 
|  77|0x000000070ca00000, 0x000000070ca00000, 0x000000070cc00000|  0%| F|  |TAMS 0x000000070ca00000, 0x000000070ca00000| Untracked 
|  78|0x000000070cc00000, 0x000000070cc00000, 0x000000070ce00000|  0%| F|  |TAMS 0x000000070cc00000, 0x000000070cc00000| Untracked 
|  79|0x000000070ce00000, 0x000000070ce00000, 0x000000070d000000|  0%| F|  |TAMS 0x000000070ce00000, 0x000000070ce00000| Untracked 
|  80|0x000000070d000000, 0x000000070d000000, 0x000000070d200000|  0%| F|  |TAMS 0x000000070d000000, 0x000000070d000000| Untracked 
|  81|0x000000070d200000, 0x000000070d200000, 0x000000070d400000|  0%| F|  |TAMS 0x000000070d200000, 0x000000070d200000| Untracked 
|  82|0x000000070d400000, 0x000000070d400000, 0x000000070d600000|  0%| F|  |TAMS 0x000000070d400000, 0x000000070d400000| Untracked 
|  83|0x000000070d600000, 0x000000070d600000, 0x000000070d800000|  0%| F|  |TAMS 0x000000070d600000, 0x000000070d600000| Untracked 
|  84|0x000000070d800000, 0x000000070d800000, 0x000000070da00000|  0%| F|  |TAMS 0x000000070d800000, 0x000000070d800000| Untracked 
|  85|0x000000070da00000, 0x000000070da00000, 0x000000070dc00000|  0%| F|  |TAMS 0x000000070da00000, 0x000000070da00000| Untracked 
|  86|0x000000070dc00000, 0x000000070dc00000, 0x000000070de00000|  0%| F|  |TAMS 0x000000070dc00000, 0x000000070dc00000| Untracked 
|  87|0x000000070de00000, 0x000000070de00000, 0x000000070e000000|  0%| F|  |TAMS 0x000000070de00000, 0x000000070de00000| Untracked 
|  88|0x000000070e000000, 0x000000070e000000, 0x000000070e200000|  0%| F|  |TAMS 0x000000070e000000, 0x000000070e000000| Untracked 
|  89|0x000000070e200000, 0x000000070e200000, 0x000000070e400000|  0%| F|  |TAMS 0x000000070e200000, 0x000000070e200000| Untracked 
|  90|0x000000070e400000, 0x000000070e400000, 0x000000070e600000|  0%| F|  |TAMS 0x000000070e400000, 0x000000070e400000| Untracked 
|  91|0x000000070e600000, 0x000000070e600000, 0x000000070e800000|  0%| F|  |TAMS 0x000000070e600000, 0x000000070e600000| Untracked 
|  92|0x000000070e800000, 0x000000070e800000, 0x000000070ea00000|  0%| F|  |TAMS 0x000000070e800000, 0x000000070e800000| Untracked 
|  93|0x000000070ea00000, 0x000000070ea00000, 0x000000070ec00000|  0%| F|  |TAMS 0x000000070ea00000, 0x000000070ea00000| Untracked 
|  94|0x000000070ec00000, 0x000000070ec00000, 0x000000070ee00000|  0%| F|  |TAMS 0x000000070ec00000, 0x000000070ec00000| Untracked 
|  95|0x000000070ee00000, 0x000000070ee00000, 0x000000070f000000|  0%| F|  |TAMS 0x000000070ee00000, 0x000000070ee00000| Untracked 
|  96|0x000000070f000000, 0x000000070f000000, 0x000000070f200000|  0%| F|  |TAMS 0x000000070f000000, 0x000000070f000000| Untracked 
|  97|0x000000070f200000, 0x000000070f200000, 0x000000070f400000|  0%| F|  |TAMS 0x000000070f200000, 0x000000070f200000| Untracked 
|  98|0x000000070f400000, 0x000000070f400000, 0x000000070f600000|  0%| F|  |TAMS 0x000000070f400000, 0x000000070f400000| Untracked 
|  99|0x000000070f600000, 0x000000070f600000, 0x000000070f800000|  0%| F|  |TAMS 0x000000070f600000, 0x000000070f600000| Untracked 
| 100|0x000000070f800000, 0x000000070f800000, 0x000000070fa00000|  0%| F|  |TAMS 0x000000070f800000, 0x000000070f800000| Untracked 
| 101|0x000000070fa00000, 0x000000070fa00000, 0x000000070fc00000|  0%| F|  |TAMS 0x000000070fa00000, 0x000000070fa00000| Untracked 
| 102|0x000000070fc00000, 0x000000070fc00000, 0x000000070fe00000|  0%| F|  |TAMS 0x000000070fc00000, 0x000000070fc00000| Untracked 
| 103|0x000000070fe00000, 0x000000070fe00000, 0x0000000710000000|  0%| F|  |TAMS 0x000000070fe00000, 0x000000070fe00000| Untracked 
| 104|0x0000000710000000, 0x0000000710000000, 0x0000000710200000|  0%| F|  |TAMS 0x0000000710000000, 0x0000000710000000| Untracked 
| 105|0x0000000710200000, 0x0000000710200000, 0x0000000710400000|  0%| F|  |TAMS 0x0000000710200000, 0x0000000710200000| Untracked 
| 106|0x0000000710400000, 0x0000000710400000, 0x0000000710600000|  0%| F|  |TAMS 0x0000000710400000, 0x0000000710400000| Untracked 
| 107|0x0000000710600000, 0x0000000710600000, 0x0000000710800000|  0%| F|  |TAMS 0x0000000710600000, 0x0000000710600000| Untracked 
| 108|0x0000000710800000, 0x0000000710800000, 0x0000000710a00000|  0%| F|  |TAMS 0x0000000710800000, 0x0000000710800000| Untracked 
| 109|0x0000000710a00000, 0x0000000710a00000, 0x0000000710c00000|  0%| F|  |TAMS 0x0000000710a00000, 0x0000000710a00000| Untracked 
| 110|0x0000000710c00000, 0x0000000710c00000, 0x0000000710e00000|  0%| F|  |TAMS 0x0000000710c00000, 0x0000000710c00000| Untracked 
| 111|0x0000000710e00000, 0x0000000710e00000, 0x0000000711000000|  0%| F|  |TAMS 0x0000000710e00000, 0x0000000710e00000| Untracked 
| 112|0x0000000711000000, 0x0000000711000000, 0x0000000711200000|  0%| F|  |TAMS 0x0000000711000000, 0x0000000711000000| Untracked 
| 113|0x0000000711200000, 0x0000000711200000, 0x0000000711400000|  0%| F|  |TAMS 0x0000000711200000, 0x0000000711200000| Untracked 
| 114|0x0000000711400000, 0x0000000711600000, 0x0000000711600000|100%| S|CS|TAMS 0x0000000711400000, 0x0000000711400000| Complete 
| 115|0x0000000711600000, 0x0000000711800000, 0x0000000711800000|100%| S|CS|TAMS 0x0000000711600000, 0x0000000711600000| Complete 
| 116|0x0000000711800000, 0x0000000711800000, 0x0000000711a00000|  0%| F|  |TAMS 0x0000000711800000, 0x0000000711800000| Untracked 
| 117|0x0000000711a00000, 0x0000000711a00000, 0x0000000711c00000|  0%| F|  |TAMS 0x0000000711a00000, 0x0000000711a00000| Untracked 
| 118|0x0000000711c00000, 0x0000000711c00000, 0x0000000711e00000|  0%| F|  |TAMS 0x0000000711c00000, 0x0000000711c00000| Untracked 
| 119|0x0000000711e00000, 0x0000000711e00000, 0x0000000712000000|  0%| F|  |TAMS 0x0000000711e00000, 0x0000000711e00000| Untracked 
| 120|0x0000000712000000, 0x0000000712000000, 0x0000000712200000|  0%| F|  |TAMS 0x0000000712000000, 0x0000000712000000| Untracked 
| 121|0x0000000712200000, 0x0000000712200000, 0x0000000712400000|  0%| F|  |TAMS 0x0000000712200000, 0x0000000712200000| Untracked 
| 122|0x0000000712400000, 0x0000000712400000, 0x0000000712600000|  0%| F|  |TAMS 0x0000000712400000, 0x0000000712400000| Untracked 
| 123|0x0000000712600000, 0x00000007127e7e08, 0x0000000712800000| 95%| E|  |TAMS 0x0000000712600000, 0x0000000712600000| Complete 
| 124|0x0000000712800000, 0x0000000712a00000, 0x0000000712a00000|100%| E|CS|TAMS 0x0000000712800000, 0x0000000712800000| Complete 
| 125|0x0000000712a00000, 0x0000000712c00000, 0x0000000712c00000|100%| E|CS|TAMS 0x0000000712a00000, 0x0000000712a00000| Complete 
| 126|0x0000000712c00000, 0x0000000712e00000, 0x0000000712e00000|100%| E|CS|TAMS 0x0000000712c00000, 0x0000000712c00000| Complete 

Card table byte_map: [0x000001d0fbb90000,0x000001d0fc380000] _byte_map_base: 0x000001d0f8378000

Marking Bits (Prev, Next): (CMBitMap*) 0x000001d0f0ca3850, (CMBitMap*) 0x000001d0f0ca3890
 Prev Bits: [0x000001d08f000000, 0x000001d092f40000)
 Next Bits: [0x000001d092f40000, 0x000001d096e80000)

Polling page: 0x000001d0f0d30000

Metaspace:

Usage:
  Non-class:      5.73 MB capacity,     3.81 MB ( 67%) used,     1.92 MB ( 33%) free+waste,     3.25 KB ( <1%) overhead. 
      Class:    659.00 KB capacity,   448.39 KB ( 68%) used,   209.17 KB ( 32%) free+waste,     1.44 KB ( <1%) overhead. 
       Both:      6.37 MB capacity,     4.25 MB ( 67%) used,     2.12 MB ( 33%) free+waste,     4.69 KB ( <1%) overhead. 

Virtual space:
  Non-class space:        8.00 MB reserved,       5.75 MB ( 72%) committed 
      Class space:        1.00 GB reserved,     768.00 KB ( <1%) committed 
             Both:        1.01 GB reserved,       6.50 MB ( <1%) committed 

Chunk freelists:
   Non-Class:  22.00 KB
       Class:  13.00 KB
        Both:  35.00 KB

MaxMetaspaceSize: 17179869184.00 GB
CompressedClassSpaceSize: 1.00 GB

CodeHeap 'non-profiled nmethods': size=120000Kb used=454Kb max_used=454Kb free=119545Kb
 bounds [0x000001d087ad0000, 0x000001d087d40000, 0x000001d08f000000]
CodeHeap 'profiled nmethods': size=120000Kb used=2037Kb max_used=2037Kb free=117962Kb
 bounds [0x000001d0805a0000, 0x000001d080810000, 0x000001d087ad0000]
CodeHeap 'non-nmethods': size=5760Kb used=1179Kb max_used=1235Kb free=4580Kb
 bounds [0x000001d080000000, 0x000001d080270000, 0x000001d0805a0000]
 total_blobs=1456 nmethods=1017 adapters=352
 compilation: enabled
              stopped_count=0, restarted_count=0
 full_count=0

Compilation events (20 events):
Event: 1.166 Thread 0x000001d096e91430  999   !   3       jdk.internal.loader.BuiltinClassLoader::defineOrCheckPackage (94 bytes)
Event: 1.167 Thread 0x000001d096e91430 nmethod 999 0x000001d080794b90 code [0x000001d080794e00, 0x000001d080795778]
Event: 1.167 Thread 0x000001d0970d9ce0 nmethod 901 0x000001d087b34110 code [0x000001d087b342a0, 0x000001d087b34508]
Event: 1.167 Thread 0x000001d0970d9ce0  904       4       java.lang.String::endsWith (15 bytes)
Event: 1.171 Thread 0x000001d096e91430 1000       3       java.lang.ClassLoader::definePackage (85 bytes)
Event: 1.173 Thread 0x000001d096e90680 nmethod 878 0x000001d087b34690 code [0x000001d087b349e0, 0x000001d087b38bc0]
Event: 1.173 Thread 0x000001d096e90680  918       4       java.nio.ByteBuffer::position (8 bytes)
Event: 1.173 Thread 0x000001d096e91430 nmethod 1000 0x000001d080795a90 code [0x000001d080795d60, 0x000001d080796cb8]
Event: 1.173 Thread 0x000001d096e91430 1001       3       java.lang.Package::isSealed (26 bytes)
Event: 1.174 Thread 0x000001d096e91430 nmethod 1001 0x000001d080797110 code [0x000001d0807972c0, 0x000001d0807975d8]
Event: 1.174 Thread 0x000001d096e90680 nmethod 918 0x000001d087b3b090 code [0x000001d087b3b200, 0x000001d087b3b2b8]
Event: 1.175 Thread 0x000001d0970d9ce0 nmethod 904 0x000001d087b3b390 code [0x000001d087b3b520, 0x000001d087b3b778]
Event: 1.175 Thread 0x000001d0970d9ce0 1002       4       java.util.concurrent.ConcurrentHashMap$Traverser::advance (188 bytes)
Event: 1.175 Thread 0x000001d096e91430 1003       3       jdk.internal.loader.NativeLibraries$NativeLibraryImpl::find (6 bytes)
Event: 1.175 Thread 0x000001d096e91430 nmethod 1003 0x000001d080797710 code [0x000001d0807978c0, 0x000001d0807979e8]
Event: 1.177 Thread 0x000001d096e91430 1005       3       sun.util.locale.LocaleUtils::isUpper (18 bytes)
Event: 1.177 Thread 0x000001d0970d97d0 nmethod 947 0x000001d087b3be10 code [0x000001d087b3c0c0, 0x000001d087b3e740]
Event: 1.178 Thread 0x000001d096e91430 nmethod 1005 0x000001d080797a90 code [0x000001d080797c20, 0x000001d080797d98]
Event: 1.178 Thread 0x000001d096e91430 1006       1       sun.util.locale.BaseLocale::getLanguage (5 bytes)
Event: 1.178 Thread 0x000001d096e91430 nmethod 1006 0x000001d087b3ff90 code [0x000001d087b40120, 0x000001d087b401d8]

GC Heap History (2 events):
Event: 0.884 GC heap before
{Heap before GC invocations=0 (full 0):
 garbage-first heap   total 260096K, used 22528K [0x0000000703000000, 0x0000000800000000)
  region size 2048K, 11 young (22528K), 0 survivors (0K)
 Metaspace       used 3571K, capacity 6163K, committed 6272K, reserved 1056768K
  class space    used 334K, capacity 561K, committed 640K, reserved 1048576K
}
Event: 0.889 GC heap after
{Heap after GC invocations=1 (full 0):
 garbage-first heap   total 260096K, used 6235K [0x0000000703000000, 0x0000000800000000)
  region size 2048K, 2 young (4096K), 2 survivors (4096K)
 Metaspace       used 3571K, capacity 6163K, committed 6272K, reserved 1056768K
  class space    used 334K, capacity 561K, committed 640K, reserved 1048576K
}

Deoptimization events (20 events):
Event: 1.053 Thread 0x000001d0f0c54190 Uncommon trap: trap_request=0xffffff45 fr.pc=0x000001d087b096a0 relative=0x0000000000000280
Event: 1.053 Thread 0x000001d0f0c54190 Uncommon trap: reason=unstable_if action=reinterpret pc=0x000001d087b096a0 method=jdk.internal.loader.URLClassPath.getLoader(I)Ljdk/internal/loader/URLClassPath$Loader; @ 19 c2
Event: 1.053 Thread 0x000001d0f0c54190 DEOPT PACKING pc=0x000001d087b096a0 sp=0x0000006cf3bfe4e0
Event: 1.053 Thread 0x000001d0f0c54190 DEOPT UNPACKING pc=0x000001d08004e42f sp=0x0000006cf3bfe478 mode 2
Event: 1.056 Thread 0x000001d0f0c54190 Uncommon trap: trap_request=0xffffff45 fr.pc=0x000001d087b0cb8c relative=0x000000000000064c
Event: 1.056 Thread 0x000001d0f0c54190 Uncommon trap: reason=unstable_if action=reinterpret pc=0x000001d087b0cb8c method=java.io.WinNTFileSystem.normalize(Ljava/lang/String;)Ljava/lang/String; @ 128 c2
Event: 1.056 Thread 0x000001d0f0c54190 DEOPT PACKING pc=0x000001d087b0cb8c sp=0x0000006cf3bfe5e0
Event: 1.056 Thread 0x000001d0f0c54190 DEOPT UNPACKING pc=0x000001d08004e42f sp=0x0000006cf3bfe568 mode 2
Event: 1.058 Thread 0x000001d0f0c54190 Uncommon trap: trap_request=0xffffff45 fr.pc=0x000001d087b074a0 relative=0x0000000000000320
Event: 1.058 Thread 0x000001d0f0c54190 Uncommon trap: reason=unstable_if action=reinterpret pc=0x000001d087b074a0 method=java.lang.StringUTF16.compress([CI[BII)I @ 20 c2
Event: 1.058 Thread 0x000001d0f0c54190 DEOPT PACKING pc=0x000001d087b074a0 sp=0x0000006cf3bfe360
Event: 1.058 Thread 0x000001d0f0c54190 DEOPT UNPACKING pc=0x000001d08004e42f sp=0x0000006cf3bfe2e0 mode 2
Event: 1.069 Thread 0x000001d0f0c54190 Uncommon trap: trap_request=0xffffff45 fr.pc=0x000001d087aeffb8 relative=0x00000000000004f8
Event: 1.069 Thread 0x000001d0f0c54190 Uncommon trap: reason=unstable_if action=reinterpret pc=0x000001d087aeffb8 method=java.lang.AbstractStringBuilder.putStringAt(ILjava/lang/String;)V @ 8 c2
Event: 1.069 Thread 0x000001d0f0c54190 DEOPT PACKING pc=0x000001d087aeffb8 sp=0x0000006cf3bfe750
Event: 1.069 Thread 0x000001d0f0c54190 DEOPT UNPACKING pc=0x000001d08004e42f sp=0x0000006cf3bfe658 mode 2
Event: 1.069 Thread 0x000001d0f0c54190 Uncommon trap: trap_request=0xffffff45 fr.pc=0x000001d087b04c24 relative=0x0000000000000384
Event: 1.069 Thread 0x000001d0f0c54190 Uncommon trap: reason=unstable_if action=reinterpret pc=0x000001d087b04c24 method=java.lang.AbstractStringBuilder.isLatin1()Z @ 10 c2
Event: 1.069 Thread 0x000001d0f0c54190 DEOPT PACKING pc=0x000001d087b04c24 sp=0x0000006cf3bfe760
Event: 1.069 Thread 0x000001d0f0c54190 DEOPT UNPACKING pc=0x000001d08004e42f sp=0x0000006cf3bfe6e0 mode 2

Classes unloaded (0 events):
No events

Classes redefined (0 events):
No events

Internal exceptions (8 events):
Event: 0.293 Thread 0x000001d097213c50 Exception <a 'java/lang/NoSuchMethodError'{0x000000071276d5d8}: 'java.lang.Object java.lang.invoke.DirectMethodHandle$Holder.invokeStatic(java.lang.Object)'> (0x000000071276d5d8) 
thrown [./src/hotspot/share/interpreter/linkResolver.cpp, line 782]
Event: 0.294 Thread 0x000001d097213c50 Exception <a 'java/lang/NoSuchMethodError'{0x0000000712770ee8}: 'java.lang.Object java.lang.invoke.DirectMethodHandle$Holder.invokeStaticInit(java.lang.Object)'> (0x0000000712770ee8) 
thrown [./src/hotspot/share/interpreter/linkResolver.cpp, line 782]
Event: 0.303 Thread 0x000001d097213c50 Exception <a 'java/lang/NoSuchMethodError'{0x000000071277e3c8}: 'void java.lang.invoke.DirectMethodHandle$Holder.invokeStatic(java.lang.Object, java.lang.Object)'> (0x000000071277e3c8) 
thrown [./src/hotspot/share/interpreter/linkResolver.cpp, line 782]
Event: 0.513 Thread 0x000001d0f0c54190 Exception <a 'java/lang/NoSuchMethodError'{0x0000000712087600}: 'int java.lang.invoke.DirectMethodHandle$Holder.invokeStaticInit(java.lang.Object, java.lang.Object, java.lang.Object, java.lang.Object)'> (0x0000000712087600) 
thrown [./src/hotspot/share/interpreter/linkResolver.cpp, line 782]
Event: 0.515 Thread 0x000001d0f0c54190 Exception <a 'java/lang/NoSuchMethodError'{0x0000000712092240}: 'java.lang.Object java.lang.invoke.DirectMethodHandle$Holder.invokeInterface(java.lang.Object, java.lang.Object)'> (0x0000000712092240) 
thrown [./src/hotspot/share/interpreter/linkResolver.cpp, line 782]
Event: 0.516 Thread 0x000001d0f0c54190 Exception <a 'java/lang/IncompatibleClassChangeError'{0x0000000712095990}: Found class java.lang.Object, but interface was expected> (0x0000000712095990) 
thrown [./src/hotspot/share/interpreter/linkResolver.cpp, line 848]
Event: 0.517 Thread 0x000001d0f0c54190 Exception <a 'java/lang/NoSuchMethodError'{0x0000000712098bd8}: 'void java.lang.invoke.DirectMethodHandle$Holder.invokeStaticInit(java.lang.Object, java.lang.Object)'> (0x0000000712098bd8) 
thrown [./src/hotspot/share/interpreter/linkResolver.cpp, line 782]
Event: 0.518 Thread 0x000001d0f0c54190 Exception <a 'java/lang/NoSuchMethodError'{0x000000071209ed10}: 'int java.lang.invoke.DirectMethodHandle$Holder.invokeStaticInit(java.lang.Object, java.lang.Object)'> (0x000000071209ed10) 
thrown [./src/hotspot/share/interpreter/linkResolver.cpp, line 782]

Events (20 events):
Event: 1.115 loading class jdk/internal/vm/VMSupport
Event: 1.116 loading class jdk/internal/vm/VMSupport done
Event: 1.116 loading class sun/nio/cs/ISO_8859_1$Encoder
Event: 1.116 loading class sun/nio/cs/ISO_8859_1$Encoder done
Event: 1.116 loading class sun/nio/cs/Surrogate$Parser
Event: 1.116 loading class sun/nio/cs/Surrogate$Parser done
Event: 1.116 loading class sun/nio/cs/Surrogate
Event: 1.116 loading class sun/nio/cs/Surrogate done
Event: 1.128 Loaded shared library C:\Users\37756\.javacpp\cache\llvm-13.0.1-1.5.7-windows-x86_64.jar\org\bytedeco\llvm\windows-x86_64\jniLLVM.dll
Event: 1.175 loading class sun/util/locale/provider/TimeZoneNameUtility
Event: 1.175 loading class sun/util/locale/provider/TimeZoneNameUtility done
Event: 1.175 loading class sun/util/locale/provider/TimeZoneNameUtility$TimeZoneNameGetter
Event: 1.175 loading class sun/util/locale/provider/TimeZoneNameUtility$TimeZoneNameGetter done
Event: 1.176 loading class java/util/Stack
Event: 1.176 loading class java/util/Vector
Event: 1.176 loading class java/util/Vector done
Event: 1.176 loading class java/util/Stack done
Event: 1.179 loading class jdk/internal/module/ModulePatcher$PatchedModuleReader
Event: 1.179 loading class jdk/internal/module/ModulePatcher$PatchedModuleReader done
Event: 1.179 Executing VM operation: HandshakeAllThreads


Dynamic libraries:
0x00007ff715ef0000 - 0x00007ff715efd000 	C:\Program Files\AdoptOpenJDK\jdk-15.0.2.7-hotspot\bin\java.exe
0x00007ff9efcd0000 - 0x00007ff9efec8000 	C:\WINDOWS\SYSTEM32\ntdll.dll
0x00007ff9ef670000 - 0x00007ff9ef72f000 	C:\WINDOWS\System32\KERNEL32.DLL
0x00007ff9ed8b0000 - 0x00007ff9edb82000 	C:\WINDOWS\System32\KERNELBASE.dll
0x00007ff9ed520000 - 0x00007ff9ed620000 	C:\WINDOWS\System32\ucrtbase.dll
0x00007ff9de910000 - 0x00007ff9de925000 	C:\Program Files\AdoptOpenJDK\jdk-15.0.2.7-hotspot\bin\VCRUNTIME140.dll
0x00007ff9e60f0000 - 0x00007ff9e6108000 	C:\Program Files\AdoptOpenJDK\jdk-15.0.2.7-hotspot\bin\jli.dll
0x00007ff9ef240000 - 0x00007ff9ef3e1000 	C:\WINDOWS\System32\USER32.dll
0x00007ff9cefb0000 - 0x00007ff9cf24a000 	C:\WINDOWS\WinSxS\amd64_microsoft.windows.common-controls_6595b64144ccf1df_6.0.19041.1110_none_60b5254171f9507e\COMCTL32.dll
0x00007ff9edd10000 - 0x00007ff9eddae000 	C:\WINDOWS\System32\msvcrt.dll
0x00007ff9ed620000 - 0x00007ff9ed642000 	C:\WINDOWS\System32\win32u.dll
0x00007ff9ef000000 - 0x00007ff9ef02b000 	C:\WINDOWS\System32\GDI32.dll
0x00007ff9ed3c0000 - 0x00007ff9ed4cf000 	C:\WINDOWS\System32\gdi32full.dll
0x00007ff9edc40000 - 0x00007ff9edcdd000 	C:\WINDOWS\System32\msvcp_win.dll
0x00007ff9ef7e0000 - 0x00007ff9ef812000 	C:\WINDOWS\System32\IMM32.DLL
0x00007ff9c57b0000 - 0x00007ff9c584b000 	C:\Program Files\AdoptOpenJDK\jdk-15.0.2.7-hotspot\bin\msvcp140.dll
0x00007ff9595c0000 - 0x00007ff95a14f000 	C:\Program Files\AdoptOpenJDK\jdk-15.0.2.7-hotspot\bin\server\jvm.dll
0x00007ff9ef730000 - 0x00007ff9ef7de000 	C:\WINDOWS\System32\ADVAPI32.dll
0x00007ff9ef5d0000 - 0x00007ff9ef66c000 	C:\WINDOWS\System32\sechost.dll
0x00007ff9ef4a0000 - 0x00007ff9ef5c5000 	C:\WINDOWS\System32\RPCRT4.dll
0x00007ff9eee20000 - 0x00007ff9eee28000 	C:\WINDOWS\System32\PSAPI.DLL
0x00007ff9cdfe0000 - 0x00007ff9ce007000 	C:\WINDOWS\SYSTEM32\WINMM.dll
0x00007ff9ec020000 - 0x00007ff9ec02a000 	C:\WINDOWS\SYSTEM32\VERSION.dll
0x00007ff9cef90000 - 0x00007ff9cef99000 	C:\WINDOWS\SYSTEM32\WSOCK32.dll
0x00007ff9ee560000 - 0x00007ff9ee5cb000 	C:\WINDOWS\System32\WS2_32.dll
0x00007ff9ebad0000 - 0x00007ff9ebae2000 	C:\WINDOWS\SYSTEM32\kernel.appcore.dll
0x00007ff9e8b70000 - 0x00007ff9e8b7a000 	C:\Program Files\AdoptOpenJDK\jdk-15.0.2.7-hotspot\bin\jimage.dll
0x00007ff9eaef0000 - 0x00007ff9eb0d4000 	C:\WINDOWS\SYSTEM32\DBGHELP.DLL
0x00007ff9cf760000 - 0x00007ff9cf795000 	C:\WINDOWS\SYSTEM32\dbgcore.DLL
0x00007ff9ed7b0000 - 0x00007ff9ed832000 	C:\WINDOWS\System32\bcryptPrimitives.dll
0x00007ff9e72c0000 - 0x00007ff9e72ce000 	C:\Program Files\AdoptOpenJDK\jdk-15.0.2.7-hotspot\bin\instrument.dll
0x00007ff9b68e0000 - 0x00007ff9b6905000 	C:\Program Files\AdoptOpenJDK\jdk-15.0.2.7-hotspot\bin\java.dll
0x00007ff9ee5d0000 - 0x00007ff9eed14000 	C:\WINDOWS\System32\SHELL32.dll
0x00007ff9eb320000 - 0x00007ff9ebab2000 	C:\WINDOWS\SYSTEM32\windows.storage.dll
0x00007ff9ee030000 - 0x00007ff9ee385000 	C:\WINDOWS\System32\combase.dll
0x00007ff9ecd40000 - 0x00007ff9ecd70000 	C:\WINDOWS\SYSTEM32\Wldp.dll
0x00007ff9eee30000 - 0x00007ff9eeedd000 	C:\WINDOWS\System32\SHCORE.dll
0x00007ff9ef1e0000 - 0x00007ff9ef235000 	C:\WINDOWS\System32\shlwapi.dll
0x00007ff9ed300000 - 0x00007ff9ed31f000 	C:\WINDOWS\SYSTEM32\profapi.dll
0x00007ff9b6880000 - 0x00007ff9b6898000 	C:\Program Files\AdoptOpenJDK\jdk-15.0.2.7-hotspot\bin\zip.dll
0x00007ff9b68c0000 - 0x00007ff9b68d9000 	C:\Program Files\AdoptOpenJDK\jdk-15.0.2.7-hotspot\bin\net.dll
0x00007ff9e14b0000 - 0x00007ff9e15bc000 	C:\WINDOWS\SYSTEM32\WINHTTP.dll
0x00007ff9ecaa0000 - 0x00007ff9ecb0a000 	C:\WINDOWS\system32\mswsock.dll
0x00007ff9b68a0000 - 0x00007ff9b68b2000 	C:\Program Files\AdoptOpenJDK\jdk-15.0.2.7-hotspot\bin\nio.dll
0x00007ff9c6830000 - 0x00007ff9c684a000 	C:\Program Files\JetBrains\IntelliJ IDEA 2022.3\bin\breakgen64.dll
0x000001d0fff00000 - 0x000001d0fff04000 	C:\Users\37756\.javacpp\cache\javacpp-1.5.7-windows-x86_64.jar\org\bytedeco\javacpp\windows-x86_64\api-ms-win-crt-locale-l1-1-0.dll
0x000001d0fff10000 - 0x000001d0fff15000 	C:\Users\37756\.javacpp\cache\javacpp-1.5.7-windows-x86_64.jar\org\bytedeco\javacpp\windows-x86_64\api-ms-win-crt-string-l1-1-0.dll
0x000001d0fff20000 - 0x000001d0fff25000 	C:\Users\37756\.javacpp\cache\javacpp-1.5.7-windows-x86_64.jar\org\bytedeco\javacpp\windows-x86_64\api-ms-win-crt-stdio-l1-1-0.dll
0x000001d0fff30000 - 0x000001d0fff36000 	C:\Users\37756\.javacpp\cache\javacpp-1.5.7-windows-x86_64.jar\org\bytedeco\javacpp\windows-x86_64\api-ms-win-crt-math-l1-1-0.dll
0x000001d0fff40000 - 0x000001d0fff44000 	C:\Users\37756\.javacpp\cache\javacpp-1.5.7-windows-x86_64.jar\org\bytedeco\javacpp\windows-x86_64\api-ms-win-crt-heap-l1-1-0.dll
0x000001d0fff50000 - 0x000001d0fff55000 	C:\Users\37756\.javacpp\cache\javacpp-1.5.7-windows-x86_64.jar\org\bytedeco\javacpp\windows-x86_64\api-ms-win-crt-runtime-l1-1-0.dll
0x000001d0fff60000 - 0x000001d0fff65000 	C:\Users\37756\.javacpp\cache\javacpp-1.5.7-windows-x86_64.jar\org\bytedeco\javacpp\windows-x86_64\api-ms-win-crt-convert-l1-1-0.dll
0x000001d0fff70000 - 0x000001d0fff74000 	C:\Users\37756\.javacpp\cache\javacpp-1.5.7-windows-x86_64.jar\org\bytedeco\javacpp\windows-x86_64\api-ms-win-crt-environment-l1-1-0.dll
0x000001d0fff80000 - 0x000001d0fff84000 	C:\Users\37756\.javacpp\cache\javacpp-1.5.7-windows-x86_64.jar\org\bytedeco\javacpp\windows-x86_64\api-ms-win-crt-time-l1-1-0.dll
0x000001d0fff90000 - 0x000001d0fff94000 	C:\Users\37756\.javacpp\cache\javacpp-1.5.7-windows-x86_64.jar\org\bytedeco\javacpp\windows-x86_64\api-ms-win-crt-filesystem-l1-1-0.dll
0x000001d0fffa0000 - 0x000001d0fffa4000 	C:\Users\37756\.javacpp\cache\javacpp-1.5.7-windows-x86_64.jar\org\bytedeco\javacpp\windows-x86_64\api-ms-win-crt-utility-l1-1-0.dll
0x000001d0fffb0000 - 0x000001d0fffb6000 	C:\Users\37756\.javacpp\cache\javacpp-1.5.7-windows-x86_64.jar\org\bytedeco\javacpp\windows-x86_64\api-ms-win-crt-multibyte-l1-1-0.dll
0x000001d0fffc0000 - 0x000001d0fffc4000 	C:\Users\37756\.javacpp\cache\javacpp-1.5.7-windows-x86_64.jar\org\bytedeco\javacpp\windows-x86_64\api-ms-win-crt-conio-l1-1-0.dll
0x000001d0fffd0000 - 0x000001d0fffe1000 	C:\Users\37756\.javacpp\cache\javacpp-1.5.7-windows-x86_64.jar\org\bytedeco\javacpp\windows-x86_64\api-ms-win-crt-private-l1-1-0.dll
0x000001d0ffff0000 - 0x000001d0ffff4000 	C:\Users\37756\.javacpp\cache\javacpp-1.5.7-windows-x86_64.jar\org\bytedeco\javacpp\windows-x86_64\api-ms-win-crt-process-l1-1-0.dll
0x000001d098a50000 - 0x000001d098a54000 	C:\Users\37756\.javacpp\cache\javacpp-1.5.7-windows-x86_64.jar\org\bytedeco\javacpp\windows-x86_64\api-ms-win-core-console-l1-2-0.dll
0x000001d098a60000 - 0x000001d098a64000 	C:\Users\37756\.javacpp\cache\javacpp-1.5.7-windows-x86_64.jar\org\bytedeco\javacpp\windows-x86_64\api-ms-win-core-string-l1-1-0.dll
0x000001d098a70000 - 0x000001d098a74000 	C:\Users\37756\.javacpp\cache\javacpp-1.5.7-windows-x86_64.jar\org\bytedeco\javacpp\windows-x86_64\api-ms-win-core-errorhandling-l1-1-0.dll
0x000001d098a80000 - 0x000001d098a84000 	C:\Users\37756\.javacpp\cache\javacpp-1.5.7-windows-x86_64.jar\org\bytedeco\javacpp\windows-x86_64\api-ms-win-core-timezone-l1-1-0.dll
0x000001d098a90000 - 0x000001d098a95000 	C:\Users\37756\.javacpp\cache\javacpp-1.5.7-windows-x86_64.jar\org\bytedeco\javacpp\windows-x86_64\api-ms-win-core-file-l1-1-0.dll
0x000001d098aa0000 - 0x000001d098aa4000 	C:\Users\37756\.javacpp\cache\javacpp-1.5.7-windows-x86_64.jar\org\bytedeco\javacpp\windows-x86_64\api-ms-win-core-namedpipe-l1-1-0.dll
0x000001d098ab0000 - 0x000001d098ab4000 	C:\Users\37756\.javacpp\cache\javacpp-1.5.7-windows-x86_64.jar\org\bytedeco\javacpp\windows-x86_64\api-ms-win-core-handle-l1-1-0.dll
0x000001d098ac0000 - 0x000001d098ac4000 	C:\Users\37756\.javacpp\cache\javacpp-1.5.7-windows-x86_64.jar\org\bytedeco\javacpp\windows-x86_64\api-ms-win-core-file-l2-1-0.dll
0x000001d098ad0000 - 0x000001d098ad4000 	C:\Users\37756\.javacpp\cache\javacpp-1.5.7-windows-x86_64.jar\org\bytedeco\javacpp\windows-x86_64\api-ms-win-core-heap-l1-1-0.dll
0x000001d098ae0000 - 0x000001d098ae4000 	C:\Users\37756\.javacpp\cache\javacpp-1.5.7-windows-x86_64.jar\org\bytedeco\javacpp\windows-x86_64\api-ms-win-core-libraryloader-l1-1-0.dll
0x000001d098af0000 - 0x000001d098af4000 	C:\Users\37756\.javacpp\cache\javacpp-1.5.7-windows-x86_64.jar\org\bytedeco\javacpp\windows-x86_64\api-ms-win-core-synch-l1-1-0.dll
0x000001d098b00000 - 0x000001d098b04000 	C:\Users\37756\.javacpp\cache\javacpp-1.5.7-windows-x86_64.jar\org\bytedeco\javacpp\windows-x86_64\api-ms-win-core-processthreads-l1-1-0.dll
0x000001d098b10000 - 0x000001d098b14000 	C:\Users\37756\.javacpp\cache\javacpp-1.5.7-windows-x86_64.jar\org\bytedeco\javacpp\windows-x86_64\api-ms-win-core-processenvironment-l1-1-0.dll
0x000001d098b20000 - 0x000001d098b24000 	C:\Users\37756\.javacpp\cache\javacpp-1.5.7-windows-x86_64.jar\org\bytedeco\javacpp\windows-x86_64\api-ms-win-core-datetime-l1-1-0.dll
0x000001d098b30000 - 0x000001d098b34000 	C:\Users\37756\.javacpp\cache\javacpp-1.5.7-windows-x86_64.jar\org\bytedeco\javacpp\windows-x86_64\api-ms-win-core-localization-l1-2-0.dll
0x000001d098b40000 - 0x000001d098b44000 	C:\Users\37756\.javacpp\cache\javacpp-1.5.7-windows-x86_64.jar\org\bytedeco\javacpp\windows-x86_64\api-ms-win-core-sysinfo-l1-1-0.dll
0x000001d098b50000 - 0x000001d098b54000 	C:\Users\37756\.javacpp\cache\javacpp-1.5.7-windows-x86_64.jar\org\bytedeco\javacpp\windows-x86_64\api-ms-win-core-synch-l1-2-0.dll
0x000001d098b60000 - 0x000001d098b64000 	C:\Users\37756\.javacpp\cache\javacpp-1.5.7-windows-x86_64.jar\org\bytedeco\javacpp\windows-x86_64\api-ms-win-core-console-l1-1-0.dll
0x000001d098b70000 - 0x000001d098b74000 	C:\Users\37756\.javacpp\cache\javacpp-1.5.7-windows-x86_64.jar\org\bytedeco\javacpp\windows-x86_64\api-ms-win-core-debug-l1-1-0.dll
0x000001d098b80000 - 0x000001d098b84000 	C:\Users\37756\.javacpp\cache\javacpp-1.5.7-windows-x86_64.jar\org\bytedeco\javacpp\windows-x86_64\api-ms-win-core-rtlsupport-l1-1-0.dll
0x000001d098b90000 - 0x000001d098b94000 	C:\Users\37756\.javacpp\cache\javacpp-1.5.7-windows-x86_64.jar\org\bytedeco\javacpp\windows-x86_64\api-ms-win-core-processthreads-l1-1-1.dll
0x000001d098ba0000 - 0x000001d098ba4000 	C:\Users\37756\.javacpp\cache\javacpp-1.5.7-windows-x86_64.jar\org\bytedeco\javacpp\windows-x86_64\api-ms-win-core-file-l1-2-0.dll
0x000001d098bb0000 - 0x000001d098bb4000 	C:\Users\37756\.javacpp\cache\javacpp-1.5.7-windows-x86_64.jar\org\bytedeco\javacpp\windows-x86_64\api-ms-win-core-profile-l1-1-0.dll
0x000001d098bc0000 - 0x000001d098bc4000 	C:\Users\37756\.javacpp\cache\javacpp-1.5.7-windows-x86_64.jar\org\bytedeco\javacpp\windows-x86_64\api-ms-win-core-memory-l1-1-0.dll
0x000001d098bd0000 - 0x000001d098bd4000 	C:\Users\37756\.javacpp\cache\javacpp-1.5.7-windows-x86_64.jar\org\bytedeco\javacpp\windows-x86_64\api-ms-win-core-util-l1-1-0.dll
0x000001d098be0000 - 0x000001d098be4000 	C:\Users\37756\.javacpp\cache\javacpp-1.5.7-windows-x86_64.jar\org\bytedeco\javacpp\windows-x86_64\api-ms-win-core-interlocked-l1-1-0.dll
0x00007ff95d1e0000 - 0x00007ff95d2f1000 	C:\Users\37756\.javacpp\cache\javacpp-1.5.7-windows-x86_64.jar\org\bytedeco\javacpp\windows-x86_64\ucrtbase.dll
0x00007ff9c6810000 - 0x00007ff9c682b000 	C:\Users\37756\.javacpp\cache\javacpp-1.5.7-windows-x86_64.jar\org\bytedeco\javacpp\windows-x86_64\vcruntime140.dll
0x00007ff9c8310000 - 0x00007ff9c831c000 	C:\Users\37756\.javacpp\cache\javacpp-1.5.7-windows-x86_64.jar\org\bytedeco\javacpp\windows-x86_64\vcruntime140_1.dll
0x00007ff9ad720000 - 0x00007ff9ad7ad000 	C:\Users\37756\.javacpp\cache\javacpp-1.5.7-windows-x86_64.jar\org\bytedeco\javacpp\windows-x86_64\msvcp140.dll
0x00007ff9c73c0000 - 0x00007ff9c73c9000 	C:\Users\37756\.javacpp\cache\javacpp-1.5.7-windows-x86_64.jar\org\bytedeco\javacpp\windows-x86_64\msvcp140_1.dll
0x00007ff9b38a0000 - 0x00007ff9b38ee000 	C:\Users\37756\.javacpp\cache\javacpp-1.5.7-windows-x86_64.jar\org\bytedeco\javacpp\windows-x86_64\concrt140.dll
0x00007ff9bd5e0000 - 0x00007ff9bd611000 	C:\Users\37756\.javacpp\cache\javacpp-1.5.7-windows-x86_64.jar\org\bytedeco\javacpp\windows-x86_64\vcomp140.dll
0x00007ff9c6780000 - 0x00007ff9c678e000 	C:\Users\37756\.javacpp\cache\javacpp-1.5.7-windows-x86_64.jar\org\bytedeco\javacpp\windows-x86_64\jnijavacpp.dll
0x00007ff947280000 - 0x00007ff94b91d000 	C:\Users\37756\.javacpp\cache\llvm-13.0.1-1.5.7-windows-x86_64.jar\org\bytedeco\llvm\windows-x86_64\LTO.dll
0x00007ff9b56e0000 - 0x00007ff9b571b000 	C:\Users\37756\.javacpp\cache\llvm-13.0.1-1.5.7-windows-x86_64.jar\org\bytedeco\llvm\windows-x86_64\Remarks.dll
0x00007ff942a30000 - 0x00007ff947280000 	C:\Users\37756\.javacpp\cache\llvm-13.0.1-1.5.7-windows-x86_64.jar\org\bytedeco\llvm\windows-x86_64\jniLLVM.dll
0x00007ff9edf00000 - 0x00007ff9ee02a000 	C:\WINDOWS\System32\ole32.dll

dbghelp: loaded successfully - version: 4.0.5 - missing functions: none
symbol engine: initialized successfully - sym options: 0x614 - pdb path: .;C:\Program Files\AdoptOpenJDK\jdk-15.0.2.7-hotspot\bin;C:\WINDOWS\SYSTEM32;C:\WINDOWS\WinSxS\amd64_microsoft.windows.common-controls_6595b64144ccf1df_6.0.19041.1110_none_60b5254171f9507e;C:\Program Files\AdoptOpenJDK\jdk-15.0.2.7-hotspot\bin\server;C:\Program Files\JetBrains\IntelliJ IDEA 2022.3\bin;C:\Users\37756\.javacpp\cache\javacpp-1.5.7-windows-x86_64.jar\org\bytedeco\javacpp\windows-x86_64;C:\Users\37756\.javacpp\cache\llvm-13.0.1-1.5.7-windows-x86_64.jar\org\bytedeco\llvm\windows-x86_64

VM Arguments:
jvm_args: -javaagent:C:\Program Files\JetBrains\IntelliJ IDEA 2022.3\lib\idea_rt.jar=13912:C:\Program Files\JetBrains\IntelliJ IDEA 2022.3\bin -Dfile.encoding=UTF-8 
java_command: Main tests/global-and-if-test2.sysy tests/global-and-if-test2.out
java_class_path (initial): C:\Users\37756\Documents\NJU\2022Fall\Compilers\Lab\target\classes;C:\Users\37756\.m2\repository\org\bytedeco\llvm-platform\13.0.1-1.5.7\llvm-platform-13.0.1-1.5.7.jar;C:\Users\37756\.m2\repository\org\bytedeco\javacpp-platform\1.5.7\javacpp-platform-1.5.7.jar;C:\Users\37756\.m2\repository\org\bytedeco\javacpp\1.5.7\javacpp-1.5.7.jar;C:\Users\37756\.m2\repository\org\bytedeco\javacpp\1.5.7\javacpp-1.5.7-android-arm.jar;C:\Users\37756\.m2\repository\org\bytedeco\javacpp\1.5.7\javacpp-1.5.7-android-arm64.jar;C:\Users\37756\.m2\repository\org\bytedeco\javacpp\1.5.7\javacpp-1.5.7-android-x86.jar;C:\Users\37756\.m2\repository\org\bytedeco\javacpp\1.5.7\javacpp-1.5.7-android-x86_64.jar;C:\Users\37756\.m2\repository\org\bytedeco\javacpp\1.5.7\javacpp-1.5.7-ios-arm64.jar;C:\Users\37756\.m2\repository\org\bytedeco\javacpp\1.5.7\javacpp-1.5.7-ios-x86_64.jar;C:\Users\37756\.m2\repository\org\bytedeco\javacpp\1.5.7\javacpp-1.5.7-linux-armhf.jar;C:\Users\37756\.m2\repository\org\bytedeco\javacpp\1.5.7\javacpp-1.5.7-linux-arm64.jar;C:\Users\37756\.m2\repository\org\bytedeco\javacpp\1.5.7\javacpp-1.5.7-linux-ppc64le.jar;C:\Users\37756\.m2\repository\org\bytedeco\javacpp\1.5.7\javacpp-1.5.7-linux-x86.jar;C:\Users\37756\.m2\repository\org\bytedeco\javacpp\1.5.7\javacpp-1.5.7-linux-x86_64.jar;C:\Users\37756\.m2\repository\org\bytedeco\javacpp\1.5.7\javacpp-1.5.7-macosx-arm64.jar;C:\Users\37756\.m2\repository\org\bytedeco\javacpp\1.5.7\javacpp-1.5.7-macosx-x86_64.jar;C:\Users\37756\.m2\repository\org\bytedeco\javacpp\1.5.7\javacpp-1.5.7-windows-x86.jar;C:\Users\37756\.m2\repository\org\bytedeco\javacpp\1.5.7\javacpp-1.5.7-windows-x86_64.jar;C:\Users\37756\.m2\repository\org\bytedeco\llvm\13.0.1-1.5.7\llvm-13.0.1-1.5.7.jar;C:\Users\37756\.m2\repository\org\bytedeco\llvm\13.0.1-1.5.7\llvm-13.0.1-1.5.7-linux-x86.jar;C:\Users\37756\.m2\repository\org\bytedeco\llvm\13.0.1-1.5.7\llvm-13.0.1-1.5.7-linux-x86_64.jar;C:\Users\37756\.m2\repository\org\bytedeco\llvm\1
Launcher Type: SUN_STANDARD

[Global flags]
     intx CICompilerCount                          = 4                                         {product} {ergonomic}
     uint ConcGCThreads                            = 2                                         {product} {ergonomic}
     uint G1ConcRefinementThreads                  = 8                                         {product} {ergonomic}
   size_t G1HeapRegionSize                         = 2097152                                   {product} {ergonomic}
    uintx GCDrainStackTargetSize                   = 64                                        {product} {ergonomic}
   size_t InitialHeapSize                          = 266338304                                 {product} {ergonomic}
   size_t MarkStackSize                            = 4194304                                   {product} {ergonomic}
   size_t MaxHeapSize                              = 4244635648                                {product} {ergonomic}
   size_t MaxNewSize                               = 2545942528                                {product} {ergonomic}
   size_t MinHeapDeltaBytes                        = 2097152                                   {product} {ergonomic}
   size_t MinHeapSize                              = 8388608                                   {product} {ergonomic}
    uintx NonNMethodCodeHeapSize                   = 5839372                                {pd product} {ergonomic}
    uintx NonProfiledCodeHeapSize                  = 122909434                              {pd product} {ergonomic}
    uintx ProfiledCodeHeapSize                     = 122909434                              {pd product} {ergonomic}
    uintx ReservedCodeCacheSize                    = 251658240                              {pd product} {ergonomic}
     bool SegmentedCodeCache                       = true                                      {product} {ergonomic}
   size_t SoftMaxHeapSize                          = 4244635648                             {manageable} {ergonomic}
     bool UseCompressedClassPointers               = true                                 {lp64_product} {ergonomic}
     bool UseCompressedOops                        = true                                 {lp64_product} {ergonomic}
     bool UseG1GC                                  = true                                      {product} {ergonomic}
     bool UseLargePagesIndividualAllocation        = false                                  {pd product} {ergonomic}

Logging:
Log output configuration:
 #0: stdout all=warning uptime,level,tags
 #1: stderr all=off uptime,level,tags

Environment Variables:
CLASSPATH=.;C:Program Files(x86)\scala\bin;C:Program Files(x86)\scala\lib\dt.jar;C:Program Files(x86)\scala\lib\tools.jar.;
PATH=C:\Program Files (x86)\VMware\VMware Workstation\bin\;C:\ProgramData\Anaconda3;C:\ProgramData\Anaconda3\Library\mingw-w64\bin;C:\ProgramData\Anaconda3\Library\usr\bin;C:\ProgramData\Anaconda3\Library\bin;C:\ProgramData\Anaconda3\Scripts;C:\Program Files\AdoptOpenJDK\jdk-15.0.2.7-hotspot\bin;C:\WINDOWS\system32;C:\WINDOWS;C:\WINDOWS\System32\Wbem;C:\WINDOWS\System32\WindowsPowerShell\v1.0\;C:\WINDOWS\System32\OpenSSH\;C:\Program Files\dotnet\;C:\Program Files\Microsoft SQL Server\130\Tools\Binn\;C:\Program Files\Microsoft SQL Server\Client SDK\ODBC\170\Tools\Binn\;C:\Program Files (x86)\Dev-Cpp\MinGW64\bin;C:\Program Files\Git\cmd;C:\Program Files\PuTTY\;C:\Program Files\Graphviz\bin;C:\Program Files (x86)\Tencent\微信web开发者工具\dll;C:\Program Files\nodejs\;C:\Web\mysql-8.0.28-winx64\bin;"C:Program Files(x86)\scala\bin;C:Program Files(x86)\scala\jre\bin;";C:\Program Files\NASM;C:\Users\37756\AppData\Local\Microsoft\WindowsApps;C:\Program Files\JetBrains\PyCharm Community Edition 2020.3.3\bin;C:\Users\37756\.dotnet\tools;C:\Users\37756\AppData\Local\Programs\Microsoft VS Code\bin;C:\Program Files\JetBrains\IntelliJ IDEA Community Edition 2020.3.2\bin;C:\texlive\2020\bin\win32;C:\Program Files\JetBrains\CLion 2021.2\bin;C:\Program Files\JetBrains\PyCharm 2021.1.3\bin;C:\Program Files\JetBrains\IntelliJ IDEA 2021.1.3\bin;C:\Users\37756\AppData\Roaming\npm;C:\Program Files\JetBrains\DataGrip 2021.3.4\bin;C:\Program Files\JetBrains\WebStorm 2022.1\bin;C:\Users\37756\AppData\Local\Coursier\data\bin;C:\Program Files\NASM;;C:\Program Files\JetBrains\IntelliJ IDEA 2022.3\bin;;C:\Program Files\JetBrains\CLion 2022.3.1\bin;;C:\Program Files\JetBrains\WebStorm 2022.3.1\bin;;C:\Program Files\JetBrains\IntelliJ IDEA Community Edition 2022.3.1\bin;
USERNAME=37756
OS=Windows_NT
PROCESSOR_IDENTIFIER=Intel64 Family 6 Model 142 Stepping 12, GenuineIntel



---------------  S Y S T E M  ---------------

OS:
 Windows 10 , 64 bit Build 19041 (10.0.19041.2364)
OS uptime: 0 days 0:58 hours

CPU: total 8 (initial active 8) (4 cores per cpu, 2 threads per core) family 6 model 142 stepping 12 microcode 0xf4, cmov, cx8, fxsr, mmx, sse, sse2, sse3, ssse3, sse4.1, sse4.2, popcnt, vzeroupper, avx, avx2, aes, clmul, erms, 3dnowpref, lzcnt, ht, tsc, tscinvbit, bmi1, bmi2, adx, fma, clflush, clflushopt

Memory: 4k page, system-wide physical 16190M (7811M free)
TotalPageFile size 21054M (AvailPageFile size 8509M)
current process WorkingSet (physical memory assigned to process): 102M, peak: 104M
current process commit charge ("private bytes"): 378M, peak: 382M

vm_info: OpenJDK 64-Bit Server VM (15.0.2+7) for windows-amd64 JRE (15.0.2+7), built on Jan 21 2021 05:54:57 by "" with MS VC++ 15.9 (VS2017)

END.
