#
# A fatal error has been detected by the Java Runtime Environment:
#
#  EXCEPTION_ACCESS_VIOLATION (0xc0000005) at pc=0x00007ff9046b8748, pid=17912, tid=5132
#
# JRE version: OpenJDK Runtime Environment AdoptOpenJDK (15.0.2+7) (build 15.0.2+7)
# Java VM: OpenJDK 64-Bit Server VM AdoptOpenJDK (15.0.2+7, mixed mode, sharing, tiered, compressed oops, g1 gc, windows-amd64)
# Problematic frame:
# C  [jniLLVM.dll+0xea8748]
#
# No core dump will be written. Minidumps are not enabled by default on client versions of Windows
#
# If you would like to submit a bug report, please visit:
#   https://github.com/AdoptOpenJDK/openjdk-support/issues
# The crash happened outside the Java Virtual Machine in native code.
# See problematic frame for where to report the bug.
#

---------------  S U M M A R Y ------------

Command Line: -javaagent:C:\Program Files\JetBrains\IntelliJ IDEA 2022.3\lib\idea_rt.jar=8209:C:\Program Files\JetBrains\IntelliJ IDEA 2022.3\bin -Dfile.encoding=UTF-8 Main tests/function-and-var-test2.sysy tests/function-and-var-test2.out

Host: Intel(R) Core(TM) i7-8565U CPU @ 1.80GHz, 8 cores, 15G,  Windows 10 , 64 bit Build 19041 (10.0.19041.2364)
Time: Wed Jan  4 20:11:11 2023 中国标准时间 elapsed time: 1.114387 seconds (0d 0h 0m 1s)

---------------  T H R E A D  ---------------

Current thread (0x000001b29cbc3710):  JavaThread "main" [_thread_in_native, id=5132, stack(0x0000007a24a00000,0x0000007a24b00000)]

Stack: [0x0000007a24a00000,0x0000007a24b00000],  sp=0x0000007a24afe7f0,  free space=1017k
Native frames: (J=compiled Java code, j=interpreted, Vv=VM code, C=native code)
C  [jniLLVM.dll+0xea8748]

Java frames: (J=compiled Java code, j=interpreted, Vv=VM code)
j  org.bytedeco.llvm.global.LLVM.LLVMBuildLoad(Lorg/bytedeco/llvm/LLVM/LLVMBuilderRef;Lorg/bytedeco/llvm/LLVM/LLVMValueRef;Ljava/lang/String;)Lorg/bytedeco/llvm/LLVM/LLVMValueRef;+0
j  LLVMIRVisitor.visitLVal(LSysYParser$LValContext;)Lorg/bytedeco/llvm/LLVM/LLVMValueRef;+61
j  LLVMIRVisitor.visitLValExp(LSysYParser$LValExpContext;)Lorg/bytedeco/llvm/LLVM/LLVMValueRef;+5
j  LLVMIRVisitor.visitLValExp(LSysYParser$LValExpContext;)Ljava/lang/Object;+2
j  SysYParser$LValExpContext.accept(Lorg/antlr/v4/runtime/tree/ParseTreeVisitor;)Ljava/lang/Object;+12
j  org.antlr.v4.runtime.tree.AbstractParseTreeVisitor.visit(Lorg/antlr/v4/runtime/tree/ParseTree;)Ljava/lang/Object;+2
j  LLVMIRVisitor.visitReturnStmt(LSysYParser$ReturnStmtContext;)Lorg/bytedeco/llvm/LLVM/LLVMValueRef;+14
j  LLVMIRVisitor.visitReturnStmt(LSysYParser$ReturnStmtContext;)Ljava/lang/Object;+2
j  SysYParser$ReturnStmtContext.accept(Lorg/antlr/v4/runtime/tree/ParseTreeVisitor;)Ljava/lang/Object;+12
j  org.antlr.v4.runtime.tree.AbstractParseTreeVisitor.visitChildren(Lorg/antlr/v4/runtime/tree/RuleNode;)Ljava/lang/Object;+46
j  SysYParserBaseVisitor.visitBlockItem(LSysYParser$BlockItemContext;)Ljava/lang/Object;+2
j  SysYParser$BlockItemContext.accept(Lorg/antlr/v4/runtime/tree/ParseTreeVisitor;)Ljava/lang/Object;+12
j  org.antlr.v4.runtime.tree.AbstractParseTreeVisitor.visitChildren(Lorg/antlr/v4/runtime/tree/RuleNode;)Ljava/lang/Object;+46
j  SysYParserBaseVisitor.visitBlock(LSysYParser$BlockContext;)Ljava/lang/Object;+2
j  LLVMIRVisitor.visitBlock(LSysYParser$BlockContext;)Lorg/bytedeco/llvm/LLVM/LLVMValueRef;+54
j  LLVMIRVisitor.visitBlock(LSysYParser$BlockContext;)Ljava/lang/Object;+2
j  SysYParser$BlockContext.accept(Lorg/antlr/v4/runtime/tree/ParseTreeVisitor;)Ljava/lang/Object;+12
j  org.antlr.v4.runtime.tree.AbstractParseTreeVisitor.visitChildren(Lorg/antlr/v4/runtime/tree/RuleNode;)Ljava/lang/Object;+46
j  SysYParserBaseVisitor.visitFuncDef(LSysYParser$FuncDefContext;)Ljava/lang/Object;+2
j  LLVMIRVisitor.visitFuncDef(LSysYParser$FuncDefContext;)Lorg/bytedeco/llvm/LLVM/LLVMValueRef;+305
j  LLVMIRVisitor.visitFuncDef(LSysYParser$FuncDefContext;)Ljava/lang/Object;+2
j  SysYParser$FuncDefContext.accept(Lorg/antlr/v4/runtime/tree/ParseTreeVisitor;)Ljava/lang/Object;+12
j  org.antlr.v4.runtime.tree.AbstractParseTreeVisitor.visitChildren(Lorg/antlr/v4/runtime/tree/RuleNode;)Ljava/lang/Object;+46
j  SysYParserBaseVisitor.visitCompUnit(LSysYParser$CompUnitContext;)Ljava/lang/Object;+2
j  SysYParser$CompUnitContext.accept(Lorg/antlr/v4/runtime/tree/ParseTreeVisitor;)Ljava/lang/Object;+12
j  org.antlr.v4.runtime.tree.AbstractParseTreeVisitor.visitChildren(Lorg/antlr/v4/runtime/tree/RuleNode;)Ljava/lang/Object;+46
j  SysYParserBaseVisitor.visitProgram(LSysYParser$ProgramContext;)Ljava/lang/Object;+2
j  LLVMIRVisitor.visitProgram(LSysYParser$ProgramContext;)Lorg/bytedeco/llvm/LLVM/LLVMValueRef;+19
j  LLVMIRVisitor.visitProgram(LSysYParser$ProgramContext;)Ljava/lang/Object;+2
j  SysYParser$ProgramContext.accept(Lorg/antlr/v4/runtime/tree/ParseTreeVisitor;)Ljava/lang/Object;+12
j  org.antlr.v4.runtime.tree.AbstractParseTreeVisitor.visit(Lorg/antlr/v4/runtime/tree/ParseTree;)Ljava/lang/Object;+2
j  Main.main([Ljava/lang/String;)V+54
v  ~StubRoutines::call_stub

siginfo: EXCEPTION_ACCESS_VIOLATION (0xc0000005), reading address 0x0000000000000000


Register to memory mapping:

RIP=0x00007ff9046b8748 jniLLVM.dll
RAX=0x000001b2c19d8ae0 points into unknown readable memory: 0x000000005d315b61 | 61 5b 31 5d 00 00 00 00
RBX=0x0 is NULL
RCX=0x000001b2c19d48a0 points into unknown readable memory: 0x000001b2c19d48b0 | b0 48 9d c1 b2 01 00 00
RDX=0x0 is NULL
RSP=0x0000007a24afe7f0 is pointing into the stack for thread: 0x000001b29cbc3710
RBP=0x000001b2c19d48a0 points into unknown readable memory: 0x000001b2c19d48b0 | b0 48 9d c1 b2 01 00 00
RSI=0x0 is NULL
RDI=0x000001b29cbc3a38 points into unknown readable memory: 0x00007ff910e34fb0 | b0 4f e3 10 f9 7f 00 00
R8 =0x000001b2c19d8ae0 points into unknown readable memory: 0x000000005d315b61 | 61 5b 31 5d 00 00 00 00
R9 =0x00007ff987dc0000 VCRUNTIME140.dll
R10=0x00000007127d9eb0 is pointing into object: [B 
{0x00000007127d9ea0} - klass: {type array byte}
 - length: 4
R11=0x000001b2c19d8ae0 points into unknown readable memory: 0x000000005d315b61 | 61 5b 31 5d 00 00 00 00
R12=0x0 is NULL
R13={method} {0x000001b2c09ee720} 'LLVMBuildLoad' '(Lorg/bytedeco/llvm/LLVM/LLVMBuilderRef;Lorg/bytedeco/llvm/LLVM/LLVMValueRef;Ljava/lang/String;)Lorg/bytedeco/llvm/LLVM/LLVMValueRef;' in 'org/bytedeco/llvm/global/LLVM'
R14=0x0 is NULL
R15=0x000001b2c19d8ae0 points into unknown readable memory: 0x000000005d315b61 | 61 5b 31 5d 00 00 00 00


Registers:
RAX=0x000001b2c19d8ae0, RBX=0x0000000000000000, RCX=0x000001b2c19d48a0, RDX=0x0000000000000000
RSP=0x0000007a24afe7f0, RBP=0x000001b2c19d48a0, RSI=0x0000000000000000, RDI=0x000001b29cbc3a38
R8 =0x000001b2c19d8ae0, R9 =0x00007ff987dc0000, R10=0x00000007127d9eb0, R11=0x000001b2c19d8ae0
R12=0x0000000000000000, R13=0x000001b2c09ee718, R14=0x0000000000000000, R15=0x000001b2c19d8ae0
RIP=0x00007ff9046b8748, EFLAGS=0x0000000000010202

Top of Stack: (sp=0x0000007a24afe7f0)
0x0000007a24afe7f0:   000001b29cbc3a38 000001b2c19d48a0
0x0000007a24afe800:   000001b29cbc3710 0000000000000000
0x0000007a24afe810:   0000000000000000 00007ff9038d18a1
0x0000007a24afe820:   000001b29cbc3a38 0000000000000004
0x0000007a24afe830:   000001b29cc9be40 000001b2c19d8ae0
0x0000007a24afe840:   000001b2c19d8ae0 0000000000000014
0x0000007a24afe850:   0000000000000000 00007ff9038e0b53
0x0000007a24afe860:   000001b2c19d48a0 0000000000000000
0x0000007a24afe870:   000001b29cbc3a38 000001b2c09ee718
0x0000007a24afe880:   000001b29cbc3710 0000007a24afe958
0x0000007a24afe890:   000001b2a50da1aa 000001b2a50df177
0x0000007a24afe8a0:   000001b2c09ee718 0000007a24afe928
0x0000007a24afe8b0:   0000000000000014 0000000000000014
0x0000007a24afe8c0:   0000007a24afe948 0000000000000000
0x0000007a24afe8d0:   0000000711476ae0 000001b2a50dee16
0x0000007a24afe8e0:   0000007a24afe8e0 000001b2c09ee718 

Instructions: (pc=0x00007ff9046b8748)
0x00007ff9046b8648:   48 8b b4 24 98 00 00 00 48 8b 9c 24 90 00 00 00
0x00007ff9046b8658:   48 81 c4 80 00 00 00 41 5e c3 cc cc cc cc cc cc
0x00007ff9046b8668:   cc cc cc cc cc cc cc cc 48 89 5c 24 08 48 89 74
0x00007ff9046b8678:   24 10 57 48 81 ec 80 00 00 00 41 8b d9 48 8b fa
0x00007ff9046b8688:   48 8b f1 4d 85 c0 74 10 48 8b 49 30 49 8b d0 48
0x00007ff9046b8698:   8b 49 48 e8 b0 48 05 00 48 8b 84 24 b0 00 00 00
0x00007ff9046b86a8:   c6 44 24 51 01 80 38 00 74 0c 48 89 44 24 30 c6
0x00007ff9046b86b8:   44 24 50 03 eb 05 c6 44 24 50 01 45 33 c9 66 c7
0x00007ff9046b86c8:   44 24 78 01 01 4c 8d 44 24 58 8b d3 48 8b cf e8
0x00007ff9046b86d8:   f4 8f 06 00 48 8b 56 38 4c 8d 44 24 30 48 8b 4e
0x00007ff9046b86e8:   50 48 8b f8 4c 8b 4e 30 48 89 54 24 20 48 8b d0
0x00007ff9046b86f8:   4c 8b 11 41 ff 52 08 48 8b 1e 8b 76 08 48 c1 e6
0x00007ff9046b8708:   04 48 03 f3 48 3b de 74 17 4c 8b 43 08 48 8b cf
0x00007ff9046b8718:   8b 13 e8 41 74 09 00 48 83 c3 10 48 3b de 75 e9
0x00007ff9046b8728:   4c 8d 9c 24 80 00 00 00 48 8b c7 49 8b 5b 10 49
0x00007ff9046b8738:   8b 73 18 49 8b e3 5f c3 48 83 ec 68 41 80 38 00
0x00007ff9046b8748:   48 8b 02 66 c7 44 24 78 00 00 c6 44 24 51 01 74
0x00007ff9046b8758:   0c 4c 89 44 24 30 c6 44 24 50 03 eb 05 c6 44 24
0x00007ff9046b8768:   50 01 44 0f b7 4c 24 78 4c 8d 44 24 30 4c 89 44
0x00007ff9046b8778:   24 28 4c 8b c2 48 8b 50 18 c6 44 24 20 00 e8 55
0x00007ff9046b8788:   bc 4f ff 48 83 c4 68 c3 48 83 ec 68 41 80 39 00
0x00007ff9046b8798:   66 c7 84 24 88 00 00 00 00 00 c6 44 24 51 01 74
0x00007ff9046b87a8:   0c 4c 89 4c 24 30 c6 44 24 50 03 eb 05 c6 44 24
0x00007ff9046b87b8:   50 01 44 0f b7 8c 24 88 00 00 00 48 8d 44 24 30
0x00007ff9046b87c8:   48 89 44 24 28 c6 44 24 20 00 e8 09 bc 4f ff 48
0x00007ff9046b87d8:   83 c4 68 c3 cc cc cc cc 48 89 5c 24 08 48 89 6c
0x00007ff9046b87e8:   24 10 48 89 74 24 18 48 89 7c 24 20 41 56 48 81
0x00007ff9046b87f8:   ec 90 00 00 00 4c 8b f1 49 8b e8 48 8b 49 30 48
0x00007ff9046b8808:   8b fa e8 71 4f fd ff 48 8b c8 e8 b9 31 0b 00 48
0x00007ff9046b8818:   8b cf 48 8b d8 e8 8e 49 ff ff 48 8b d3 48 8b c8
0x00007ff9046b8828:   e8 43 58 ff ff 48 8d 4c 24 68 66 c7 84 24 88 00
0x00007ff9046b8838:   00 00 01 01 48 89 4c 24 30 4c 8b c8 33 c9 4c 8b 


Stack slot to memory mapping:
stack at sp + 0 slots: 0x000001b29cbc3a38 points into unknown readable memory: 0x00007ff910e34fb0 | b0 4f e3 10 f9 7f 00 00
stack at sp + 1 slots: 0x000001b2c19d48a0 points into unknown readable memory: 0x000001b2c19d48b0 | b0 48 9d c1 b2 01 00 00
stack at sp + 2 slots: 0x000001b29cbc3710 is a thread
stack at sp + 3 slots: 0x0 is NULL
stack at sp + 4 slots: 0x0 is NULL
stack at sp + 5 slots: 0x00007ff9038d18a1 jniLLVM.dll
stack at sp + 6 slots: 0x000001b29cbc3a38 points into unknown readable memory: 0x00007ff910e34fb0 | b0 4f e3 10 f9 7f 00 00
stack at sp + 7 slots: 0x0000000000000004 is an unknown value


---------------  P R O C E S S  ---------------

Threads class SMR info:
_java_thread_list=0x000001b2c1892a20, length=15, elements={
0x000001b29cbc3710, 0x000001b2c04bf1a0, 0x000001b2c04c0380, 0x000001b2c0d3c3d0,
0x000001b2c0d3d0a0, 0x000001b2c0d3db50, 0x000001b2c0d46150, 0x000001b2c0d4a0f0,
0x000001b2c0d4aae0, 0x000001b2c0e55730, 0x000001b2c0f32650, 0x000001b2c1017ec0,
0x000001b2c10cb630, 0x000001b2c10cbb00, 0x000001b2c14a98b0
}

Java Threads: ( => current thread )
=>0x000001b29cbc3710 JavaThread "main" [_thread_in_native, id=5132, stack(0x0000007a24a00000,0x0000007a24b00000)]
  0x000001b2c04bf1a0 JavaThread "Reference Handler" daemon [_thread_blocked, id=21520, stack(0x0000007a25100000,0x0000007a25200000)]
  0x000001b2c04c0380 JavaThread "Finalizer" daemon [_thread_blocked, id=1696, stack(0x0000007a25200000,0x0000007a25300000)]
  0x000001b2c0d3c3d0 JavaThread "Signal Dispatcher" daemon [_thread_blocked, id=8944, stack(0x0000007a25300000,0x0000007a25400000)]
  0x000001b2c0d3d0a0 JavaThread "Attach Listener" daemon [_thread_blocked, id=18628, stack(0x0000007a25400000,0x0000007a25500000)]
  0x000001b2c0d3db50 JavaThread "Service Thread" daemon [_thread_blocked, id=10560, stack(0x0000007a25500000,0x0000007a25600000)]
  0x000001b2c0d46150 JavaThread "C2 CompilerThread0" daemon [_thread_blocked, id=4812, stack(0x0000007a25600000,0x0000007a25700000)]
  0x000001b2c0d4a0f0 JavaThread "C1 CompilerThread0" daemon [_thread_blocked, id=21380, stack(0x0000007a25700000,0x0000007a25800000)]
  0x000001b2c0d4aae0 JavaThread "Sweeper thread" daemon [_thread_blocked, id=14568, stack(0x0000007a25800000,0x0000007a25900000)]
  0x000001b2c0e55730 JavaThread "Common-Cleaner" daemon [_thread_blocked, id=10112, stack(0x0000007a25900000,0x0000007a25a00000)]
  0x000001b2c0f32650 JavaThread "C2 CompilerThread1" daemon [_thread_blocked, id=2680, stack(0x0000007a25a00000,0x0000007a25b00000)]
  0x000001b2c1017ec0 JavaThread "C2 CompilerThread2" daemon [_thread_in_native, id=14264, stack(0x0000007a25b00000,0x0000007a25c00000)]
  0x000001b2c10cb630 JavaThread "Monitor Ctrl-Break" daemon [_thread_in_native, id=21052, stack(0x0000007a25c00000,0x0000007a25d00000)]
  0x000001b2c10cbb00 JavaThread "Notification Thread" daemon [_thread_blocked, id=17140, stack(0x0000007a25d00000,0x0000007a25e00000)]
  0x000001b2c14a98b0 JavaThread "JavaCPP Deallocator" daemon [_thread_blocked, id=18736, stack(0x0000007a26400000,0x0000007a26500000)]

Other Threads:
  0x000001b2c04b9ef0 VMThread "VM Thread" [stack: 0x0000007a25000000,0x0000007a25100000] [id=16956]
  0x000001b2c10cc450 WatcherThread [stack: 0x0000007a25e00000,0x0000007a25f00000] [id=21952]
  0x000001b29cc11740 GCTaskThread "GC Thread#0" [stack: 0x0000007a24b00000,0x0000007a24c00000] [id=22392]
  0x000001b2c14a0140 GCTaskThread "GC Thread#1" [stack: 0x0000007a25f00000,0x0000007a26000000] [id=14108]
  0x000001b2c14a0ad0 GCTaskThread "GC Thread#2" [stack: 0x0000007a26000000,0x0000007a26100000] [id=15084]
  0x000001b2c149ee20 GCTaskThread "GC Thread#3" [stack: 0x0000007a26100000,0x0000007a26200000] [id=7476]
  0x000001b2c14a0e00 GCTaskThread "GC Thread#4" [stack: 0x0000007a26200000,0x0000007a26300000] [id=1408]
  0x000001b2c149fae0 GCTaskThread "GC Thread#5" [stack: 0x0000007a26300000,0x0000007a26400000] [id=17756]
  0x000001b29cc25650 ConcurrentGCThread "G1 Main Marker" [stack: 0x0000007a24c00000,0x0000007a24d00000] [id=11456]
  0x000001b29cc269e0 ConcurrentGCThread "G1 Conc#0" [stack: 0x0000007a24d00000,0x0000007a24e00000] [id=20916]
  0x000001b29cc9d900 ConcurrentGCThread "G1 Refine#0" [stack: 0x0000007a24e00000,0x0000007a24f00000] [id=448]
  0x000001b29cc9e240 ConcurrentGCThread "G1 Young RemSet Sampling" [stack: 0x0000007a24f00000,0x0000007a25000000] [id=8184]

Threads with active compile tasks:
C2 CompilerThread2     1292  987       4       java.io.File::<init> (47 bytes)

VM state: not at safepoint (normal execution)

VM Mutex/Monitor currently owned by a thread: None

Heap address: 0x0000000703000000, size: 4048 MB, Compressed Oops mode: Zero based, Oop shift amount: 3
CDS archive(s) mapped at: [0x0000000800000000-0x0000000800b50000-0x0000000800b50000), size 11862016, SharedBaseAddress: 0x0000000800000000, ArchiveRelocationMode: 0.
Compressed class space mapped at: 0x0000000800b50000-0x0000000840b50000, size: 1073741824
Narrow klass base: 0x0000000800000000, Narrow klass shift: 3, Narrow klass range: 0x100000000

GC Precious Log:
 CPUs: 8 total, 8 available
 Memory: 16190M
 Large Page Support: Disabled
 NUMA Support: Disabled
 Compressed Oops: Enabled (Zero based)
 Heap Region Size: 2M
 Heap Min Capacity: 8M
 Heap Initial Capacity: 254M
 Heap Max Capacity: 4048M
 Pre-touch: Disabled
 Parallel Workers: 8
 Concurrent Workers: 2
 Concurrent Refinement Workers: 8
 Periodic GC: Disabled

Heap:
 garbage-first heap   total 260096K, used 14014K [0x0000000703000000, 0x0000000800000000)
  region size 2048K, 7 young (14336K), 2 survivors (4096K)
 Metaspace       used 4456K, capacity 6640K, committed 6912K, reserved 1056768K
  class space    used 462K, capacity 675K, committed 768K, reserved 1048576K

Heap Regions: E=young(eden), S=young(survivor), O=old, HS=humongous(starts), HC=humongous(continues), CS=collection set, F=free, OA=open archive, CA=closed archive, TAMS=top-at-mark-start (previous, next)
|   0|0x0000000703000000, 0x00000007031afa00, 0x0000000703200000| 84%| O|  |TAMS 0x0000000703000000, 0x0000000703000000| Untracked 
|   1|0x0000000703200000, 0x0000000703200000, 0x0000000703400000|  0%| F|  |TAMS 0x0000000703200000, 0x0000000703200000| Untracked 
|   2|0x0000000703400000, 0x0000000703400000, 0x0000000703600000|  0%| F|  |TAMS 0x0000000703400000, 0x0000000703400000| Untracked 
|   3|0x0000000703600000, 0x0000000703600000, 0x0000000703800000|  0%| F|  |TAMS 0x0000000703600000, 0x0000000703600000| Untracked 
|   4|0x0000000703800000, 0x0000000703800000, 0x0000000703a00000|  0%| F|  |TAMS 0x0000000703800000, 0x0000000703800000| Untracked 
|   5|0x0000000703a00000, 0x0000000703a00000, 0x0000000703c00000|  0%| F|  |TAMS 0x0000000703a00000, 0x0000000703a00000| Untracked 
|   6|0x0000000703c00000, 0x0000000703c00000, 0x0000000703e00000|  0%| F|  |TAMS 0x0000000703c00000, 0x0000000703c00000| Untracked 
|   7|0x0000000703e00000, 0x0000000703e00000, 0x0000000704000000|  0%| F|  |TAMS 0x0000000703e00000, 0x0000000703e00000| Untracked 
|   8|0x0000000704000000, 0x0000000704000000, 0x0000000704200000|  0%| F|  |TAMS 0x0000000704000000, 0x0000000704000000| Untracked 
|   9|0x0000000704200000, 0x0000000704200000, 0x0000000704400000|  0%| F|  |TAMS 0x0000000704200000, 0x0000000704200000| Untracked 
|  10|0x0000000704400000, 0x0000000704400000, 0x0000000704600000|  0%| F|  |TAMS 0x0000000704400000, 0x0000000704400000| Untracked 
|  11|0x0000000704600000, 0x0000000704600000, 0x0000000704800000|  0%| F|  |TAMS 0x0000000704600000, 0x0000000704600000| Untracked 
|  12|0x0000000704800000, 0x0000000704800000, 0x0000000704a00000|  0%| F|  |TAMS 0x0000000704800000, 0x0000000704800000| Untracked 
|  13|0x0000000704a00000, 0x0000000704a00000, 0x0000000704c00000|  0%| F|  |TAMS 0x0000000704a00000, 0x0000000704a00000| Untracked 
|  14|0x0000000704c00000, 0x0000000704c00000, 0x0000000704e00000|  0%| F|  |TAMS 0x0000000704c00000, 0x0000000704c00000| Untracked 
|  15|0x0000000704e00000, 0x0000000704e00000, 0x0000000705000000|  0%| F|  |TAMS 0x0000000704e00000, 0x0000000704e00000| Untracked 
|  16|0x0000000705000000, 0x0000000705000000, 0x0000000705200000|  0%| F|  |TAMS 0x0000000705000000, 0x0000000705000000| Untracked 
|  17|0x0000000705200000, 0x0000000705200000, 0x0000000705400000|  0%| F|  |TAMS 0x0000000705200000, 0x0000000705200000| Untracked 
|  18|0x0000000705400000, 0x0000000705400000, 0x0000000705600000|  0%| F|  |TAMS 0x0000000705400000, 0x0000000705400000| Untracked 
|  19|0x0000000705600000, 0x0000000705600000, 0x0000000705800000|  0%| F|  |TAMS 0x0000000705600000, 0x0000000705600000| Untracked 
|  20|0x0000000705800000, 0x0000000705800000, 0x0000000705a00000|  0%| F|  |TAMS 0x0000000705800000, 0x0000000705800000| Untracked 
|  21|0x0000000705a00000, 0x0000000705a00000, 0x0000000705c00000|  0%| F|  |TAMS 0x0000000705a00000, 0x0000000705a00000| Untracked 
|  22|0x0000000705c00000, 0x0000000705c00000, 0x0000000705e00000|  0%| F|  |TAMS 0x0000000705c00000, 0x0000000705c00000| Untracked 
|  23|0x0000000705e00000, 0x0000000705e00000, 0x0000000706000000|  0%| F|  |TAMS 0x0000000705e00000, 0x0000000705e00000| Untracked 
|  24|0x0000000706000000, 0x0000000706000000, 0x0000000706200000|  0%| F|  |TAMS 0x0000000706000000, 0x0000000706000000| Untracked 
|  25|0x0000000706200000, 0x0000000706200000, 0x0000000706400000|  0%| F|  |TAMS 0x0000000706200000, 0x0000000706200000| Untracked 
|  26|0x0000000706400000, 0x0000000706400000, 0x0000000706600000|  0%| F|  |TAMS 0x0000000706400000, 0x0000000706400000| Untracked 
|  27|0x0000000706600000, 0x0000000706600000, 0x0000000706800000|  0%| F|  |TAMS 0x0000000706600000, 0x0000000706600000| Untracked 
|  28|0x0000000706800000, 0x0000000706800000, 0x0000000706a00000|  0%| F|  |TAMS 0x0000000706800000, 0x0000000706800000| Untracked 
|  29|0x0000000706a00000, 0x0000000706a00000, 0x0000000706c00000|  0%| F|  |TAMS 0x0000000706a00000, 0x0000000706a00000| Untracked 
|  30|0x0000000706c00000, 0x0000000706c00000, 0x0000000706e00000|  0%| F|  |TAMS 0x0000000706c00000, 0x0000000706c00000| Untracked 
|  31|0x0000000706e00000, 0x0000000706e00000, 0x0000000707000000|  0%| F|  |TAMS 0x0000000706e00000, 0x0000000706e00000| Untracked 
|  32|0x0000000707000000, 0x0000000707000000, 0x0000000707200000|  0%| F|  |TAMS 0x0000000707000000, 0x0000000707000000| Untracked 
|  33|0x0000000707200000, 0x0000000707200000, 0x0000000707400000|  0%| F|  |TAMS 0x0000000707200000, 0x0000000707200000| Untracked 
|  34|0x0000000707400000, 0x0000000707400000, 0x0000000707600000|  0%| F|  |TAMS 0x0000000707400000, 0x0000000707400000| Untracked 
|  35|0x0000000707600000, 0x0000000707600000, 0x0000000707800000|  0%| F|  |TAMS 0x0000000707600000, 0x0000000707600000| Untracked 
|  36|0x0000000707800000, 0x0000000707800000, 0x0000000707a00000|  0%| F|  |TAMS 0x0000000707800000, 0x0000000707800000| Untracked 
|  37|0x0000000707a00000, 0x0000000707a00000, 0x0000000707c00000|  0%| F|  |TAMS 0x0000000707a00000, 0x0000000707a00000| Untracked 
|  38|0x0000000707c00000, 0x0000000707c00000, 0x0000000707e00000|  0%| F|  |TAMS 0x0000000707c00000, 0x0000000707c00000| Untracked 
|  39|0x0000000707e00000, 0x0000000707e00000, 0x0000000708000000|  0%| F|  |TAMS 0x0000000707e00000, 0x0000000707e00000| Untracked 
|  40|0x0000000708000000, 0x0000000708000000, 0x0000000708200000|  0%| F|  |TAMS 0x0000000708000000, 0x0000000708000000| Untracked 
|  41|0x0000000708200000, 0x0000000708200000, 0x0000000708400000|  0%| F|  |TAMS 0x0000000708200000, 0x0000000708200000| Untracked 
|  42|0x0000000708400000, 0x0000000708400000, 0x0000000708600000|  0%| F|  |TAMS 0x0000000708400000, 0x0000000708400000| Untracked 
|  43|0x0000000708600000, 0x0000000708600000, 0x0000000708800000|  0%| F|  |TAMS 0x0000000708600000, 0x0000000708600000| Untracked 
|  44|0x0000000708800000, 0x0000000708800000, 0x0000000708a00000|  0%| F|  |TAMS 0x0000000708800000, 0x0000000708800000| Untracked 
|  45|0x0000000708a00000, 0x0000000708a00000, 0x0000000708c00000|  0%| F|  |TAMS 0x0000000708a00000, 0x0000000708a00000| Untracked 
|  46|0x0000000708c00000, 0x0000000708c00000, 0x0000000708e00000|  0%| F|  |TAMS 0x0000000708c00000, 0x0000000708c00000| Untracked 
|  47|0x0000000708e00000, 0x0000000708e00000, 0x0000000709000000|  0%| F|  |TAMS 0x0000000708e00000, 0x0000000708e00000| Untracked 
|  48|0x0000000709000000, 0x0000000709000000, 0x0000000709200000|  0%| F|  |TAMS 0x0000000709000000, 0x0000000709000000| Untracked 
|  49|0x0000000709200000, 0x0000000709200000, 0x0000000709400000|  0%| F|  |TAMS 0x0000000709200000, 0x0000000709200000| Untracked 
|  50|0x0000000709400000, 0x0000000709400000, 0x0000000709600000|  0%| F|  |TAMS 0x0000000709400000, 0x0000000709400000| Untracked 
|  51|0x0000000709600000, 0x0000000709600000, 0x0000000709800000|  0%| F|  |TAMS 0x0000000709600000, 0x0000000709600000| Untracked 
|  52|0x0000000709800000, 0x0000000709800000, 0x0000000709a00000|  0%| F|  |TAMS 0x0000000709800000, 0x0000000709800000| Untracked 
|  53|0x0000000709a00000, 0x0000000709a00000, 0x0000000709c00000|  0%| F|  |TAMS 0x0000000709a00000, 0x0000000709a00000| Untracked 
|  54|0x0000000709c00000, 0x0000000709c00000, 0x0000000709e00000|  0%| F|  |TAMS 0x0000000709c00000, 0x0000000709c00000| Untracked 
|  55|0x0000000709e00000, 0x0000000709e00000, 0x000000070a000000|  0%| F|  |TAMS 0x0000000709e00000, 0x0000000709e00000| Untracked 
|  56|0x000000070a000000, 0x000000070a000000, 0x000000070a200000|  0%| F|  |TAMS 0x000000070a000000, 0x000000070a000000| Untracked 
|  57|0x000000070a200000, 0x000000070a200000, 0x000000070a400000|  0%| F|  |TAMS 0x000000070a200000, 0x000000070a200000| Untracked 
|  58|0x000000070a400000, 0x000000070a400000, 0x000000070a600000|  0%| F|  |TAMS 0x000000070a400000, 0x000000070a400000| Untracked 
|  59|0x000000070a600000, 0x000000070a600000, 0x000000070a800000|  0%| F|  |TAMS 0x000000070a600000, 0x000000070a600000| Untracked 
|  60|0x000000070a800000, 0x000000070a800000, 0x000000070aa00000|  0%| F|  |TAMS 0x000000070a800000, 0x000000070a800000| Untracked 
|  61|0x000000070aa00000, 0x000000070aa00000, 0x000000070ac00000|  0%| F|  |TAMS 0x000000070aa00000, 0x000000070aa00000| Untracked 
|  62|0x000000070ac00000, 0x000000070ac00000, 0x000000070ae00000|  0%| F|  |TAMS 0x000000070ac00000, 0x000000070ac00000| Untracked 
|  63|0x000000070ae00000, 0x000000070ae00000, 0x000000070b000000|  0%| F|  |TAMS 0x000000070ae00000, 0x000000070ae00000| Untracked 
|  64|0x000000070b000000, 0x000000070b000000, 0x000000070b200000|  0%| F|  |TAMS 0x000000070b000000, 0x000000070b000000| Untracked 
|  65|0x000000070b200000, 0x000000070b200000, 0x000000070b400000|  0%| F|  |TAMS 0x000000070b200000, 0x000000070b200000| Untracked 
|  66|0x000000070b400000, 0x000000070b400000, 0x000000070b600000|  0%| F|  |TAMS 0x000000070b400000, 0x000000070b400000| Untracked 
|  67|0x000000070b600000, 0x000000070b600000, 0x000000070b800000|  0%| F|  |TAMS 0x000000070b600000, 0x000000070b600000| Untracked 
|  68|0x000000070b800000, 0x000000070b800000, 0x000000070ba00000|  0%| F|  |TAMS 0x000000070b800000, 0x000000070b800000| Untracked 
|  69|0x000000070ba00000, 0x000000070ba00000, 0x000000070bc00000|  0%| F|  |TAMS 0x000000070ba00000, 0x000000070ba00000| Untracked 
|  70|0x000000070bc00000, 0x000000070bc00000, 0x000000070be00000|  0%| F|  |TAMS 0x000000070bc00000, 0x000000070bc00000| Untracked 
|  71|0x000000070be00000, 0x000000070be00000, 0x000000070c000000|  0%| F|  |TAMS 0x000000070be00000, 0x000000070be00000| Untracked 
|  72|0x000000070c000000, 0x000000070c000000, 0x000000070c200000|  0%| F|  |TAMS 0x000000070c000000, 0x000000070c000000| Untracked 
|  73|0x000000070c200000, 0x000000070c200000, 0x000000070c400000|  0%| F|  |TAMS 0x000000070c200000, 0x000000070c200000| Untracked 
|  74|0x000000070c400000, 0x000000070c400000, 0x000000070c600000|  0%| F|  |TAMS 0x000000070c400000, 0x000000070c400000| Untracked 
|  75|0x000000070c600000, 0x000000070c600000, 0x000000070c800000|  0%| F|  |TAMS 0x000000070c600000, 0x000000070c600000| Untracked 
|  76|0x000000070c800000, 0x000000070c800000, 0x000000070ca00000|  0%| F|  |TAMS 0x000000070c800000, 0x000000070c800000| Untracked 
|  77|0x000000070ca00000, 0x000000070ca00000, 0x000000070cc00000|  0%| F|  |TAMS 0x000000070ca00000, 0x000000070ca00000| Untracked 
|  78|0x000000070cc00000, 0x000000070cc00000, 0x000000070ce00000|  0%| F|  |TAMS 0x000000070cc00000, 0x000000070cc00000| Untracked 
|  79|0x000000070ce00000, 0x000000070ce00000, 0x000000070d000000|  0%| F|  |TAMS 0x000000070ce00000, 0x000000070ce00000| Untracked 
|  80|0x000000070d000000, 0x000000070d000000, 0x000000070d200000|  0%| F|  |TAMS 0x000000070d000000, 0x000000070d000000| Untracked 
|  81|0x000000070d200000, 0x000000070d200000, 0x000000070d400000|  0%| F|  |TAMS 0x000000070d200000, 0x000000070d200000| Untracked 
|  82|0x000000070d400000, 0x000000070d400000, 0x000000070d600000|  0%| F|  |TAMS 0x000000070d400000, 0x000000070d400000| Untracked 
|  83|0x000000070d600000, 0x000000070d600000, 0x000000070d800000|  0%| F|  |TAMS 0x000000070d600000, 0x000000070d600000| Untracked 
|  84|0x000000070d800000, 0x000000070d800000, 0x000000070da00000|  0%| F|  |TAMS 0x000000070d800000, 0x000000070d800000| Untracked 
|  85|0x000000070da00000, 0x000000070da00000, 0x000000070dc00000|  0%| F|  |TAMS 0x000000070da00000, 0x000000070da00000| Untracked 
|  86|0x000000070dc00000, 0x000000070dc00000, 0x000000070de00000|  0%| F|  |TAMS 0x000000070dc00000, 0x000000070dc00000| Untracked 
|  87|0x000000070de00000, 0x000000070de00000, 0x000000070e000000|  0%| F|  |TAMS 0x000000070de00000, 0x000000070de00000| Untracked 
|  88|0x000000070e000000, 0x000000070e000000, 0x000000070e200000|  0%| F|  |TAMS 0x000000070e000000, 0x000000070e000000| Untracked 
|  89|0x000000070e200000, 0x000000070e200000, 0x000000070e400000|  0%| F|  |TAMS 0x000000070e200000, 0x000000070e200000| Untracked 
|  90|0x000000070e400000, 0x000000070e400000, 0x000000070e600000|  0%| F|  |TAMS 0x000000070e400000, 0x000000070e400000| Untracked 
|  91|0x000000070e600000, 0x000000070e600000, 0x000000070e800000|  0%| F|  |TAMS 0x000000070e600000, 0x000000070e600000| Untracked 
|  92|0x000000070e800000, 0x000000070e800000, 0x000000070ea00000|  0%| F|  |TAMS 0x000000070e800000, 0x000000070e800000| Untracked 
|  93|0x000000070ea00000, 0x000000070ea00000, 0x000000070ec00000|  0%| F|  |TAMS 0x000000070ea00000, 0x000000070ea00000| Untracked 
|  94|0x000000070ec00000, 0x000000070ec00000, 0x000000070ee00000|  0%| F|  |TAMS 0x000000070ec00000, 0x000000070ec00000| Untracked 
|  95|0x000000070ee00000, 0x000000070ee00000, 0x000000070f000000|  0%| F|  |TAMS 0x000000070ee00000, 0x000000070ee00000| Untracked 
|  96|0x000000070f000000, 0x000000070f000000, 0x000000070f200000|  0%| F|  |TAMS 0x000000070f000000, 0x000000070f000000| Untracked 
|  97|0x000000070f200000, 0x000000070f200000, 0x000000070f400000|  0%| F|  |TAMS 0x000000070f200000, 0x000000070f200000| Untracked 
|  98|0x000000070f400000, 0x000000070f400000, 0x000000070f600000|  0%| F|  |TAMS 0x000000070f400000, 0x000000070f400000| Untracked 
|  99|0x000000070f600000, 0x000000070f600000, 0x000000070f800000|  0%| F|  |TAMS 0x000000070f600000, 0x000000070f600000| Untracked 
| 100|0x000000070f800000, 0x000000070f800000, 0x000000070fa00000|  0%| F|  |TAMS 0x000000070f800000, 0x000000070f800000| Untracked 
| 101|0x000000070fa00000, 0x000000070fa00000, 0x000000070fc00000|  0%| F|  |TAMS 0x000000070fa00000, 0x000000070fa00000| Untracked 
| 102|0x000000070fc00000, 0x000000070fc00000, 0x000000070fe00000|  0%| F|  |TAMS 0x000000070fc00000, 0x000000070fc00000| Untracked 
| 103|0x000000070fe00000, 0x000000070fe00000, 0x0000000710000000|  0%| F|  |TAMS 0x000000070fe00000, 0x000000070fe00000| Untracked 
| 104|0x0000000710000000, 0x0000000710000000, 0x0000000710200000|  0%| F|  |TAMS 0x0000000710000000, 0x0000000710000000| Untracked 
| 105|0x0000000710200000, 0x0000000710200000, 0x0000000710400000|  0%| F|  |TAMS 0x0000000710200000, 0x0000000710200000| Untracked 
| 106|0x0000000710400000, 0x0000000710400000, 0x0000000710600000|  0%| F|  |TAMS 0x0000000710400000, 0x0000000710400000| Untracked 
| 107|0x0000000710600000, 0x0000000710600000, 0x0000000710800000|  0%| F|  |TAMS 0x0000000710600000, 0x0000000710600000| Untracked 
| 108|0x0000000710800000, 0x0000000710800000, 0x0000000710a00000|  0%| F|  |TAMS 0x0000000710800000, 0x0000000710800000| Untracked 
| 109|0x0000000710a00000, 0x0000000710a00000, 0x0000000710c00000|  0%| F|  |TAMS 0x0000000710a00000, 0x0000000710a00000| Untracked 
| 110|0x0000000710c00000, 0x0000000710c00000, 0x0000000710e00000|  0%| F|  |TAMS 0x0000000710c00000, 0x0000000710c00000| Untracked 
| 111|0x0000000710e00000, 0x0000000710e00000, 0x0000000711000000|  0%| F|  |TAMS 0x0000000710e00000, 0x0000000710e00000| Untracked 
| 112|0x0000000711000000, 0x0000000711000000, 0x0000000711200000|  0%| F|  |TAMS 0x0000000711000000, 0x0000000711000000| Untracked 
| 113|0x0000000711200000, 0x0000000711200000, 0x0000000711400000|  0%| F|  |TAMS 0x0000000711200000, 0x0000000711200000| Untracked 
| 114|0x0000000711400000, 0x0000000711600000, 0x0000000711600000|100%| S|CS|TAMS 0x0000000711400000, 0x0000000711400000| Complete 
| 115|0x0000000711600000, 0x0000000711800000, 0x0000000711800000|100%| S|CS|TAMS 0x0000000711600000, 0x0000000711600000| Complete 
| 116|0x0000000711800000, 0x0000000711800000, 0x0000000711a00000|  0%| F|  |TAMS 0x0000000711800000, 0x0000000711800000| Untracked 
| 117|0x0000000711a00000, 0x0000000711a00000, 0x0000000711c00000|  0%| F|  |TAMS 0x0000000711a00000, 0x0000000711a00000| Untracked 
| 118|0x0000000711c00000, 0x0000000711c00000, 0x0000000711e00000|  0%| F|  |TAMS 0x0000000711c00000, 0x0000000711c00000| Untracked 
| 119|0x0000000711e00000, 0x0000000711e00000, 0x0000000712000000|  0%| F|  |TAMS 0x0000000711e00000, 0x0000000711e00000| Untracked 
| 120|0x0000000712000000, 0x0000000712000000, 0x0000000712200000|  0%| F|  |TAMS 0x0000000712000000, 0x0000000712000000| Untracked 
| 121|0x0000000712200000, 0x0000000712200000, 0x0000000712400000|  0%| F|  |TAMS 0x0000000712200000, 0x0000000712200000| Untracked 
| 122|0x0000000712400000, 0x00000007124f7500, 0x0000000712600000| 48%| E|  |TAMS 0x0000000712400000, 0x0000000712400000| Complete 
| 123|0x0000000712600000, 0x0000000712800000, 0x0000000712800000|100%| E|CS|TAMS 0x0000000712600000, 0x0000000712600000| Complete 
| 124|0x0000000712800000, 0x0000000712a00000, 0x0000000712a00000|100%| E|CS|TAMS 0x0000000712800000, 0x0000000712800000| Complete 
| 125|0x0000000712a00000, 0x0000000712c00000, 0x0000000712c00000|100%| E|CS|TAMS 0x0000000712a00000, 0x0000000712a00000| Complete 
| 126|0x0000000712c00000, 0x0000000712e00000, 0x0000000712e00000|100%| E|CS|TAMS 0x0000000712c00000, 0x0000000712c00000| Complete 

Card table byte_map: [0x000001b2b4bf0000,0x000001b2b53e0000] _byte_map_base: 0x000001b2b13d8000

Marking Bits (Prev, Next): (CMBitMap*) 0x000001b29cc13fe0, (CMBitMap*) 0x000001b29cc14020
 Prev Bits: [0x000001b2b5bd0000, 0x000001b2b9b10000)
 Next Bits: [0x000001b2b9b10000, 0x000001b2bda50000)

Polling page: 0x000001b29ab80000

Metaspace:

Usage:
  Non-class:      5.83 MB capacity,     3.90 MB ( 67%) used,     1.92 MB ( 33%) free+waste,     5.50 KB ( <1%) overhead. 
      Class:    675.00 KB capacity,   462.77 KB ( 69%) used,   209.79 KB ( 31%) free+waste,     2.44 KB ( <1%) overhead. 
       Both:      6.48 MB capacity,     4.35 MB ( 67%) used,     2.12 MB ( 33%) free+waste,     7.94 KB ( <1%) overhead. 

Virtual space:
  Non-class space:        8.00 MB reserved,       6.00 MB ( 75%) committed 
      Class space:        1.00 GB reserved,     768.00 KB ( <1%) committed 
             Both:        1.01 GB reserved,       6.75 MB ( <1%) committed 

Chunk freelists:
   Non-Class:  51.00 KB
       Class:  1.00 KB
        Both:  52.00 KB

MaxMetaspaceSize: 17179869184.00 GB
CompressedClassSpaceSize: 1.00 GB

CodeHeap 'non-profiled nmethods': size=120000Kb used=548Kb max_used=548Kb free=119451Kb
 bounds [0x000001b2acba0000, 0x000001b2ace10000, 0x000001b2b40d0000]
CodeHeap 'profiled nmethods': size=120000Kb used=2117Kb max_used=2117Kb free=117882Kb
 bounds [0x000001b2a5670000, 0x000001b2a58e0000, 0x000001b2acba0000]
CodeHeap 'non-nmethods': size=5760Kb used=1182Kb max_used=1234Kb free=4577Kb
 bounds [0x000001b2a50d0000, 0x000001b2a5340000, 0x000001b2a5670000]
 total_blobs=1565 nmethods=1122 adapters=356
 compilation: enabled
              stopped_count=0, restarted_count=0
 full_count=0

Compilation events (20 events):
Event: 1.081 Thread 0x000001b2c0d4a0f0 1085       3       jdk.internal.org.objectweb.asm.SymbolTable$Entry::<init> (20 bytes)
Event: 1.082 Thread 0x000001b2c0d4a0f0 nmethod 1085 0x000001b2a586ec90 code [0x000001b2a586ee40, 0x000001b2a586ef88]
Event: 1.082 Thread 0x000001b2c0d4a0f0 1086       3       java.lang.invoke.LambdaForm$Name::<init> (44 bytes)
Event: 1.082 Thread 0x000001b2c0d4a0f0 nmethod 1086 0x000001b2a586f090 code [0x000001b2a586f2a0, 0x000001b2a586f868]
Event: 1.082 Thread 0x000001b2c0d4a0f0 1088       3       java.lang.invoke.LambdaForm$Name::lastUseIndex (36 bytes)
Event: 1.083 Thread 0x000001b2c0d4a0f0 nmethod 1088 0x000001b2a586fb90 code [0x000001b2a586fd40, 0x000001b2a586ffd8]
Event: 1.083 Thread 0x000001b2c0d4a0f0 1089       3       jdk.internal.org.objectweb.asm.ByteVector::put11 (52 bytes)
Event: 1.083 Thread 0x000001b2c0d4a0f0 nmethod 1089 0x000001b2a5870110 code [0x000001b2a58702c0, 0x000001b2a58704c8]
Event: 1.083 Thread 0x000001b2c0d4a0f0 1087       3       java.util.ImmutableCollections$ListN::size (6 bytes)
Event: 1.083 Thread 0x000001b2c0d4a0f0 nmethod 1087 0x000001b2a5870610 code [0x000001b2a58707a0, 0x000001b2a58708b8]
Event: 1.083 Thread 0x000001b2c0d4a0f0 1092       1       java.lang.invoke.DirectMethodHandle::internalMemberName (5 bytes)
Event: 1.083 Thread 0x000001b2c0d4a0f0 nmethod 1092 0x000001b2acc16610 code [0x000001b2acc167a0, 0x000001b2acc16858]
Event: 1.083 Thread 0x000001b2c0d4a0f0 1093       3       java.lang.String::rangeCheck (9 bytes)
Event: 1.084 Thread 0x000001b2c0d4a0f0 nmethod 1093 0x000001b2a5870990 code [0x000001b2a5870b40, 0x000001b2a5870c68]
Event: 1.084 Thread 0x000001b2c0d4a0f0 1094       3       java.io.BufferedInputStream::getBufIfOpen (21 bytes)
Event: 1.084 Thread 0x000001b2c0d4a0f0 nmethod 1094 0x000001b2a5870d10 code [0x000001b2a5870ec0, 0x000001b2a58710c8]
Event: 1.084 Thread 0x000001b2c0d4a0f0 1095       3       java.lang.String::<init> (14 bytes)
Event: 1.084 Thread 0x000001b2c0d4a0f0 nmethod 1095 0x000001b2a5871190 code [0x000001b2a5871340, 0x000001b2a5871538]
Event: 1.084 Thread 0x000001b2c0d4a0f0 1097       3       java.io.DataInputStream::readUTF (501 bytes)
Event: 1.084 Thread 0x000001b2c0f32650 1098       4       java.lang.String::<init> (74 bytes)

GC Heap History (2 events):
Event: 0.751 GC heap before
{Heap before GC invocations=0 (full 0):
 garbage-first heap   total 260096K, used 20480K [0x0000000703000000, 0x0000000800000000)
  region size 2048K, 11 young (22528K), 0 survivors (0K)
 Metaspace       used 3564K, capacity 6163K, committed 6272K, reserved 1056768K
  class space    used 333K, capacity 561K, committed 640K, reserved 1048576K
}
Event: 0.755 GC heap after
{Heap after GC invocations=1 (full 0):
 garbage-first heap   total 260096K, used 5822K [0x0000000703000000, 0x0000000800000000)
  region size 2048K, 2 young (4096K), 2 survivors (4096K)
 Metaspace       used 3564K, capacity 6163K, committed 6272K, reserved 1056768K
  class space    used 333K, capacity 561K, committed 640K, reserved 1048576K
}

Deoptimization events (20 events):
Event: 0.893 Thread 0x000001b29cbc3710 Uncommon trap: trap_request=0xffffff45 fr.pc=0x000001b2acbd8020 relative=0x0000000000000320
Event: 0.893 Thread 0x000001b29cbc3710 Uncommon trap: reason=unstable_if action=reinterpret pc=0x000001b2acbd8020 method=java.lang.StringUTF16.compress([CI[BII)I @ 20 c2
Event: 0.893 Thread 0x000001b29cbc3710 DEOPT PACKING pc=0x000001b2acbd8020 sp=0x0000007a24afe2a0
Event: 0.893 Thread 0x000001b29cbc3710 DEOPT UNPACKING pc=0x000001b2a511e42f sp=0x0000007a24afe220 mode 2
Event: 0.897 Thread 0x000001b29cbc3710 Uncommon trap: trap_request=0xffffff45 fr.pc=0x000001b2acbc0038 relative=0x00000000000004f8
Event: 0.897 Thread 0x000001b29cbc3710 Uncommon trap: reason=unstable_if action=reinterpret pc=0x000001b2acbc0038 method=java.lang.AbstractStringBuilder.putStringAt(ILjava/lang/String;)V @ 8 c2
Event: 0.897 Thread 0x000001b29cbc3710 DEOPT PACKING pc=0x000001b2acbc0038 sp=0x0000007a24afe690
Event: 0.897 Thread 0x000001b29cbc3710 DEOPT UNPACKING pc=0x000001b2a511e42f sp=0x0000007a24afe598 mode 2
Event: 0.897 Thread 0x000001b29cbc3710 Uncommon trap: trap_request=0xffffff45 fr.pc=0x000001b2acbd63a4 relative=0x0000000000000384
Event: 0.897 Thread 0x000001b29cbc3710 Uncommon trap: reason=unstable_if action=reinterpret pc=0x000001b2acbd63a4 method=java.lang.AbstractStringBuilder.isLatin1()Z @ 10 c2
Event: 0.897 Thread 0x000001b29cbc3710 DEOPT PACKING pc=0x000001b2acbd63a4 sp=0x0000007a24afe6a0
Event: 0.897 Thread 0x000001b29cbc3710 DEOPT UNPACKING pc=0x000001b2a511e42f sp=0x0000007a24afe620 mode 2
Event: 0.990 Thread 0x000001b29cbc3710 DEOPT PACKING pc=0x000001b2a57849b3 sp=0x0000007a24afe0e0
Event: 0.990 Thread 0x000001b29cbc3710 DEOPT UNPACKING pc=0x000001b2a511e23f sp=0x0000007a24afd600 mode 0
Event: 1.001 Thread 0x000001b29cbc3710 DEOPT PACKING pc=0x000001b2a57849b3 sp=0x0000007a24afdd70
Event: 1.001 Thread 0x000001b29cbc3710 DEOPT UNPACKING pc=0x000001b2a511e23f sp=0x0000007a24afd290 mode 0
Event: 1.005 Thread 0x000001b29cbc3710 DEOPT PACKING pc=0x000001b2a57e4321 sp=0x0000007a24afe0a0
Event: 1.005 Thread 0x000001b29cbc3710 DEOPT UNPACKING pc=0x000001b2a511e23f sp=0x0000007a24afd598 mode 0
Event: 1.015 Thread 0x000001b29cbc3710 DEOPT PACKING pc=0x000001b2a57849b3 sp=0x0000007a24afdde0
Event: 1.015 Thread 0x000001b29cbc3710 DEOPT UNPACKING pc=0x000001b2a511e23f sp=0x0000007a24afd300 mode 0

Classes unloaded (0 events):
No events

Classes redefined (0 events):
No events

Internal exceptions (8 events):
Event: 0.242 Thread 0x000001b2c10cb630 Exception <a 'java/lang/NoSuchMethodError'{0x000000071276d638}: 'java.lang.Object java.lang.invoke.DirectMethodHandle$Holder.invokeStatic(java.lang.Object)'> (0x000000071276d638) 
thrown [./src/hotspot/share/interpreter/linkResolver.cpp, line 782]
Event: 0.243 Thread 0x000001b2c10cb630 Exception <a 'java/lang/NoSuchMethodError'{0x0000000712770f48}: 'java.lang.Object java.lang.invoke.DirectMethodHandle$Holder.invokeStaticInit(java.lang.Object)'> (0x0000000712770f48) 
thrown [./src/hotspot/share/interpreter/linkResolver.cpp, line 782]
Event: 0.250 Thread 0x000001b2c10cb630 Exception <a 'java/lang/NoSuchMethodError'{0x000000071277e428}: 'void java.lang.invoke.DirectMethodHandle$Holder.invokeStatic(java.lang.Object, java.lang.Object)'> (0x000000071277e428) 
thrown [./src/hotspot/share/interpreter/linkResolver.cpp, line 782]
Event: 0.412 Thread 0x000001b29cbc3710 Exception <a 'java/lang/NoSuchMethodError'{0x0000000712063780}: 'int java.lang.invoke.DirectMethodHandle$Holder.invokeStaticInit(java.lang.Object, java.lang.Object, java.lang.Object, java.lang.Object)'> (0x0000000712063780) 
thrown [./src/hotspot/share/interpreter/linkResolver.cpp, line 782]
Event: 0.414 Thread 0x000001b29cbc3710 Exception <a 'java/lang/NoSuchMethodError'{0x000000071206e3c0}: 'java.lang.Object java.lang.invoke.DirectMethodHandle$Holder.invokeInterface(java.lang.Object, java.lang.Object)'> (0x000000071206e3c0) 
thrown [./src/hotspot/share/interpreter/linkResolver.cpp, line 782]
Event: 0.414 Thread 0x000001b29cbc3710 Exception <a 'java/lang/IncompatibleClassChangeError'{0x0000000712071b10}: Found class java.lang.Object, but interface was expected> (0x0000000712071b10) 
thrown [./src/hotspot/share/interpreter/linkResolver.cpp, line 848]
Event: 0.415 Thread 0x000001b29cbc3710 Exception <a 'java/lang/NoSuchMethodError'{0x0000000712074d58}: 'void java.lang.invoke.DirectMethodHandle$Holder.invokeStaticInit(java.lang.Object, java.lang.Object)'> (0x0000000712074d58) 
thrown [./src/hotspot/share/interpreter/linkResolver.cpp, line 782]
Event: 0.416 Thread 0x000001b29cbc3710 Exception <a 'java/lang/NoSuchMethodError'{0x000000071207b0b0}: 'int java.lang.invoke.DirectMethodHandle$Holder.invokeStaticInit(java.lang.Object, java.lang.Object)'> (0x000000071207b0b0) 
thrown [./src/hotspot/share/interpreter/linkResolver.cpp, line 782]

Events (20 events):
Event: 1.060 loading class java/lang/invoke/BoundMethodHandle$Species_LLL
Event: 1.060 loading class java/lang/invoke/BoundMethodHandle$Species_LLL done
Event: 1.062 loading class java/lang/invoke/BoundMethodHandle$Species_LLLL
Event: 1.062 loading class java/lang/invoke/BoundMethodHandle$Species_LLLL done
Event: 1.064 loading class java/lang/invoke/BoundMethodHandle$Species_LLLLL
Event: 1.065 loading class java/lang/invoke/BoundMethodHandle$Species_LLLLL done
Event: 1.072 loading class java/lang/invoke/BoundMethodHandle$Species_LJ
Event: 1.072 loading class java/lang/invoke/BoundMethodHandle$Species_LJ done
Event: 1.074 loading class java/lang/invoke/BoundMethodHandle$Species_LLLLLL
Event: 1.074 loading class java/lang/invoke/BoundMethodHandle$Species_LLLLLL done
Event: 1.076 loading class java/lang/invoke/BoundMethodHandle$Species_LLLLLLL
Event: 1.076 loading class java/lang/invoke/BoundMethodHandle$Species_LLLLLLL done
Event: 1.081 loading class jdk/internal/vm/VMSupport
Event: 1.081 loading class jdk/internal/vm/VMSupport done
Event: 1.081 loading class sun/nio/cs/ISO_8859_1$Encoder
Event: 1.081 loading class sun/nio/cs/ISO_8859_1$Encoder done
Event: 1.082 loading class sun/nio/cs/Surrogate$Parser
Event: 1.082 loading class sun/nio/cs/Surrogate$Parser done
Event: 1.082 loading class sun/nio/cs/Surrogate
Event: 1.082 loading class sun/nio/cs/Surrogate done


Dynamic libraries:
0x00007ff7a0d00000 - 0x00007ff7a0d0d000 	C:\Program Files\AdoptOpenJDK\jdk-15.0.2.7-hotspot\bin\java.exe
0x00007ff9a40f0000 - 0x00007ff9a42e8000 	C:\WINDOWS\SYSTEM32\ntdll.dll
0x00007ff9a2ea0000 - 0x00007ff9a2f5f000 	C:\WINDOWS\System32\KERNEL32.DLL
0x00007ff9a1a90000 - 0x00007ff9a1d62000 	C:\WINDOWS\System32\KERNELBASE.dll
0x00007ff9a17e0000 - 0x00007ff9a18e0000 	C:\WINDOWS\System32\ucrtbase.dll
0x00007ff987da0000 - 0x00007ff987db8000 	C:\Program Files\AdoptOpenJDK\jdk-15.0.2.7-hotspot\bin\jli.dll
0x00007ff987dc0000 - 0x00007ff987dd5000 	C:\Program Files\AdoptOpenJDK\jdk-15.0.2.7-hotspot\bin\VCRUNTIME140.dll
0x00007ff9a3e20000 - 0x00007ff9a3fc1000 	C:\WINDOWS\System32\USER32.dll
0x00007ff9825a0000 - 0x00007ff98283a000 	C:\WINDOWS\WinSxS\amd64_microsoft.windows.common-controls_6595b64144ccf1df_6.0.19041.1110_none_60b5254171f9507e\COMCTL32.dll
0x00007ff9a1dc0000 - 0x00007ff9a1de2000 	C:\WINDOWS\System32\win32u.dll
0x00007ff9a3cd0000 - 0x00007ff9a3d6e000 	C:\WINDOWS\System32\msvcrt.dll
0x00007ff9a3ca0000 - 0x00007ff9a3ccb000 	C:\WINDOWS\System32\GDI32.dll
0x00007ff9a1980000 - 0x00007ff9a1a8f000 	C:\WINDOWS\System32\gdi32full.dll
0x00007ff9a18e0000 - 0x00007ff9a197d000 	C:\WINDOWS\System32\msvcp_win.dll
0x00007ff9a22b0000 - 0x00007ff9a22e2000 	C:\WINDOWS\System32\IMM32.DLL
0x00007ff94b500000 - 0x00007ff94b59b000 	C:\Program Files\AdoptOpenJDK\jdk-15.0.2.7-hotspot\bin\msvcp140.dll
0x00007ff910410000 - 0x00007ff910f9f000 	C:\Program Files\AdoptOpenJDK\jdk-15.0.2.7-hotspot\bin\server\jvm.dll
0x00007ff9a2130000 - 0x00007ff9a21de000 	C:\WINDOWS\System32\ADVAPI32.dll
0x00007ff9a38e0000 - 0x00007ff9a397c000 	C:\WINDOWS\System32\sechost.dll
0x00007ff9a2310000 - 0x00007ff9a2435000 	C:\WINDOWS\System32\RPCRT4.dll
0x00007ff9a3100000 - 0x00007ff9a3108000 	C:\WINDOWS\System32\PSAPI.DLL
0x00007ff980440000 - 0x00007ff980449000 	C:\WINDOWS\SYSTEM32\WSOCK32.dll
0x00007ff9a0440000 - 0x00007ff9a044a000 	C:\WINDOWS\SYSTEM32\VERSION.dll
0x00007ff9829c0000 - 0x00007ff9829e7000 	C:\WINDOWS\SYSTEM32\WINMM.dll
0x00007ff9a3090000 - 0x00007ff9a30fb000 	C:\WINDOWS\System32\WS2_32.dll
0x00007ff99fef0000 - 0x00007ff99ff02000 	C:\WINDOWS\SYSTEM32\kernel.appcore.dll
0x00007ff995db0000 - 0x00007ff995dba000 	C:\Program Files\AdoptOpenJDK\jdk-15.0.2.7-hotspot\bin\jimage.dll
0x00007ff99f460000 - 0x00007ff99f644000 	C:\WINDOWS\SYSTEM32\DBGHELP.DLL
0x00007ff984050000 - 0x00007ff984085000 	C:\WINDOWS\SYSTEM32\dbgcore.DLL
0x00007ff9a1df0000 - 0x00007ff9a1e72000 	C:\WINDOWS\System32\bcryptPrimitives.dll
0x00007ff99b940000 - 0x00007ff99b94e000 	C:\Program Files\AdoptOpenJDK\jdk-15.0.2.7-hotspot\bin\instrument.dll
0x00007ff987d70000 - 0x00007ff987d95000 	C:\Program Files\AdoptOpenJDK\jdk-15.0.2.7-hotspot\bin\java.dll
0x00007ff9a2440000 - 0x00007ff9a2b84000 	C:\WINDOWS\System32\SHELL32.dll
0x00007ff99f740000 - 0x00007ff99fed2000 	C:\WINDOWS\SYSTEM32\windows.storage.dll
0x00007ff9a3580000 - 0x00007ff9a38d5000 	C:\WINDOWS\System32\combase.dll
0x00007ff9a1160000 - 0x00007ff9a1190000 	C:\WINDOWS\SYSTEM32\Wldp.dll
0x00007ff9a3d70000 - 0x00007ff9a3e1d000 	C:\WINDOWS\System32\SHCORE.dll
0x00007ff9a3a30000 - 0x00007ff9a3a85000 	C:\WINDOWS\System32\shlwapi.dll
0x00007ff9a1720000 - 0x00007ff9a173f000 	C:\WINDOWS\SYSTEM32\profapi.dll
0x00007ff987c70000 - 0x00007ff987c88000 	C:\Program Files\AdoptOpenJDK\jdk-15.0.2.7-hotspot\bin\zip.dll
0x00007ff987d50000 - 0x00007ff987d69000 	C:\Program Files\AdoptOpenJDK\jdk-15.0.2.7-hotspot\bin\net.dll
0x00007ff996230000 - 0x00007ff99633c000 	C:\WINDOWS\SYSTEM32\WINHTTP.dll
0x00007ff9a0ec0000 - 0x00007ff9a0f2a000 	C:\WINDOWS\system32\mswsock.dll
0x00007ff987d30000 - 0x00007ff987d42000 	C:\Program Files\AdoptOpenJDK\jdk-15.0.2.7-hotspot\bin\nio.dll
0x00007ff99b910000 - 0x00007ff99b92a000 	C:\Program Files\JetBrains\IntelliJ IDEA 2022.3\bin\breakgen64.dll
0x000001b29abd0000 - 0x000001b29abd4000 	C:\Users\37756\.javacpp\cache\javacpp-1.5.7-windows-x86_64.jar\org\bytedeco\javacpp\windows-x86_64\api-ms-win-crt-locale-l1-1-0.dll
0x000001b29abe0000 - 0x000001b29abe5000 	C:\Users\37756\.javacpp\cache\javacpp-1.5.7-windows-x86_64.jar\org\bytedeco\javacpp\windows-x86_64\api-ms-win-crt-string-l1-1-0.dll
0x000001b29cb60000 - 0x000001b29cb65000 	C:\Users\37756\.javacpp\cache\javacpp-1.5.7-windows-x86_64.jar\org\bytedeco\javacpp\windows-x86_64\api-ms-win-crt-stdio-l1-1-0.dll
0x000001b29cb70000 - 0x000001b29cb76000 	C:\Users\37756\.javacpp\cache\javacpp-1.5.7-windows-x86_64.jar\org\bytedeco\javacpp\windows-x86_64\api-ms-win-crt-math-l1-1-0.dll
0x000001b29cb80000 - 0x000001b29cb84000 	C:\Users\37756\.javacpp\cache\javacpp-1.5.7-windows-x86_64.jar\org\bytedeco\javacpp\windows-x86_64\api-ms-win-crt-heap-l1-1-0.dll
0x000001b29cb90000 - 0x000001b29cb95000 	C:\Users\37756\.javacpp\cache\javacpp-1.5.7-windows-x86_64.jar\org\bytedeco\javacpp\windows-x86_64\api-ms-win-crt-runtime-l1-1-0.dll
0x000001b2c2900000 - 0x000001b2c2905000 	C:\Users\37756\.javacpp\cache\javacpp-1.5.7-windows-x86_64.jar\org\bytedeco\javacpp\windows-x86_64\api-ms-win-crt-convert-l1-1-0.dll
0x000001b2c2910000 - 0x000001b2c2914000 	C:\Users\37756\.javacpp\cache\javacpp-1.5.7-windows-x86_64.jar\org\bytedeco\javacpp\windows-x86_64\api-ms-win-crt-environment-l1-1-0.dll
0x000001b2c2920000 - 0x000001b2c2924000 	C:\Users\37756\.javacpp\cache\javacpp-1.5.7-windows-x86_64.jar\org\bytedeco\javacpp\windows-x86_64\api-ms-win-crt-time-l1-1-0.dll
0x000001b2c2930000 - 0x000001b2c2934000 	C:\Users\37756\.javacpp\cache\javacpp-1.5.7-windows-x86_64.jar\org\bytedeco\javacpp\windows-x86_64\api-ms-win-crt-filesystem-l1-1-0.dll
0x000001b2c2940000 - 0x000001b2c2944000 	C:\Users\37756\.javacpp\cache\javacpp-1.5.7-windows-x86_64.jar\org\bytedeco\javacpp\windows-x86_64\api-ms-win-crt-utility-l1-1-0.dll
0x000001b2c2950000 - 0x000001b2c2956000 	C:\Users\37756\.javacpp\cache\javacpp-1.5.7-windows-x86_64.jar\org\bytedeco\javacpp\windows-x86_64\api-ms-win-crt-multibyte-l1-1-0.dll
0x000001b2c2960000 - 0x000001b2c2964000 	C:\Users\37756\.javacpp\cache\javacpp-1.5.7-windows-x86_64.jar\org\bytedeco\javacpp\windows-x86_64\api-ms-win-crt-conio-l1-1-0.dll
0x000001b2c2970000 - 0x000001b2c2981000 	C:\Users\37756\.javacpp\cache\javacpp-1.5.7-windows-x86_64.jar\org\bytedeco\javacpp\windows-x86_64\api-ms-win-crt-private-l1-1-0.dll
0x000001b2c2990000 - 0x000001b2c2994000 	C:\Users\37756\.javacpp\cache\javacpp-1.5.7-windows-x86_64.jar\org\bytedeco\javacpp\windows-x86_64\api-ms-win-crt-process-l1-1-0.dll
0x000001b2c29a0000 - 0x000001b2c29a4000 	C:\Users\37756\.javacpp\cache\javacpp-1.5.7-windows-x86_64.jar\org\bytedeco\javacpp\windows-x86_64\api-ms-win-core-console-l1-2-0.dll
0x000001b2c29b0000 - 0x000001b2c29b4000 	C:\Users\37756\.javacpp\cache\javacpp-1.5.7-windows-x86_64.jar\org\bytedeco\javacpp\windows-x86_64\api-ms-win-core-string-l1-1-0.dll
0x000001b2c29c0000 - 0x000001b2c29c4000 	C:\Users\37756\.javacpp\cache\javacpp-1.5.7-windows-x86_64.jar\org\bytedeco\javacpp\windows-x86_64\api-ms-win-core-errorhandling-l1-1-0.dll
0x000001b2c29d0000 - 0x000001b2c29d4000 	C:\Users\37756\.javacpp\cache\javacpp-1.5.7-windows-x86_64.jar\org\bytedeco\javacpp\windows-x86_64\api-ms-win-core-timezone-l1-1-0.dll
0x000001b2c29e0000 - 0x000001b2c29e5000 	C:\Users\37756\.javacpp\cache\javacpp-1.5.7-windows-x86_64.jar\org\bytedeco\javacpp\windows-x86_64\api-ms-win-core-file-l1-1-0.dll
0x000001b2c29f0000 - 0x000001b2c29f4000 	C:\Users\37756\.javacpp\cache\javacpp-1.5.7-windows-x86_64.jar\org\bytedeco\javacpp\windows-x86_64\api-ms-win-core-namedpipe-l1-1-0.dll
0x000001b2c2a00000 - 0x000001b2c2a04000 	C:\Users\37756\.javacpp\cache\javacpp-1.5.7-windows-x86_64.jar\org\bytedeco\javacpp\windows-x86_64\api-ms-win-core-handle-l1-1-0.dll
0x000001b2c2a10000 - 0x000001b2c2a14000 	C:\Users\37756\.javacpp\cache\javacpp-1.5.7-windows-x86_64.jar\org\bytedeco\javacpp\windows-x86_64\api-ms-win-core-file-l2-1-0.dll
0x000001b2c2a20000 - 0x000001b2c2a24000 	C:\Users\37756\.javacpp\cache\javacpp-1.5.7-windows-x86_64.jar\org\bytedeco\javacpp\windows-x86_64\api-ms-win-core-heap-l1-1-0.dll
0x000001b2c2a30000 - 0x000001b2c2a34000 	C:\Users\37756\.javacpp\cache\javacpp-1.5.7-windows-x86_64.jar\org\bytedeco\javacpp\windows-x86_64\api-ms-win-core-libraryloader-l1-1-0.dll
0x000001b2c2a40000 - 0x000001b2c2a44000 	C:\Users\37756\.javacpp\cache\javacpp-1.5.7-windows-x86_64.jar\org\bytedeco\javacpp\windows-x86_64\api-ms-win-core-synch-l1-1-0.dll
0x000001b2c2a50000 - 0x000001b2c2a54000 	C:\Users\37756\.javacpp\cache\javacpp-1.5.7-windows-x86_64.jar\org\bytedeco\javacpp\windows-x86_64\api-ms-win-core-processthreads-l1-1-0.dll
0x000001b2c2a60000 - 0x000001b2c2a64000 	C:\Users\37756\.javacpp\cache\javacpp-1.5.7-windows-x86_64.jar\org\bytedeco\javacpp\windows-x86_64\api-ms-win-core-processenvironment-l1-1-0.dll
0x000001b2c2a70000 - 0x000001b2c2a74000 	C:\Users\37756\.javacpp\cache\javacpp-1.5.7-windows-x86_64.jar\org\bytedeco\javacpp\windows-x86_64\api-ms-win-core-datetime-l1-1-0.dll
0x000001b2c2a80000 - 0x000001b2c2a84000 	C:\Users\37756\.javacpp\cache\javacpp-1.5.7-windows-x86_64.jar\org\bytedeco\javacpp\windows-x86_64\api-ms-win-core-localization-l1-2-0.dll
0x000001b2c2a90000 - 0x000001b2c2a94000 	C:\Users\37756\.javacpp\cache\javacpp-1.5.7-windows-x86_64.jar\org\bytedeco\javacpp\windows-x86_64\api-ms-win-core-sysinfo-l1-1-0.dll
0x000001b2c2aa0000 - 0x000001b2c2aa4000 	C:\Users\37756\.javacpp\cache\javacpp-1.5.7-windows-x86_64.jar\org\bytedeco\javacpp\windows-x86_64\api-ms-win-core-synch-l1-2-0.dll
0x000001b2c2ab0000 - 0x000001b2c2ab4000 	C:\Users\37756\.javacpp\cache\javacpp-1.5.7-windows-x86_64.jar\org\bytedeco\javacpp\windows-x86_64\api-ms-win-core-console-l1-1-0.dll
0x000001b2c2ac0000 - 0x000001b2c2ac4000 	C:\Users\37756\.javacpp\cache\javacpp-1.5.7-windows-x86_64.jar\org\bytedeco\javacpp\windows-x86_64\api-ms-win-core-debug-l1-1-0.dll
0x000001b2c2ad0000 - 0x000001b2c2ad4000 	C:\Users\37756\.javacpp\cache\javacpp-1.5.7-windows-x86_64.jar\org\bytedeco\javacpp\windows-x86_64\api-ms-win-core-rtlsupport-l1-1-0.dll
0x000001b2c2ae0000 - 0x000001b2c2ae4000 	C:\Users\37756\.javacpp\cache\javacpp-1.5.7-windows-x86_64.jar\org\bytedeco\javacpp\windows-x86_64\api-ms-win-core-processthreads-l1-1-1.dll
0x000001b2c2af0000 - 0x000001b2c2af4000 	C:\Users\37756\.javacpp\cache\javacpp-1.5.7-windows-x86_64.jar\org\bytedeco\javacpp\windows-x86_64\api-ms-win-core-file-l1-2-0.dll
0x000001b2c2b00000 - 0x000001b2c2b04000 	C:\Users\37756\.javacpp\cache\javacpp-1.5.7-windows-x86_64.jar\org\bytedeco\javacpp\windows-x86_64\api-ms-win-core-profile-l1-1-0.dll
0x000001b2c2b10000 - 0x000001b2c2b14000 	C:\Users\37756\.javacpp\cache\javacpp-1.5.7-windows-x86_64.jar\org\bytedeco\javacpp\windows-x86_64\api-ms-win-core-memory-l1-1-0.dll
0x000001b2c2b20000 - 0x000001b2c2b24000 	C:\Users\37756\.javacpp\cache\javacpp-1.5.7-windows-x86_64.jar\org\bytedeco\javacpp\windows-x86_64\api-ms-win-core-util-l1-1-0.dll
0x000001b2c2b30000 - 0x000001b2c2b34000 	C:\Users\37756\.javacpp\cache\javacpp-1.5.7-windows-x86_64.jar\org\bytedeco\javacpp\windows-x86_64\api-ms-win-core-interlocked-l1-1-0.dll
0x00007ff967740000 - 0x00007ff967851000 	C:\Users\37756\.javacpp\cache\javacpp-1.5.7-windows-x86_64.jar\org\bytedeco\javacpp\windows-x86_64\ucrtbase.dll
0x00007ff987ee0000 - 0x00007ff987efb000 	C:\Users\37756\.javacpp\cache\javacpp-1.5.7-windows-x86_64.jar\org\bytedeco\javacpp\windows-x86_64\vcruntime140.dll
0x00007ff987f40000 - 0x00007ff987f4c000 	C:\Users\37756\.javacpp\cache\javacpp-1.5.7-windows-x86_64.jar\org\bytedeco\javacpp\windows-x86_64\vcruntime140_1.dll
0x00007ff9676b0000 - 0x00007ff96773d000 	C:\Users\37756\.javacpp\cache\javacpp-1.5.7-windows-x86_64.jar\org\bytedeco\javacpp\windows-x86_64\msvcp140.dll
0x00007ff987ec0000 - 0x00007ff987ec9000 	C:\Users\37756\.javacpp\cache\javacpp-1.5.7-windows-x86_64.jar\org\bytedeco\javacpp\windows-x86_64\msvcp140_1.dll
0x00007ff969230000 - 0x00007ff96927e000 	C:\Users\37756\.javacpp\cache\javacpp-1.5.7-windows-x86_64.jar\org\bytedeco\javacpp\windows-x86_64\concrt140.dll
0x00007ff9698e0000 - 0x00007ff969911000 	C:\Users\37756\.javacpp\cache\javacpp-1.5.7-windows-x86_64.jar\org\bytedeco\javacpp\windows-x86_64\vcomp140.dll
0x00007ff987e00000 - 0x00007ff987e0e000 	C:\Users\37756\.javacpp\cache\javacpp-1.5.7-windows-x86_64.jar\org\bytedeco\javacpp\windows-x86_64\jnijavacpp.dll
0x00007ff908060000 - 0x00007ff90c6fd000 	C:\Users\37756\.javacpp\cache\llvm-13.0.1-1.5.7-windows-x86_64.jar\org\bytedeco\llvm\windows-x86_64\LTO.dll
0x00007ff966fa0000 - 0x00007ff966fdb000 	C:\Users\37756\.javacpp\cache\llvm-13.0.1-1.5.7-windows-x86_64.jar\org\bytedeco\llvm\windows-x86_64\Remarks.dll
0x00007ff903810000 - 0x00007ff908060000 	C:\Users\37756\.javacpp\cache\llvm-13.0.1-1.5.7-windows-x86_64.jar\org\bytedeco\llvm\windows-x86_64\jniLLVM.dll
0x00007ff9a2f60000 - 0x00007ff9a308a000 	C:\WINDOWS\System32\ole32.dll

dbghelp: loaded successfully - version: 4.0.5 - missing functions: none
symbol engine: initialized successfully - sym options: 0x614 - pdb path: .;C:\Program Files\AdoptOpenJDK\jdk-15.0.2.7-hotspot\bin;C:\WINDOWS\SYSTEM32;C:\WINDOWS\WinSxS\amd64_microsoft.windows.common-controls_6595b64144ccf1df_6.0.19041.1110_none_60b5254171f9507e;C:\Program Files\AdoptOpenJDK\jdk-15.0.2.7-hotspot\bin\server;C:\Program Files\JetBrains\IntelliJ IDEA 2022.3\bin;C:\Users\37756\.javacpp\cache\javacpp-1.5.7-windows-x86_64.jar\org\bytedeco\javacpp\windows-x86_64;C:\Users\37756\.javacpp\cache\llvm-13.0.1-1.5.7-windows-x86_64.jar\org\bytedeco\llvm\windows-x86_64

VM Arguments:
jvm_args: -javaagent:C:\Program Files\JetBrains\IntelliJ IDEA 2022.3\lib\idea_rt.jar=8209:C:\Program Files\JetBrains\IntelliJ IDEA 2022.3\bin -Dfile.encoding=UTF-8 
java_command: Main tests/function-and-var-test2.sysy tests/function-and-var-test2.out
java_class_path (initial): C:\Users\37756\Documents\NJU\2022Fall\Compilers\Lab\target\classes;C:\Users\37756\.m2\repository\org\bytedeco\llvm-platform\13.0.1-1.5.7\llvm-platform-13.0.1-1.5.7.jar;C:\Users\37756\.m2\repository\org\bytedeco\javacpp-platform\1.5.7\javacpp-platform-1.5.7.jar;C:\Users\37756\.m2\repository\org\bytedeco\javacpp\1.5.7\javacpp-1.5.7.jar;C:\Users\37756\.m2\repository\org\bytedeco\javacpp\1.5.7\javacpp-1.5.7-android-arm.jar;C:\Users\37756\.m2\repository\org\bytedeco\javacpp\1.5.7\javacpp-1.5.7-android-arm64.jar;C:\Users\37756\.m2\repository\org\bytedeco\javacpp\1.5.7\javacpp-1.5.7-android-x86.jar;C:\Users\37756\.m2\repository\org\bytedeco\javacpp\1.5.7\javacpp-1.5.7-android-x86_64.jar;C:\Users\37756\.m2\repository\org\bytedeco\javacpp\1.5.7\javacpp-1.5.7-ios-arm64.jar;C:\Users\37756\.m2\repository\org\bytedeco\javacpp\1.5.7\javacpp-1.5.7-ios-x86_64.jar;C:\Users\37756\.m2\repository\org\bytedeco\javacpp\1.5.7\javacpp-1.5.7-linux-armhf.jar;C:\Users\37756\.m2\repository\org\bytedeco\javacpp\1.5.7\javacpp-1.5.7-linux-arm64.jar;C:\Users\37756\.m2\repository\org\bytedeco\javacpp\1.5.7\javacpp-1.5.7-linux-ppc64le.jar;C:\Users\37756\.m2\repository\org\bytedeco\javacpp\1.5.7\javacpp-1.5.7-linux-x86.jar;C:\Users\37756\.m2\repository\org\bytedeco\javacpp\1.5.7\javacpp-1.5.7-linux-x86_64.jar;C:\Users\37756\.m2\repository\org\bytedeco\javacpp\1.5.7\javacpp-1.5.7-macosx-arm64.jar;C:\Users\37756\.m2\repository\org\bytedeco\javacpp\1.5.7\javacpp-1.5.7-macosx-x86_64.jar;C:\Users\37756\.m2\repository\org\bytedeco\javacpp\1.5.7\javacpp-1.5.7-windows-x86.jar;C:\Users\37756\.m2\repository\org\bytedeco\javacpp\1.5.7\javacpp-1.5.7-windows-x86_64.jar;C:\Users\37756\.m2\repository\org\bytedeco\llvm\13.0.1-1.5.7\llvm-13.0.1-1.5.7.jar;C:\Users\37756\.m2\repository\org\bytedeco\llvm\13.0.1-1.5.7\llvm-13.0.1-1.5.7-linux-x86.jar;C:\Users\37756\.m2\repository\org\bytedeco\llvm\13.0.1-1.5.7\llvm-13.0.1-1.5.7-linux-x86_64.jar;C:\Users\37756\.m2\repository\org\bytedeco\llvm\1
Launcher Type: SUN_STANDARD

[Global flags]
     intx CICompilerCount                          = 4                                         {product} {ergonomic}
     uint ConcGCThreads                            = 2                                         {product} {ergonomic}
     uint G1ConcRefinementThreads                  = 8                                         {product} {ergonomic}
   size_t G1HeapRegionSize                         = 2097152                                   {product} {ergonomic}
    uintx GCDrainStackTargetSize                   = 64                                        {product} {ergonomic}
   size_t InitialHeapSize                          = 266338304                                 {product} {ergonomic}
   size_t MarkStackSize                            = 4194304                                   {product} {ergonomic}
   size_t MaxHeapSize                              = 4244635648                                {product} {ergonomic}
   size_t MaxNewSize                               = 2545942528                                {product} {ergonomic}
   size_t MinHeapDeltaBytes                        = 2097152                                   {product} {ergonomic}
   size_t MinHeapSize                              = 8388608                                   {product} {ergonomic}
    uintx NonNMethodCodeHeapSize                   = 5839372                                {pd product} {ergonomic}
    uintx NonProfiledCodeHeapSize                  = 122909434                              {pd product} {ergonomic}
    uintx ProfiledCodeHeapSize                     = 122909434                              {pd product} {ergonomic}
    uintx ReservedCodeCacheSize                    = 251658240                              {pd product} {ergonomic}
     bool SegmentedCodeCache                       = true                                      {product} {ergonomic}
   size_t SoftMaxHeapSize                          = 4244635648                             {manageable} {ergonomic}
     bool UseCompressedClassPointers               = true                                 {lp64_product} {ergonomic}
     bool UseCompressedOops                        = true                                 {lp64_product} {ergonomic}
     bool UseG1GC                                  = true                                      {product} {ergonomic}
     bool UseLargePagesIndividualAllocation        = false                                  {pd product} {ergonomic}

Logging:
Log output configuration:
 #0: stdout all=warning uptime,level,tags
 #1: stderr all=off uptime,level,tags

Environment Variables:
CLASSPATH=.;C:Program Files(x86)\scala\bin;C:Program Files(x86)\scala\lib\dt.jar;C:Program Files(x86)\scala\lib\tools.jar.;
PATH=C:\Program Files (x86)\VMware\VMware Workstation\bin\;C:\ProgramData\Anaconda3;C:\ProgramData\Anaconda3\Library\mingw-w64\bin;C:\ProgramData\Anaconda3\Library\usr\bin;C:\ProgramData\Anaconda3\Library\bin;C:\ProgramData\Anaconda3\Scripts;C:\Program Files\AdoptOpenJDK\jdk-15.0.2.7-hotspot\bin;C:\WINDOWS\system32;C:\WINDOWS;C:\WINDOWS\System32\Wbem;C:\WINDOWS\System32\WindowsPowerShell\v1.0\;C:\WINDOWS\System32\OpenSSH\;C:\Program Files\dotnet\;C:\Program Files\Microsoft SQL Server\130\Tools\Binn\;C:\Program Files\Microsoft SQL Server\Client SDK\ODBC\170\Tools\Binn\;C:\Program Files (x86)\Dev-Cpp\MinGW64\bin;C:\Program Files\Git\cmd;C:\Program Files\PuTTY\;C:\Program Files\Graphviz\bin;C:\Program Files (x86)\Tencent\微信web开发者工具\dll;C:\Program Files\nodejs\;C:\Web\mysql-8.0.28-winx64\bin;"C:Program Files(x86)\scala\bin;C:Program Files(x86)\scala\jre\bin;";C:\Program Files\NASM;C:\Users\37756\AppData\Local\Microsoft\WindowsApps;C:\Program Files\JetBrains\PyCharm Community Edition 2020.3.3\bin;C:\Users\37756\.dotnet\tools;C:\Users\37756\AppData\Local\Programs\Microsoft VS Code\bin;C:\Program Files\JetBrains\IntelliJ IDEA Community Edition 2020.3.2\bin;C:\texlive\2020\bin\win32;C:\Program Files\JetBrains\CLion 2021.2\bin;C:\Program Files\JetBrains\PyCharm 2021.1.3\bin;C:\Program Files\JetBrains\IntelliJ IDEA 2021.1.3\bin;C:\Users\37756\AppData\Roaming\npm;C:\Program Files\JetBrains\DataGrip 2021.3.4\bin;C:\Program Files\JetBrains\WebStorm 2022.1\bin;C:\Users\37756\AppData\Local\Coursier\data\bin;C:\Program Files\NASM;;C:\Program Files\JetBrains\IntelliJ IDEA 2022.3\bin;;C:\Program Files\JetBrains\CLion 2022.3.1\bin;;C:\Program Files\JetBrains\WebStorm 2022.3.1\bin;;C:\Program Files\JetBrains\IntelliJ IDEA Community Edition 2022.3.1\bin;
USERNAME=37756
OS=Windows_NT
PROCESSOR_IDENTIFIER=Intel64 Family 6 Model 142 Stepping 12, GenuineIntel



---------------  S Y S T E M  ---------------

OS:
 Windows 10 , 64 bit Build 19041 (10.0.19041.2364)
OS uptime: 1 days 5:16 hours

CPU: total 8 (initial active 8) (4 cores per cpu, 2 threads per core) family 6 model 142 stepping 12 microcode 0xf4, cmov, cx8, fxsr, mmx, sse, sse2, sse3, ssse3, sse4.1, sse4.2, popcnt, vzeroupper, avx, avx2, aes, clmul, erms, 3dnowpref, lzcnt, ht, tsc, tscinvbit, bmi1, bmi2, adx, fma, clflush, clflushopt

Memory: 4k page, system-wide physical 16190M (5376M free)
TotalPageFile size 21054M (AvailPageFile size 5658M)
current process WorkingSet (physical memory assigned to process): 99M, peak: 107M
current process commit charge ("private bytes"): 374M, peak: 382M

vm_info: OpenJDK 64-Bit Server VM (15.0.2+7) for windows-amd64 JRE (15.0.2+7), built on Jan 21 2021 05:54:57 by "" with MS VC++ 15.9 (VS2017)

END.
