#
# A fatal error has been detected by the Java Runtime Environment:
#
#  EXCEPTION_ACCESS_VIOLATION (0xc0000005) at pc=0x00007ff90192db70, pid=1784, tid=21976
#
# JRE version: OpenJDK Runtime Environment AdoptOpenJDK (15.0.2+7) (build 15.0.2+7)
# Java VM: OpenJDK 64-Bit Server VM AdoptOpenJDK (15.0.2+7, mixed mode, sharing, tiered, compressed oops, g1 gc, windows-amd64)
# Problematic frame:
# C  [jniLLVM.dll+0xe7db70]
#
# No core dump will be written. Minidumps are not enabled by default on client versions of Windows
#
# If you would like to submit a bug report, please visit:
#   https://github.com/AdoptOpenJDK/openjdk-support/issues
# The crash happened outside the Java Virtual Machine in native code.
# See problematic frame for where to report the bug.
#

---------------  S U M M A R Y ------------

Command Line: -javaagent:C:\Program Files\JetBrains\IntelliJ IDEA 2022.3\lib\idea_rt.jar=7636:C:\Program Files\JetBrains\IntelliJ IDEA 2022.3\bin -Dfile.encoding=UTF-8 Main tests/global-and-if-test1.sysy tests/global-and-if-test1.out

Host: Intel(R) Core(TM) i7-8565U CPU @ 1.80GHz, 8 cores, 15G,  Windows 10 , 64 bit Build 19041 (10.0.19041.2364)
Time: Thu Jan  5 21:11:55 2023 中国标准时间 elapsed time: 1.303074 seconds (0d 0h 0m 1s)

---------------  T H R E A D  ---------------

Current thread (0x0000018634d15060):  JavaThread "main" [_thread_in_native, id=21976, stack(0x0000001456700000,0x0000001456800000)]

Stack: [0x0000001456700000,0x0000001456800000],  sp=0x00000014567fea08,  free space=1018k
Native frames: (J=compiled Java code, j=interpreted, Vv=VM code, C=native code)
C  [jniLLVM.dll+0xe7db70]

Java frames: (J=compiled Java code, j=interpreted, Vv=VM code)
j  org.bytedeco.llvm.global.LLVM.LLVMBuildAlloca(Lorg/bytedeco/llvm/LLVM/LLVMBuilderRef;Lorg/bytedeco/llvm/LLVM/LLVMTypeRef;Ljava/lang/String;)Lorg/bytedeco/llvm/LLVM/LLVMValueRef;+0
j  LLVMIRVisitor.visitVarDecl(LSysYParser$VarDeclContext;)Lorg/bytedeco/llvm/LLVM/LLVMValueRef;+133
j  LLVMIRVisitor.visitVarDecl(LSysYParser$VarDeclContext;)Ljava/lang/Object;+2
j  SysYParser$VarDeclContext.accept(Lorg/antlr/v4/runtime/tree/ParseTreeVisitor;)Ljava/lang/Object;+12
j  org.antlr.v4.runtime.tree.AbstractParseTreeVisitor.visitChildren(Lorg/antlr/v4/runtime/tree/RuleNode;)Ljava/lang/Object;+46
j  SysYParserBaseVisitor.visitDecl(LSysYParser$DeclContext;)Ljava/lang/Object;+2
j  SysYParser$DeclContext.accept(Lorg/antlr/v4/runtime/tree/ParseTreeVisitor;)Ljava/lang/Object;+12
j  org.antlr.v4.runtime.tree.AbstractParseTreeVisitor.visitChildren(Lorg/antlr/v4/runtime/tree/RuleNode;)Ljava/lang/Object;+46
j  SysYParserBaseVisitor.visitCompUnit(LSysYParser$CompUnitContext;)Ljava/lang/Object;+2
j  SysYParser$CompUnitContext.accept(Lorg/antlr/v4/runtime/tree/ParseTreeVisitor;)Ljava/lang/Object;+12
j  org.antlr.v4.runtime.tree.AbstractParseTreeVisitor.visitChildren(Lorg/antlr/v4/runtime/tree/RuleNode;)Ljava/lang/Object;+46
j  SysYParserBaseVisitor.visitProgram(LSysYParser$ProgramContext;)Ljava/lang/Object;+2
j  LLVMIRVisitor.visitProgram(LSysYParser$ProgramContext;)Lorg/bytedeco/llvm/LLVM/LLVMValueRef;+19
j  LLVMIRVisitor.visitProgram(LSysYParser$ProgramContext;)Ljava/lang/Object;+2
j  SysYParser$ProgramContext.accept(Lorg/antlr/v4/runtime/tree/ParseTreeVisitor;)Ljava/lang/Object;+12
j  org.antlr.v4.runtime.tree.AbstractParseTreeVisitor.visit(Lorg/antlr/v4/runtime/tree/ParseTree;)Ljava/lang/Object;+2
j  Main.main([Ljava/lang/String;)V+54
v  ~StubRoutines::call_stub

siginfo: EXCEPTION_ACCESS_VIOLATION (0xc0000005), reading address 0x0000000000000048


Register to memory mapping:

RIP=0x00007ff90192db70 jniLLVM.dll
RAX=0x00000186598e0860 points into unknown readable memory: 0x5f7265746e696f70 | 70 6f 69 6e 74 65 72 5f
RBX=0x0 is NULL
RCX=0x0 is NULL
RDX=0x00000186584911e0 points into unknown readable memory: 0x00000186598b43c0 | c0 43 8b 59 86 01 00 00
RSP=0x00000014567fea08 is pointing into the stack for thread: 0x0000018634d15060
RBP=0x00000186584911e0 points into unknown readable memory: 0x00000186598b43c0 | c0 43 8b 59 86 01 00 00
RSI=0x000001865a30b1b0 points into unknown readable memory: 0x000001865a30b1c0 | c0 b1 30 5a 86 01 00 00
RDI=0x0000018634d15388 points into unknown readable memory: 0x00007ff9340d4fb0 | b0 4f 0d 34 f9 7f 00 00
R8 =0x0 is NULL
R9 =0x00000014567feac0 is pointing into the stack for thread: 0x0000018634d15060
R10=0x0000000712404f28 is pointing into object: [B 
{0x0000000712404f18} - klass: {type array byte}
 - length: 9
R11=0x00000186598e0860 points into unknown readable memory: 0x5f7265746e696f70 | 70 6f 69 6e 74 65 72 5f
R12=0x0 is NULL
R13={method} {0x0000018658b5e3b0} 'LLVMBuildAlloca' '(Lorg/bytedeco/llvm/LLVM/LLVMBuilderRef;Lorg/bytedeco/llvm/LLVM/LLVMTypeRef;Ljava/lang/String;)Lorg/bytedeco/llvm/LLVM/LLVMValueRef;' in 'org/bytedeco/llvm/global/LLVM'
R14=0x0 is NULL
R15=0x00000014567feac0 is pointing into the stack for thread: 0x0000018634d15060


Registers:
RAX=0x00000186598e0860, RBX=0x0000000000000000, RCX=0x0000000000000000, RDX=0x00000186584911e0
RSP=0x00000014567fea08, RBP=0x00000186584911e0, RSI=0x000001865a30b1b0, RDI=0x0000018634d15388
R8 =0x0000000000000000, R9 =0x00000014567feac0, R10=0x0000000712404f28, R11=0x00000186598e0860
R12=0x0000000000000000, R13=0x0000018658b5e3a8, R14=0x0000000000000000, R15=0x00000014567feac0
RIP=0x00007ff90192db70, EFLAGS=0x0000000000010202

Top of Stack: (sp=0x00000014567fea08)
0x00000014567fea08:   00007ff90160e36d 0000018634d15388
0x00000014567fea18:   0000018658482b00 0000000000000009
0x00000014567fea28:   00007ff9a17efde6 0000000000000000
0x00000014567fea38:   0000000000000009 0000018658b5e3a8
0x00000014567fea48:   0000000000000000 0000000712404f18
0x00000014567fea58:   00007ff933a34a86 0000018634d15060
0x00000014567fea68:   0000018658482b00 0000000000000010
0x00000014567fea78:   00000000000003d8 0000018634d15060
0x00000014567fea88:   00000186598e0860 0000018634d15388
0x00000014567fea98:   00007ff901954986 0000018634d15060
0x00000014567feaa8:   0000000000000000 000001865a30b1b0
0x00000014567feab8:   00000186584911e0 00000186598e0860
0x00000014567feac8:   0000000000000009 0000018658482b00
0x00000014567fead8:   00000186598e0860 00000186598e0103
0x00000014567feae8:   0000018634d15060 0000000000000000
0x00000014567feaf8:   00007ff900b82ca5 000001865a30b1b0 

Instructions: (pc=0x00007ff90192db70)
0x00007ff90192da70:   8b ca 48 89 7c 24 40 48 39 51 30 75 0e 8b 41 14
0x00007ff90192da80:   c1 e8 1d a8 01 0f 84 86 00 00 00 ba 18 00 00 00
0x00007ff90192da90:   e8 1b e9 0b 00 48 8b f8 48 85 c0 74 74 8b 50 08
0x00007ff90192daa0:   48 8b c8 48 c1 e2 03 48 2b ca 48 8d 54 24 20 48
0x00007ff90192dab0:   8b 09 e8 e9 fc 0b 00 48 83 78 08 12 75 53 48 8b
0x00007ff90192dac0:   08 48 8d 15 b8 55 51 02 41 b8 12 00 00 00 e8 ad
0x00007ff90192dad0:   aa 68 01 85 c0 75 3a 8b 47 08 48 c1 e0 03 48 2b
0x00007ff90192dae0:   f8 48 8b 47 08 48 8b 80 80 00 00 00 48 83 c0 18
0x00007ff90192daf0:   83 78 08 40 76 03 48 8b 00 48 8b 00 48 89 03 48
0x00007ff90192db00:   8b c3 c6 43 08 01 48 8b 7c 24 40 48 83 c4 30 5b
0x00007ff90192db10:   c3 48 8b 7c 24 40 48 8b c3 c6 03 00 c6 43 08 00
0x00007ff90192db20:   48 83 c4 30 5b c3 cc cc cc cc cc cc cc cc cc cc
0x00007ff90192db30:   48 8b 41 40 45 33 c0 48 83 c1 38 48 3b c1 74 1a
0x00007ff90192db40:   48 85 c0 48 8d 50 e8 49 0f 44 d0 80 7a 10 51 75
0x00007ff90192db50:   0c 48 8b 40 08 48 3b c1 75 e6 49 8b d0 80 7a 10
0x00007ff90192db60:   5c 49 0f 45 d0 48 8b c2 c3 cc cc cc cc cc cc cc
0x00007ff90192db70:   48 8b 41 48 48 8b 40 28 c3 cc cc cc cc cc cc cc
0x00007ff90192db80:   48 89 5c 24 08 48 89 74 24 10 48 89 7c 24 18 4c
0x00007ff90192db90:   89 6c 24 20 55 41 56 41 57 48 8d 6c 24 b9 48 81
0x00007ff90192dba0:   ec 90 00 00 00 4c 8d 45 07 c7 45 f7 08 00 00 00
0x00007ff90192dbb0:   48 8d 45 07 4c 89 45 e7 48 89 45 ef 4c 8b e9 45
0x00007ff90192dbc0:   33 ff 48 c7 45 fb 01 00 00 00 48 89 4d 07 66 90
0x00007ff90192dbd0:   49 8b 4d 38 49 8d 55 38 48 3b d1 0f 84 4b 01 00
0x00007ff90192dbe0:   00 48 85 c9 4c 8d 71 e8 4d 0f 44 f7 41 0f b6 46
0x00007ff90192dbf0:   10 83 e8 1b 83 f8 0a 77 0d 48 85 c9 48 8d 51 e8
0x00007ff90192dc00:   49 0f 44 d7 eb 27 48 3b d1 0f 84 1d 01 00 00 48
0x00007ff90192dc10:   85 c9 48 8d 51 e8 4d 8b f7 49 0f 44 d7 0f b6 42
0x00007ff90192dc20:   10 83 e8 1b 83 f8 0a 0f 87 ff 00 00 00 48 85 d2
0x00007ff90192dc30:   0f 84 f6 00 00 00 48 8b ca e8 22 bc 08 00 8b f0
0x00007ff90192dc40:   85 c0 0f 84 e0 00 00 00 33 d2 49 8b ce e8 8e c0
0x00007ff90192dc50:   08 00 bb 01 00 00 00 48 8b f8 3b f3 74 1b 66 90
0x00007ff90192dc60:   8b d3 49 8b ce e8 76 c0 08 00 48 3b c7 0f 85 b5 


Stack slot to memory mapping:
stack at sp + 0 slots: 0x00007ff90160e36d jniLLVM.dll
stack at sp + 1 slots: 0x0000018634d15388 points into unknown readable memory: 0x00007ff9340d4fb0 | b0 4f 0d 34 f9 7f 00 00
stack at sp + 2 slots: 0x0000018658482b00 points into unknown readable memory: 0x0000000712404f18 | 18 4f 40 12 07 00 00 00
stack at sp + 3 slots: 0x0000000000000009 is an unknown value
stack at sp + 4 slots: 0x00007ff9a17efde6 ucrtbase.dll
stack at sp + 5 slots: 0x0 is NULL
stack at sp + 6 slots: 0x0000000000000009 is an unknown value
stack at sp + 7 slots: {method} {0x0000018658b5e3b0} 'LLVMBuildAlloca' '(Lorg/bytedeco/llvm/LLVM/LLVMBuilderRef;Lorg/bytedeco/llvm/LLVM/LLVMTypeRef;Ljava/lang/String;)Lorg/bytedeco/llvm/LLVM/LLVMValueRef;' in 'org/bytedeco/llvm/global/LLVM'


---------------  P R O C E S S  ---------------

Threads class SMR info:
_java_thread_list=0x00000186598bf4d0, length=14, elements={
0x0000018634d15060, 0x000001865862e550, 0x000001865862f120, 0x0000018658eae830,
0x0000018658eb1200, 0x0000018658eb1cb0, 0x0000018658ebcf90, 0x0000018658ec5a40,
0x0000018658ecec00, 0x0000018658fc59f0, 0x000001865912ae80, 0x000001865912b350,
0x00000186592e1d60, 0x0000018659dbc400
}

Java Threads: ( => current thread )
=>0x0000018634d15060 JavaThread "main" [_thread_in_native, id=21976, stack(0x0000001456700000,0x0000001456800000)]
  0x000001865862e550 JavaThread "Reference Handler" daemon [_thread_blocked, id=21144, stack(0x0000001456e00000,0x0000001456f00000)]
  0x000001865862f120 JavaThread "Finalizer" daemon [_thread_blocked, id=6820, stack(0x0000001456f00000,0x0000001457000000)]
  0x0000018658eae830 JavaThread "Signal Dispatcher" daemon [_thread_blocked, id=22456, stack(0x0000001457000000,0x0000001457100000)]
  0x0000018658eb1200 JavaThread "Attach Listener" daemon [_thread_blocked, id=3516, stack(0x0000001457100000,0x0000001457200000)]
  0x0000018658eb1cb0 JavaThread "Service Thread" daemon [_thread_blocked, id=20592, stack(0x0000001457200000,0x0000001457300000)]
  0x0000018658ebcf90 JavaThread "C2 CompilerThread0" daemon [_thread_blocked, id=18380, stack(0x0000001457300000,0x0000001457400000)]
  0x0000018658ec5a40 JavaThread "C1 CompilerThread0" daemon [_thread_blocked, id=8784, stack(0x0000001457400000,0x0000001457500000)]
  0x0000018658ecec00 JavaThread "Sweeper thread" daemon [_thread_blocked, id=17244, stack(0x0000001457500000,0x0000001457600000)]
  0x0000018658fc59f0 JavaThread "Common-Cleaner" daemon [_thread_blocked, id=20104, stack(0x0000001457600000,0x0000001457700000)]
  0x000001865912ae80 JavaThread "Monitor Ctrl-Break" daemon [_thread_in_native, id=21308, stack(0x0000001457800000,0x0000001457900000)]
  0x000001865912b350 JavaThread "Notification Thread" daemon [_thread_blocked, id=3896, stack(0x0000001457900000,0x0000001457a00000)]
  0x00000186592e1d60 JavaThread "C2 CompilerThread1" daemon [_thread_blocked, id=23332, stack(0x0000001457700000,0x0000001457800000)]
  0x0000018659dbc400 JavaThread "JavaCPP Deallocator" daemon [_thread_blocked, id=22672, stack(0x0000001458000000,0x0000001458100000)]

Other Threads:
  0x000001865862bcc0 VMThread "VM Thread" [stack: 0x0000001456d00000,0x0000001456e00000] [id=14840]
  0x0000018659155e40 WatcherThread [stack: 0x0000001457a00000,0x0000001457b00000] [id=22752]
  0x0000018634d62aa0 GCTaskThread "GC Thread#0" [stack: 0x0000001456800000,0x0000001456900000] [id=13648]
  0x000001865902d020 GCTaskThread "GC Thread#1" [stack: 0x0000001457b00000,0x0000001457c00000] [id=16000]
  0x000001865902b9d0 GCTaskThread "GC Thread#2" [stack: 0x0000001457c00000,0x0000001457d00000] [id=12540]
  0x000001865902d350 GCTaskThread "GC Thread#3" [stack: 0x0000001457d00000,0x0000001457e00000] [id=1436]
  0x000001865902d9b0 GCTaskThread "GC Thread#4" [stack: 0x0000001457e00000,0x0000001457f00000] [id=19804]
  0x000001865902dce0 GCTaskThread "GC Thread#5" [stack: 0x0000001457f00000,0x0000001458000000] [id=7500]
  0x0000018634d74900 ConcurrentGCThread "G1 Main Marker" [stack: 0x0000001456900000,0x0000001456a00000] [id=21496]
  0x0000018634d754f0 ConcurrentGCThread "G1 Conc#0" [stack: 0x0000001456a00000,0x0000001456b00000] [id=19216]
  0x0000018634ded870 ConcurrentGCThread "G1 Refine#0" [stack: 0x0000001456b00000,0x0000001456c00000] [id=4432]
  0x0000018634dee470 ConcurrentGCThread "G1 Young RemSet Sampling" [stack: 0x0000001456c00000,0x0000001456d00000] [id=1740]

Threads with active compile tasks:

VM state: not at safepoint (normal execution)

VM Mutex/Monitor currently owned by a thread: None

Heap address: 0x0000000703000000, size: 4048 MB, Compressed Oops mode: Zero based, Oop shift amount: 3
CDS archive(s) mapped at: [0x0000000800000000-0x0000000800b50000-0x0000000800b50000), size 11862016, SharedBaseAddress: 0x0000000800000000, ArchiveRelocationMode: 0.
Compressed class space mapped at: 0x0000000800b50000-0x0000000840b50000, size: 1073741824
Narrow klass base: 0x0000000800000000, Narrow klass shift: 3, Narrow klass range: 0x100000000

GC Precious Log:
 CPUs: 8 total, 8 available
 Memory: 16190M
 Large Page Support: Disabled
 NUMA Support: Disabled
 Compressed Oops: Enabled (Zero based)
 Heap Region Size: 2M
 Heap Min Capacity: 8M
 Heap Initial Capacity: 254M
 Heap Max Capacity: 4048M
 Pre-touch: Disabled
 Parallel Workers: 8
 Concurrent Workers: 2
 Concurrent Refinement Workers: 8
 Periodic GC: Disabled

Heap:
 garbage-first heap   total 260096K, used 13975K [0x0000000703000000, 0x0000000800000000)
  region size 2048K, 7 young (14336K), 2 survivors (4096K)
 Metaspace       used 4321K, capacity 6528K, committed 6656K, reserved 1056768K
  class space    used 444K, capacity 660K, committed 768K, reserved 1048576K

Heap Regions: E=young(eden), S=young(survivor), O=old, HS=humongous(starts), HC=humongous(continues), CS=collection set, F=free, OA=open archive, CA=closed archive, TAMS=top-at-mark-start (previous, next)
|   0|0x0000000703000000, 0x00000007031a5e00, 0x0000000703200000| 82%| O|  |TAMS 0x0000000703000000, 0x0000000703000000| Untracked 
|   1|0x0000000703200000, 0x0000000703200000, 0x0000000703400000|  0%| F|  |TAMS 0x0000000703200000, 0x0000000703200000| Untracked 
|   2|0x0000000703400000, 0x0000000703400000, 0x0000000703600000|  0%| F|  |TAMS 0x0000000703400000, 0x0000000703400000| Untracked 
|   3|0x0000000703600000, 0x0000000703600000, 0x0000000703800000|  0%| F|  |TAMS 0x0000000703600000, 0x0000000703600000| Untracked 
|   4|0x0000000703800000, 0x0000000703800000, 0x0000000703a00000|  0%| F|  |TAMS 0x0000000703800000, 0x0000000703800000| Untracked 
|   5|0x0000000703a00000, 0x0000000703a00000, 0x0000000703c00000|  0%| F|  |TAMS 0x0000000703a00000, 0x0000000703a00000| Untracked 
|   6|0x0000000703c00000, 0x0000000703c00000, 0x0000000703e00000|  0%| F|  |TAMS 0x0000000703c00000, 0x0000000703c00000| Untracked 
|   7|0x0000000703e00000, 0x0000000703e00000, 0x0000000704000000|  0%| F|  |TAMS 0x0000000703e00000, 0x0000000703e00000| Untracked 
|   8|0x0000000704000000, 0x0000000704000000, 0x0000000704200000|  0%| F|  |TAMS 0x0000000704000000, 0x0000000704000000| Untracked 
|   9|0x0000000704200000, 0x0000000704200000, 0x0000000704400000|  0%| F|  |TAMS 0x0000000704200000, 0x0000000704200000| Untracked 
|  10|0x0000000704400000, 0x0000000704400000, 0x0000000704600000|  0%| F|  |TAMS 0x0000000704400000, 0x0000000704400000| Untracked 
|  11|0x0000000704600000, 0x0000000704600000, 0x0000000704800000|  0%| F|  |TAMS 0x0000000704600000, 0x0000000704600000| Untracked 
|  12|0x0000000704800000, 0x0000000704800000, 0x0000000704a00000|  0%| F|  |TAMS 0x0000000704800000, 0x0000000704800000| Untracked 
|  13|0x0000000704a00000, 0x0000000704a00000, 0x0000000704c00000|  0%| F|  |TAMS 0x0000000704a00000, 0x0000000704a00000| Untracked 
|  14|0x0000000704c00000, 0x0000000704c00000, 0x0000000704e00000|  0%| F|  |TAMS 0x0000000704c00000, 0x0000000704c00000| Untracked 
|  15|0x0000000704e00000, 0x0000000704e00000, 0x0000000705000000|  0%| F|  |TAMS 0x0000000704e00000, 0x0000000704e00000| Untracked 
|  16|0x0000000705000000, 0x0000000705000000, 0x0000000705200000|  0%| F|  |TAMS 0x0000000705000000, 0x0000000705000000| Untracked 
|  17|0x0000000705200000, 0x0000000705200000, 0x0000000705400000|  0%| F|  |TAMS 0x0000000705200000, 0x0000000705200000| Untracked 
|  18|0x0000000705400000, 0x0000000705400000, 0x0000000705600000|  0%| F|  |TAMS 0x0000000705400000, 0x0000000705400000| Untracked 
|  19|0x0000000705600000, 0x0000000705600000, 0x0000000705800000|  0%| F|  |TAMS 0x0000000705600000, 0x0000000705600000| Untracked 
|  20|0x0000000705800000, 0x0000000705800000, 0x0000000705a00000|  0%| F|  |TAMS 0x0000000705800000, 0x0000000705800000| Untracked 
|  21|0x0000000705a00000, 0x0000000705a00000, 0x0000000705c00000|  0%| F|  |TAMS 0x0000000705a00000, 0x0000000705a00000| Untracked 
|  22|0x0000000705c00000, 0x0000000705c00000, 0x0000000705e00000|  0%| F|  |TAMS 0x0000000705c00000, 0x0000000705c00000| Untracked 
|  23|0x0000000705e00000, 0x0000000705e00000, 0x0000000706000000|  0%| F|  |TAMS 0x0000000705e00000, 0x0000000705e00000| Untracked 
|  24|0x0000000706000000, 0x0000000706000000, 0x0000000706200000|  0%| F|  |TAMS 0x0000000706000000, 0x0000000706000000| Untracked 
|  25|0x0000000706200000, 0x0000000706200000, 0x0000000706400000|  0%| F|  |TAMS 0x0000000706200000, 0x0000000706200000| Untracked 
|  26|0x0000000706400000, 0x0000000706400000, 0x0000000706600000|  0%| F|  |TAMS 0x0000000706400000, 0x0000000706400000| Untracked 
|  27|0x0000000706600000, 0x0000000706600000, 0x0000000706800000|  0%| F|  |TAMS 0x0000000706600000, 0x0000000706600000| Untracked 
|  28|0x0000000706800000, 0x0000000706800000, 0x0000000706a00000|  0%| F|  |TAMS 0x0000000706800000, 0x0000000706800000| Untracked 
|  29|0x0000000706a00000, 0x0000000706a00000, 0x0000000706c00000|  0%| F|  |TAMS 0x0000000706a00000, 0x0000000706a00000| Untracked 
|  30|0x0000000706c00000, 0x0000000706c00000, 0x0000000706e00000|  0%| F|  |TAMS 0x0000000706c00000, 0x0000000706c00000| Untracked 
|  31|0x0000000706e00000, 0x0000000706e00000, 0x0000000707000000|  0%| F|  |TAMS 0x0000000706e00000, 0x0000000706e00000| Untracked 
|  32|0x0000000707000000, 0x0000000707000000, 0x0000000707200000|  0%| F|  |TAMS 0x0000000707000000, 0x0000000707000000| Untracked 
|  33|0x0000000707200000, 0x0000000707200000, 0x0000000707400000|  0%| F|  |TAMS 0x0000000707200000, 0x0000000707200000| Untracked 
|  34|0x0000000707400000, 0x0000000707400000, 0x0000000707600000|  0%| F|  |TAMS 0x0000000707400000, 0x0000000707400000| Untracked 
|  35|0x0000000707600000, 0x0000000707600000, 0x0000000707800000|  0%| F|  |TAMS 0x0000000707600000, 0x0000000707600000| Untracked 
|  36|0x0000000707800000, 0x0000000707800000, 0x0000000707a00000|  0%| F|  |TAMS 0x0000000707800000, 0x0000000707800000| Untracked 
|  37|0x0000000707a00000, 0x0000000707a00000, 0x0000000707c00000|  0%| F|  |TAMS 0x0000000707a00000, 0x0000000707a00000| Untracked 
|  38|0x0000000707c00000, 0x0000000707c00000, 0x0000000707e00000|  0%| F|  |TAMS 0x0000000707c00000, 0x0000000707c00000| Untracked 
|  39|0x0000000707e00000, 0x0000000707e00000, 0x0000000708000000|  0%| F|  |TAMS 0x0000000707e00000, 0x0000000707e00000| Untracked 
|  40|0x0000000708000000, 0x0000000708000000, 0x0000000708200000|  0%| F|  |TAMS 0x0000000708000000, 0x0000000708000000| Untracked 
|  41|0x0000000708200000, 0x0000000708200000, 0x0000000708400000|  0%| F|  |TAMS 0x0000000708200000, 0x0000000708200000| Untracked 
|  42|0x0000000708400000, 0x0000000708400000, 0x0000000708600000|  0%| F|  |TAMS 0x0000000708400000, 0x0000000708400000| Untracked 
|  43|0x0000000708600000, 0x0000000708600000, 0x0000000708800000|  0%| F|  |TAMS 0x0000000708600000, 0x0000000708600000| Untracked 
|  44|0x0000000708800000, 0x0000000708800000, 0x0000000708a00000|  0%| F|  |TAMS 0x0000000708800000, 0x0000000708800000| Untracked 
|  45|0x0000000708a00000, 0x0000000708a00000, 0x0000000708c00000|  0%| F|  |TAMS 0x0000000708a00000, 0x0000000708a00000| Untracked 
|  46|0x0000000708c00000, 0x0000000708c00000, 0x0000000708e00000|  0%| F|  |TAMS 0x0000000708c00000, 0x0000000708c00000| Untracked 
|  47|0x0000000708e00000, 0x0000000708e00000, 0x0000000709000000|  0%| F|  |TAMS 0x0000000708e00000, 0x0000000708e00000| Untracked 
|  48|0x0000000709000000, 0x0000000709000000, 0x0000000709200000|  0%| F|  |TAMS 0x0000000709000000, 0x0000000709000000| Untracked 
|  49|0x0000000709200000, 0x0000000709200000, 0x0000000709400000|  0%| F|  |TAMS 0x0000000709200000, 0x0000000709200000| Untracked 
|  50|0x0000000709400000, 0x0000000709400000, 0x0000000709600000|  0%| F|  |TAMS 0x0000000709400000, 0x0000000709400000| Untracked 
|  51|0x0000000709600000, 0x0000000709600000, 0x0000000709800000|  0%| F|  |TAMS 0x0000000709600000, 0x0000000709600000| Untracked 
|  52|0x0000000709800000, 0x0000000709800000, 0x0000000709a00000|  0%| F|  |TAMS 0x0000000709800000, 0x0000000709800000| Untracked 
|  53|0x0000000709a00000, 0x0000000709a00000, 0x0000000709c00000|  0%| F|  |TAMS 0x0000000709a00000, 0x0000000709a00000| Untracked 
|  54|0x0000000709c00000, 0x0000000709c00000, 0x0000000709e00000|  0%| F|  |TAMS 0x0000000709c00000, 0x0000000709c00000| Untracked 
|  55|0x0000000709e00000, 0x0000000709e00000, 0x000000070a000000|  0%| F|  |TAMS 0x0000000709e00000, 0x0000000709e00000| Untracked 
|  56|0x000000070a000000, 0x000000070a000000, 0x000000070a200000|  0%| F|  |TAMS 0x000000070a000000, 0x000000070a000000| Untracked 
|  57|0x000000070a200000, 0x000000070a200000, 0x000000070a400000|  0%| F|  |TAMS 0x000000070a200000, 0x000000070a200000| Untracked 
|  58|0x000000070a400000, 0x000000070a400000, 0x000000070a600000|  0%| F|  |TAMS 0x000000070a400000, 0x000000070a400000| Untracked 
|  59|0x000000070a600000, 0x000000070a600000, 0x000000070a800000|  0%| F|  |TAMS 0x000000070a600000, 0x000000070a600000| Untracked 
|  60|0x000000070a800000, 0x000000070a800000, 0x000000070aa00000|  0%| F|  |TAMS 0x000000070a800000, 0x000000070a800000| Untracked 
|  61|0x000000070aa00000, 0x000000070aa00000, 0x000000070ac00000|  0%| F|  |TAMS 0x000000070aa00000, 0x000000070aa00000| Untracked 
|  62|0x000000070ac00000, 0x000000070ac00000, 0x000000070ae00000|  0%| F|  |TAMS 0x000000070ac00000, 0x000000070ac00000| Untracked 
|  63|0x000000070ae00000, 0x000000070ae00000, 0x000000070b000000|  0%| F|  |TAMS 0x000000070ae00000, 0x000000070ae00000| Untracked 
|  64|0x000000070b000000, 0x000000070b000000, 0x000000070b200000|  0%| F|  |TAMS 0x000000070b000000, 0x000000070b000000| Untracked 
|  65|0x000000070b200000, 0x000000070b200000, 0x000000070b400000|  0%| F|  |TAMS 0x000000070b200000, 0x000000070b200000| Untracked 
|  66|0x000000070b400000, 0x000000070b400000, 0x000000070b600000|  0%| F|  |TAMS 0x000000070b400000, 0x000000070b400000| Untracked 
|  67|0x000000070b600000, 0x000000070b600000, 0x000000070b800000|  0%| F|  |TAMS 0x000000070b600000, 0x000000070b600000| Untracked 
|  68|0x000000070b800000, 0x000000070b800000, 0x000000070ba00000|  0%| F|  |TAMS 0x000000070b800000, 0x000000070b800000| Untracked 
|  69|0x000000070ba00000, 0x000000070ba00000, 0x000000070bc00000|  0%| F|  |TAMS 0x000000070ba00000, 0x000000070ba00000| Untracked 
|  70|0x000000070bc00000, 0x000000070bc00000, 0x000000070be00000|  0%| F|  |TAMS 0x000000070bc00000, 0x000000070bc00000| Untracked 
|  71|0x000000070be00000, 0x000000070be00000, 0x000000070c000000|  0%| F|  |TAMS 0x000000070be00000, 0x000000070be00000| Untracked 
|  72|0x000000070c000000, 0x000000070c000000, 0x000000070c200000|  0%| F|  |TAMS 0x000000070c000000, 0x000000070c000000| Untracked 
|  73|0x000000070c200000, 0x000000070c200000, 0x000000070c400000|  0%| F|  |TAMS 0x000000070c200000, 0x000000070c200000| Untracked 
|  74|0x000000070c400000, 0x000000070c400000, 0x000000070c600000|  0%| F|  |TAMS 0x000000070c400000, 0x000000070c400000| Untracked 
|  75|0x000000070c600000, 0x000000070c600000, 0x000000070c800000|  0%| F|  |TAMS 0x000000070c600000, 0x000000070c600000| Untracked 
|  76|0x000000070c800000, 0x000000070c800000, 0x000000070ca00000|  0%| F|  |TAMS 0x000000070c800000, 0x000000070c800000| Untracked 
|  77|0x000000070ca00000, 0x000000070ca00000, 0x000000070cc00000|  0%| F|  |TAMS 0x000000070ca00000, 0x000000070ca00000| Untracked 
|  78|0x000000070cc00000, 0x000000070cc00000, 0x000000070ce00000|  0%| F|  |TAMS 0x000000070cc00000, 0x000000070cc00000| Untracked 
|  79|0x000000070ce00000, 0x000000070ce00000, 0x000000070d000000|  0%| F|  |TAMS 0x000000070ce00000, 0x000000070ce00000| Untracked 
|  80|0x000000070d000000, 0x000000070d000000, 0x000000070d200000|  0%| F|  |TAMS 0x000000070d000000, 0x000000070d000000| Untracked 
|  81|0x000000070d200000, 0x000000070d200000, 0x000000070d400000|  0%| F|  |TAMS 0x000000070d200000, 0x000000070d200000| Untracked 
|  82|0x000000070d400000, 0x000000070d400000, 0x000000070d600000|  0%| F|  |TAMS 0x000000070d400000, 0x000000070d400000| Untracked 
|  83|0x000000070d600000, 0x000000070d600000, 0x000000070d800000|  0%| F|  |TAMS 0x000000070d600000, 0x000000070d600000| Untracked 
|  84|0x000000070d800000, 0x000000070d800000, 0x000000070da00000|  0%| F|  |TAMS 0x000000070d800000, 0x000000070d800000| Untracked 
|  85|0x000000070da00000, 0x000000070da00000, 0x000000070dc00000|  0%| F|  |TAMS 0x000000070da00000, 0x000000070da00000| Untracked 
|  86|0x000000070dc00000, 0x000000070dc00000, 0x000000070de00000|  0%| F|  |TAMS 0x000000070dc00000, 0x000000070dc00000| Untracked 
|  87|0x000000070de00000, 0x000000070de00000, 0x000000070e000000|  0%| F|  |TAMS 0x000000070de00000, 0x000000070de00000| Untracked 
|  88|0x000000070e000000, 0x000000070e000000, 0x000000070e200000|  0%| F|  |TAMS 0x000000070e000000, 0x000000070e000000| Untracked 
|  89|0x000000070e200000, 0x000000070e200000, 0x000000070e400000|  0%| F|  |TAMS 0x000000070e200000, 0x000000070e200000| Untracked 
|  90|0x000000070e400000, 0x000000070e400000, 0x000000070e600000|  0%| F|  |TAMS 0x000000070e400000, 0x000000070e400000| Untracked 
|  91|0x000000070e600000, 0x000000070e600000, 0x000000070e800000|  0%| F|  |TAMS 0x000000070e600000, 0x000000070e600000| Untracked 
|  92|0x000000070e800000, 0x000000070e800000, 0x000000070ea00000|  0%| F|  |TAMS 0x000000070e800000, 0x000000070e800000| Untracked 
|  93|0x000000070ea00000, 0x000000070ea00000, 0x000000070ec00000|  0%| F|  |TAMS 0x000000070ea00000, 0x000000070ea00000| Untracked 
|  94|0x000000070ec00000, 0x000000070ec00000, 0x000000070ee00000|  0%| F|  |TAMS 0x000000070ec00000, 0x000000070ec00000| Untracked 
|  95|0x000000070ee00000, 0x000000070ee00000, 0x000000070f000000|  0%| F|  |TAMS 0x000000070ee00000, 0x000000070ee00000| Untracked 
|  96|0x000000070f000000, 0x000000070f000000, 0x000000070f200000|  0%| F|  |TAMS 0x000000070f000000, 0x000000070f000000| Untracked 
|  97|0x000000070f200000, 0x000000070f200000, 0x000000070f400000|  0%| F|  |TAMS 0x000000070f200000, 0x000000070f200000| Untracked 
|  98|0x000000070f400000, 0x000000070f400000, 0x000000070f600000|  0%| F|  |TAMS 0x000000070f400000, 0x000000070f400000| Untracked 
|  99|0x000000070f600000, 0x000000070f600000, 0x000000070f800000|  0%| F|  |TAMS 0x000000070f600000, 0x000000070f600000| Untracked 
| 100|0x000000070f800000, 0x000000070f800000, 0x000000070fa00000|  0%| F|  |TAMS 0x000000070f800000, 0x000000070f800000| Untracked 
| 101|0x000000070fa00000, 0x000000070fa00000, 0x000000070fc00000|  0%| F|  |TAMS 0x000000070fa00000, 0x000000070fa00000| Untracked 
| 102|0x000000070fc00000, 0x000000070fc00000, 0x000000070fe00000|  0%| F|  |TAMS 0x000000070fc00000, 0x000000070fc00000| Untracked 
| 103|0x000000070fe00000, 0x000000070fe00000, 0x0000000710000000|  0%| F|  |TAMS 0x000000070fe00000, 0x000000070fe00000| Untracked 
| 104|0x0000000710000000, 0x0000000710000000, 0x0000000710200000|  0%| F|  |TAMS 0x0000000710000000, 0x0000000710000000| Untracked 
| 105|0x0000000710200000, 0x0000000710200000, 0x0000000710400000|  0%| F|  |TAMS 0x0000000710200000, 0x0000000710200000| Untracked 
| 106|0x0000000710400000, 0x0000000710400000, 0x0000000710600000|  0%| F|  |TAMS 0x0000000710400000, 0x0000000710400000| Untracked 
| 107|0x0000000710600000, 0x0000000710600000, 0x0000000710800000|  0%| F|  |TAMS 0x0000000710600000, 0x0000000710600000| Untracked 
| 108|0x0000000710800000, 0x0000000710800000, 0x0000000710a00000|  0%| F|  |TAMS 0x0000000710800000, 0x0000000710800000| Untracked 
| 109|0x0000000710a00000, 0x0000000710a00000, 0x0000000710c00000|  0%| F|  |TAMS 0x0000000710a00000, 0x0000000710a00000| Untracked 
| 110|0x0000000710c00000, 0x0000000710c00000, 0x0000000710e00000|  0%| F|  |TAMS 0x0000000710c00000, 0x0000000710c00000| Untracked 
| 111|0x0000000710e00000, 0x0000000710e00000, 0x0000000711000000|  0%| F|  |TAMS 0x0000000710e00000, 0x0000000710e00000| Untracked 
| 112|0x0000000711000000, 0x0000000711000000, 0x0000000711200000|  0%| F|  |TAMS 0x0000000711000000, 0x0000000711000000| Untracked 
| 113|0x0000000711200000, 0x0000000711200000, 0x0000000711400000|  0%| F|  |TAMS 0x0000000711200000, 0x0000000711200000| Untracked 
| 114|0x0000000711400000, 0x0000000711600000, 0x0000000711600000|100%| S|CS|TAMS 0x0000000711400000, 0x0000000711400000| Complete 
| 115|0x0000000711600000, 0x0000000711800000, 0x0000000711800000|100%| S|CS|TAMS 0x0000000711600000, 0x0000000711600000| Complete 
| 116|0x0000000711800000, 0x0000000711800000, 0x0000000711a00000|  0%| F|  |TAMS 0x0000000711800000, 0x0000000711800000| Untracked 
| 117|0x0000000711a00000, 0x0000000711a00000, 0x0000000711c00000|  0%| F|  |TAMS 0x0000000711a00000, 0x0000000711a00000| Untracked 
| 118|0x0000000711c00000, 0x0000000711c00000, 0x0000000711e00000|  0%| F|  |TAMS 0x0000000711c00000, 0x0000000711c00000| Untracked 
| 119|0x0000000711e00000, 0x0000000711e00000, 0x0000000712000000|  0%| F|  |TAMS 0x0000000711e00000, 0x0000000711e00000| Untracked 
| 120|0x0000000712000000, 0x0000000712000000, 0x0000000712200000|  0%| F|  |TAMS 0x0000000712000000, 0x0000000712000000| Untracked 
| 121|0x0000000712200000, 0x0000000712200000, 0x0000000712400000|  0%| F|  |TAMS 0x0000000712200000, 0x0000000712200000| Untracked 
| 122|0x0000000712400000, 0x0000000712478c68, 0x0000000712600000| 23%| E|  |TAMS 0x0000000712400000, 0x0000000712400000| Complete 
| 123|0x0000000712600000, 0x0000000712800000, 0x0000000712800000|100%| E|CS|TAMS 0x0000000712600000, 0x0000000712600000| Complete 
| 124|0x0000000712800000, 0x0000000712a00000, 0x0000000712a00000|100%| E|CS|TAMS 0x0000000712800000, 0x0000000712800000| Complete 
| 125|0x0000000712a00000, 0x0000000712c00000, 0x0000000712c00000|100%| E|CS|TAMS 0x0000000712a00000, 0x0000000712a00000| Complete 
| 126|0x0000000712c00000, 0x0000000712e00000, 0x0000000712e00000|100%| E|CS|TAMS 0x0000000712c00000, 0x0000000712c00000| Complete 

Card table byte_map: [0x000001864cd50000,0x000001864d540000] _byte_map_base: 0x0000018649538000

Marking Bits (Prev, Next): (CMBitMap*) 0x0000018634d642a0, (CMBitMap*) 0x0000018634d642e0
 Prev Bits: [0x000001864dd30000, 0x0000018651c70000)
 Next Bits: [0x0000018651c70000, 0x0000018655bb0000)

Polling page: 0x0000018632ce0000

Metaspace:

Usage:
  Non-class:      5.73 MB capacity,     3.79 MB ( 66%) used,     1.94 MB ( 34%) free+waste,     3.38 KB ( <1%) overhead. 
      Class:    660.00 KB capacity,   444.68 KB ( 67%) used,   213.82 KB ( 32%) free+waste,     1.50 KB ( <1%) overhead. 
       Both:      6.38 MB capacity,     4.22 MB ( 66%) used,     2.15 MB ( 34%) free+waste,     4.88 KB ( <1%) overhead. 

Virtual space:
  Non-class space:        8.00 MB reserved,       5.75 MB ( 72%) committed 
      Class space:        1.00 GB reserved,     768.00 KB ( <1%) committed 
             Both:        1.01 GB reserved,       6.50 MB ( <1%) committed 

Chunk freelists:
   Non-Class:  20.00 KB
       Class:  12.00 KB
        Both:  32.00 KB

MaxMetaspaceSize: 17179869184.00 GB
CompressedClassSpaceSize: 1.00 GB

CodeHeap 'non-profiled nmethods': size=120000Kb used=425Kb max_used=425Kb free=119574Kb
 bounds [0x0000018644cf0000, 0x0000018644f60000, 0x000001864c220000]
CodeHeap 'profiled nmethods': size=120000Kb used=2034Kb max_used=2034Kb free=117965Kb
 bounds [0x000001863d7c0000, 0x000001863da30000, 0x0000018644cf0000]
CodeHeap 'non-nmethods': size=5760Kb used=1179Kb max_used=1224Kb free=4581Kb
 bounds [0x000001863d220000, 0x000001863d490000, 0x000001863d7c0000]
 total_blobs=1458 nmethods=1019 adapters=352
 compilation: enabled
              stopped_count=0, restarted_count=0
 full_count=0

Compilation events (20 events):
Event: 1.273 Thread 0x0000018658ec5a40 nmethod 1005 0x000001863d9b6710 code [0x000001863d9b69e0, 0x000001863d9b7938]
Event: 1.273 Thread 0x0000018658ec5a40 1007 %     3       java.io.WinNTFileSystem::normalize @ 22 (143 bytes)
Event: 1.275 Thread 0x0000018658ec5a40 nmethod 1007% 0x000001863d9b7d90 code [0x000001863d9b8000, 0x000001863d9b8c98]
Event: 1.275 Thread 0x0000018658ec5a40 1006       3       java.lang.Package::isSealed (26 bytes)
Event: 1.275 Thread 0x0000018658ec5a40 nmethod 1006 0x000001863d9b9190 code [0x000001863d9b9340, 0x000001863d9b9658]
Event: 1.275 Thread 0x0000018658ec5a40 1008       3       jdk.internal.loader.NativeLibraries$NativeLibraryImpl::find (6 bytes)
Event: 1.275 Thread 0x0000018658ec5a40 nmethod 1008 0x000001863d9b9790 code [0x000001863d9b9940, 0x000001863d9b9a68]
Event: 1.277 Thread 0x0000018658ebcf90 nmethod 994 0x0000018644d55910 code [0x0000018644d55aa0, 0x0000018644d55e38]
Event: 1.277 Thread 0x0000018658ebcf90  902       4       java.nio.Buffer::checkSegment (17 bytes)
Event: 1.278 Thread 0x0000018658ec5a40 1011       3       java.lang.invoke.MemberName::isConstructor (8 bytes)
Event: 1.278 Thread 0x0000018658ebcf90 nmethod 902 0x0000018644d56490 code [0x0000018644d56600, 0x0000018644d56678]
Event: 1.278 Thread 0x0000018658ec5a40 nmethod 1011 0x000001863d9b9b10 code [0x000001863d9b9cc0, 0x000001863d9b9ef8]
Event: 1.278 Thread 0x0000018658ec5a40 1012       3       java.util.Arrays::equals (57 bytes)
Event: 1.279 Thread 0x0000018658ec5a40 nmethod 1012 0x000001863d9ba010 code [0x000001863d9ba1e0, 0x000001863d9ba748]
Event: 1.279 Thread 0x0000018658ec5a40 1016       3       java.lang.invoke.LambdaForm$BasicType::basicType (19 bytes)
Event: 1.279 Thread 0x0000018658ec5a40 nmethod 1016 0x000001863d9ba910 code [0x000001863d9baae0, 0x000001863d9bad18]
Event: 1.279 Thread 0x0000018658ec5a40 1014       3       java.lang.invoke.MemberName::isStatic (8 bytes)
Event: 1.279 Thread 0x0000018658ec5a40 nmethod 1014 0x000001863d9bae90 code [0x000001863d9bb020, 0x000001863d9bb1d8]
Event: 1.279 Thread 0x0000018658ec5a40 1018       3       java.lang.invoke.MemberName::getMethodOrFieldType (72 bytes)
Event: 1.281 Thread 0x0000018658ec5a40 nmethod 1018 0x000001863d9bb290 code [0x000001863d9bb5a0, 0x000001863d9bc448]

GC Heap History (2 events):
Event: 0.985 GC heap before
{Heap before GC invocations=0 (full 0):
 garbage-first heap   total 260096K, used 22528K [0x0000000703000000, 0x0000000800000000)
  region size 2048K, 11 young (22528K), 0 survivors (0K)
 Metaspace       used 3557K, capacity 6163K, committed 6272K, reserved 1056768K
  class space    used 332K, capacity 561K, committed 640K, reserved 1048576K
}
Event: 0.989 GC heap after
{Heap after GC invocations=1 (full 0):
 garbage-first heap   total 260096K, used 5783K [0x0000000703000000, 0x0000000800000000)
  region size 2048K, 2 young (4096K), 2 survivors (4096K)
 Metaspace       used 3557K, capacity 6163K, committed 6272K, reserved 1056768K
  class space    used 332K, capacity 561K, committed 640K, reserved 1048576K
}

Deoptimization events (20 events):
Event: 1.189 Thread 0x0000018634d15060 Uncommon trap: trap_request=0xffffff45 fr.pc=0x0000018644d35e8c relative=0x000000000000064c
Event: 1.189 Thread 0x0000018634d15060 Uncommon trap: reason=unstable_if action=reinterpret pc=0x0000018644d35e8c method=java.io.WinNTFileSystem.normalize(Ljava/lang/String;)Ljava/lang/String; @ 128 c2
Event: 1.189 Thread 0x0000018634d15060 DEOPT PACKING pc=0x0000018644d35e8c sp=0x00000014567fe0f0
Event: 1.189 Thread 0x0000018634d15060 DEOPT UNPACKING pc=0x000001863d26e42f sp=0x00000014567fe078 mode 2
Event: 1.191 Thread 0x0000018634d15060 Uncommon trap: trap_request=0xffffff45 fr.pc=0x0000018644d31070 relative=0x0000000000000730
Event: 1.191 Thread 0x0000018634d15060 Uncommon trap: reason=unstable_if action=reinterpret pc=0x0000018644d31070 method=java.io.WinNTFileSystem.normalize(Ljava/lang/String;)Ljava/lang/String; @ 128 c2
Event: 1.191 Thread 0x0000018634d15060 DEOPT PACKING pc=0x0000018644d31070 sp=0x00000014567fe0d0
Event: 1.191 Thread 0x0000018634d15060 DEOPT UNPACKING pc=0x000001863d26e42f sp=0x00000014567fe088 mode 2
Event: 1.191 Thread 0x0000018634d15060 Uncommon trap: trap_request=0xffffff45 fr.pc=0x0000018644d2a620 relative=0x0000000000000320
Event: 1.192 Thread 0x0000018634d15060 Uncommon trap: reason=unstable_if action=reinterpret pc=0x0000018644d2a620 method=java.lang.StringUTF16.compress([CI[BII)I @ 20 c2
Event: 1.192 Thread 0x0000018634d15060 DEOPT PACKING pc=0x0000018644d2a620 sp=0x00000014567fde70
Event: 1.192 Thread 0x0000018634d15060 DEOPT UNPACKING pc=0x000001863d26e42f sp=0x00000014567fddf0 mode 2
Event: 1.195 Thread 0x0000018634d15060 Uncommon trap: trap_request=0xffffff45 fr.pc=0x0000018644d10eb8 relative=0x00000000000004f8
Event: 1.195 Thread 0x0000018634d15060 Uncommon trap: reason=unstable_if action=reinterpret pc=0x0000018644d10eb8 method=java.lang.AbstractStringBuilder.putStringAt(ILjava/lang/String;)V @ 8 c2
Event: 1.195 Thread 0x0000018634d15060 DEOPT PACKING pc=0x0000018644d10eb8 sp=0x00000014567fe260
Event: 1.195 Thread 0x0000018634d15060 DEOPT UNPACKING pc=0x000001863d26e42f sp=0x00000014567fe168 mode 2
Event: 1.195 Thread 0x0000018634d15060 Uncommon trap: trap_request=0xffffff45 fr.pc=0x0000018644d385a4 relative=0x0000000000000384
Event: 1.195 Thread 0x0000018634d15060 Uncommon trap: reason=unstable_if action=reinterpret pc=0x0000018644d385a4 method=java.lang.AbstractStringBuilder.isLatin1()Z @ 10 c2
Event: 1.195 Thread 0x0000018634d15060 DEOPT PACKING pc=0x0000018644d385a4 sp=0x00000014567fe270
Event: 1.195 Thread 0x0000018634d15060 DEOPT UNPACKING pc=0x000001863d26e42f sp=0x00000014567fe1f0 mode 2

Classes unloaded (0 events):
No events

Classes redefined (0 events):
No events

Internal exceptions (8 events):
Event: 0.337 Thread 0x000001865912ae80 Exception <a 'java/lang/NoSuchMethodError'{0x000000071276d638}: 'java.lang.Object java.lang.invoke.DirectMethodHandle$Holder.invokeStatic(java.lang.Object)'> (0x000000071276d638) 
thrown [./src/hotspot/share/interpreter/linkResolver.cpp, line 782]
Event: 0.338 Thread 0x000001865912ae80 Exception <a 'java/lang/NoSuchMethodError'{0x0000000712770f48}: 'java.lang.Object java.lang.invoke.DirectMethodHandle$Holder.invokeStaticInit(java.lang.Object)'> (0x0000000712770f48) 
thrown [./src/hotspot/share/interpreter/linkResolver.cpp, line 782]
Event: 0.350 Thread 0x000001865912ae80 Exception <a 'java/lang/NoSuchMethodError'{0x000000071277e428}: 'void java.lang.invoke.DirectMethodHandle$Holder.invokeStatic(java.lang.Object, java.lang.Object)'> (0x000000071277e428) 
thrown [./src/hotspot/share/interpreter/linkResolver.cpp, line 782]
Event: 0.583 Thread 0x0000018634d15060 Exception <a 'java/lang/NoSuchMethodError'{0x000000071207a950}: 'int java.lang.invoke.DirectMethodHandle$Holder.invokeStaticInit(java.lang.Object, java.lang.Object, java.lang.Object, java.lang.Object)'> (0x000000071207a950) 
thrown [./src/hotspot/share/interpreter/linkResolver.cpp, line 782]
Event: 0.585 Thread 0x0000018634d15060 Exception <a 'java/lang/NoSuchMethodError'{0x0000000712085590}: 'java.lang.Object java.lang.invoke.DirectMethodHandle$Holder.invokeInterface(java.lang.Object, java.lang.Object)'> (0x0000000712085590) 
thrown [./src/hotspot/share/interpreter/linkResolver.cpp, line 782]
Event: 0.586 Thread 0x0000018634d15060 Exception <a 'java/lang/IncompatibleClassChangeError'{0x0000000712088ce0}: Found class java.lang.Object, but interface was expected> (0x0000000712088ce0) 
thrown [./src/hotspot/share/interpreter/linkResolver.cpp, line 848]
Event: 0.587 Thread 0x0000018634d15060 Exception <a 'java/lang/NoSuchMethodError'{0x000000071208bf28}: 'void java.lang.invoke.DirectMethodHandle$Holder.invokeStaticInit(java.lang.Object, java.lang.Object)'> (0x000000071208bf28) 
thrown [./src/hotspot/share/interpreter/linkResolver.cpp, line 782]
Event: 0.589 Thread 0x0000018634d15060 Exception <a 'java/lang/NoSuchMethodError'{0x0000000712092080}: 'int java.lang.invoke.DirectMethodHandle$Holder.invokeStaticInit(java.lang.Object, java.lang.Object)'> (0x0000000712092080) 
thrown [./src/hotspot/share/interpreter/linkResolver.cpp, line 782]

Events (20 events):
Event: 1.106 loading class java/util/LinkedHashMap$LinkedKeySet
Event: 1.106 loading class java/util/LinkedHashMap$LinkedKeySet done
Event: 1.106 loading class sun/util/resources/TimeZoneNames
Event: 1.107 loading class sun/util/resources/TimeZoneNames done
Event: 1.108 loading class sun/util/resources/TimeZoneNames_en
Event: 1.108 loading class sun/util/resources/TimeZoneNames_en done
Event: 1.115 loading class java/lang/NumberFormatException
Event: 1.115 loading class java/lang/NumberFormatException done
Event: 1.116 Executing VM operation: HandshakeAllThreads
Event: 1.116 Executing VM operation: HandshakeAllThreads done
Event: 1.117 Thread 0x0000018659dbc400 Thread added: 0x0000018659dbc400
Event: 1.157 loading class java/util/regex/Pattern$BnM
Event: 1.157 loading class java/util/regex/Pattern$BnM done
Event: 1.157 loading class java/util/regex/Pattern$SliceS
Event: 1.157 loading class java/util/regex/Pattern$SliceS done
Event: 1.210 Loaded shared library C:\Users\37756\.javacpp\cache\llvm-13.0.1-1.5.7-windows-x86_64.jar\org\bytedeco\llvm\windows-x86_64\LTO.dll
Event: 1.219 Loaded shared library C:\Users\37756\.javacpp\cache\llvm-13.0.1-1.5.7-windows-x86_64.jar\org\bytedeco\llvm\windows-x86_64\Remarks.dll
Event: 1.233 Loaded shared library C:\Users\37756\.javacpp\cache\llvm-13.0.1-1.5.7-windows-x86_64.jar\org\bytedeco\llvm\windows-x86_64\jniLLVM.dll
Event: 1.279 loading class java/lang/invoke/BoundMethodHandle$Species_LL
Event: 1.279 loading class java/lang/invoke/BoundMethodHandle$Species_LL done


Dynamic libraries:
0x00007ff76f090000 - 0x00007ff76f09d000 	C:\Program Files\AdoptOpenJDK\jdk-15.0.2.7-hotspot\bin\java.exe
0x00007ff9a40f0000 - 0x00007ff9a42e8000 	C:\WINDOWS\SYSTEM32\ntdll.dll
0x00007ff9a2ea0000 - 0x00007ff9a2f5f000 	C:\WINDOWS\System32\KERNEL32.DLL
0x00007ff9a1a90000 - 0x00007ff9a1d62000 	C:\WINDOWS\System32\KERNELBASE.dll
0x00007ff9a17e0000 - 0x00007ff9a18e0000 	C:\WINDOWS\System32\ucrtbase.dll
0x00007ff97bea0000 - 0x00007ff97beb8000 	C:\Program Files\AdoptOpenJDK\jdk-15.0.2.7-hotspot\bin\jli.dll
0x00007ff97be00000 - 0x00007ff97be15000 	C:\Program Files\AdoptOpenJDK\jdk-15.0.2.7-hotspot\bin\VCRUNTIME140.dll
0x00007ff9a3e20000 - 0x00007ff9a3fc1000 	C:\WINDOWS\System32\USER32.dll
0x00007ff9825a0000 - 0x00007ff98283a000 	C:\WINDOWS\WinSxS\amd64_microsoft.windows.common-controls_6595b64144ccf1df_6.0.19041.1110_none_60b5254171f9507e\COMCTL32.dll
0x00007ff9a1dc0000 - 0x00007ff9a1de2000 	C:\WINDOWS\System32\win32u.dll
0x00007ff9a3cd0000 - 0x00007ff9a3d6e000 	C:\WINDOWS\System32\msvcrt.dll
0x00007ff9a3ca0000 - 0x00007ff9a3ccb000 	C:\WINDOWS\System32\GDI32.dll
0x00007ff9a1980000 - 0x00007ff9a1a8f000 	C:\WINDOWS\System32\gdi32full.dll
0x00007ff9a18e0000 - 0x00007ff9a197d000 	C:\WINDOWS\System32\msvcp_win.dll
0x00007ff9a22b0000 - 0x00007ff9a22e2000 	C:\WINDOWS\System32\IMM32.DLL
0x00007ff967540000 - 0x00007ff9675db000 	C:\Program Files\AdoptOpenJDK\jdk-15.0.2.7-hotspot\bin\msvcp140.dll
0x00007ff9336b0000 - 0x00007ff93423f000 	C:\Program Files\AdoptOpenJDK\jdk-15.0.2.7-hotspot\bin\server\jvm.dll
0x00007ff9a2130000 - 0x00007ff9a21de000 	C:\WINDOWS\System32\ADVAPI32.dll
0x00007ff9a38e0000 - 0x00007ff9a397c000 	C:\WINDOWS\System32\sechost.dll
0x00007ff9a2310000 - 0x00007ff9a2435000 	C:\WINDOWS\System32\RPCRT4.dll
0x00007ff9a3100000 - 0x00007ff9a3108000 	C:\WINDOWS\System32\PSAPI.DLL
0x00007ff99ea90000 - 0x00007ff99ea99000 	C:\WINDOWS\SYSTEM32\WSOCK32.dll
0x00007ff9829c0000 - 0x00007ff9829e7000 	C:\WINDOWS\SYSTEM32\WINMM.dll
0x00007ff9a3090000 - 0x00007ff9a30fb000 	C:\WINDOWS\System32\WS2_32.dll
0x00007ff9a0440000 - 0x00007ff9a044a000 	C:\WINDOWS\SYSTEM32\VERSION.dll
0x00007ff99fef0000 - 0x00007ff99ff02000 	C:\WINDOWS\SYSTEM32\kernel.appcore.dll
0x00007ff987d80000 - 0x00007ff987d8a000 	C:\Program Files\AdoptOpenJDK\jdk-15.0.2.7-hotspot\bin\jimage.dll
0x00007ff99f460000 - 0x00007ff99f644000 	C:\WINDOWS\SYSTEM32\DBGHELP.DLL
0x00007ff984050000 - 0x00007ff984085000 	C:\WINDOWS\SYSTEM32\dbgcore.DLL
0x00007ff9a1df0000 - 0x00007ff9a1e72000 	C:\WINDOWS\System32\bcryptPrimitives.dll
0x00007ff983a60000 - 0x00007ff983a6e000 	C:\Program Files\AdoptOpenJDK\jdk-15.0.2.7-hotspot\bin\instrument.dll
0x00007ff979c90000 - 0x00007ff979cb5000 	C:\Program Files\AdoptOpenJDK\jdk-15.0.2.7-hotspot\bin\java.dll
0x00007ff9a2440000 - 0x00007ff9a2b84000 	C:\WINDOWS\System32\SHELL32.dll
0x00007ff99f740000 - 0x00007ff99fed2000 	C:\WINDOWS\SYSTEM32\windows.storage.dll
0x00007ff9a3580000 - 0x00007ff9a38d5000 	C:\WINDOWS\System32\combase.dll
0x00007ff9a1160000 - 0x00007ff9a1190000 	C:\WINDOWS\SYSTEM32\Wldp.dll
0x00007ff9a3d70000 - 0x00007ff9a3e1d000 	C:\WINDOWS\System32\SHCORE.dll
0x00007ff9a3a30000 - 0x00007ff9a3a85000 	C:\WINDOWS\System32\shlwapi.dll
0x00007ff9a1720000 - 0x00007ff9a173f000 	C:\WINDOWS\SYSTEM32\profapi.dll
0x00007ff96ef70000 - 0x00007ff96ef88000 	C:\Program Files\AdoptOpenJDK\jdk-15.0.2.7-hotspot\bin\zip.dll
0x00007ff97bde0000 - 0x00007ff97bdf9000 	C:\Program Files\AdoptOpenJDK\jdk-15.0.2.7-hotspot\bin\net.dll
0x00007ff996230000 - 0x00007ff99633c000 	C:\WINDOWS\SYSTEM32\WINHTTP.dll
0x00007ff9a0ec0000 - 0x00007ff9a0f2a000 	C:\WINDOWS\system32\mswsock.dll
0x00007ff976060000 - 0x00007ff976072000 	C:\Program Files\AdoptOpenJDK\jdk-15.0.2.7-hotspot\bin\nio.dll
0x00007ff96b730000 - 0x00007ff96b74a000 	C:\Program Files\JetBrains\IntelliJ IDEA 2022.3\bin\breakgen64.dll
0x0000018632d30000 - 0x0000018632d34000 	C:\Users\37756\.javacpp\cache\javacpp-1.5.7-windows-x86_64.jar\org\bytedeco\javacpp\windows-x86_64\api-ms-win-crt-locale-l1-1-0.dll
0x0000018634cc0000 - 0x0000018634cc5000 	C:\Users\37756\.javacpp\cache\javacpp-1.5.7-windows-x86_64.jar\org\bytedeco\javacpp\windows-x86_64\api-ms-win-crt-string-l1-1-0.dll
0x0000018634cd0000 - 0x0000018634cd5000 	C:\Users\37756\.javacpp\cache\javacpp-1.5.7-windows-x86_64.jar\org\bytedeco\javacpp\windows-x86_64\api-ms-win-crt-stdio-l1-1-0.dll
0x0000018634ce0000 - 0x0000018634ce6000 	C:\Users\37756\.javacpp\cache\javacpp-1.5.7-windows-x86_64.jar\org\bytedeco\javacpp\windows-x86_64\api-ms-win-crt-math-l1-1-0.dll
0x0000018659aa0000 - 0x0000018659aa4000 	C:\Users\37756\.javacpp\cache\javacpp-1.5.7-windows-x86_64.jar\org\bytedeco\javacpp\windows-x86_64\api-ms-win-crt-heap-l1-1-0.dll
0x0000018659ab0000 - 0x0000018659ab5000 	C:\Users\37756\.javacpp\cache\javacpp-1.5.7-windows-x86_64.jar\org\bytedeco\javacpp\windows-x86_64\api-ms-win-crt-runtime-l1-1-0.dll
0x0000018659ac0000 - 0x0000018659ac5000 	C:\Users\37756\.javacpp\cache\javacpp-1.5.7-windows-x86_64.jar\org\bytedeco\javacpp\windows-x86_64\api-ms-win-crt-convert-l1-1-0.dll
0x0000018659ad0000 - 0x0000018659ad4000 	C:\Users\37756\.javacpp\cache\javacpp-1.5.7-windows-x86_64.jar\org\bytedeco\javacpp\windows-x86_64\api-ms-win-crt-environment-l1-1-0.dll
0x0000018659ae0000 - 0x0000018659ae4000 	C:\Users\37756\.javacpp\cache\javacpp-1.5.7-windows-x86_64.jar\org\bytedeco\javacpp\windows-x86_64\api-ms-win-crt-time-l1-1-0.dll
0x0000018659af0000 - 0x0000018659af4000 	C:\Users\37756\.javacpp\cache\javacpp-1.5.7-windows-x86_64.jar\org\bytedeco\javacpp\windows-x86_64\api-ms-win-crt-filesystem-l1-1-0.dll
0x0000018659b00000 - 0x0000018659b04000 	C:\Users\37756\.javacpp\cache\javacpp-1.5.7-windows-x86_64.jar\org\bytedeco\javacpp\windows-x86_64\api-ms-win-crt-utility-l1-1-0.dll
0x0000018659b10000 - 0x0000018659b16000 	C:\Users\37756\.javacpp\cache\javacpp-1.5.7-windows-x86_64.jar\org\bytedeco\javacpp\windows-x86_64\api-ms-win-crt-multibyte-l1-1-0.dll
0x0000018659b20000 - 0x0000018659b24000 	C:\Users\37756\.javacpp\cache\javacpp-1.5.7-windows-x86_64.jar\org\bytedeco\javacpp\windows-x86_64\api-ms-win-crt-conio-l1-1-0.dll
0x0000018659b30000 - 0x0000018659b41000 	C:\Users\37756\.javacpp\cache\javacpp-1.5.7-windows-x86_64.jar\org\bytedeco\javacpp\windows-x86_64\api-ms-win-crt-private-l1-1-0.dll
0x0000018659b50000 - 0x0000018659b54000 	C:\Users\37756\.javacpp\cache\javacpp-1.5.7-windows-x86_64.jar\org\bytedeco\javacpp\windows-x86_64\api-ms-win-crt-process-l1-1-0.dll
0x0000018659b60000 - 0x0000018659b64000 	C:\Users\37756\.javacpp\cache\javacpp-1.5.7-windows-x86_64.jar\org\bytedeco\javacpp\windows-x86_64\api-ms-win-core-console-l1-2-0.dll
0x0000018659b70000 - 0x0000018659b74000 	C:\Users\37756\.javacpp\cache\javacpp-1.5.7-windows-x86_64.jar\org\bytedeco\javacpp\windows-x86_64\api-ms-win-core-string-l1-1-0.dll
0x0000018659b80000 - 0x0000018659b84000 	C:\Users\37756\.javacpp\cache\javacpp-1.5.7-windows-x86_64.jar\org\bytedeco\javacpp\windows-x86_64\api-ms-win-core-errorhandling-l1-1-0.dll
0x0000018659b90000 - 0x0000018659b94000 	C:\Users\37756\.javacpp\cache\javacpp-1.5.7-windows-x86_64.jar\org\bytedeco\javacpp\windows-x86_64\api-ms-win-core-timezone-l1-1-0.dll
0x0000018659ba0000 - 0x0000018659ba5000 	C:\Users\37756\.javacpp\cache\javacpp-1.5.7-windows-x86_64.jar\org\bytedeco\javacpp\windows-x86_64\api-ms-win-core-file-l1-1-0.dll
0x0000018659bb0000 - 0x0000018659bb4000 	C:\Users\37756\.javacpp\cache\javacpp-1.5.7-windows-x86_64.jar\org\bytedeco\javacpp\windows-x86_64\api-ms-win-core-namedpipe-l1-1-0.dll
0x0000018659bc0000 - 0x0000018659bc4000 	C:\Users\37756\.javacpp\cache\javacpp-1.5.7-windows-x86_64.jar\org\bytedeco\javacpp\windows-x86_64\api-ms-win-core-handle-l1-1-0.dll
0x0000018659bd0000 - 0x0000018659bd4000 	C:\Users\37756\.javacpp\cache\javacpp-1.5.7-windows-x86_64.jar\org\bytedeco\javacpp\windows-x86_64\api-ms-win-core-file-l2-1-0.dll
0x0000018659be0000 - 0x0000018659be4000 	C:\Users\37756\.javacpp\cache\javacpp-1.5.7-windows-x86_64.jar\org\bytedeco\javacpp\windows-x86_64\api-ms-win-core-heap-l1-1-0.dll
0x0000018659bf0000 - 0x0000018659bf4000 	C:\Users\37756\.javacpp\cache\javacpp-1.5.7-windows-x86_64.jar\org\bytedeco\javacpp\windows-x86_64\api-ms-win-core-libraryloader-l1-1-0.dll
0x0000018659c00000 - 0x0000018659c04000 	C:\Users\37756\.javacpp\cache\javacpp-1.5.7-windows-x86_64.jar\org\bytedeco\javacpp\windows-x86_64\api-ms-win-core-synch-l1-1-0.dll
0x0000018659c10000 - 0x0000018659c14000 	C:\Users\37756\.javacpp\cache\javacpp-1.5.7-windows-x86_64.jar\org\bytedeco\javacpp\windows-x86_64\api-ms-win-core-processthreads-l1-1-0.dll
0x0000018659c20000 - 0x0000018659c24000 	C:\Users\37756\.javacpp\cache\javacpp-1.5.7-windows-x86_64.jar\org\bytedeco\javacpp\windows-x86_64\api-ms-win-core-processenvironment-l1-1-0.dll
0x0000018659c30000 - 0x0000018659c34000 	C:\Users\37756\.javacpp\cache\javacpp-1.5.7-windows-x86_64.jar\org\bytedeco\javacpp\windows-x86_64\api-ms-win-core-datetime-l1-1-0.dll
0x0000018659c40000 - 0x0000018659c44000 	C:\Users\37756\.javacpp\cache\javacpp-1.5.7-windows-x86_64.jar\org\bytedeco\javacpp\windows-x86_64\api-ms-win-core-localization-l1-2-0.dll
0x0000018659c50000 - 0x0000018659c54000 	C:\Users\37756\.javacpp\cache\javacpp-1.5.7-windows-x86_64.jar\org\bytedeco\javacpp\windows-x86_64\api-ms-win-core-sysinfo-l1-1-0.dll
0x0000018659c60000 - 0x0000018659c64000 	C:\Users\37756\.javacpp\cache\javacpp-1.5.7-windows-x86_64.jar\org\bytedeco\javacpp\windows-x86_64\api-ms-win-core-synch-l1-2-0.dll
0x0000018659c70000 - 0x0000018659c74000 	C:\Users\37756\.javacpp\cache\javacpp-1.5.7-windows-x86_64.jar\org\bytedeco\javacpp\windows-x86_64\api-ms-win-core-console-l1-1-0.dll
0x0000018659c80000 - 0x0000018659c84000 	C:\Users\37756\.javacpp\cache\javacpp-1.5.7-windows-x86_64.jar\org\bytedeco\javacpp\windows-x86_64\api-ms-win-core-debug-l1-1-0.dll
0x0000018659c90000 - 0x0000018659c94000 	C:\Users\37756\.javacpp\cache\javacpp-1.5.7-windows-x86_64.jar\org\bytedeco\javacpp\windows-x86_64\api-ms-win-core-rtlsupport-l1-1-0.dll
0x0000018659ca0000 - 0x0000018659ca4000 	C:\Users\37756\.javacpp\cache\javacpp-1.5.7-windows-x86_64.jar\org\bytedeco\javacpp\windows-x86_64\api-ms-win-core-processthreads-l1-1-1.dll
0x0000018659cb0000 - 0x0000018659cb4000 	C:\Users\37756\.javacpp\cache\javacpp-1.5.7-windows-x86_64.jar\org\bytedeco\javacpp\windows-x86_64\api-ms-win-core-file-l1-2-0.dll
0x0000018659cc0000 - 0x0000018659cc4000 	C:\Users\37756\.javacpp\cache\javacpp-1.5.7-windows-x86_64.jar\org\bytedeco\javacpp\windows-x86_64\api-ms-win-core-profile-l1-1-0.dll
0x0000018659cd0000 - 0x0000018659cd4000 	C:\Users\37756\.javacpp\cache\javacpp-1.5.7-windows-x86_64.jar\org\bytedeco\javacpp\windows-x86_64\api-ms-win-core-memory-l1-1-0.dll
0x0000018659ce0000 - 0x0000018659ce4000 	C:\Users\37756\.javacpp\cache\javacpp-1.5.7-windows-x86_64.jar\org\bytedeco\javacpp\windows-x86_64\api-ms-win-core-util-l1-1-0.dll
0x0000018659cf0000 - 0x0000018659cf4000 	C:\Users\37756\.javacpp\cache\javacpp-1.5.7-windows-x86_64.jar\org\bytedeco\javacpp\windows-x86_64\api-ms-win-core-interlocked-l1-1-0.dll
0x00007ff9394a0000 - 0x00007ff9395b1000 	C:\Users\37756\.javacpp\cache\javacpp-1.5.7-windows-x86_64.jar\org\bytedeco\javacpp\windows-x86_64\ucrtbase.dll
0x00007ff96b710000 - 0x00007ff96b72b000 	C:\Users\37756\.javacpp\cache\javacpp-1.5.7-windows-x86_64.jar\org\bytedeco\javacpp\windows-x86_64\vcruntime140.dll
0x00007ff97d640000 - 0x00007ff97d64c000 	C:\Users\37756\.javacpp\cache\javacpp-1.5.7-windows-x86_64.jar\org\bytedeco\javacpp\windows-x86_64\vcruntime140_1.dll
0x00007ff969680000 - 0x00007ff96970d000 	C:\Users\37756\.javacpp\cache\javacpp-1.5.7-windows-x86_64.jar\org\bytedeco\javacpp\windows-x86_64\msvcp140.dll
0x00007ff97d290000 - 0x00007ff97d299000 	C:\Users\37756\.javacpp\cache\javacpp-1.5.7-windows-x86_64.jar\org\bytedeco\javacpp\windows-x86_64\msvcp140_1.dll
0x00007ff9674f0000 - 0x00007ff96753e000 	C:\Users\37756\.javacpp\cache\javacpp-1.5.7-windows-x86_64.jar\org\bytedeco\javacpp\windows-x86_64\concrt140.dll
0x00007ff969640000 - 0x00007ff969671000 	C:\Users\37756\.javacpp\cache\javacpp-1.5.7-windows-x86_64.jar\org\bytedeco\javacpp\windows-x86_64\vcomp140.dll
0x00007ff97bcb0000 - 0x00007ff97bcbe000 	C:\Users\37756\.javacpp\cache\javacpp-1.5.7-windows-x86_64.jar\org\bytedeco\javacpp\windows-x86_64\jnijavacpp.dll
0x00007ff905300000 - 0x00007ff90999d000 	C:\Users\37756\.javacpp\cache\llvm-13.0.1-1.5.7-windows-x86_64.jar\org\bytedeco\llvm\windows-x86_64\LTO.dll
0x00007ff9674b0000 - 0x00007ff9674eb000 	C:\Users\37756\.javacpp\cache\llvm-13.0.1-1.5.7-windows-x86_64.jar\org\bytedeco\llvm\windows-x86_64\Remarks.dll
0x00007ff900ab0000 - 0x00007ff905300000 	C:\Users\37756\.javacpp\cache\llvm-13.0.1-1.5.7-windows-x86_64.jar\org\bytedeco\llvm\windows-x86_64\jniLLVM.dll
0x00007ff9a2f60000 - 0x00007ff9a308a000 	C:\WINDOWS\System32\ole32.dll

dbghelp: loaded successfully - version: 4.0.5 - missing functions: none
symbol engine: initialized successfully - sym options: 0x614 - pdb path: .;C:\Program Files\AdoptOpenJDK\jdk-15.0.2.7-hotspot\bin;C:\WINDOWS\SYSTEM32;C:\WINDOWS\WinSxS\amd64_microsoft.windows.common-controls_6595b64144ccf1df_6.0.19041.1110_none_60b5254171f9507e;C:\Program Files\AdoptOpenJDK\jdk-15.0.2.7-hotspot\bin\server;C:\Program Files\JetBrains\IntelliJ IDEA 2022.3\bin;C:\Users\37756\.javacpp\cache\javacpp-1.5.7-windows-x86_64.jar\org\bytedeco\javacpp\windows-x86_64;C:\Users\37756\.javacpp\cache\llvm-13.0.1-1.5.7-windows-x86_64.jar\org\bytedeco\llvm\windows-x86_64

VM Arguments:
jvm_args: -javaagent:C:\Program Files\JetBrains\IntelliJ IDEA 2022.3\lib\idea_rt.jar=7636:C:\Program Files\JetBrains\IntelliJ IDEA 2022.3\bin -Dfile.encoding=UTF-8 
java_command: Main tests/global-and-if-test1.sysy tests/global-and-if-test1.out
java_class_path (initial): C:\Users\37756\Documents\NJU\2022Fall\Compilers\Lab\target\classes;C:\Users\37756\.m2\repository\org\bytedeco\llvm-platform\13.0.1-1.5.7\llvm-platform-13.0.1-1.5.7.jar;C:\Users\37756\.m2\repository\org\bytedeco\javacpp-platform\1.5.7\javacpp-platform-1.5.7.jar;C:\Users\37756\.m2\repository\org\bytedeco\javacpp\1.5.7\javacpp-1.5.7.jar;C:\Users\37756\.m2\repository\org\bytedeco\javacpp\1.5.7\javacpp-1.5.7-android-arm.jar;C:\Users\37756\.m2\repository\org\bytedeco\javacpp\1.5.7\javacpp-1.5.7-android-arm64.jar;C:\Users\37756\.m2\repository\org\bytedeco\javacpp\1.5.7\javacpp-1.5.7-android-x86.jar;C:\Users\37756\.m2\repository\org\bytedeco\javacpp\1.5.7\javacpp-1.5.7-android-x86_64.jar;C:\Users\37756\.m2\repository\org\bytedeco\javacpp\1.5.7\javacpp-1.5.7-ios-arm64.jar;C:\Users\37756\.m2\repository\org\bytedeco\javacpp\1.5.7\javacpp-1.5.7-ios-x86_64.jar;C:\Users\37756\.m2\repository\org\bytedeco\javacpp\1.5.7\javacpp-1.5.7-linux-armhf.jar;C:\Users\37756\.m2\repository\org\bytedeco\javacpp\1.5.7\javacpp-1.5.7-linux-arm64.jar;C:\Users\37756\.m2\repository\org\bytedeco\javacpp\1.5.7\javacpp-1.5.7-linux-ppc64le.jar;C:\Users\37756\.m2\repository\org\bytedeco\javacpp\1.5.7\javacpp-1.5.7-linux-x86.jar;C:\Users\37756\.m2\repository\org\bytedeco\javacpp\1.5.7\javacpp-1.5.7-linux-x86_64.jar;C:\Users\37756\.m2\repository\org\bytedeco\javacpp\1.5.7\javacpp-1.5.7-macosx-arm64.jar;C:\Users\37756\.m2\repository\org\bytedeco\javacpp\1.5.7\javacpp-1.5.7-macosx-x86_64.jar;C:\Users\37756\.m2\repository\org\bytedeco\javacpp\1.5.7\javacpp-1.5.7-windows-x86.jar;C:\Users\37756\.m2\repository\org\bytedeco\javacpp\1.5.7\javacpp-1.5.7-windows-x86_64.jar;C:\Users\37756\.m2\repository\org\bytedeco\llvm\13.0.1-1.5.7\llvm-13.0.1-1.5.7.jar;C:\Users\37756\.m2\repository\org\bytedeco\llvm\13.0.1-1.5.7\llvm-13.0.1-1.5.7-linux-x86.jar;C:\Users\37756\.m2\repository\org\bytedeco\llvm\13.0.1-1.5.7\llvm-13.0.1-1.5.7-linux-x86_64.jar;C:\Users\37756\.m2\repository\org\bytedeco\llvm\1
Launcher Type: SUN_STANDARD

[Global flags]
     intx CICompilerCount                          = 4                                         {product} {ergonomic}
     uint ConcGCThreads                            = 2                                         {product} {ergonomic}
     uint G1ConcRefinementThreads                  = 8                                         {product} {ergonomic}
   size_t G1HeapRegionSize                         = 2097152                                   {product} {ergonomic}
    uintx GCDrainStackTargetSize                   = 64                                        {product} {ergonomic}
   size_t InitialHeapSize                          = 266338304                                 {product} {ergonomic}
   size_t MarkStackSize                            = 4194304                                   {product} {ergonomic}
   size_t MaxHeapSize                              = 4244635648                                {product} {ergonomic}
   size_t MaxNewSize                               = 2545942528                                {product} {ergonomic}
   size_t MinHeapDeltaBytes                        = 2097152                                   {product} {ergonomic}
   size_t MinHeapSize                              = 8388608                                   {product} {ergonomic}
    uintx NonNMethodCodeHeapSize                   = 5839372                                {pd product} {ergonomic}
    uintx NonProfiledCodeHeapSize                  = 122909434                              {pd product} {ergonomic}
    uintx ProfiledCodeHeapSize                     = 122909434                              {pd product} {ergonomic}
    uintx ReservedCodeCacheSize                    = 251658240                              {pd product} {ergonomic}
     bool SegmentedCodeCache                       = true                                      {product} {ergonomic}
   size_t SoftMaxHeapSize                          = 4244635648                             {manageable} {ergonomic}
     bool UseCompressedClassPointers               = true                                 {lp64_product} {ergonomic}
     bool UseCompressedOops                        = true                                 {lp64_product} {ergonomic}
     bool UseG1GC                                  = true                                      {product} {ergonomic}
     bool UseLargePagesIndividualAllocation        = false                                  {pd product} {ergonomic}

Logging:
Log output configuration:
 #0: stdout all=warning uptime,level,tags
 #1: stderr all=off uptime,level,tags

Environment Variables:
CLASSPATH=.;C:Program Files(x86)\scala\bin;C:Program Files(x86)\scala\lib\dt.jar;C:Program Files(x86)\scala\lib\tools.jar.;
PATH=C:\Program Files (x86)\VMware\VMware Workstation\bin\;C:\ProgramData\Anaconda3;C:\ProgramData\Anaconda3\Library\mingw-w64\bin;C:\ProgramData\Anaconda3\Library\usr\bin;C:\ProgramData\Anaconda3\Library\bin;C:\ProgramData\Anaconda3\Scripts;C:\Program Files\AdoptOpenJDK\jdk-15.0.2.7-hotspot\bin;C:\WINDOWS\system32;C:\WINDOWS;C:\WINDOWS\System32\Wbem;C:\WINDOWS\System32\WindowsPowerShell\v1.0\;C:\WINDOWS\System32\OpenSSH\;C:\Program Files\dotnet\;C:\Program Files\Microsoft SQL Server\130\Tools\Binn\;C:\Program Files\Microsoft SQL Server\Client SDK\ODBC\170\Tools\Binn\;C:\Program Files (x86)\Dev-Cpp\MinGW64\bin;C:\Program Files\Git\cmd;C:\Program Files\PuTTY\;C:\Program Files\Graphviz\bin;C:\Program Files (x86)\Tencent\微信web开发者工具\dll;C:\Program Files\nodejs\;C:\Web\mysql-8.0.28-winx64\bin;"C:Program Files(x86)\scala\bin;C:Program Files(x86)\scala\jre\bin;";C:\Program Files\NASM;C:\Users\37756\AppData\Local\Microsoft\WindowsApps;C:\Program Files\JetBrains\PyCharm Community Edition 2020.3.3\bin;C:\Users\37756\.dotnet\tools;C:\Users\37756\AppData\Local\Programs\Microsoft VS Code\bin;C:\Program Files\JetBrains\IntelliJ IDEA Community Edition 2020.3.2\bin;C:\texlive\2020\bin\win32;C:\Program Files\JetBrains\CLion 2021.2\bin;C:\Program Files\JetBrains\PyCharm 2021.1.3\bin;C:\Program Files\JetBrains\IntelliJ IDEA 2021.1.3\bin;C:\Users\37756\AppData\Roaming\npm;C:\Program Files\JetBrains\DataGrip 2021.3.4\bin;C:\Program Files\JetBrains\WebStorm 2022.1\bin;C:\Users\37756\AppData\Local\Coursier\data\bin;C:\Program Files\NASM;;C:\Program Files\JetBrains\IntelliJ IDEA 2022.3\bin;;C:\Program Files\JetBrains\CLion 2022.3.1\bin;;C:\Program Files\JetBrains\WebStorm 2022.3.1\bin;;C:\Program Files\JetBrains\IntelliJ IDEA Community Edition 2022.3.1\bin;
USERNAME=37756
OS=Windows_NT
PROCESSOR_IDENTIFIER=Intel64 Family 6 Model 142 Stepping 12, GenuineIntel



---------------  S Y S T E M  ---------------

OS:
 Windows 10 , 64 bit Build 19041 (10.0.19041.2364)
OS uptime: 2 days 6:16 hours

CPU: total 8 (initial active 8) (4 cores per cpu, 2 threads per core) family 6 model 142 stepping 12 microcode 0xf4, cmov, cx8, fxsr, mmx, sse, sse2, sse3, ssse3, sse4.1, sse4.2, popcnt, vzeroupper, avx, avx2, aes, clmul, erms, 3dnowpref, lzcnt, ht, tsc, tscinvbit, bmi1, bmi2, adx, fma, clflush, clflushopt

Memory: 4k page, system-wide physical 16190M (6579M free)
TotalPageFile size 21054M (AvailPageFile size 6586M)
current process WorkingSet (physical memory assigned to process): 102M, peak: 102M
current process commit charge ("private bytes"): 377M, peak: 377M

vm_info: OpenJDK 64-Bit Server VM (15.0.2+7) for windows-amd64 JRE (15.0.2+7), built on Jan 21 2021 05:54:57 by "" with MS VC++ 15.9 (VS2017)

END.
