#
# A fatal error has been detected by the Java Runtime Environment:
#
#  EXCEPTION_ACCESS_VIOLATION (0xc0000005) at pc=0x00007ffc60769805, pid=9328, tid=1640
#
# JRE version: OpenJDK Runtime Environment AdoptOpenJDK (15.0.2+7) (build 15.0.2+7)
# Java VM: OpenJDK 64-Bit Server VM AdoptOpenJDK (15.0.2+7, mixed mode, sharing, tiered, compressed oops, g1 gc, windows-amd64)
# Problematic frame:
# C  [jniLLVM.dll+0xea9805]
#
# No core dump will be written. Minidumps are not enabled by default on client versions of Windows
#
# If you would like to submit a bug report, please visit:
#   https://github.com/AdoptOpenJDK/openjdk-support/issues
# The crash happened outside the Java Virtual Machine in native code.
# See problematic frame for where to report the bug.
#

---------------  S U M M A R Y ------------

Command Line: -javaagent:C:\Program Files\JetBrains\IntelliJ IDEA 2022.3\lib\idea_rt.jar=13102:C:\Program Files\JetBrains\IntelliJ IDEA 2022.3\bin -Dfile.encoding=UTF-8 Main tests/llvm-ir-test1.sysy tests/llvm-ir-test1.out

Host: Intel(R) Core(TM) i7-8565U CPU @ 1.80GHz, 8 cores, 15G,  Windows 10 , 64 bit Build 19041 (10.0.19041.2364)
Time: Tue Dec 27 17:57:10 2022 中国标准时间 elapsed time: 1.313347 seconds (0d 0h 0m 1s)

---------------  T H R E A D  ---------------

Current thread (0x00000298c8339210):  JavaThread "main" [_thread_in_native, id=1640, stack(0x000000e7e3a00000,0x000000e7e3b00000)]

Stack: [0x000000e7e3a00000,0x000000e7e3b00000],  sp=0x000000e7e3afe670,  free space=1017k
Native frames: (J=compiled Java code, j=interpreted, Vv=VM code, C=native code)
C  [jniLLVM.dll+0xea9805]

Java frames: (J=compiled Java code, j=interpreted, Vv=VM code)
j  org.bytedeco.llvm.global.LLVM.LLVMBuildNeg(Lorg/bytedeco/llvm/LLVM/LLVMBuilderRef;Lorg/bytedeco/llvm/LLVM/LLVMValueRef;Ljava/lang/String;)Lorg/bytedeco/llvm/LLVM/LLVMValueRef;+0
j  LLVMIRVisitor.visitUnaryExp(LSysYParser$UnaryExpContext;)Lorg/bytedeco/llvm/LLVM/LLVMValueRef;+145
j  LLVMIRVisitor.visitUnaryExp(LSysYParser$UnaryExpContext;)Ljava/lang/Object;+2
j  SysYParser$UnaryExpContext.accept(Lorg/antlr/v4/runtime/tree/ParseTreeVisitor;)Ljava/lang/Object;+12
j  org.antlr.v4.runtime.tree.AbstractParseTreeVisitor.visit(Lorg/antlr/v4/runtime/tree/ParseTree;)Ljava/lang/Object;+2
j  LLVMIRVisitor.visit(Lorg/antlr/v4/runtime/tree/ParseTree;)Lorg/bytedeco/llvm/LLVM/LLVMValueRef;+2
j  LLVMIRVisitor.visitReturnStmt(LSysYParser$ReturnStmtContext;)Lorg/bytedeco/llvm/LLVM/LLVMValueRef;+5
j  LLVMIRVisitor.visitReturnStmt(LSysYParser$ReturnStmtContext;)Ljava/lang/Object;+2
j  SysYParser$ReturnStmtContext.accept(Lorg/antlr/v4/runtime/tree/ParseTreeVisitor;)Ljava/lang/Object;+12
j  org.antlr.v4.runtime.tree.AbstractParseTreeVisitor.visitChildren(Lorg/antlr/v4/runtime/tree/RuleNode;)Ljava/lang/Object;+46
j  LLVMIRVisitor.visitChildren(Lorg/antlr/v4/runtime/tree/RuleNode;)Lorg/bytedeco/llvm/LLVM/LLVMValueRef;+44
j  LLVMIRVisitor.visitChildren(Lorg/antlr/v4/runtime/tree/RuleNode;)Ljava/lang/Object;+2
j  SysYParserBaseVisitor.visitBlockItem(LSysYParser$BlockItemContext;)Ljava/lang/Object;+2
j  SysYParser$BlockItemContext.accept(Lorg/antlr/v4/runtime/tree/ParseTreeVisitor;)Ljava/lang/Object;+12
j  org.antlr.v4.runtime.tree.AbstractParseTreeVisitor.visitChildren(Lorg/antlr/v4/runtime/tree/RuleNode;)Ljava/lang/Object;+46
j  LLVMIRVisitor.visitChildren(Lorg/antlr/v4/runtime/tree/RuleNode;)Lorg/bytedeco/llvm/LLVM/LLVMValueRef;+44
j  LLVMIRVisitor.visitChildren(Lorg/antlr/v4/runtime/tree/RuleNode;)Ljava/lang/Object;+2
j  SysYParserBaseVisitor.visitBlock(LSysYParser$BlockContext;)Ljava/lang/Object;+2
j  LLVMIRVisitor.visitFuncDef(LSysYParser$FuncDefContext;)Lorg/bytedeco/llvm/LLVM/LLVMValueRef;+42
j  LLVMIRVisitor.visitFuncDef(LSysYParser$FuncDefContext;)Ljava/lang/Object;+2
j  SysYParser$FuncDefContext.accept(Lorg/antlr/v4/runtime/tree/ParseTreeVisitor;)Ljava/lang/Object;+12
j  org.antlr.v4.runtime.tree.AbstractParseTreeVisitor.visitChildren(Lorg/antlr/v4/runtime/tree/RuleNode;)Ljava/lang/Object;+46
j  LLVMIRVisitor.visitChildren(Lorg/antlr/v4/runtime/tree/RuleNode;)Lorg/bytedeco/llvm/LLVM/LLVMValueRef;+44
j  LLVMIRVisitor.visitChildren(Lorg/antlr/v4/runtime/tree/RuleNode;)Ljava/lang/Object;+2
j  SysYParserBaseVisitor.visitCompUnit(LSysYParser$CompUnitContext;)Ljava/lang/Object;+2
j  SysYParser$CompUnitContext.accept(Lorg/antlr/v4/runtime/tree/ParseTreeVisitor;)Ljava/lang/Object;+12
j  org.antlr.v4.runtime.tree.AbstractParseTreeVisitor.visitChildren(Lorg/antlr/v4/runtime/tree/RuleNode;)Ljava/lang/Object;+46
j  LLVMIRVisitor.visitChildren(Lorg/antlr/v4/runtime/tree/RuleNode;)Lorg/bytedeco/llvm/LLVM/LLVMValueRef;+44
j  LLVMIRVisitor.visitChildren(Lorg/antlr/v4/runtime/tree/RuleNode;)Ljava/lang/Object;+2
j  SysYParserBaseVisitor.visitProgram(LSysYParser$ProgramContext;)Ljava/lang/Object;+2
j  LLVMIRVisitor.visitProgram(LSysYParser$ProgramContext;)Lorg/bytedeco/llvm/LLVM/LLVMValueRef;+2
j  LLVMIRVisitor.visitProgram(LSysYParser$ProgramContext;)Ljava/lang/Object;+2
j  SysYParser$ProgramContext.accept(Lorg/antlr/v4/runtime/tree/ParseTreeVisitor;)Ljava/lang/Object;+12
j  org.antlr.v4.runtime.tree.AbstractParseTreeVisitor.visit(Lorg/antlr/v4/runtime/tree/ParseTree;)Ljava/lang/Object;+2
j  LLVMIRVisitor.visit(Lorg/antlr/v4/runtime/tree/ParseTree;)Lorg/bytedeco/llvm/LLVM/LLVMValueRef;+2
j  Main.main([Ljava/lang/String;)V+54
v  ~StubRoutines::call_stub

siginfo: EXCEPTION_ACCESS_VIOLATION (0xc0000005), reading address 0x0000000000000010


Register to memory mapping:

RIP=0x00007ffc60769805 jniLLVM.dll
RAX=0x0 is NULL
RBX=0x0 is NULL
RCX=0x0 is NULL
RDX=0x0 is NULL
RSP=0x000000e7e3afe670 is pointing into the stack for thread: 0x00000298c8339210
RBP=0x00000298ecb31a20 points into unknown readable memory: 0x00000298ecb31a30 | 30 1a b3 ec 98 02 00 00
RSI=0x00000298ecb31a20 points into unknown readable memory: 0x00000298ecb31a30 | 30 1a b3 ec 98 02 00 00
RDI=0x00000298c8339538 points into unknown readable memory: 0x00007ffc6e714fb0 | b0 4f 71 6e fc 7f 00 00
R8 =0x00000298ed6221b0 points into unknown readable memory: 0x000000005f706d74 | 74 6d 70 5f 00 00 00 00
R9 =0x00007ffce8090000 VCRUNTIME140.dll
R10=0x0000000712455a88 is pointing into object: [B 
{0x0000000712455a78} - klass: {type array byte}
 - length: 4
R11=0x00000298ed6221b0 points into unknown readable memory: 0x000000005f706d74 | 74 6d 70 5f 00 00 00 00
R12=0x0 is NULL
R13={method} {0x00000298ec14d760} 'LLVMBuildNeg' '(Lorg/bytedeco/llvm/LLVM/LLVMBuilderRef;Lorg/bytedeco/llvm/LLVM/LLVMValueRef;Ljava/lang/String;)Lorg/bytedeco/llvm/LLVM/LLVMValueRef;' in 'org/bytedeco/llvm/global/LLVM'
R14=0x0 is NULL
R15=0x00000298ed6221b0 points into unknown readable memory: 0x000000005f706d74 | 74 6d 70 5f 00 00 00 00


Registers:
RAX=0x0000000000000000, RBX=0x0000000000000000, RCX=0x0000000000000000, RDX=0x0000000000000000
RSP=0x000000e7e3afe670, RBP=0x00000298ecb31a20, RSI=0x00000298ecb31a20, RDI=0x00000298c8339538
R8 =0x00000298ed6221b0, R9 =0x00007ffce8090000, R10=0x0000000712455a88, R11=0x00000298ed6221b0
R12=0x0000000000000000, R13=0x00000298ec14d758, R14=0x0000000000000000, R15=0x00000298ed6221b0
RIP=0x00007ffc60769805, EFLAGS=0x0000000000010246

Top of Stack: (sp=0x000000e7e3afe670)
0x000000e7e3afe670:   0000000000000010 00000000000003d8
0x000000e7e3afe680:   00000298c8339210 0000000000000000
0x000000e7e3afe690:   00000298c8339538 00000298ecb31a20
0x000000e7e3afe6a0:   00000298ed6221b0 0000000000000000
0x000000e7e3afe6b0:   0000000000000000 00007ffc5f9818a1
0x000000e7e3afe6c0:   00000298c8330103 0000000000000004
0x000000e7e3afe6d0:   00000298eba83640 00000298ed6221b0
0x000000e7e3afe6e0:   00000298ed6221b0 0000000711676b80
0x000000e7e3afe6f0:   0000000000000000 00007ffc5f991433
0x000000e7e3afe700:   0000000000000000 0000000000000000
0x000000e7e3afe710:   00000298c8339538 00000298ec14d758
0x000000e7e3afe720:   00000298c8339210 000000e7e3afe7f8
0x000000e7e3afe730:   0000000712455718 00000298d084f177
0x000000e7e3afe740:   00000298ec14d758 000000e7e3afe7c8
0x000000e7e3afe750:   0000000711676b80 0000000711676b80
0x000000e7e3afe760:   000000e7e3afe7e8 000000e7e3afe848 

Instructions: (pc=0x00007ffc60769805)
0x00007ffc60769705:   48 8b ce 8b 13 e8 51 64 09 00 48 83 c3 10 48 3b
0x00007ffc60769715:   df 75 e9 48 8b c6 e9 84 00 00 00 48 89 4c 24 20
0x00007ffc60769725:   4c 8d 4c 24 58 b9 0f 00 00 00 66 c7 44 24 78 01
0x00007ffc60769735:   01 4d 8b c2 48 8b d0 e8 1f 64 06 00 49 8b 4e 50
0x00007ffc60769745:   4c 8d 44 24 30 4d 8b 4e 30 48 8b f8 49 8b 46 38
0x00007ffc60769755:   48 8b d7 48 89 44 24 20 4c 8b 11 41 ff 52 08 49
0x00007ffc60769765:   8b 1e 41 8b 76 08 48 c1 e6 04 48 03 f3 48 3b de
0x00007ffc60769775:   74 20 66 0f 1f 84 00 00 00 00 00 4c 8b 43 08 48
0x00007ffc60769785:   8b cf 8b 13 e8 d2 63 09 00 48 83 c3 10 48 3b de
0x00007ffc60769795:   75 e9 b2 01 48 8b cf e8 1f 1e 06 00 48 8b c7 48
0x00007ffc607697a5:   8b bc 24 a0 00 00 00 48 8b b4 24 98 00 00 00 48
0x00007ffc607697b5:   8b 9c 24 90 00 00 00 48 81 c4 80 00 00 00 41 5e
0x00007ffc607697c5:   c3 cc cc cc cc cc cc cc cc cc cc 40 56 48 81 ec
0x00007ffc607697d5:   80 00 00 00 41 80 38 00 48 8b c2 48 8b f1 c6 44
0x00007ffc607697e5:   24 51 01 74 0c 4c 89 44 24 30 c6 44 24 50 03 eb
0x00007ffc607697f5:   05 c6 44 24 50 01 33 c9 48 89 9c 24 90 00 00 00
0x00007ffc60769805:   80 7a 10 12 48 89 bc 24 98 00 00 00 48 0f 47 d1
0x00007ffc60769815:   48 85 d2 74 6f 48 8b 4e 48 45 33 c9 45 33 c0 48
0x00007ffc60769825:   8b 01 ff 90 a0 00 00 00 48 8b f8 80 78 10 1a 0f
0x00007ffc60769835:   82 bd 00 00 00 48 8b 4e 50 4c 8d 44 24 30 48 8b
0x00007ffc60769845:   46 38 48 8b d7 4c 8b 4e 30 48 89 44 24 20 4c 8b
0x00007ffc60769855:   11 41 ff 52 08 48 8b 1e 8b 76 08 48 c1 e6 04 48
0x00007ffc60769865:   03 f3 48 3b de 0f 84 87 00 00 00 4c 8b 43 08 48
0x00007ffc60769875:   8b cf 8b 13 e8 e2 62 09 00 48 83 c3 10 48 3b de
0x00007ffc60769885:   75 e9 eb 6e 45 33 c0 66 c7 44 24 78 01 01 48 8d
0x00007ffc60769895:   54 24 58 48 8b c8 e8 10 83 06 00 48 8b 4e 50 4c
0x00007ffc607698a5:   8d 44 24 30 4c 8b 4e 30 48 8b f8 48 8b 46 38 48
0x00007ffc607698b5:   8b d7 48 89 44 24 20 4c 8b 11 41 ff 52 08 48 8b
0x00007ffc607698c5:   1e 8b 76 08 48 c1 e6 04 48 03 f3 48 3b de 74 22
0x00007ffc607698d5:   66 66 66 0f 1f 84 00 00 00 00 00 4c 8b 43 08 48
0x00007ffc607698e5:   8b cf 8b 13 e8 72 62 09 00 48 83 c3 10 48 3b de
0x00007ffc607698f5:   75 e9 48 8b 9c 24 90 00 00 00 48 8b c7 48 8b bc 


Stack slot to memory mapping:
stack at sp + 0 slots: 0x0000000000000010 is an unknown value
stack at sp + 1 slots: 0x00000000000003d8 is an unknown value
stack at sp + 2 slots: 0x00000298c8339210 is a thread
stack at sp + 3 slots: 0x0 is NULL
stack at sp + 4 slots: 0x00000298c8339538 points into unknown readable memory: 0x00007ffc6e714fb0 | b0 4f 71 6e fc 7f 00 00
stack at sp + 5 slots: 0x00000298ecb31a20 points into unknown readable memory: 0x00000298ecb31a30 | 30 1a b3 ec 98 02 00 00
stack at sp + 6 slots: 0x00000298ed6221b0 points into unknown readable memory: 0x000000005f706d74 | 74 6d 70 5f 00 00 00 00
stack at sp + 7 slots: 0x0 is NULL


---------------  P R O C E S S  ---------------

Threads class SMR info:
_java_thread_list=0x00000298ecdd4780, length=14, elements={
0x00000298c8339210, 0x00000298ebc32170, 0x00000298ebc32d40, 0x00000298ebc3ea70,
0x00000298ec456e90, 0x00000298ec458950, 0x00000298ec462b70, 0x00000298ec46da30,
0x00000298ec47a850, 0x00000298ebc15ab0, 0x00000298ec7057b0, 0x00000298ec7be3e0,
0x00000298ec7be8b0, 0x00000298ed6625e0
}

Java Threads: ( => current thread )
=>0x00000298c8339210 JavaThread "main" [_thread_in_native, id=1640, stack(0x000000e7e3a00000,0x000000e7e3b00000)]
  0x00000298ebc32170 JavaThread "Reference Handler" daemon [_thread_blocked, id=6924, stack(0x000000e7e4100000,0x000000e7e4200000)]
  0x00000298ebc32d40 JavaThread "Finalizer" daemon [_thread_blocked, id=9964, stack(0x000000e7e4200000,0x000000e7e4300000)]
  0x00000298ebc3ea70 JavaThread "Signal Dispatcher" daemon [_thread_blocked, id=12272, stack(0x000000e7e4300000,0x000000e7e4400000)]
  0x00000298ec456e90 JavaThread "Attach Listener" daemon [_thread_blocked, id=14916, stack(0x000000e7e4400000,0x000000e7e4500000)]
  0x00000298ec458950 JavaThread "Service Thread" daemon [_thread_blocked, id=10776, stack(0x000000e7e4500000,0x000000e7e4600000)]
  0x00000298ec462b70 JavaThread "C2 CompilerThread0" daemon [_thread_blocked, id=7456, stack(0x000000e7e4600000,0x000000e7e4700000)]
  0x00000298ec46da30 JavaThread "C1 CompilerThread0" daemon [_thread_blocked, id=3480, stack(0x000000e7e4700000,0x000000e7e4800000)]
  0x00000298ec47a850 JavaThread "Sweeper thread" daemon [_thread_blocked, id=2564, stack(0x000000e7e4800000,0x000000e7e4900000)]
  0x00000298ebc15ab0 JavaThread "Common-Cleaner" daemon [_thread_blocked, id=14072, stack(0x000000e7e4900000,0x000000e7e4a00000)]
  0x00000298ec7057b0 JavaThread "C2 CompilerThread1" daemon [_thread_blocked, id=17200, stack(0x000000e7e4a00000,0x000000e7e4b00000)]
  0x00000298ec7be3e0 JavaThread "Monitor Ctrl-Break" daemon [_thread_in_native, id=3304, stack(0x000000e7e4b00000,0x000000e7e4c00000)]
  0x00000298ec7be8b0 JavaThread "Notification Thread" daemon [_thread_blocked, id=17664, stack(0x000000e7e4c00000,0x000000e7e4d00000)]
  0x00000298ed6625e0 JavaThread "JavaCPP Deallocator" daemon [_thread_blocked, id=8644, stack(0x000000e7e5300000,0x000000e7e5400000)]

Other Threads:
  0x00000298ebc2e8e0 VMThread "VM Thread" [stack: 0x000000e7e4000000,0x000000e7e4100000] [id=13300]
  0x00000298c8339db0 WatcherThread [stack: 0x000000e7e4d00000,0x000000e7e4e00000] [id=8828]
  0x00000298c8386df0 GCTaskThread "GC Thread#0" [stack: 0x000000e7e3b00000,0x000000e7e3c00000] [id=19248]
  0x00000298ec5bbe00 GCTaskThread "GC Thread#1" [stack: 0x000000e7e4e00000,0x000000e7e4f00000] [id=13480]
  0x00000298ec5bc130 GCTaskThread "GC Thread#2" [stack: 0x000000e7e4f00000,0x000000e7e5000000] [id=14256]
  0x00000298ec5bc460 GCTaskThread "GC Thread#3" [stack: 0x000000e7e5000000,0x000000e7e5100000] [id=3396]
  0x00000298ec5bcac0 GCTaskThread "GC Thread#4" [stack: 0x000000e7e5100000,0x000000e7e5200000] [id=11876]
  0x00000298ec5bd120 GCTaskThread "GC Thread#5" [stack: 0x000000e7e5200000,0x000000e7e5300000] [id=8132]
  0x00000298c8399130 ConcurrentGCThread "G1 Main Marker" [stack: 0x000000e7e3c00000,0x000000e7e3d00000] [id=8152]
  0x00000298c839be70 ConcurrentGCThread "G1 Conc#0" [stack: 0x000000e7e3d00000,0x000000e7e3e00000] [id=11928]
  0x00000298ebaa40d0 ConcurrentGCThread "G1 Refine#0" [stack: 0x000000e7e3e00000,0x000000e7e3f00000] [id=10300]
  0x00000298ebaa4820 ConcurrentGCThread "G1 Young RemSet Sampling" [stack: 0x000000e7e3f00000,0x000000e7e4000000] [id=18296]

Threads with active compile tasks:

VM state: not at safepoint (normal execution)

VM Mutex/Monitor currently owned by a thread: None

Heap address: 0x0000000703000000, size: 4048 MB, Compressed Oops mode: Zero based, Oop shift amount: 3
CDS archive(s) mapped at: [0x0000000800000000-0x0000000800b50000-0x0000000800b50000), size 11862016, SharedBaseAddress: 0x0000000800000000, ArchiveRelocationMode: 0.
Compressed class space mapped at: 0x0000000800b50000-0x0000000840b50000, size: 1073741824
Narrow klass base: 0x0000000800000000, Narrow klass shift: 3, Narrow klass range: 0x100000000

GC Precious Log:
 CPUs: 8 total, 8 available
 Memory: 16190M
 Large Page Support: Disabled
 NUMA Support: Disabled
 Compressed Oops: Enabled (Zero based)
 Heap Region Size: 2M
 Heap Min Capacity: 8M
 Heap Initial Capacity: 254M
 Heap Max Capacity: 4048M
 Pre-touch: Disabled
 Parallel Workers: 8
 Concurrent Workers: 2
 Concurrent Refinement Workers: 8
 Periodic GC: Disabled

Heap:
 garbage-first heap   total 260096K, used 14050K [0x0000000703000000, 0x0000000800000000)
  region size 2048K, 7 young (14336K), 2 survivors (4096K)
 Metaspace       used 4312K, capacity 6525K, committed 6656K, reserved 1056768K
  class space    used 445K, capacity 659K, committed 768K, reserved 1048576K

Heap Regions: E=young(eden), S=young(survivor), O=old, HS=humongous(starts), HC=humongous(continues), CS=collection set, F=free, OA=open archive, CA=closed archive, TAMS=top-at-mark-start (previous, next)
|   0|0x0000000703000000, 0x00000007031b8a00, 0x0000000703200000| 86%| O|  |TAMS 0x0000000703000000, 0x0000000703000000| Untracked 
|   1|0x0000000703200000, 0x0000000703200000, 0x0000000703400000|  0%| F|  |TAMS 0x0000000703200000, 0x0000000703200000| Untracked 
|   2|0x0000000703400000, 0x0000000703400000, 0x0000000703600000|  0%| F|  |TAMS 0x0000000703400000, 0x0000000703400000| Untracked 
|   3|0x0000000703600000, 0x0000000703600000, 0x0000000703800000|  0%| F|  |TAMS 0x0000000703600000, 0x0000000703600000| Untracked 
|   4|0x0000000703800000, 0x0000000703800000, 0x0000000703a00000|  0%| F|  |TAMS 0x0000000703800000, 0x0000000703800000| Untracked 
|   5|0x0000000703a00000, 0x0000000703a00000, 0x0000000703c00000|  0%| F|  |TAMS 0x0000000703a00000, 0x0000000703a00000| Untracked 
|   6|0x0000000703c00000, 0x0000000703c00000, 0x0000000703e00000|  0%| F|  |TAMS 0x0000000703c00000, 0x0000000703c00000| Untracked 
|   7|0x0000000703e00000, 0x0000000703e00000, 0x0000000704000000|  0%| F|  |TAMS 0x0000000703e00000, 0x0000000703e00000| Untracked 
|   8|0x0000000704000000, 0x0000000704000000, 0x0000000704200000|  0%| F|  |TAMS 0x0000000704000000, 0x0000000704000000| Untracked 
|   9|0x0000000704200000, 0x0000000704200000, 0x0000000704400000|  0%| F|  |TAMS 0x0000000704200000, 0x0000000704200000| Untracked 
|  10|0x0000000704400000, 0x0000000704400000, 0x0000000704600000|  0%| F|  |TAMS 0x0000000704400000, 0x0000000704400000| Untracked 
|  11|0x0000000704600000, 0x0000000704600000, 0x0000000704800000|  0%| F|  |TAMS 0x0000000704600000, 0x0000000704600000| Untracked 
|  12|0x0000000704800000, 0x0000000704800000, 0x0000000704a00000|  0%| F|  |TAMS 0x0000000704800000, 0x0000000704800000| Untracked 
|  13|0x0000000704a00000, 0x0000000704a00000, 0x0000000704c00000|  0%| F|  |TAMS 0x0000000704a00000, 0x0000000704a00000| Untracked 
|  14|0x0000000704c00000, 0x0000000704c00000, 0x0000000704e00000|  0%| F|  |TAMS 0x0000000704c00000, 0x0000000704c00000| Untracked 
|  15|0x0000000704e00000, 0x0000000704e00000, 0x0000000705000000|  0%| F|  |TAMS 0x0000000704e00000, 0x0000000704e00000| Untracked 
|  16|0x0000000705000000, 0x0000000705000000, 0x0000000705200000|  0%| F|  |TAMS 0x0000000705000000, 0x0000000705000000| Untracked 
|  17|0x0000000705200000, 0x0000000705200000, 0x0000000705400000|  0%| F|  |TAMS 0x0000000705200000, 0x0000000705200000| Untracked 
|  18|0x0000000705400000, 0x0000000705400000, 0x0000000705600000|  0%| F|  |TAMS 0x0000000705400000, 0x0000000705400000| Untracked 
|  19|0x0000000705600000, 0x0000000705600000, 0x0000000705800000|  0%| F|  |TAMS 0x0000000705600000, 0x0000000705600000| Untracked 
|  20|0x0000000705800000, 0x0000000705800000, 0x0000000705a00000|  0%| F|  |TAMS 0x0000000705800000, 0x0000000705800000| Untracked 
|  21|0x0000000705a00000, 0x0000000705a00000, 0x0000000705c00000|  0%| F|  |TAMS 0x0000000705a00000, 0x0000000705a00000| Untracked 
|  22|0x0000000705c00000, 0x0000000705c00000, 0x0000000705e00000|  0%| F|  |TAMS 0x0000000705c00000, 0x0000000705c00000| Untracked 
|  23|0x0000000705e00000, 0x0000000705e00000, 0x0000000706000000|  0%| F|  |TAMS 0x0000000705e00000, 0x0000000705e00000| Untracked 
|  24|0x0000000706000000, 0x0000000706000000, 0x0000000706200000|  0%| F|  |TAMS 0x0000000706000000, 0x0000000706000000| Untracked 
|  25|0x0000000706200000, 0x0000000706200000, 0x0000000706400000|  0%| F|  |TAMS 0x0000000706200000, 0x0000000706200000| Untracked 
|  26|0x0000000706400000, 0x0000000706400000, 0x0000000706600000|  0%| F|  |TAMS 0x0000000706400000, 0x0000000706400000| Untracked 
|  27|0x0000000706600000, 0x0000000706600000, 0x0000000706800000|  0%| F|  |TAMS 0x0000000706600000, 0x0000000706600000| Untracked 
|  28|0x0000000706800000, 0x0000000706800000, 0x0000000706a00000|  0%| F|  |TAMS 0x0000000706800000, 0x0000000706800000| Untracked 
|  29|0x0000000706a00000, 0x0000000706a00000, 0x0000000706c00000|  0%| F|  |TAMS 0x0000000706a00000, 0x0000000706a00000| Untracked 
|  30|0x0000000706c00000, 0x0000000706c00000, 0x0000000706e00000|  0%| F|  |TAMS 0x0000000706c00000, 0x0000000706c00000| Untracked 
|  31|0x0000000706e00000, 0x0000000706e00000, 0x0000000707000000|  0%| F|  |TAMS 0x0000000706e00000, 0x0000000706e00000| Untracked 
|  32|0x0000000707000000, 0x0000000707000000, 0x0000000707200000|  0%| F|  |TAMS 0x0000000707000000, 0x0000000707000000| Untracked 
|  33|0x0000000707200000, 0x0000000707200000, 0x0000000707400000|  0%| F|  |TAMS 0x0000000707200000, 0x0000000707200000| Untracked 
|  34|0x0000000707400000, 0x0000000707400000, 0x0000000707600000|  0%| F|  |TAMS 0x0000000707400000, 0x0000000707400000| Untracked 
|  35|0x0000000707600000, 0x0000000707600000, 0x0000000707800000|  0%| F|  |TAMS 0x0000000707600000, 0x0000000707600000| Untracked 
|  36|0x0000000707800000, 0x0000000707800000, 0x0000000707a00000|  0%| F|  |TAMS 0x0000000707800000, 0x0000000707800000| Untracked 
|  37|0x0000000707a00000, 0x0000000707a00000, 0x0000000707c00000|  0%| F|  |TAMS 0x0000000707a00000, 0x0000000707a00000| Untracked 
|  38|0x0000000707c00000, 0x0000000707c00000, 0x0000000707e00000|  0%| F|  |TAMS 0x0000000707c00000, 0x0000000707c00000| Untracked 
|  39|0x0000000707e00000, 0x0000000707e00000, 0x0000000708000000|  0%| F|  |TAMS 0x0000000707e00000, 0x0000000707e00000| Untracked 
|  40|0x0000000708000000, 0x0000000708000000, 0x0000000708200000|  0%| F|  |TAMS 0x0000000708000000, 0x0000000708000000| Untracked 
|  41|0x0000000708200000, 0x0000000708200000, 0x0000000708400000|  0%| F|  |TAMS 0x0000000708200000, 0x0000000708200000| Untracked 
|  42|0x0000000708400000, 0x0000000708400000, 0x0000000708600000|  0%| F|  |TAMS 0x0000000708400000, 0x0000000708400000| Untracked 
|  43|0x0000000708600000, 0x0000000708600000, 0x0000000708800000|  0%| F|  |TAMS 0x0000000708600000, 0x0000000708600000| Untracked 
|  44|0x0000000708800000, 0x0000000708800000, 0x0000000708a00000|  0%| F|  |TAMS 0x0000000708800000, 0x0000000708800000| Untracked 
|  45|0x0000000708a00000, 0x0000000708a00000, 0x0000000708c00000|  0%| F|  |TAMS 0x0000000708a00000, 0x0000000708a00000| Untracked 
|  46|0x0000000708c00000, 0x0000000708c00000, 0x0000000708e00000|  0%| F|  |TAMS 0x0000000708c00000, 0x0000000708c00000| Untracked 
|  47|0x0000000708e00000, 0x0000000708e00000, 0x0000000709000000|  0%| F|  |TAMS 0x0000000708e00000, 0x0000000708e00000| Untracked 
|  48|0x0000000709000000, 0x0000000709000000, 0x0000000709200000|  0%| F|  |TAMS 0x0000000709000000, 0x0000000709000000| Untracked 
|  49|0x0000000709200000, 0x0000000709200000, 0x0000000709400000|  0%| F|  |TAMS 0x0000000709200000, 0x0000000709200000| Untracked 
|  50|0x0000000709400000, 0x0000000709400000, 0x0000000709600000|  0%| F|  |TAMS 0x0000000709400000, 0x0000000709400000| Untracked 
|  51|0x0000000709600000, 0x0000000709600000, 0x0000000709800000|  0%| F|  |TAMS 0x0000000709600000, 0x0000000709600000| Untracked 
|  52|0x0000000709800000, 0x0000000709800000, 0x0000000709a00000|  0%| F|  |TAMS 0x0000000709800000, 0x0000000709800000| Untracked 
|  53|0x0000000709a00000, 0x0000000709a00000, 0x0000000709c00000|  0%| F|  |TAMS 0x0000000709a00000, 0x0000000709a00000| Untracked 
|  54|0x0000000709c00000, 0x0000000709c00000, 0x0000000709e00000|  0%| F|  |TAMS 0x0000000709c00000, 0x0000000709c00000| Untracked 
|  55|0x0000000709e00000, 0x0000000709e00000, 0x000000070a000000|  0%| F|  |TAMS 0x0000000709e00000, 0x0000000709e00000| Untracked 
|  56|0x000000070a000000, 0x000000070a000000, 0x000000070a200000|  0%| F|  |TAMS 0x000000070a000000, 0x000000070a000000| Untracked 
|  57|0x000000070a200000, 0x000000070a200000, 0x000000070a400000|  0%| F|  |TAMS 0x000000070a200000, 0x000000070a200000| Untracked 
|  58|0x000000070a400000, 0x000000070a400000, 0x000000070a600000|  0%| F|  |TAMS 0x000000070a400000, 0x000000070a400000| Untracked 
|  59|0x000000070a600000, 0x000000070a600000, 0x000000070a800000|  0%| F|  |TAMS 0x000000070a600000, 0x000000070a600000| Untracked 
|  60|0x000000070a800000, 0x000000070a800000, 0x000000070aa00000|  0%| F|  |TAMS 0x000000070a800000, 0x000000070a800000| Untracked 
|  61|0x000000070aa00000, 0x000000070aa00000, 0x000000070ac00000|  0%| F|  |TAMS 0x000000070aa00000, 0x000000070aa00000| Untracked 
|  62|0x000000070ac00000, 0x000000070ac00000, 0x000000070ae00000|  0%| F|  |TAMS 0x000000070ac00000, 0x000000070ac00000| Untracked 
|  63|0x000000070ae00000, 0x000000070ae00000, 0x000000070b000000|  0%| F|  |TAMS 0x000000070ae00000, 0x000000070ae00000| Untracked 
|  64|0x000000070b000000, 0x000000070b000000, 0x000000070b200000|  0%| F|  |TAMS 0x000000070b000000, 0x000000070b000000| Untracked 
|  65|0x000000070b200000, 0x000000070b200000, 0x000000070b400000|  0%| F|  |TAMS 0x000000070b200000, 0x000000070b200000| Untracked 
|  66|0x000000070b400000, 0x000000070b400000, 0x000000070b600000|  0%| F|  |TAMS 0x000000070b400000, 0x000000070b400000| Untracked 
|  67|0x000000070b600000, 0x000000070b600000, 0x000000070b800000|  0%| F|  |TAMS 0x000000070b600000, 0x000000070b600000| Untracked 
|  68|0x000000070b800000, 0x000000070b800000, 0x000000070ba00000|  0%| F|  |TAMS 0x000000070b800000, 0x000000070b800000| Untracked 
|  69|0x000000070ba00000, 0x000000070ba00000, 0x000000070bc00000|  0%| F|  |TAMS 0x000000070ba00000, 0x000000070ba00000| Untracked 
|  70|0x000000070bc00000, 0x000000070bc00000, 0x000000070be00000|  0%| F|  |TAMS 0x000000070bc00000, 0x000000070bc00000| Untracked 
|  71|0x000000070be00000, 0x000000070be00000, 0x000000070c000000|  0%| F|  |TAMS 0x000000070be00000, 0x000000070be00000| Untracked 
|  72|0x000000070c000000, 0x000000070c000000, 0x000000070c200000|  0%| F|  |TAMS 0x000000070c000000, 0x000000070c000000| Untracked 
|  73|0x000000070c200000, 0x000000070c200000, 0x000000070c400000|  0%| F|  |TAMS 0x000000070c200000, 0x000000070c200000| Untracked 
|  74|0x000000070c400000, 0x000000070c400000, 0x000000070c600000|  0%| F|  |TAMS 0x000000070c400000, 0x000000070c400000| Untracked 
|  75|0x000000070c600000, 0x000000070c600000, 0x000000070c800000|  0%| F|  |TAMS 0x000000070c600000, 0x000000070c600000| Untracked 
|  76|0x000000070c800000, 0x000000070c800000, 0x000000070ca00000|  0%| F|  |TAMS 0x000000070c800000, 0x000000070c800000| Untracked 
|  77|0x000000070ca00000, 0x000000070ca00000, 0x000000070cc00000|  0%| F|  |TAMS 0x000000070ca00000, 0x000000070ca00000| Untracked 
|  78|0x000000070cc00000, 0x000000070cc00000, 0x000000070ce00000|  0%| F|  |TAMS 0x000000070cc00000, 0x000000070cc00000| Untracked 
|  79|0x000000070ce00000, 0x000000070ce00000, 0x000000070d000000|  0%| F|  |TAMS 0x000000070ce00000, 0x000000070ce00000| Untracked 
|  80|0x000000070d000000, 0x000000070d000000, 0x000000070d200000|  0%| F|  |TAMS 0x000000070d000000, 0x000000070d000000| Untracked 
|  81|0x000000070d200000, 0x000000070d200000, 0x000000070d400000|  0%| F|  |TAMS 0x000000070d200000, 0x000000070d200000| Untracked 
|  82|0x000000070d400000, 0x000000070d400000, 0x000000070d600000|  0%| F|  |TAMS 0x000000070d400000, 0x000000070d400000| Untracked 
|  83|0x000000070d600000, 0x000000070d600000, 0x000000070d800000|  0%| F|  |TAMS 0x000000070d600000, 0x000000070d600000| Untracked 
|  84|0x000000070d800000, 0x000000070d800000, 0x000000070da00000|  0%| F|  |TAMS 0x000000070d800000, 0x000000070d800000| Untracked 
|  85|0x000000070da00000, 0x000000070da00000, 0x000000070dc00000|  0%| F|  |TAMS 0x000000070da00000, 0x000000070da00000| Untracked 
|  86|0x000000070dc00000, 0x000000070dc00000, 0x000000070de00000|  0%| F|  |TAMS 0x000000070dc00000, 0x000000070dc00000| Untracked 
|  87|0x000000070de00000, 0x000000070de00000, 0x000000070e000000|  0%| F|  |TAMS 0x000000070de00000, 0x000000070de00000| Untracked 
|  88|0x000000070e000000, 0x000000070e000000, 0x000000070e200000|  0%| F|  |TAMS 0x000000070e000000, 0x000000070e000000| Untracked 
|  89|0x000000070e200000, 0x000000070e200000, 0x000000070e400000|  0%| F|  |TAMS 0x000000070e200000, 0x000000070e200000| Untracked 
|  90|0x000000070e400000, 0x000000070e400000, 0x000000070e600000|  0%| F|  |TAMS 0x000000070e400000, 0x000000070e400000| Untracked 
|  91|0x000000070e600000, 0x000000070e600000, 0x000000070e800000|  0%| F|  |TAMS 0x000000070e600000, 0x000000070e600000| Untracked 
|  92|0x000000070e800000, 0x000000070e800000, 0x000000070ea00000|  0%| F|  |TAMS 0x000000070e800000, 0x000000070e800000| Untracked 
|  93|0x000000070ea00000, 0x000000070ea00000, 0x000000070ec00000|  0%| F|  |TAMS 0x000000070ea00000, 0x000000070ea00000| Untracked 
|  94|0x000000070ec00000, 0x000000070ec00000, 0x000000070ee00000|  0%| F|  |TAMS 0x000000070ec00000, 0x000000070ec00000| Untracked 
|  95|0x000000070ee00000, 0x000000070ee00000, 0x000000070f000000|  0%| F|  |TAMS 0x000000070ee00000, 0x000000070ee00000| Untracked 
|  96|0x000000070f000000, 0x000000070f000000, 0x000000070f200000|  0%| F|  |TAMS 0x000000070f000000, 0x000000070f000000| Untracked 
|  97|0x000000070f200000, 0x000000070f200000, 0x000000070f400000|  0%| F|  |TAMS 0x000000070f200000, 0x000000070f200000| Untracked 
|  98|0x000000070f400000, 0x000000070f400000, 0x000000070f600000|  0%| F|  |TAMS 0x000000070f400000, 0x000000070f400000| Untracked 
|  99|0x000000070f600000, 0x000000070f600000, 0x000000070f800000|  0%| F|  |TAMS 0x000000070f600000, 0x000000070f600000| Untracked 
| 100|0x000000070f800000, 0x000000070f800000, 0x000000070fa00000|  0%| F|  |TAMS 0x000000070f800000, 0x000000070f800000| Untracked 
| 101|0x000000070fa00000, 0x000000070fa00000, 0x000000070fc00000|  0%| F|  |TAMS 0x000000070fa00000, 0x000000070fa00000| Untracked 
| 102|0x000000070fc00000, 0x000000070fc00000, 0x000000070fe00000|  0%| F|  |TAMS 0x000000070fc00000, 0x000000070fc00000| Untracked 
| 103|0x000000070fe00000, 0x000000070fe00000, 0x0000000710000000|  0%| F|  |TAMS 0x000000070fe00000, 0x000000070fe00000| Untracked 
| 104|0x0000000710000000, 0x0000000710000000, 0x0000000710200000|  0%| F|  |TAMS 0x0000000710000000, 0x0000000710000000| Untracked 
| 105|0x0000000710200000, 0x0000000710200000, 0x0000000710400000|  0%| F|  |TAMS 0x0000000710200000, 0x0000000710200000| Untracked 
| 106|0x0000000710400000, 0x0000000710400000, 0x0000000710600000|  0%| F|  |TAMS 0x0000000710400000, 0x0000000710400000| Untracked 
| 107|0x0000000710600000, 0x0000000710600000, 0x0000000710800000|  0%| F|  |TAMS 0x0000000710600000, 0x0000000710600000| Untracked 
| 108|0x0000000710800000, 0x0000000710800000, 0x0000000710a00000|  0%| F|  |TAMS 0x0000000710800000, 0x0000000710800000| Untracked 
| 109|0x0000000710a00000, 0x0000000710a00000, 0x0000000710c00000|  0%| F|  |TAMS 0x0000000710a00000, 0x0000000710a00000| Untracked 
| 110|0x0000000710c00000, 0x0000000710c00000, 0x0000000710e00000|  0%| F|  |TAMS 0x0000000710c00000, 0x0000000710c00000| Untracked 
| 111|0x0000000710e00000, 0x0000000710e00000, 0x0000000711000000|  0%| F|  |TAMS 0x0000000710e00000, 0x0000000710e00000| Untracked 
| 112|0x0000000711000000, 0x0000000711000000, 0x0000000711200000|  0%| F|  |TAMS 0x0000000711000000, 0x0000000711000000| Untracked 
| 113|0x0000000711200000, 0x0000000711200000, 0x0000000711400000|  0%| F|  |TAMS 0x0000000711200000, 0x0000000711200000| Untracked 
| 114|0x0000000711400000, 0x0000000711600000, 0x0000000711600000|100%| S|CS|TAMS 0x0000000711400000, 0x0000000711400000| Complete 
| 115|0x0000000711600000, 0x0000000711800000, 0x0000000711800000|100%| S|CS|TAMS 0x0000000711600000, 0x0000000711600000| Complete 
| 116|0x0000000711800000, 0x0000000711800000, 0x0000000711a00000|  0%| F|  |TAMS 0x0000000711800000, 0x0000000711800000| Untracked 
| 117|0x0000000711a00000, 0x0000000711a00000, 0x0000000711c00000|  0%| F|  |TAMS 0x0000000711a00000, 0x0000000711a00000| Untracked 
| 118|0x0000000711c00000, 0x0000000711c00000, 0x0000000711e00000|  0%| F|  |TAMS 0x0000000711c00000, 0x0000000711c00000| Untracked 
| 119|0x0000000711e00000, 0x0000000711e00000, 0x0000000712000000|  0%| F|  |TAMS 0x0000000711e00000, 0x0000000711e00000| Untracked 
| 120|0x0000000712000000, 0x0000000712000000, 0x0000000712200000|  0%| F|  |TAMS 0x0000000712000000, 0x0000000712000000| Untracked 
| 121|0x0000000712200000, 0x0000000712200000, 0x0000000712400000|  0%| F|  |TAMS 0x0000000712200000, 0x0000000712200000| Untracked 
| 122|0x0000000712400000, 0x0000000712478c38, 0x0000000712600000| 23%| E|  |TAMS 0x0000000712400000, 0x0000000712400000| Complete 
| 123|0x0000000712600000, 0x0000000712800000, 0x0000000712800000|100%| E|CS|TAMS 0x0000000712600000, 0x0000000712600000| Complete 
| 124|0x0000000712800000, 0x0000000712a00000, 0x0000000712a00000|100%| E|CS|TAMS 0x0000000712800000, 0x0000000712800000| Complete 
| 125|0x0000000712a00000, 0x0000000712c00000, 0x0000000712c00000|100%| E|CS|TAMS 0x0000000712a00000, 0x0000000712a00000| Complete 
| 126|0x0000000712c00000, 0x0000000712e00000, 0x0000000712e00000|100%| E|CS|TAMS 0x0000000712c00000, 0x0000000712c00000| Complete 

Card table byte_map: [0x00000298e0360000,0x00000298e0b50000] _byte_map_base: 0x00000298dcb48000

Marking Bits (Prev, Next): (CMBitMap*) 0x00000298c8388330, (CMBitMap*) 0x00000298c8388370
 Prev Bits: [0x00000298e1340000, 0x00000298e5280000)
 Next Bits: [0x00000298e5280000, 0x00000298e91c0000)

Polling page: 0x00000298c62f0000

Metaspace:

Usage:
  Non-class:      5.73 MB capacity,     3.78 MB ( 66%) used,     1.95 MB ( 34%) free+waste,     3.25 KB ( <1%) overhead. 
      Class:    659.00 KB capacity,   445.49 KB ( 68%) used,   212.07 KB ( 32%) free+waste,     1.44 KB ( <1%) overhead. 
       Both:      6.37 MB capacity,     4.21 MB ( 66%) used,     2.16 MB ( 34%) free+waste,     4.69 KB ( <1%) overhead. 

Virtual space:
  Non-class space:        8.00 MB reserved,       5.75 MB ( 72%) committed 
      Class space:        1.00 GB reserved,     768.00 KB ( <1%) committed 
             Both:        1.01 GB reserved,       6.50 MB ( <1%) committed 

Chunk freelists:
   Non-Class:  22.00 KB
       Class:  13.00 KB
        Both:  35.00 KB

MaxMetaspaceSize: 17179869184.00 GB
CompressedClassSpaceSize: 1.00 GB

CodeHeap 'non-profiled nmethods': size=120000Kb used=430Kb max_used=430Kb free=119570Kb
 bounds [0x00000298d8310000, 0x00000298d8580000, 0x00000298df840000]
CodeHeap 'profiled nmethods': size=120000Kb used=1995Kb max_used=1995Kb free=118004Kb
 bounds [0x00000298d0de0000, 0x00000298d1050000, 0x00000298d8310000]
CodeHeap 'non-nmethods': size=5760Kb used=1179Kb max_used=1225Kb free=4580Kb
 bounds [0x00000298d0840000, 0x00000298d0ab0000, 0x00000298d0de0000]
 total_blobs=1427 nmethods=988 adapters=352
 compilation: enabled
              stopped_count=0, restarted_count=0
 full_count=0

Compilation events (20 events):
Event: 1.280 Thread 0x00000298ec46da30 nmethod 975 0x00000298d0fcc390 code [0x00000298d0fcc520, 0x00000298d0fcc638]
Event: 1.280 Thread 0x00000298ec46da30  976       3       jdk.internal.loader.URLClassPath$JarLoader$2::getManifest (26 bytes)
Event: 1.280 Thread 0x00000298ec46da30 nmethod 976 0x00000298d0fcc710 code [0x00000298d0fcc940, 0x00000298d0fccfe8]
Event: 1.284 Thread 0x00000298ec7057b0 nmethod 836 0x00000298d8373a10 code [0x00000298d8373dc0, 0x00000298d8378498]
Event: 1.285 Thread 0x00000298ec46da30  977       3       java.lang.ClassLoader::definePackage (85 bytes)
Event: 1.286 Thread 0x00000298ec46da30 nmethod 977 0x00000298d0fcd310 code [0x00000298d0fcd5e0, 0x00000298d0fce538]
Event: 1.286 Thread 0x00000298ec46da30  978       3       java.lang.Package::isSealed (26 bytes)
Event: 1.287 Thread 0x00000298ec46da30 nmethod 978 0x00000298d0fce990 code [0x00000298d0fceb40, 0x00000298d0fcee58]
Event: 1.287 Thread 0x00000298ec46da30  979       3       jdk.internal.loader.BuiltinClassLoader::isSealed (71 bytes)
Event: 1.289 Thread 0x00000298ec46da30 nmethod 979 0x00000298d0fcef90 code [0x00000298d0fcf380, 0x00000298d0fd0d98]
Event: 1.289 Thread 0x00000298ec46da30  980       3       jdk.internal.loader.NativeLibraries$NativeLibraryImpl::find (6 bytes)
Event: 1.289 Thread 0x00000298ec46da30 nmethod 980 0x00000298d0fd1790 code [0x00000298d0fd1940, 0x00000298d0fd1a68]
Event: 1.289 Thread 0x00000298ec46da30  983       3       java.lang.invoke.MemberName::isConstructor (8 bytes)
Event: 1.290 Thread 0x00000298ec46da30 nmethod 983 0x00000298d0fd1b10 code [0x00000298d0fd1cc0, 0x00000298d0fd1ef8]
Event: 1.290 Thread 0x00000298ec46da30  985       3       java.lang.invoke.MemberName::isStatic (8 bytes)
Event: 1.290 Thread 0x00000298ec46da30 nmethod 985 0x00000298d0fd2010 code [0x00000298d0fd21a0, 0x00000298d0fd2358]
Event: 1.290 Thread 0x00000298ec46da30  987       3       java.lang.invoke.LambdaForm$BasicType::basicType (19 bytes)
Event: 1.290 Thread 0x00000298ec46da30 nmethod 987 0x00000298d0fd2410 code [0x00000298d0fd25e0, 0x00000298d0fd2818]
Event: 1.290 Thread 0x00000298ec46da30  988       3       java.lang.invoke.LambdaForm::argument (27 bytes)
Event: 1.290 Thread 0x00000298ec46da30 nmethod 988 0x00000298d0fd2990 code [0x00000298d0fd2b40, 0x00000298d0fd2d88]

GC Heap History (2 events):
Event: 0.976 GC heap before
{Heap before GC invocations=0 (full 0):
 garbage-first heap   total 260096K, used 20480K [0x0000000703000000, 0x0000000800000000)
  region size 2048K, 11 young (22528K), 0 survivors (0K)
 Metaspace       used 3494K, capacity 6099K, committed 6272K, reserved 1056768K
  class space    used 331K, capacity 561K, committed 640K, reserved 1048576K
}
Event: 0.984 GC heap after
{Heap after GC invocations=1 (full 0):
 garbage-first heap   total 260096K, used 5858K [0x0000000703000000, 0x0000000800000000)
  region size 2048K, 2 young (4096K), 2 survivors (4096K)
 Metaspace       used 3494K, capacity 6099K, committed 6272K, reserved 1056768K
  class space    used 331K, capacity 561K, committed 640K, reserved 1048576K
}

Deoptimization events (20 events):
Event: 1.180 Thread 0x00000298c8339210 Uncommon trap: trap_request=0xffffff45 fr.pc=0x00000298d83614e8 relative=0x00000000000034a8
Event: 1.180 Thread 0x00000298c8339210 Uncommon trap: reason=unstable_if action=reinterpret pc=0x00000298d83614e8 method=java.io.WinNTFileSystem.normalize(Ljava/lang/String;)Ljava/lang/String; @ 128 c2
Event: 1.180 Thread 0x00000298c8339210 DEOPT PACKING pc=0x00000298d83614e8 sp=0x000000e7e3afe4f0
Event: 1.180 Thread 0x00000298c8339210 DEOPT UNPACKING pc=0x00000298d088e42f sp=0x000000e7e3afe4e8 mode 2
Event: 1.182 Thread 0x00000298c8339210 Uncommon trap: trap_request=0xffffff45 fr.pc=0x00000298d8345420 relative=0x0000000000000320
Event: 1.182 Thread 0x00000298c8339210 Uncommon trap: reason=unstable_if action=reinterpret pc=0x00000298d8345420 method=java.lang.StringUTF16.compress([CI[BII)I @ 20 c2
Event: 1.182 Thread 0x00000298c8339210 DEOPT PACKING pc=0x00000298d8345420 sp=0x000000e7e3afe2e0
Event: 1.182 Thread 0x00000298c8339210 DEOPT UNPACKING pc=0x00000298d088e42f sp=0x000000e7e3afe260 mode 2
Event: 1.185 Thread 0x00000298c8339210 Uncommon trap: trap_request=0xffffff45 fr.pc=0x00000298d832fc38 relative=0x00000000000004f8
Event: 1.185 Thread 0x00000298c8339210 Uncommon trap: reason=unstable_if action=reinterpret pc=0x00000298d832fc38 method=java.lang.AbstractStringBuilder.putStringAt(ILjava/lang/String;)V @ 8 c2
Event: 1.185 Thread 0x00000298c8339210 DEOPT PACKING pc=0x00000298d832fc38 sp=0x000000e7e3afe6d0
Event: 1.185 Thread 0x00000298c8339210 DEOPT UNPACKING pc=0x00000298d088e42f sp=0x000000e7e3afe5d8 mode 2
Event: 1.186 Thread 0x00000298c8339210 Uncommon trap: trap_request=0xffffff45 fr.pc=0x00000298d8344424 relative=0x0000000000000384
Event: 1.186 Thread 0x00000298c8339210 Uncommon trap: reason=unstable_if action=reinterpret pc=0x00000298d8344424 method=java.lang.AbstractStringBuilder.isLatin1()Z @ 10 c2
Event: 1.186 Thread 0x00000298c8339210 DEOPT PACKING pc=0x00000298d8344424 sp=0x000000e7e3afe6e0
Event: 1.186 Thread 0x00000298c8339210 DEOPT UNPACKING pc=0x00000298d088e42f sp=0x000000e7e3afe660 mode 2
Event: 1.229 Thread 0x00000298c8339210 DEOPT PACKING pc=0x00000298d0fb3058 sp=0x000000e7e3afdf30
Event: 1.229 Thread 0x00000298c8339210 DEOPT UNPACKING pc=0x00000298d088e23f sp=0x000000e7e3afd438 mode 0
Event: 1.257 Thread 0x00000298c8339210 DEOPT PACKING pc=0x00000298d0fb3058 sp=0x000000e7e3afca20
Event: 1.257 Thread 0x00000298c8339210 DEOPT UNPACKING pc=0x00000298d088e23f sp=0x000000e7e3afbf28 mode 0

Classes unloaded (0 events):
No events

Classes redefined (0 events):
No events

Internal exceptions (8 events):
Event: 0.321 Thread 0x00000298ec7be3e0 Exception <a 'java/lang/NoSuchMethodError'{0x000000071276d638}: 'java.lang.Object java.lang.invoke.DirectMethodHandle$Holder.invokeStatic(java.lang.Object)'> (0x000000071276d638) 
thrown [./src/hotspot/share/interpreter/linkResolver.cpp, line 782]
Event: 0.322 Thread 0x00000298ec7be3e0 Exception <a 'java/lang/NoSuchMethodError'{0x0000000712770f48}: 'java.lang.Object java.lang.invoke.DirectMethodHandle$Holder.invokeStaticInit(java.lang.Object)'> (0x0000000712770f48) 
thrown [./src/hotspot/share/interpreter/linkResolver.cpp, line 782]
Event: 0.332 Thread 0x00000298ec7be3e0 Exception <a 'java/lang/NoSuchMethodError'{0x000000071277e428}: 'void java.lang.invoke.DirectMethodHandle$Holder.invokeStatic(java.lang.Object, java.lang.Object)'> (0x000000071277e428) 
thrown [./src/hotspot/share/interpreter/linkResolver.cpp, line 782]
Event: 0.551 Thread 0x00000298c8339210 Exception <a 'java/lang/NoSuchMethodError'{0x00000007120347d0}: 'int java.lang.invoke.DirectMethodHandle$Holder.invokeStaticInit(java.lang.Object, java.lang.Object, java.lang.Object, java.lang.Object)'> (0x00000007120347d0) 
thrown [./src/hotspot/share/interpreter/linkResolver.cpp, line 782]
Event: 0.553 Thread 0x00000298c8339210 Exception <a 'java/lang/NoSuchMethodError'{0x000000071203f410}: 'java.lang.Object java.lang.invoke.DirectMethodHandle$Holder.invokeInterface(java.lang.Object, java.lang.Object)'> (0x000000071203f410) 
thrown [./src/hotspot/share/interpreter/linkResolver.cpp, line 782]
Event: 0.554 Thread 0x00000298c8339210 Exception <a 'java/lang/IncompatibleClassChangeError'{0x0000000712042b60}: Found class java.lang.Object, but interface was expected> (0x0000000712042b60) 
thrown [./src/hotspot/share/interpreter/linkResolver.cpp, line 848]
Event: 0.555 Thread 0x00000298c8339210 Exception <a 'java/lang/NoSuchMethodError'{0x0000000712045da8}: 'void java.lang.invoke.DirectMethodHandle$Holder.invokeStaticInit(java.lang.Object, java.lang.Object)'> (0x0000000712045da8) 
thrown [./src/hotspot/share/interpreter/linkResolver.cpp, line 782]
Event: 0.556 Thread 0x00000298c8339210 Exception <a 'java/lang/NoSuchMethodError'{0x000000071204bec0}: 'int java.lang.invoke.DirectMethodHandle$Holder.invokeStaticInit(java.lang.Object, java.lang.Object)'> (0x000000071204bec0) 
thrown [./src/hotspot/share/interpreter/linkResolver.cpp, line 782]

Events (20 events):
Event: 1.151 loading class sun/util/resources/OpenListResourceBundle done
Event: 1.151 loading class sun/util/resources/TimeZoneNamesBundle done
Event: 1.151 loading class sun/util/resources/cldr/TimeZoneNames done
Event: 1.152 loading class sun/util/resources/cldr/TimeZoneNames_en
Event: 1.152 loading class sun/util/resources/cldr/TimeZoneNames_en done
Event: 1.153 loading class sun/util/resources/cldr/TimeZoneNames_en_US
Event: 1.153 loading class sun/util/resources/cldr/TimeZoneNames_en_US done
Event: 1.154 loading class java/util/LinkedHashMap$LinkedKeySet
Event: 1.154 loading class java/util/LinkedHashMap$LinkedKeySet done
Event: 1.155 loading class sun/util/resources/TimeZoneNames
Event: 1.156 loading class sun/util/resources/TimeZoneNames done
Event: 1.156 loading class sun/util/resources/TimeZoneNames_en
Event: 1.156 loading class sun/util/resources/TimeZoneNames_en done
Event: 1.207 Loaded shared library C:\Users\37756\.javacpp\cache\llvm-13.0.1-1.5.7-windows-x86_64.jar\org\bytedeco\llvm\windows-x86_64\LTO.dll
Event: 1.225 Loaded shared library C:\Users\37756\.javacpp\cache\llvm-13.0.1-1.5.7-windows-x86_64.jar\org\bytedeco\llvm\windows-x86_64\Remarks.dll
Event: 1.243 Loaded shared library C:\Users\37756\.javacpp\cache\llvm-13.0.1-1.5.7-windows-x86_64.jar\org\bytedeco\llvm\windows-x86_64\jniLLVM.dll
Event: 1.287 loading class java/util/Stack
Event: 1.287 loading class java/util/Vector
Event: 1.288 loading class java/util/Vector done
Event: 1.288 loading class java/util/Stack done


Dynamic libraries:
0x00007ff619ef0000 - 0x00007ff619efd000 	C:\Program Files\AdoptOpenJDK\jdk-15.0.2.7-hotspot\bin\java.exe
0x00007ffd07b10000 - 0x00007ffd07d08000 	C:\WINDOWS\SYSTEM32\ntdll.dll
0x00007ffd069e0000 - 0x00007ffd06a9f000 	C:\WINDOWS\System32\KERNEL32.DLL
0x00007ffd05670000 - 0x00007ffd05942000 	C:\WINDOWS\System32\KERNELBASE.dll
0x00007ffd05470000 - 0x00007ffd05570000 	C:\WINDOWS\System32\ucrtbase.dll
0x00007ffce80b0000 - 0x00007ffce80c8000 	C:\Program Files\AdoptOpenJDK\jdk-15.0.2.7-hotspot\bin\jli.dll
0x00007ffce8090000 - 0x00007ffce80a5000 	C:\Program Files\AdoptOpenJDK\jdk-15.0.2.7-hotspot\bin\VCRUNTIME140.dll
0x00007ffd06bb0000 - 0x00007ffd06d51000 	C:\WINDOWS\System32\USER32.dll
0x00007ffd05a60000 - 0x00007ffd05a82000 	C:\WINDOWS\System32\win32u.dll
0x00007ffce30c0000 - 0x00007ffce335a000 	C:\WINDOWS\WinSxS\amd64_microsoft.windows.common-controls_6595b64144ccf1df_6.0.19041.1110_none_60b5254171f9507e\COMCTL32.dll
0x00007ffd075b0000 - 0x00007ffd075db000 	C:\WINDOWS\System32\GDI32.dll
0x00007ffd06b10000 - 0x00007ffd06bae000 	C:\WINDOWS\System32\msvcrt.dll
0x00007ffd05200000 - 0x00007ffd0530f000 	C:\WINDOWS\System32\gdi32full.dll
0x00007ffd059c0000 - 0x00007ffd05a5d000 	C:\WINDOWS\System32\msvcp_win.dll
0x00007ffd073c0000 - 0x00007ffd073f2000 	C:\WINDOWS\System32\IMM32.DLL
0x00007ffccbde0000 - 0x00007ffccbe7b000 	C:\Program Files\AdoptOpenJDK\jdk-15.0.2.7-hotspot\bin\msvcp140.dll
0x00007ffc6dcf0000 - 0x00007ffc6e87f000 	C:\Program Files\AdoptOpenJDK\jdk-15.0.2.7-hotspot\bin\server\jvm.dll
0x00007ffd065b0000 - 0x00007ffd0665e000 	C:\WINDOWS\System32\ADVAPI32.dll
0x00007ffd06d60000 - 0x00007ffd06dfc000 	C:\WINDOWS\System32\sechost.dll
0x00007ffd06660000 - 0x00007ffd06785000 	C:\WINDOWS\System32\RPCRT4.dll
0x00007ffd065a0000 - 0x00007ffd065a8000 	C:\WINDOWS\System32\PSAPI.DLL
0x00007ffd00870000 - 0x00007ffd00879000 	C:\WINDOWS\SYSTEM32\WSOCK32.dll
0x00007ffce7060000 - 0x00007ffce7087000 	C:\WINDOWS\SYSTEM32\WINMM.dll
0x00007ffd03e60000 - 0x00007ffd03e6a000 	C:\WINDOWS\SYSTEM32\VERSION.dll
0x00007ffd06aa0000 - 0x00007ffd06b0b000 	C:\WINDOWS\System32\WS2_32.dll
0x00007ffd03160000 - 0x00007ffd03172000 	C:\WINDOWS\SYSTEM32\kernel.appcore.dll
0x00007ffce8080000 - 0x00007ffce808a000 	C:\Program Files\AdoptOpenJDK\jdk-15.0.2.7-hotspot\bin\jimage.dll
0x00007ffd02ac0000 - 0x00007ffd02ca4000 	C:\WINDOWS\SYSTEM32\DBGHELP.DLL
0x00007ffce6af0000 - 0x00007ffce6b25000 	C:\WINDOWS\SYSTEM32\dbgcore.DLL
0x00007ffd05ac0000 - 0x00007ffd05b42000 	C:\WINDOWS\System32\bcryptPrimitives.dll
0x00007ffceb760000 - 0x00007ffceb76e000 	C:\Program Files\AdoptOpenJDK\jdk-15.0.2.7-hotspot\bin\instrument.dll
0x00007ffcdb370000 - 0x00007ffcdb395000 	C:\Program Files\AdoptOpenJDK\jdk-15.0.2.7-hotspot\bin\java.dll
0x00007ffd05b60000 - 0x00007ffd062a4000 	C:\WINDOWS\System32\SHELL32.dll
0x00007ffd03180000 - 0x00007ffd03912000 	C:\WINDOWS\SYSTEM32\windows.storage.dll
0x00007ffd07770000 - 0x00007ffd07ac5000 	C:\WINDOWS\System32\combase.dll
0x00007ffd04bf0000 - 0x00007ffd04c20000 	C:\WINDOWS\SYSTEM32\Wldp.dll
0x00007ffd06790000 - 0x00007ffd0683d000 	C:\WINDOWS\System32\SHCORE.dll
0x00007ffd072d0000 - 0x00007ffd07325000 	C:\WINDOWS\System32\shlwapi.dll
0x00007ffd05140000 - 0x00007ffd0515f000 	C:\WINDOWS\SYSTEM32\profapi.dll
0x00007ffccbdc0000 - 0x00007ffccbdd8000 	C:\Program Files\AdoptOpenJDK\jdk-15.0.2.7-hotspot\bin\zip.dll
0x00007ffce4660000 - 0x00007ffce4679000 	C:\Program Files\AdoptOpenJDK\jdk-15.0.2.7-hotspot\bin\net.dll
0x00007ffcf9240000 - 0x00007ffcf934c000 	C:\WINDOWS\SYSTEM32\WINHTTP.dll
0x00007ffd048e0000 - 0x00007ffd0494a000 	C:\WINDOWS\system32\mswsock.dll
0x00007ffcdb350000 - 0x00007ffcdb362000 	C:\Program Files\AdoptOpenJDK\jdk-15.0.2.7-hotspot\bin\nio.dll
0x00007ffccbd80000 - 0x00007ffccbd9a000 	C:\Program Files\JetBrains\IntelliJ IDEA 2022.3\bin\breakgen64.dll
0x00000298c6340000 - 0x00000298c6344000 	C:\Users\37756\.javacpp\cache\javacpp-1.5.7-windows-x86_64.jar\org\bytedeco\javacpp\windows-x86_64\api-ms-win-crt-locale-l1-1-0.dll
0x00000298c6350000 - 0x00000298c6355000 	C:\Users\37756\.javacpp\cache\javacpp-1.5.7-windows-x86_64.jar\org\bytedeco\javacpp\windows-x86_64\api-ms-win-crt-string-l1-1-0.dll
0x00000298c82d0000 - 0x00000298c82d5000 	C:\Users\37756\.javacpp\cache\javacpp-1.5.7-windows-x86_64.jar\org\bytedeco\javacpp\windows-x86_64\api-ms-win-crt-stdio-l1-1-0.dll
0x00000298c82e0000 - 0x00000298c82e6000 	C:\Users\37756\.javacpp\cache\javacpp-1.5.7-windows-x86_64.jar\org\bytedeco\javacpp\windows-x86_64\api-ms-win-crt-math-l1-1-0.dll
0x00000298c82f0000 - 0x00000298c82f4000 	C:\Users\37756\.javacpp\cache\javacpp-1.5.7-windows-x86_64.jar\org\bytedeco\javacpp\windows-x86_64\api-ms-win-crt-heap-l1-1-0.dll
0x00000298c8300000 - 0x00000298c8305000 	C:\Users\37756\.javacpp\cache\javacpp-1.5.7-windows-x86_64.jar\org\bytedeco\javacpp\windows-x86_64\api-ms-win-crt-runtime-l1-1-0.dll
0x00000298ed0a0000 - 0x00000298ed0a5000 	C:\Users\37756\.javacpp\cache\javacpp-1.5.7-windows-x86_64.jar\org\bytedeco\javacpp\windows-x86_64\api-ms-win-crt-convert-l1-1-0.dll
0x00000298ed0b0000 - 0x00000298ed0b4000 	C:\Users\37756\.javacpp\cache\javacpp-1.5.7-windows-x86_64.jar\org\bytedeco\javacpp\windows-x86_64\api-ms-win-crt-environment-l1-1-0.dll
0x00000298ed0c0000 - 0x00000298ed0c4000 	C:\Users\37756\.javacpp\cache\javacpp-1.5.7-windows-x86_64.jar\org\bytedeco\javacpp\windows-x86_64\api-ms-win-crt-time-l1-1-0.dll
0x00000298ed0d0000 - 0x00000298ed0d4000 	C:\Users\37756\.javacpp\cache\javacpp-1.5.7-windows-x86_64.jar\org\bytedeco\javacpp\windows-x86_64\api-ms-win-crt-filesystem-l1-1-0.dll
0x00000298ed0e0000 - 0x00000298ed0e4000 	C:\Users\37756\.javacpp\cache\javacpp-1.5.7-windows-x86_64.jar\org\bytedeco\javacpp\windows-x86_64\api-ms-win-crt-utility-l1-1-0.dll
0x00000298ed0f0000 - 0x00000298ed0f6000 	C:\Users\37756\.javacpp\cache\javacpp-1.5.7-windows-x86_64.jar\org\bytedeco\javacpp\windows-x86_64\api-ms-win-crt-multibyte-l1-1-0.dll
0x00000298ed100000 - 0x00000298ed104000 	C:\Users\37756\.javacpp\cache\javacpp-1.5.7-windows-x86_64.jar\org\bytedeco\javacpp\windows-x86_64\api-ms-win-crt-conio-l1-1-0.dll
0x00000298ed110000 - 0x00000298ed121000 	C:\Users\37756\.javacpp\cache\javacpp-1.5.7-windows-x86_64.jar\org\bytedeco\javacpp\windows-x86_64\api-ms-win-crt-private-l1-1-0.dll
0x00000298ed130000 - 0x00000298ed134000 	C:\Users\37756\.javacpp\cache\javacpp-1.5.7-windows-x86_64.jar\org\bytedeco\javacpp\windows-x86_64\api-ms-win-crt-process-l1-1-0.dll
0x00000298ed140000 - 0x00000298ed144000 	C:\Users\37756\.javacpp\cache\javacpp-1.5.7-windows-x86_64.jar\org\bytedeco\javacpp\windows-x86_64\api-ms-win-core-console-l1-2-0.dll
0x00000298ed150000 - 0x00000298ed154000 	C:\Users\37756\.javacpp\cache\javacpp-1.5.7-windows-x86_64.jar\org\bytedeco\javacpp\windows-x86_64\api-ms-win-core-string-l1-1-0.dll
0x00000298ed160000 - 0x00000298ed164000 	C:\Users\37756\.javacpp\cache\javacpp-1.5.7-windows-x86_64.jar\org\bytedeco\javacpp\windows-x86_64\api-ms-win-core-errorhandling-l1-1-0.dll
0x00000298ed170000 - 0x00000298ed174000 	C:\Users\37756\.javacpp\cache\javacpp-1.5.7-windows-x86_64.jar\org\bytedeco\javacpp\windows-x86_64\api-ms-win-core-timezone-l1-1-0.dll
0x00000298ed180000 - 0x00000298ed185000 	C:\Users\37756\.javacpp\cache\javacpp-1.5.7-windows-x86_64.jar\org\bytedeco\javacpp\windows-x86_64\api-ms-win-core-file-l1-1-0.dll
0x00000298ed190000 - 0x00000298ed194000 	C:\Users\37756\.javacpp\cache\javacpp-1.5.7-windows-x86_64.jar\org\bytedeco\javacpp\windows-x86_64\api-ms-win-core-namedpipe-l1-1-0.dll
0x00000298ee170000 - 0x00000298ee174000 	C:\Users\37756\.javacpp\cache\javacpp-1.5.7-windows-x86_64.jar\org\bytedeco\javacpp\windows-x86_64\api-ms-win-core-handle-l1-1-0.dll
0x00000298ee180000 - 0x00000298ee184000 	C:\Users\37756\.javacpp\cache\javacpp-1.5.7-windows-x86_64.jar\org\bytedeco\javacpp\windows-x86_64\api-ms-win-core-file-l2-1-0.dll
0x00000298ee190000 - 0x00000298ee194000 	C:\Users\37756\.javacpp\cache\javacpp-1.5.7-windows-x86_64.jar\org\bytedeco\javacpp\windows-x86_64\api-ms-win-core-heap-l1-1-0.dll
0x00000298ee1a0000 - 0x00000298ee1a4000 	C:\Users\37756\.javacpp\cache\javacpp-1.5.7-windows-x86_64.jar\org\bytedeco\javacpp\windows-x86_64\api-ms-win-core-libraryloader-l1-1-0.dll
0x00000298ee1b0000 - 0x00000298ee1b4000 	C:\Users\37756\.javacpp\cache\javacpp-1.5.7-windows-x86_64.jar\org\bytedeco\javacpp\windows-x86_64\api-ms-win-core-synch-l1-1-0.dll
0x00000298ee1c0000 - 0x00000298ee1c4000 	C:\Users\37756\.javacpp\cache\javacpp-1.5.7-windows-x86_64.jar\org\bytedeco\javacpp\windows-x86_64\api-ms-win-core-processthreads-l1-1-0.dll
0x00000298ee1d0000 - 0x00000298ee1d4000 	C:\Users\37756\.javacpp\cache\javacpp-1.5.7-windows-x86_64.jar\org\bytedeco\javacpp\windows-x86_64\api-ms-win-core-processenvironment-l1-1-0.dll
0x00000298ee1e0000 - 0x00000298ee1e4000 	C:\Users\37756\.javacpp\cache\javacpp-1.5.7-windows-x86_64.jar\org\bytedeco\javacpp\windows-x86_64\api-ms-win-core-datetime-l1-1-0.dll
0x00000298ee1f0000 - 0x00000298ee1f4000 	C:\Users\37756\.javacpp\cache\javacpp-1.5.7-windows-x86_64.jar\org\bytedeco\javacpp\windows-x86_64\api-ms-win-core-localization-l1-2-0.dll
0x00000298ee200000 - 0x00000298ee204000 	C:\Users\37756\.javacpp\cache\javacpp-1.5.7-windows-x86_64.jar\org\bytedeco\javacpp\windows-x86_64\api-ms-win-core-sysinfo-l1-1-0.dll
0x00000298ee210000 - 0x00000298ee214000 	C:\Users\37756\.javacpp\cache\javacpp-1.5.7-windows-x86_64.jar\org\bytedeco\javacpp\windows-x86_64\api-ms-win-core-synch-l1-2-0.dll
0x00000298ee220000 - 0x00000298ee224000 	C:\Users\37756\.javacpp\cache\javacpp-1.5.7-windows-x86_64.jar\org\bytedeco\javacpp\windows-x86_64\api-ms-win-core-console-l1-1-0.dll
0x00000298ee230000 - 0x00000298ee234000 	C:\Users\37756\.javacpp\cache\javacpp-1.5.7-windows-x86_64.jar\org\bytedeco\javacpp\windows-x86_64\api-ms-win-core-debug-l1-1-0.dll
0x00000298ee240000 - 0x00000298ee244000 	C:\Users\37756\.javacpp\cache\javacpp-1.5.7-windows-x86_64.jar\org\bytedeco\javacpp\windows-x86_64\api-ms-win-core-rtlsupport-l1-1-0.dll
0x00000298ee250000 - 0x00000298ee254000 	C:\Users\37756\.javacpp\cache\javacpp-1.5.7-windows-x86_64.jar\org\bytedeco\javacpp\windows-x86_64\api-ms-win-core-processthreads-l1-1-1.dll
0x00000298ee260000 - 0x00000298ee264000 	C:\Users\37756\.javacpp\cache\javacpp-1.5.7-windows-x86_64.jar\org\bytedeco\javacpp\windows-x86_64\api-ms-win-core-file-l1-2-0.dll
0x00000298ee270000 - 0x00000298ee274000 	C:\Users\37756\.javacpp\cache\javacpp-1.5.7-windows-x86_64.jar\org\bytedeco\javacpp\windows-x86_64\api-ms-win-core-profile-l1-1-0.dll
0x00000298ee280000 - 0x00000298ee284000 	C:\Users\37756\.javacpp\cache\javacpp-1.5.7-windows-x86_64.jar\org\bytedeco\javacpp\windows-x86_64\api-ms-win-core-memory-l1-1-0.dll
0x00000298ee290000 - 0x00000298ee294000 	C:\Users\37756\.javacpp\cache\javacpp-1.5.7-windows-x86_64.jar\org\bytedeco\javacpp\windows-x86_64\api-ms-win-core-util-l1-1-0.dll
0x00000298ee2a0000 - 0x00000298ee2a4000 	C:\Users\37756\.javacpp\cache\javacpp-1.5.7-windows-x86_64.jar\org\bytedeco\javacpp\windows-x86_64\api-ms-win-core-interlocked-l1-1-0.dll
0x00007ffccb300000 - 0x00007ffccb411000 	C:\Users\37756\.javacpp\cache\javacpp-1.5.7-windows-x86_64.jar\org\bytedeco\javacpp\windows-x86_64\ucrtbase.dll
0x00007ffccbd20000 - 0x00007ffccbd3b000 	C:\Users\37756\.javacpp\cache\javacpp-1.5.7-windows-x86_64.jar\org\bytedeco\javacpp\windows-x86_64\vcruntime140.dll
0x00007ffccbd50000 - 0x00007ffccbd5c000 	C:\Users\37756\.javacpp\cache\javacpp-1.5.7-windows-x86_64.jar\org\bytedeco\javacpp\windows-x86_64\vcruntime140_1.dll
0x00007ffccbbb0000 - 0x00007ffccbc3d000 	C:\Users\37756\.javacpp\cache\javacpp-1.5.7-windows-x86_64.jar\org\bytedeco\javacpp\windows-x86_64\msvcp140.dll
0x00007ffccbd10000 - 0x00007ffccbd19000 	C:\Users\37756\.javacpp\cache\javacpp-1.5.7-windows-x86_64.jar\org\bytedeco\javacpp\windows-x86_64\msvcp140_1.dll
0x00007ffccbcc0000 - 0x00007ffccbd0e000 	C:\Users\37756\.javacpp\cache\javacpp-1.5.7-windows-x86_64.jar\org\bytedeco\javacpp\windows-x86_64\concrt140.dll
0x00007ffccbb70000 - 0x00007ffccbba1000 	C:\Users\37756\.javacpp\cache\javacpp-1.5.7-windows-x86_64.jar\org\bytedeco\javacpp\windows-x86_64\vcomp140.dll
0x00007ffccbcb0000 - 0x00007ffccbcbe000 	C:\Users\37756\.javacpp\cache\javacpp-1.5.7-windows-x86_64.jar\org\bytedeco\javacpp\windows-x86_64\jnijavacpp.dll
0x00007ffc64110000 - 0x00007ffc687ad000 	C:\Users\37756\.javacpp\cache\llvm-13.0.1-1.5.7-windows-x86_64.jar\org\bytedeco\llvm\windows-x86_64\LTO.dll
0x00007ffccb830000 - 0x00007ffccb86b000 	C:\Users\37756\.javacpp\cache\llvm-13.0.1-1.5.7-windows-x86_64.jar\org\bytedeco\llvm\windows-x86_64\Remarks.dll
0x00007ffc5f8c0000 - 0x00007ffc64110000 	C:\Users\37756\.javacpp\cache\llvm-13.0.1-1.5.7-windows-x86_64.jar\org\bytedeco\llvm\windows-x86_64\jniLLVM.dll
0x00007ffd068a0000 - 0x00007ffd069ca000 	C:\WINDOWS\System32\ole32.dll

dbghelp: loaded successfully - version: 4.0.5 - missing functions: none
symbol engine: initialized successfully - sym options: 0x614 - pdb path: .;C:\Program Files\AdoptOpenJDK\jdk-15.0.2.7-hotspot\bin;C:\WINDOWS\SYSTEM32;C:\WINDOWS\WinSxS\amd64_microsoft.windows.common-controls_6595b64144ccf1df_6.0.19041.1110_none_60b5254171f9507e;C:\Program Files\AdoptOpenJDK\jdk-15.0.2.7-hotspot\bin\server;C:\Program Files\JetBrains\IntelliJ IDEA 2022.3\bin;C:\Users\37756\.javacpp\cache\javacpp-1.5.7-windows-x86_64.jar\org\bytedeco\javacpp\windows-x86_64;C:\Users\37756\.javacpp\cache\llvm-13.0.1-1.5.7-windows-x86_64.jar\org\bytedeco\llvm\windows-x86_64

VM Arguments:
jvm_args: -javaagent:C:\Program Files\JetBrains\IntelliJ IDEA 2022.3\lib\idea_rt.jar=13102:C:\Program Files\JetBrains\IntelliJ IDEA 2022.3\bin -Dfile.encoding=UTF-8 
java_command: Main tests/llvm-ir-test1.sysy tests/llvm-ir-test1.out
java_class_path (initial): C:\Users\37756\Documents\NJU\2022Fall\Compilers\Lab\target\classes;C:\Users\37756\.m2\repository\org\bytedeco\llvm-platform\13.0.1-1.5.7\llvm-platform-13.0.1-1.5.7.jar;C:\Users\37756\.m2\repository\org\bytedeco\javacpp-platform\1.5.7\javacpp-platform-1.5.7.jar;C:\Users\37756\.m2\repository\org\bytedeco\javacpp\1.5.7\javacpp-1.5.7.jar;C:\Users\37756\.m2\repository\org\bytedeco\javacpp\1.5.7\javacpp-1.5.7-android-arm.jar;C:\Users\37756\.m2\repository\org\bytedeco\javacpp\1.5.7\javacpp-1.5.7-android-arm64.jar;C:\Users\37756\.m2\repository\org\bytedeco\javacpp\1.5.7\javacpp-1.5.7-android-x86.jar;C:\Users\37756\.m2\repository\org\bytedeco\javacpp\1.5.7\javacpp-1.5.7-android-x86_64.jar;C:\Users\37756\.m2\repository\org\bytedeco\javacpp\1.5.7\javacpp-1.5.7-ios-arm64.jar;C:\Users\37756\.m2\repository\org\bytedeco\javacpp\1.5.7\javacpp-1.5.7-ios-x86_64.jar;C:\Users\37756\.m2\repository\org\bytedeco\javacpp\1.5.7\javacpp-1.5.7-linux-armhf.jar;C:\Users\37756\.m2\repository\org\bytedeco\javacpp\1.5.7\javacpp-1.5.7-linux-arm64.jar;C:\Users\37756\.m2\repository\org\bytedeco\javacpp\1.5.7\javacpp-1.5.7-linux-ppc64le.jar;C:\Users\37756\.m2\repository\org\bytedeco\javacpp\1.5.7\javacpp-1.5.7-linux-x86.jar;C:\Users\37756\.m2\repository\org\bytedeco\javacpp\1.5.7\javacpp-1.5.7-linux-x86_64.jar;C:\Users\37756\.m2\repository\org\bytedeco\javacpp\1.5.7\javacpp-1.5.7-macosx-arm64.jar;C:\Users\37756\.m2\repository\org\bytedeco\javacpp\1.5.7\javacpp-1.5.7-macosx-x86_64.jar;C:\Users\37756\.m2\repository\org\bytedeco\javacpp\1.5.7\javacpp-1.5.7-windows-x86.jar;C:\Users\37756\.m2\repository\org\bytedeco\javacpp\1.5.7\javacpp-1.5.7-windows-x86_64.jar;C:\Users\37756\.m2\repository\org\bytedeco\llvm\13.0.1-1.5.7\llvm-13.0.1-1.5.7.jar;C:\Users\37756\.m2\repository\org\bytedeco\llvm\13.0.1-1.5.7\llvm-13.0.1-1.5.7-linux-x86.jar;C:\Users\37756\.m2\repository\org\bytedeco\llvm\13.0.1-1.5.7\llvm-13.0.1-1.5.7-linux-x86_64.jar;C:\Users\37756\.m2\repository\org\bytedeco\llvm\1
Launcher Type: SUN_STANDARD

[Global flags]
     intx CICompilerCount                          = 4                                         {product} {ergonomic}
     uint ConcGCThreads                            = 2                                         {product} {ergonomic}
     uint G1ConcRefinementThreads                  = 8                                         {product} {ergonomic}
   size_t G1HeapRegionSize                         = 2097152                                   {product} {ergonomic}
    uintx GCDrainStackTargetSize                   = 64                                        {product} {ergonomic}
   size_t InitialHeapSize                          = 266338304                                 {product} {ergonomic}
   size_t MarkStackSize                            = 4194304                                   {product} {ergonomic}
   size_t MaxHeapSize                              = 4244635648                                {product} {ergonomic}
   size_t MaxNewSize                               = 2545942528                                {product} {ergonomic}
   size_t MinHeapDeltaBytes                        = 2097152                                   {product} {ergonomic}
   size_t MinHeapSize                              = 8388608                                   {product} {ergonomic}
    uintx NonNMethodCodeHeapSize                   = 5839372                                {pd product} {ergonomic}
    uintx NonProfiledCodeHeapSize                  = 122909434                              {pd product} {ergonomic}
    uintx ProfiledCodeHeapSize                     = 122909434                              {pd product} {ergonomic}
    uintx ReservedCodeCacheSize                    = 251658240                              {pd product} {ergonomic}
     bool SegmentedCodeCache                       = true                                      {product} {ergonomic}
   size_t SoftMaxHeapSize                          = 4244635648                             {manageable} {ergonomic}
     bool UseCompressedClassPointers               = true                                 {lp64_product} {ergonomic}
     bool UseCompressedOops                        = true                                 {lp64_product} {ergonomic}
     bool UseG1GC                                  = true                                      {product} {ergonomic}
     bool UseLargePagesIndividualAllocation        = false                                  {pd product} {ergonomic}

Logging:
Log output configuration:
 #0: stdout all=warning uptime,level,tags
 #1: stderr all=off uptime,level,tags

Environment Variables:
CLASSPATH=.;C:Program Files(x86)\scala\bin;C:Program Files(x86)\scala\lib\dt.jar;C:Program Files(x86)\scala\lib\tools.jar.;
PATH=C:\Program Files (x86)\VMware\VMware Workstation\bin\;C:\ProgramData\Anaconda3;C:\ProgramData\Anaconda3\Library\mingw-w64\bin;C:\ProgramData\Anaconda3\Library\usr\bin;C:\ProgramData\Anaconda3\Library\bin;C:\ProgramData\Anaconda3\Scripts;C:\Program Files\AdoptOpenJDK\jdk-15.0.2.7-hotspot\bin;C:\WINDOWS\system32;C:\WINDOWS;C:\WINDOWS\System32\Wbem;C:\WINDOWS\System32\WindowsPowerShell\v1.0\;C:\WINDOWS\System32\OpenSSH\;C:\Program Files\dotnet\;C:\Program Files\Microsoft SQL Server\130\Tools\Binn\;C:\Program Files\Microsoft SQL Server\Client SDK\ODBC\170\Tools\Binn\;C:\Program Files (x86)\Dev-Cpp\MinGW64\bin;C:\Program Files\Git\cmd;C:\Program Files\PuTTY\;C:\Program Files\Graphviz\bin;C:\Program Files (x86)\Tencent\微信web开发者工具\dll;C:\Program Files\nodejs\;C:\Web\mysql-8.0.28-winx64\bin;"C:Program Files(x86)\scala\bin;C:Program Files(x86)\scala\jre\bin;";C:\Program Files\NASM;C:\Users\37756\AppData\Local\Microsoft\WindowsApps;C:\Program Files\JetBrains\PyCharm Community Edition 2020.3.3\bin;C:\Users\37756\.dotnet\tools;C:\Users\37756\AppData\Local\Programs\Microsoft VS Code\bin;C:\Program Files\JetBrains\IntelliJ IDEA Community Edition 2020.3.2\bin;C:\texlive\2020\bin\win32;C:\Program Files\JetBrains\CLion 2021.2\bin;C:\Program Files\JetBrains\PyCharm 2021.1.3\bin;C:\Program Files\JetBrains\IntelliJ IDEA 2021.1.3\bin;C:\Users\37756\AppData\Roaming\npm;C:\Program Files\JetBrains\DataGrip 2021.3.4\bin;C:\Program Files\JetBrains\WebStorm 2022.1\bin;C:\Users\37756\AppData\Local\Coursier\data\bin;C:\Program Files\NASM;;C:\Program Files\JetBrains\IntelliJ IDEA 2022.3\bin;;C:\Program Files\JetBrains\CLion 2022.3.1\bin;;C:\Program Files\JetBrains\WebStorm 2022.3.1\bin;;C:\Program Files\JetBrains\IntelliJ IDEA Community Edition 2022.3.1\bin;
USERNAME=37756
OS=Windows_NT
PROCESSOR_IDENTIFIER=Intel64 Family 6 Model 142 Stepping 12, GenuineIntel



---------------  S Y S T E M  ---------------

OS:
 Windows 10 , 64 bit Build 19041 (10.0.19041.2364)
OS uptime: 0 days 19:08 hours

CPU: total 8 (initial active 8) (4 cores per cpu, 2 threads per core) family 6 model 142 stepping 12 microcode 0xf4, cmov, cx8, fxsr, mmx, sse, sse2, sse3, ssse3, sse4.1, sse4.2, popcnt, vzeroupper, avx, avx2, aes, clmul, erms, 3dnowpref, lzcnt, ht, tsc, tscinvbit, bmi1, bmi2, adx, fma, clflush, clflushopt

Memory: 4k page, system-wide physical 16190M (3104M free)
TotalPageFile size 22590M (AvailPageFile size 2921M)
current process WorkingSet (physical memory assigned to process): 95M, peak: 98M
current process commit charge ("private bytes"): 370M, peak: 373M

vm_info: OpenJDK 64-Bit Server VM (15.0.2+7) for windows-amd64 JRE (15.0.2+7), built on Jan 21 2021 05:54:57 by "" with MS VC++ 15.9 (VS2017)

END.
