#
# A fatal error has been detected by the Java Runtime Environment:
#
#  EXCEPTION_ACCESS_VIOLATION (0xc0000005) at pc=0x00007ffc60769805, pid=13608, tid=17320
#
# JRE version: OpenJDK Runtime Environment AdoptOpenJDK (15.0.2+7) (build 15.0.2+7)
# Java VM: OpenJDK 64-Bit Server VM AdoptOpenJDK (15.0.2+7, mixed mode, sharing, tiered, compressed oops, g1 gc, windows-amd64)
# Problematic frame:
# C  [jniLLVM.dll+0xea9805]
#
# No core dump will be written. Minidumps are not enabled by default on client versions of Windows
#
# If you would like to submit a bug report, please visit:
#   https://github.com/AdoptOpenJDK/openjdk-support/issues
# The crash happened outside the Java Virtual Machine in native code.
# See problematic frame for where to report the bug.
#

---------------  S U M M A R Y ------------

Command Line: -javaagent:C:\Program Files\JetBrains\IntelliJ IDEA 2022.3\lib\idea_rt.jar=12763:C:\Program Files\JetBrains\IntelliJ IDEA 2022.3\bin -Dfile.encoding=UTF-8 Main tests/llvm-ir-test1.sysy tests/llvm-ir-test1.out

Host: Intel(R) Core(TM) i7-8565U CPU @ 1.80GHz, 8 cores, 15G,  Windows 10 , 64 bit Build 19041 (10.0.19041.2364)
Time: Tue Dec 27 17:55:40 2022 中国标准时间 elapsed time: 1.661890 seconds (0d 0h 0m 1s)

---------------  T H R E A D  ---------------

Current thread (0x00000158350d61b0):  JavaThread "main" [_thread_in_native, id=17320, stack(0x0000003e58100000,0x0000003e58200000)]

Stack: [0x0000003e58100000,0x0000003e58200000],  sp=0x0000003e581fe150,  free space=1016k
Native frames: (J=compiled Java code, j=interpreted, Vv=VM code, C=native code)
C  [jniLLVM.dll+0xea9805]

Java frames: (J=compiled Java code, j=interpreted, Vv=VM code)
j  org.bytedeco.llvm.global.LLVM.LLVMBuildNeg(Lorg/bytedeco/llvm/LLVM/LLVMBuilderRef;Lorg/bytedeco/llvm/LLVM/LLVMValueRef;Ljava/lang/String;)Lorg/bytedeco/llvm/LLVM/LLVMValueRef;+0
j  LLVMIRVisitor.visitUnaryExp(LSysYParser$UnaryExpContext;)Lorg/bytedeco/llvm/LLVM/LLVMValueRef;+145
j  LLVMIRVisitor.visitUnaryExp(LSysYParser$UnaryExpContext;)Ljava/lang/Object;+2
j  SysYParser$UnaryExpContext.accept(Lorg/antlr/v4/runtime/tree/ParseTreeVisitor;)Ljava/lang/Object;+12
j  org.antlr.v4.runtime.tree.AbstractParseTreeVisitor.visit(Lorg/antlr/v4/runtime/tree/ParseTree;)Ljava/lang/Object;+2
j  LLVMIRVisitor.visit(Lorg/antlr/v4/runtime/tree/ParseTree;)Lorg/bytedeco/llvm/LLVM/LLVMValueRef;+2
j  LLVMIRVisitor.visitReturnStmt(LSysYParser$ReturnStmtContext;)Lorg/bytedeco/llvm/LLVM/LLVMValueRef;+5
j  LLVMIRVisitor.visitReturnStmt(LSysYParser$ReturnStmtContext;)Ljava/lang/Object;+2
j  SysYParser$ReturnStmtContext.accept(Lorg/antlr/v4/runtime/tree/ParseTreeVisitor;)Ljava/lang/Object;+12
j  org.antlr.v4.runtime.tree.AbstractParseTreeVisitor.visitChildren(Lorg/antlr/v4/runtime/tree/RuleNode;)Ljava/lang/Object;+46
j  LLVMIRVisitor.visitChildren(Lorg/antlr/v4/runtime/tree/RuleNode;)Lorg/bytedeco/llvm/LLVM/LLVMValueRef;+44
j  LLVMIRVisitor.visitChildren(Lorg/antlr/v4/runtime/tree/RuleNode;)Ljava/lang/Object;+2
j  SysYParserBaseVisitor.visitBlockItem(LSysYParser$BlockItemContext;)Ljava/lang/Object;+2
j  SysYParser$BlockItemContext.accept(Lorg/antlr/v4/runtime/tree/ParseTreeVisitor;)Ljava/lang/Object;+12
j  org.antlr.v4.runtime.tree.AbstractParseTreeVisitor.visitChildren(Lorg/antlr/v4/runtime/tree/RuleNode;)Ljava/lang/Object;+46
j  LLVMIRVisitor.visitChildren(Lorg/antlr/v4/runtime/tree/RuleNode;)Lorg/bytedeco/llvm/LLVM/LLVMValueRef;+44
j  LLVMIRVisitor.visitChildren(Lorg/antlr/v4/runtime/tree/RuleNode;)Ljava/lang/Object;+2
j  SysYParserBaseVisitor.visitBlock(LSysYParser$BlockContext;)Ljava/lang/Object;+2
j  SysYParser$BlockContext.accept(Lorg/antlr/v4/runtime/tree/ParseTreeVisitor;)Ljava/lang/Object;+12
j  org.antlr.v4.runtime.tree.AbstractParseTreeVisitor.visitChildren(Lorg/antlr/v4/runtime/tree/RuleNode;)Ljava/lang/Object;+46
j  LLVMIRVisitor.visitChildren(Lorg/antlr/v4/runtime/tree/RuleNode;)Lorg/bytedeco/llvm/LLVM/LLVMValueRef;+44
j  LLVMIRVisitor.visitChildren(Lorg/antlr/v4/runtime/tree/RuleNode;)Ljava/lang/Object;+2
j  SysYParserBaseVisitor.visitFuncDef(LSysYParser$FuncDefContext;)Ljava/lang/Object;+2
j  LLVMIRVisitor.visitFuncDef(LSysYParser$FuncDefContext;)Lorg/bytedeco/llvm/LLVM/LLVMValueRef;+85
j  LLVMIRVisitor.visitFuncDef(LSysYParser$FuncDefContext;)Ljava/lang/Object;+2
j  SysYParser$FuncDefContext.accept(Lorg/antlr/v4/runtime/tree/ParseTreeVisitor;)Ljava/lang/Object;+12
j  org.antlr.v4.runtime.tree.AbstractParseTreeVisitor.visitChildren(Lorg/antlr/v4/runtime/tree/RuleNode;)Ljava/lang/Object;+46
j  LLVMIRVisitor.visitChildren(Lorg/antlr/v4/runtime/tree/RuleNode;)Lorg/bytedeco/llvm/LLVM/LLVMValueRef;+44
j  LLVMIRVisitor.visitChildren(Lorg/antlr/v4/runtime/tree/RuleNode;)Ljava/lang/Object;+2
j  SysYParserBaseVisitor.visitCompUnit(LSysYParser$CompUnitContext;)Ljava/lang/Object;+2
j  SysYParser$CompUnitContext.accept(Lorg/antlr/v4/runtime/tree/ParseTreeVisitor;)Ljava/lang/Object;+12
j  org.antlr.v4.runtime.tree.AbstractParseTreeVisitor.visitChildren(Lorg/antlr/v4/runtime/tree/RuleNode;)Ljava/lang/Object;+46
j  LLVMIRVisitor.visitChildren(Lorg/antlr/v4/runtime/tree/RuleNode;)Lorg/bytedeco/llvm/LLVM/LLVMValueRef;+44
j  LLVMIRVisitor.visitChildren(Lorg/antlr/v4/runtime/tree/RuleNode;)Ljava/lang/Object;+2
j  SysYParserBaseVisitor.visitProgram(LSysYParser$ProgramContext;)Ljava/lang/Object;+2
j  LLVMIRVisitor.visitProgram(LSysYParser$ProgramContext;)Lorg/bytedeco/llvm/LLVM/LLVMValueRef;+2
j  LLVMIRVisitor.visitProgram(LSysYParser$ProgramContext;)Ljava/lang/Object;+2
j  SysYParser$ProgramContext.accept(Lorg/antlr/v4/runtime/tree/ParseTreeVisitor;)Ljava/lang/Object;+12
j  org.antlr.v4.runtime.tree.AbstractParseTreeVisitor.visit(Lorg/antlr/v4/runtime/tree/ParseTree;)Ljava/lang/Object;+2
j  LLVMIRVisitor.visit(Lorg/antlr/v4/runtime/tree/ParseTree;)Lorg/bytedeco/llvm/LLVM/LLVMValueRef;+2
j  Main.main([Ljava/lang/String;)V+54
v  ~StubRoutines::call_stub

siginfo: EXCEPTION_ACCESS_VIOLATION (0xc0000005), reading address 0x0000000000000010


Register to memory mapping:

RIP=0x00007ffc60769805 jniLLVM.dll
RAX=0x0 is NULL
RBX=0x0 is NULL
RCX=0x0 is NULL
RDX=0x0 is NULL
RSP=0x0000003e581fe150 is pointing into the stack for thread: 0x00000158350d61b0
RBP=0x0000015859d64450 points into unknown readable memory: 0x0000015859d64460 | 60 44 d6 59 58 01 00 00
RSI=0x0000015859d64450 points into unknown readable memory: 0x0000015859d64460 | 60 44 d6 59 58 01 00 00
RDI=0x00000158350d64d8 points into unknown readable memory: 0x00007ffc6e714fb0 | b0 4f 71 6e fc 7f 00 00
R8 =0x000001585a0a4670 points into unknown readable memory: 0x000064005f706d74 | 74 6d 70 5f 00 64 00 00
R9 =0x00007ffce8090000 VCRUNTIME140.dll
R10=0x00000007125a54d8 is pointing into object: [B 
{0x00000007125a54c8} - klass: {type array byte}
 - length: 4
R11=0x000001585a0a4670 points into unknown readable memory: 0x000064005f706d74 | 74 6d 70 5f 00 64 00 00
R12=0x0 is NULL
R13={method} {0x0000015858f11a90} 'LLVMBuildNeg' '(Lorg/bytedeco/llvm/LLVM/LLVMBuilderRef;Lorg/bytedeco/llvm/LLVM/LLVMValueRef;Ljava/lang/String;)Lorg/bytedeco/llvm/LLVM/LLVMValueRef;' in 'org/bytedeco/llvm/global/LLVM'
R14=0x0 is NULL
R15=0x000001585a0a4670 points into unknown readable memory: 0x000064005f706d74 | 74 6d 70 5f 00 64 00 00


Registers:
RAX=0x0000000000000000, RBX=0x0000000000000000, RCX=0x0000000000000000, RDX=0x0000000000000000
RSP=0x0000003e581fe150, RBP=0x0000015859d64450, RSI=0x0000015859d64450, RDI=0x00000158350d64d8
R8 =0x000001585a0a4670, R9 =0x00007ffce8090000, R10=0x00000007125a54d8, R11=0x000001585a0a4670
R12=0x0000000000000000, R13=0x0000015858f11a88, R14=0x0000000000000000, R15=0x000001585a0a4670
RIP=0x00007ffc60769805, EFLAGS=0x0000000000010246

Top of Stack: (sp=0x0000003e581fe150)
0x0000003e581fe150:   0000000000000010 00000000000003d8
0x0000003e581fe160:   00000158350d61b0 0000000000000000
0x0000003e581fe170:   00000158350d64d8 0000015859d64450
0x0000003e581fe180:   000001585a0a4670 0000000000000000
0x0000003e581fe190:   0000000000000000 00007ffc5f9818a1
0x0000003e581fe1a0:   00000158350d0103 0000000000000004
0x0000003e581fe1b0:   0000015858840870 000001585a0a4670
0x0000003e581fe1c0:   000001585a0a4670 0000000703126db0
0x0000003e581fe1d0:   0000000000000000 00007ffc5f991433
0x0000003e581fe1e0:   0000000000000000 0000000000000000
0x0000003e581fe1f0:   00000158350d64d8 0000015858f11a88
0x0000003e581fe200:   00000158350d61b0 0000003e581fe2d8
0x0000003e581fe210:   00000007125a5168 000001583d5ef177
0x0000003e581fe220:   0000015858f11a88 0000003e581fe2a8
0x0000003e581fe230:   0000000703126db0 0000000703126db0
0x0000003e581fe240:   0000003e581fe2c8 0000003e581fe328 

Instructions: (pc=0x00007ffc60769805)
0x00007ffc60769705:   48 8b ce 8b 13 e8 51 64 09 00 48 83 c3 10 48 3b
0x00007ffc60769715:   df 75 e9 48 8b c6 e9 84 00 00 00 48 89 4c 24 20
0x00007ffc60769725:   4c 8d 4c 24 58 b9 0f 00 00 00 66 c7 44 24 78 01
0x00007ffc60769735:   01 4d 8b c2 48 8b d0 e8 1f 64 06 00 49 8b 4e 50
0x00007ffc60769745:   4c 8d 44 24 30 4d 8b 4e 30 48 8b f8 49 8b 46 38
0x00007ffc60769755:   48 8b d7 48 89 44 24 20 4c 8b 11 41 ff 52 08 49
0x00007ffc60769765:   8b 1e 41 8b 76 08 48 c1 e6 04 48 03 f3 48 3b de
0x00007ffc60769775:   74 20 66 0f 1f 84 00 00 00 00 00 4c 8b 43 08 48
0x00007ffc60769785:   8b cf 8b 13 e8 d2 63 09 00 48 83 c3 10 48 3b de
0x00007ffc60769795:   75 e9 b2 01 48 8b cf e8 1f 1e 06 00 48 8b c7 48
0x00007ffc607697a5:   8b bc 24 a0 00 00 00 48 8b b4 24 98 00 00 00 48
0x00007ffc607697b5:   8b 9c 24 90 00 00 00 48 81 c4 80 00 00 00 41 5e
0x00007ffc607697c5:   c3 cc cc cc cc cc cc cc cc cc cc 40 56 48 81 ec
0x00007ffc607697d5:   80 00 00 00 41 80 38 00 48 8b c2 48 8b f1 c6 44
0x00007ffc607697e5:   24 51 01 74 0c 4c 89 44 24 30 c6 44 24 50 03 eb
0x00007ffc607697f5:   05 c6 44 24 50 01 33 c9 48 89 9c 24 90 00 00 00
0x00007ffc60769805:   80 7a 10 12 48 89 bc 24 98 00 00 00 48 0f 47 d1
0x00007ffc60769815:   48 85 d2 74 6f 48 8b 4e 48 45 33 c9 45 33 c0 48
0x00007ffc60769825:   8b 01 ff 90 a0 00 00 00 48 8b f8 80 78 10 1a 0f
0x00007ffc60769835:   82 bd 00 00 00 48 8b 4e 50 4c 8d 44 24 30 48 8b
0x00007ffc60769845:   46 38 48 8b d7 4c 8b 4e 30 48 89 44 24 20 4c 8b
0x00007ffc60769855:   11 41 ff 52 08 48 8b 1e 8b 76 08 48 c1 e6 04 48
0x00007ffc60769865:   03 f3 48 3b de 0f 84 87 00 00 00 4c 8b 43 08 48
0x00007ffc60769875:   8b cf 8b 13 e8 e2 62 09 00 48 83 c3 10 48 3b de
0x00007ffc60769885:   75 e9 eb 6e 45 33 c0 66 c7 44 24 78 01 01 48 8d
0x00007ffc60769895:   54 24 58 48 8b c8 e8 10 83 06 00 48 8b 4e 50 4c
0x00007ffc607698a5:   8d 44 24 30 4c 8b 4e 30 48 8b f8 48 8b 46 38 48
0x00007ffc607698b5:   8b d7 48 89 44 24 20 4c 8b 11 41 ff 52 08 48 8b
0x00007ffc607698c5:   1e 8b 76 08 48 c1 e6 04 48 03 f3 48 3b de 74 22
0x00007ffc607698d5:   66 66 66 0f 1f 84 00 00 00 00 00 4c 8b 43 08 48
0x00007ffc607698e5:   8b cf 8b 13 e8 72 62 09 00 48 83 c3 10 48 3b de
0x00007ffc607698f5:   75 e9 48 8b 9c 24 90 00 00 00 48 8b c7 48 8b bc 


Stack slot to memory mapping:
stack at sp + 0 slots: 0x0000000000000010 is an unknown value
stack at sp + 1 slots: 0x00000000000003d8 is an unknown value
stack at sp + 2 slots: 0x00000158350d61b0 is a thread
stack at sp + 3 slots: 0x0 is NULL
stack at sp + 4 slots: 0x00000158350d64d8 points into unknown readable memory: 0x00007ffc6e714fb0 | b0 4f 71 6e fc 7f 00 00
stack at sp + 5 slots: 0x0000015859d64450 points into unknown readable memory: 0x0000015859d64460 | 60 44 d6 59 58 01 00 00
stack at sp + 6 slots: 0x000001585a0a4670 points into unknown readable memory: 0x000064005f706d74 | 74 6d 70 5f 00 64 00 00
stack at sp + 7 slots: 0x0 is NULL


---------------  P R O C E S S  ---------------

Threads class SMR info:
_java_thread_list=0x0000015859cb1ef0, length=14, elements={
0x00000158350d61b0, 0x00000158589ee1d0, 0x00000158589ef540, 0x000001585926f090,
0x0000015859271e60, 0x0000015859273920, 0x0000015859274700, 0x0000015859279100,
0x000001585929b630, 0x00000158593b52e0, 0x00000158595615f0, 0x00000158596044c0,
0x0000015859de9560, 0x000001585a014100
}

Java Threads: ( => current thread )
=>0x00000158350d61b0 JavaThread "main" [_thread_in_native, id=17320, stack(0x0000003e58100000,0x0000003e58200000)]
  0x00000158589ee1d0 JavaThread "Reference Handler" daemon [_thread_blocked, id=8432, stack(0x0000003e58800000,0x0000003e58900000)]
  0x00000158589ef540 JavaThread "Finalizer" daemon [_thread_blocked, id=8080, stack(0x0000003e58900000,0x0000003e58a00000)]
  0x000001585926f090 JavaThread "Signal Dispatcher" daemon [_thread_blocked, id=15052, stack(0x0000003e58a00000,0x0000003e58b00000)]
  0x0000015859271e60 JavaThread "Attach Listener" daemon [_thread_blocked, id=5516, stack(0x0000003e58b00000,0x0000003e58c00000)]
  0x0000015859273920 JavaThread "Service Thread" daemon [_thread_blocked, id=8068, stack(0x0000003e58c00000,0x0000003e58d00000)]
  0x0000015859274700 JavaThread "C2 CompilerThread0" daemon [_thread_blocked, id=4156, stack(0x0000003e58d00000,0x0000003e58e00000)]
  0x0000015859279100 JavaThread "C1 CompilerThread0" daemon [_thread_blocked, id=9236, stack(0x0000003e58e00000,0x0000003e58f00000)]
  0x000001585929b630 JavaThread "Sweeper thread" daemon [_thread_blocked, id=19008, stack(0x0000003e58f00000,0x0000003e59000000)]
  0x00000158593b52e0 JavaThread "Common-Cleaner" daemon [_thread_blocked, id=7920, stack(0x0000003e59000000,0x0000003e59100000)]
  0x00000158595615f0 JavaThread "Monitor Ctrl-Break" daemon [_thread_in_native, id=13392, stack(0x0000003e59200000,0x0000003e59300000)]
  0x00000158596044c0 JavaThread "Notification Thread" daemon [_thread_blocked, id=7236, stack(0x0000003e59300000,0x0000003e59400000)]
  0x0000015859de9560 JavaThread "C2 CompilerThread1" daemon [_thread_blocked, id=10396, stack(0x0000003e59100000,0x0000003e59200000)]
  0x000001585a014100 JavaThread "JavaCPP Deallocator" daemon [_thread_blocked, id=3956, stack(0x0000003e59a00000,0x0000003e59b00000)]

Other Threads:
  0x00000158589ec1b0 VMThread "VM Thread" [stack: 0x0000003e58700000,0x0000003e58800000] [id=4932]
  0x00000158595625e0 WatcherThread [stack: 0x0000003e59400000,0x0000003e59500000] [id=10792]
  0x0000015835125190 GCTaskThread "GC Thread#0" [stack: 0x0000003e58200000,0x0000003e58300000] [id=7716]
  0x0000015859cdb6c0 GCTaskThread "GC Thread#1" [stack: 0x0000003e59500000,0x0000003e59600000] [id=3268]
  0x0000015859cdaa00 GCTaskThread "GC Thread#2" [stack: 0x0000003e59600000,0x0000003e59700000] [id=18056]
  0x0000015859cdad30 GCTaskThread "GC Thread#3" [stack: 0x0000003e59700000,0x0000003e59800000] [id=2480]
  0x0000015859cdc050 GCTaskThread "GC Thread#4" [stack: 0x0000003e59800000,0x0000003e59900000] [id=8204]
  0x0000015859cdd370 GCTaskThread "GC Thread#5" [stack: 0x0000003e59900000,0x0000003e59a00000] [id=12048]
  0x0000015835138080 ConcurrentGCThread "G1 Main Marker" [stack: 0x0000003e58300000,0x0000003e58400000] [id=7652]
  0x0000015835138c70 ConcurrentGCThread "G1 Conc#0" [stack: 0x0000003e58400000,0x0000003e58500000] [id=1652]
  0x00000158351aec50 ConcurrentGCThread "G1 Refine#0" [stack: 0x0000003e58500000,0x0000003e58600000] [id=18776]
  0x0000015858862960 ConcurrentGCThread "G1 Young RemSet Sampling" [stack: 0x0000003e58600000,0x0000003e58700000] [id=18004]

Threads with active compile tasks:

VM state: not at safepoint (normal execution)

VM Mutex/Monitor currently owned by a thread: None

Heap address: 0x0000000703000000, size: 4048 MB, Compressed Oops mode: Zero based, Oop shift amount: 3
CDS archive(s) mapped at: [0x0000000800000000-0x0000000800b50000-0x0000000800b50000), size 11862016, SharedBaseAddress: 0x0000000800000000, ArchiveRelocationMode: 0.
Compressed class space mapped at: 0x0000000800b50000-0x0000000840b50000, size: 1073741824
Narrow klass base: 0x0000000800000000, Narrow klass shift: 3, Narrow klass range: 0x100000000

GC Precious Log:
 CPUs: 8 total, 8 available
 Memory: 16190M
 Large Page Support: Disabled
 NUMA Support: Disabled
 Compressed Oops: Enabled (Zero based)
 Heap Region Size: 2M
 Heap Min Capacity: 8M
 Heap Initial Capacity: 254M
 Heap Max Capacity: 4048M
 Pre-touch: Disabled
 Parallel Workers: 8
 Concurrent Workers: 2
 Concurrent Refinement Workers: 8
 Periodic GC: Disabled

Heap:
 garbage-first heap   total 260096K, used 14816K [0x0000000703000000, 0x0000000800000000)
  region size 2048K, 7 young (14336K), 2 survivors (4096K)
 Metaspace       used 4314K, capacity 6525K, committed 6656K, reserved 1056768K
  class space    used 446K, capacity 659K, committed 768K, reserved 1048576K

Heap Regions: E=young(eden), S=young(survivor), O=old, HS=humongous(starts), HC=humongous(continues), CS=collection set, F=free, OA=open archive, CA=closed archive, TAMS=top-at-mark-start (previous, next)
|   0|0x0000000703000000, 0x0000000703200000, 0x0000000703200000|100%| O|  |TAMS 0x0000000703000000, 0x0000000703000000| Untracked 
|   1|0x0000000703200000, 0x0000000703278200, 0x0000000703400000| 23%| O|  |TAMS 0x0000000703200000, 0x0000000703200000| Untracked 
|   2|0x0000000703400000, 0x0000000703400000, 0x0000000703600000|  0%| F|  |TAMS 0x0000000703400000, 0x0000000703400000| Untracked 
|   3|0x0000000703600000, 0x0000000703600000, 0x0000000703800000|  0%| F|  |TAMS 0x0000000703600000, 0x0000000703600000| Untracked 
|   4|0x0000000703800000, 0x0000000703800000, 0x0000000703a00000|  0%| F|  |TAMS 0x0000000703800000, 0x0000000703800000| Untracked 
|   5|0x0000000703a00000, 0x0000000703a00000, 0x0000000703c00000|  0%| F|  |TAMS 0x0000000703a00000, 0x0000000703a00000| Untracked 
|   6|0x0000000703c00000, 0x0000000703c00000, 0x0000000703e00000|  0%| F|  |TAMS 0x0000000703c00000, 0x0000000703c00000| Untracked 
|   7|0x0000000703e00000, 0x0000000703e00000, 0x0000000704000000|  0%| F|  |TAMS 0x0000000703e00000, 0x0000000703e00000| Untracked 
|   8|0x0000000704000000, 0x0000000704000000, 0x0000000704200000|  0%| F|  |TAMS 0x0000000704000000, 0x0000000704000000| Untracked 
|   9|0x0000000704200000, 0x0000000704200000, 0x0000000704400000|  0%| F|  |TAMS 0x0000000704200000, 0x0000000704200000| Untracked 
|  10|0x0000000704400000, 0x0000000704400000, 0x0000000704600000|  0%| F|  |TAMS 0x0000000704400000, 0x0000000704400000| Untracked 
|  11|0x0000000704600000, 0x0000000704600000, 0x0000000704800000|  0%| F|  |TAMS 0x0000000704600000, 0x0000000704600000| Untracked 
|  12|0x0000000704800000, 0x0000000704800000, 0x0000000704a00000|  0%| F|  |TAMS 0x0000000704800000, 0x0000000704800000| Untracked 
|  13|0x0000000704a00000, 0x0000000704a00000, 0x0000000704c00000|  0%| F|  |TAMS 0x0000000704a00000, 0x0000000704a00000| Untracked 
|  14|0x0000000704c00000, 0x0000000704c00000, 0x0000000704e00000|  0%| F|  |TAMS 0x0000000704c00000, 0x0000000704c00000| Untracked 
|  15|0x0000000704e00000, 0x0000000704e00000, 0x0000000705000000|  0%| F|  |TAMS 0x0000000704e00000, 0x0000000704e00000| Untracked 
|  16|0x0000000705000000, 0x0000000705000000, 0x0000000705200000|  0%| F|  |TAMS 0x0000000705000000, 0x0000000705000000| Untracked 
|  17|0x0000000705200000, 0x0000000705200000, 0x0000000705400000|  0%| F|  |TAMS 0x0000000705200000, 0x0000000705200000| Untracked 
|  18|0x0000000705400000, 0x0000000705400000, 0x0000000705600000|  0%| F|  |TAMS 0x0000000705400000, 0x0000000705400000| Untracked 
|  19|0x0000000705600000, 0x0000000705600000, 0x0000000705800000|  0%| F|  |TAMS 0x0000000705600000, 0x0000000705600000| Untracked 
|  20|0x0000000705800000, 0x0000000705800000, 0x0000000705a00000|  0%| F|  |TAMS 0x0000000705800000, 0x0000000705800000| Untracked 
|  21|0x0000000705a00000, 0x0000000705a00000, 0x0000000705c00000|  0%| F|  |TAMS 0x0000000705a00000, 0x0000000705a00000| Untracked 
|  22|0x0000000705c00000, 0x0000000705c00000, 0x0000000705e00000|  0%| F|  |TAMS 0x0000000705c00000, 0x0000000705c00000| Untracked 
|  23|0x0000000705e00000, 0x0000000705e00000, 0x0000000706000000|  0%| F|  |TAMS 0x0000000705e00000, 0x0000000705e00000| Untracked 
|  24|0x0000000706000000, 0x0000000706000000, 0x0000000706200000|  0%| F|  |TAMS 0x0000000706000000, 0x0000000706000000| Untracked 
|  25|0x0000000706200000, 0x0000000706200000, 0x0000000706400000|  0%| F|  |TAMS 0x0000000706200000, 0x0000000706200000| Untracked 
|  26|0x0000000706400000, 0x0000000706400000, 0x0000000706600000|  0%| F|  |TAMS 0x0000000706400000, 0x0000000706400000| Untracked 
|  27|0x0000000706600000, 0x0000000706600000, 0x0000000706800000|  0%| F|  |TAMS 0x0000000706600000, 0x0000000706600000| Untracked 
|  28|0x0000000706800000, 0x0000000706800000, 0x0000000706a00000|  0%| F|  |TAMS 0x0000000706800000, 0x0000000706800000| Untracked 
|  29|0x0000000706a00000, 0x0000000706a00000, 0x0000000706c00000|  0%| F|  |TAMS 0x0000000706a00000, 0x0000000706a00000| Untracked 
|  30|0x0000000706c00000, 0x0000000706c00000, 0x0000000706e00000|  0%| F|  |TAMS 0x0000000706c00000, 0x0000000706c00000| Untracked 
|  31|0x0000000706e00000, 0x0000000706e00000, 0x0000000707000000|  0%| F|  |TAMS 0x0000000706e00000, 0x0000000706e00000| Untracked 
|  32|0x0000000707000000, 0x0000000707000000, 0x0000000707200000|  0%| F|  |TAMS 0x0000000707000000, 0x0000000707000000| Untracked 
|  33|0x0000000707200000, 0x0000000707200000, 0x0000000707400000|  0%| F|  |TAMS 0x0000000707200000, 0x0000000707200000| Untracked 
|  34|0x0000000707400000, 0x0000000707400000, 0x0000000707600000|  0%| F|  |TAMS 0x0000000707400000, 0x0000000707400000| Untracked 
|  35|0x0000000707600000, 0x0000000707600000, 0x0000000707800000|  0%| F|  |TAMS 0x0000000707600000, 0x0000000707600000| Untracked 
|  36|0x0000000707800000, 0x0000000707800000, 0x0000000707a00000|  0%| F|  |TAMS 0x0000000707800000, 0x0000000707800000| Untracked 
|  37|0x0000000707a00000, 0x0000000707a00000, 0x0000000707c00000|  0%| F|  |TAMS 0x0000000707a00000, 0x0000000707a00000| Untracked 
|  38|0x0000000707c00000, 0x0000000707c00000, 0x0000000707e00000|  0%| F|  |TAMS 0x0000000707c00000, 0x0000000707c00000| Untracked 
|  39|0x0000000707e00000, 0x0000000707e00000, 0x0000000708000000|  0%| F|  |TAMS 0x0000000707e00000, 0x0000000707e00000| Untracked 
|  40|0x0000000708000000, 0x0000000708000000, 0x0000000708200000|  0%| F|  |TAMS 0x0000000708000000, 0x0000000708000000| Untracked 
|  41|0x0000000708200000, 0x0000000708200000, 0x0000000708400000|  0%| F|  |TAMS 0x0000000708200000, 0x0000000708200000| Untracked 
|  42|0x0000000708400000, 0x0000000708400000, 0x0000000708600000|  0%| F|  |TAMS 0x0000000708400000, 0x0000000708400000| Untracked 
|  43|0x0000000708600000, 0x0000000708600000, 0x0000000708800000|  0%| F|  |TAMS 0x0000000708600000, 0x0000000708600000| Untracked 
|  44|0x0000000708800000, 0x0000000708800000, 0x0000000708a00000|  0%| F|  |TAMS 0x0000000708800000, 0x0000000708800000| Untracked 
|  45|0x0000000708a00000, 0x0000000708a00000, 0x0000000708c00000|  0%| F|  |TAMS 0x0000000708a00000, 0x0000000708a00000| Untracked 
|  46|0x0000000708c00000, 0x0000000708c00000, 0x0000000708e00000|  0%| F|  |TAMS 0x0000000708c00000, 0x0000000708c00000| Untracked 
|  47|0x0000000708e00000, 0x0000000708e00000, 0x0000000709000000|  0%| F|  |TAMS 0x0000000708e00000, 0x0000000708e00000| Untracked 
|  48|0x0000000709000000, 0x0000000709000000, 0x0000000709200000|  0%| F|  |TAMS 0x0000000709000000, 0x0000000709000000| Untracked 
|  49|0x0000000709200000, 0x0000000709200000, 0x0000000709400000|  0%| F|  |TAMS 0x0000000709200000, 0x0000000709200000| Untracked 
|  50|0x0000000709400000, 0x0000000709400000, 0x0000000709600000|  0%| F|  |TAMS 0x0000000709400000, 0x0000000709400000| Untracked 
|  51|0x0000000709600000, 0x0000000709600000, 0x0000000709800000|  0%| F|  |TAMS 0x0000000709600000, 0x0000000709600000| Untracked 
|  52|0x0000000709800000, 0x0000000709800000, 0x0000000709a00000|  0%| F|  |TAMS 0x0000000709800000, 0x0000000709800000| Untracked 
|  53|0x0000000709a00000, 0x0000000709a00000, 0x0000000709c00000|  0%| F|  |TAMS 0x0000000709a00000, 0x0000000709a00000| Untracked 
|  54|0x0000000709c00000, 0x0000000709c00000, 0x0000000709e00000|  0%| F|  |TAMS 0x0000000709c00000, 0x0000000709c00000| Untracked 
|  55|0x0000000709e00000, 0x0000000709e00000, 0x000000070a000000|  0%| F|  |TAMS 0x0000000709e00000, 0x0000000709e00000| Untracked 
|  56|0x000000070a000000, 0x000000070a000000, 0x000000070a200000|  0%| F|  |TAMS 0x000000070a000000, 0x000000070a000000| Untracked 
|  57|0x000000070a200000, 0x000000070a200000, 0x000000070a400000|  0%| F|  |TAMS 0x000000070a200000, 0x000000070a200000| Untracked 
|  58|0x000000070a400000, 0x000000070a400000, 0x000000070a600000|  0%| F|  |TAMS 0x000000070a400000, 0x000000070a400000| Untracked 
|  59|0x000000070a600000, 0x000000070a600000, 0x000000070a800000|  0%| F|  |TAMS 0x000000070a600000, 0x000000070a600000| Untracked 
|  60|0x000000070a800000, 0x000000070a800000, 0x000000070aa00000|  0%| F|  |TAMS 0x000000070a800000, 0x000000070a800000| Untracked 
|  61|0x000000070aa00000, 0x000000070aa00000, 0x000000070ac00000|  0%| F|  |TAMS 0x000000070aa00000, 0x000000070aa00000| Untracked 
|  62|0x000000070ac00000, 0x000000070ac00000, 0x000000070ae00000|  0%| F|  |TAMS 0x000000070ac00000, 0x000000070ac00000| Untracked 
|  63|0x000000070ae00000, 0x000000070ae00000, 0x000000070b000000|  0%| F|  |TAMS 0x000000070ae00000, 0x000000070ae00000| Untracked 
|  64|0x000000070b000000, 0x000000070b000000, 0x000000070b200000|  0%| F|  |TAMS 0x000000070b000000, 0x000000070b000000| Untracked 
|  65|0x000000070b200000, 0x000000070b200000, 0x000000070b400000|  0%| F|  |TAMS 0x000000070b200000, 0x000000070b200000| Untracked 
|  66|0x000000070b400000, 0x000000070b400000, 0x000000070b600000|  0%| F|  |TAMS 0x000000070b400000, 0x000000070b400000| Untracked 
|  67|0x000000070b600000, 0x000000070b600000, 0x000000070b800000|  0%| F|  |TAMS 0x000000070b600000, 0x000000070b600000| Untracked 
|  68|0x000000070b800000, 0x000000070b800000, 0x000000070ba00000|  0%| F|  |TAMS 0x000000070b800000, 0x000000070b800000| Untracked 
|  69|0x000000070ba00000, 0x000000070ba00000, 0x000000070bc00000|  0%| F|  |TAMS 0x000000070ba00000, 0x000000070ba00000| Untracked 
|  70|0x000000070bc00000, 0x000000070bc00000, 0x000000070be00000|  0%| F|  |TAMS 0x000000070bc00000, 0x000000070bc00000| Untracked 
|  71|0x000000070be00000, 0x000000070be00000, 0x000000070c000000|  0%| F|  |TAMS 0x000000070be00000, 0x000000070be00000| Untracked 
|  72|0x000000070c000000, 0x000000070c000000, 0x000000070c200000|  0%| F|  |TAMS 0x000000070c000000, 0x000000070c000000| Untracked 
|  73|0x000000070c200000, 0x000000070c200000, 0x000000070c400000|  0%| F|  |TAMS 0x000000070c200000, 0x000000070c200000| Untracked 
|  74|0x000000070c400000, 0x000000070c400000, 0x000000070c600000|  0%| F|  |TAMS 0x000000070c400000, 0x000000070c400000| Untracked 
|  75|0x000000070c600000, 0x000000070c600000, 0x000000070c800000|  0%| F|  |TAMS 0x000000070c600000, 0x000000070c600000| Untracked 
|  76|0x000000070c800000, 0x000000070c800000, 0x000000070ca00000|  0%| F|  |TAMS 0x000000070c800000, 0x000000070c800000| Untracked 
|  77|0x000000070ca00000, 0x000000070ca00000, 0x000000070cc00000|  0%| F|  |TAMS 0x000000070ca00000, 0x000000070ca00000| Untracked 
|  78|0x000000070cc00000, 0x000000070cc00000, 0x000000070ce00000|  0%| F|  |TAMS 0x000000070cc00000, 0x000000070cc00000| Untracked 
|  79|0x000000070ce00000, 0x000000070ce00000, 0x000000070d000000|  0%| F|  |TAMS 0x000000070ce00000, 0x000000070ce00000| Untracked 
|  80|0x000000070d000000, 0x000000070d000000, 0x000000070d200000|  0%| F|  |TAMS 0x000000070d000000, 0x000000070d000000| Untracked 
|  81|0x000000070d200000, 0x000000070d200000, 0x000000070d400000|  0%| F|  |TAMS 0x000000070d200000, 0x000000070d200000| Untracked 
|  82|0x000000070d400000, 0x000000070d400000, 0x000000070d600000|  0%| F|  |TAMS 0x000000070d400000, 0x000000070d400000| Untracked 
|  83|0x000000070d600000, 0x000000070d600000, 0x000000070d800000|  0%| F|  |TAMS 0x000000070d600000, 0x000000070d600000| Untracked 
|  84|0x000000070d800000, 0x000000070d800000, 0x000000070da00000|  0%| F|  |TAMS 0x000000070d800000, 0x000000070d800000| Untracked 
|  85|0x000000070da00000, 0x000000070da00000, 0x000000070dc00000|  0%| F|  |TAMS 0x000000070da00000, 0x000000070da00000| Untracked 
|  86|0x000000070dc00000, 0x000000070dc00000, 0x000000070de00000|  0%| F|  |TAMS 0x000000070dc00000, 0x000000070dc00000| Untracked 
|  87|0x000000070de00000, 0x000000070de00000, 0x000000070e000000|  0%| F|  |TAMS 0x000000070de00000, 0x000000070de00000| Untracked 
|  88|0x000000070e000000, 0x000000070e000000, 0x000000070e200000|  0%| F|  |TAMS 0x000000070e000000, 0x000000070e000000| Untracked 
|  89|0x000000070e200000, 0x000000070e200000, 0x000000070e400000|  0%| F|  |TAMS 0x000000070e200000, 0x000000070e200000| Untracked 
|  90|0x000000070e400000, 0x000000070e400000, 0x000000070e600000|  0%| F|  |TAMS 0x000000070e400000, 0x000000070e400000| Untracked 
|  91|0x000000070e600000, 0x000000070e600000, 0x000000070e800000|  0%| F|  |TAMS 0x000000070e600000, 0x000000070e600000| Untracked 
|  92|0x000000070e800000, 0x000000070e800000, 0x000000070ea00000|  0%| F|  |TAMS 0x000000070e800000, 0x000000070e800000| Untracked 
|  93|0x000000070ea00000, 0x000000070ea00000, 0x000000070ec00000|  0%| F|  |TAMS 0x000000070ea00000, 0x000000070ea00000| Untracked 
|  94|0x000000070ec00000, 0x000000070ec00000, 0x000000070ee00000|  0%| F|  |TAMS 0x000000070ec00000, 0x000000070ec00000| Untracked 
|  95|0x000000070ee00000, 0x000000070ee00000, 0x000000070f000000|  0%| F|  |TAMS 0x000000070ee00000, 0x000000070ee00000| Untracked 
|  96|0x000000070f000000, 0x000000070f000000, 0x000000070f200000|  0%| F|  |TAMS 0x000000070f000000, 0x000000070f000000| Untracked 
|  97|0x000000070f200000, 0x000000070f200000, 0x000000070f400000|  0%| F|  |TAMS 0x000000070f200000, 0x000000070f200000| Untracked 
|  98|0x000000070f400000, 0x000000070f400000, 0x000000070f600000|  0%| F|  |TAMS 0x000000070f400000, 0x000000070f400000| Untracked 
|  99|0x000000070f600000, 0x000000070f600000, 0x000000070f800000|  0%| F|  |TAMS 0x000000070f600000, 0x000000070f600000| Untracked 
| 100|0x000000070f800000, 0x000000070f800000, 0x000000070fa00000|  0%| F|  |TAMS 0x000000070f800000, 0x000000070f800000| Untracked 
| 101|0x000000070fa00000, 0x000000070fa00000, 0x000000070fc00000|  0%| F|  |TAMS 0x000000070fa00000, 0x000000070fa00000| Untracked 
| 102|0x000000070fc00000, 0x000000070fc00000, 0x000000070fe00000|  0%| F|  |TAMS 0x000000070fc00000, 0x000000070fc00000| Untracked 
| 103|0x000000070fe00000, 0x000000070fe00000, 0x0000000710000000|  0%| F|  |TAMS 0x000000070fe00000, 0x000000070fe00000| Untracked 
| 104|0x0000000710000000, 0x0000000710000000, 0x0000000710200000|  0%| F|  |TAMS 0x0000000710000000, 0x0000000710000000| Untracked 
| 105|0x0000000710200000, 0x0000000710200000, 0x0000000710400000|  0%| F|  |TAMS 0x0000000710200000, 0x0000000710200000| Untracked 
| 106|0x0000000710400000, 0x0000000710400000, 0x0000000710600000|  0%| F|  |TAMS 0x0000000710400000, 0x0000000710400000| Untracked 
| 107|0x0000000710600000, 0x0000000710600000, 0x0000000710800000|  0%| F|  |TAMS 0x0000000710600000, 0x0000000710600000| Untracked 
| 108|0x0000000710800000, 0x0000000710800000, 0x0000000710a00000|  0%| F|  |TAMS 0x0000000710800000, 0x0000000710800000| Untracked 
| 109|0x0000000710a00000, 0x0000000710a00000, 0x0000000710c00000|  0%| F|  |TAMS 0x0000000710a00000, 0x0000000710a00000| Untracked 
| 110|0x0000000710c00000, 0x0000000710c00000, 0x0000000710e00000|  0%| F|  |TAMS 0x0000000710c00000, 0x0000000710c00000| Untracked 
| 111|0x0000000710e00000, 0x0000000710e00000, 0x0000000711000000|  0%| F|  |TAMS 0x0000000710e00000, 0x0000000710e00000| Untracked 
| 112|0x0000000711000000, 0x0000000711000000, 0x0000000711200000|  0%| F|  |TAMS 0x0000000711000000, 0x0000000711000000| Untracked 
| 113|0x0000000711200000, 0x0000000711200000, 0x0000000711400000|  0%| F|  |TAMS 0x0000000711200000, 0x0000000711200000| Untracked 
| 114|0x0000000711400000, 0x0000000711600000, 0x0000000711600000|100%| S|CS|TAMS 0x0000000711400000, 0x0000000711400000| Complete 
| 115|0x0000000711600000, 0x0000000711800000, 0x0000000711800000|100%| S|CS|TAMS 0x0000000711600000, 0x0000000711600000| Complete 
| 116|0x0000000711800000, 0x0000000711800000, 0x0000000711a00000|  0%| F|  |TAMS 0x0000000711800000, 0x0000000711800000| Untracked 
| 117|0x0000000711a00000, 0x0000000711a00000, 0x0000000711c00000|  0%| F|  |TAMS 0x0000000711a00000, 0x0000000711a00000| Untracked 
| 118|0x0000000711c00000, 0x0000000711c00000, 0x0000000711e00000|  0%| F|  |TAMS 0x0000000711c00000, 0x0000000711c00000| Untracked 
| 119|0x0000000711e00000, 0x0000000711e00000, 0x0000000712000000|  0%| F|  |TAMS 0x0000000711e00000, 0x0000000711e00000| Untracked 
| 120|0x0000000712000000, 0x0000000712000000, 0x0000000712200000|  0%| F|  |TAMS 0x0000000712000000, 0x0000000712000000| Untracked 
| 121|0x0000000712200000, 0x0000000712200000, 0x0000000712400000|  0%| F|  |TAMS 0x0000000712200000, 0x0000000712200000| Untracked 
| 122|0x0000000712400000, 0x00000007125d7d60, 0x0000000712600000| 92%| E|  |TAMS 0x0000000712400000, 0x0000000712400000| Complete 
| 123|0x0000000712600000, 0x0000000712800000, 0x0000000712800000|100%| E|CS|TAMS 0x0000000712600000, 0x0000000712600000| Complete 
| 124|0x0000000712800000, 0x0000000712a00000, 0x0000000712a00000|100%| E|CS|TAMS 0x0000000712800000, 0x0000000712800000| Complete 
| 125|0x0000000712a00000, 0x0000000712c00000, 0x0000000712c00000|100%| E|CS|TAMS 0x0000000712a00000, 0x0000000712a00000| Complete 
| 126|0x0000000712c00000, 0x0000000712e00000, 0x0000000712e00000|100%| E|CS|TAMS 0x0000000712c00000, 0x0000000712c00000| Complete 

Card table byte_map: [0x000001584d100000,0x000001584d8f0000] _byte_map_base: 0x00000158498e8000

Marking Bits (Prev, Next): (CMBitMap*) 0x0000015835126a10, (CMBitMap*) 0x0000015835126a50
 Prev Bits: [0x000001584e0e0000, 0x0000015852020000)
 Next Bits: [0x0000015852020000, 0x0000015855f60000)

Polling page: 0x00000158330b0000

Metaspace:

Usage:
  Non-class:      5.73 MB capacity,     3.78 MB ( 66%) used,     1.95 MB ( 34%) free+waste,     3.25 KB ( <1%) overhead. 
      Class:    659.00 KB capacity,   446.63 KB ( 68%) used,   210.93 KB ( 32%) free+waste,     1.44 KB ( <1%) overhead. 
       Both:      6.37 MB capacity,     4.21 MB ( 66%) used,     2.15 MB ( 34%) free+waste,     4.69 KB ( <1%) overhead. 

Virtual space:
  Non-class space:        8.00 MB reserved,       5.75 MB ( 72%) committed 
      Class space:        1.00 GB reserved,     768.00 KB ( <1%) committed 
             Both:        1.01 GB reserved,       6.50 MB ( <1%) committed 

Chunk freelists:
   Non-Class:  22.00 KB
       Class:  13.00 KB
        Both:  35.00 KB

MaxMetaspaceSize: 17179869184.00 GB
CompressedClassSpaceSize: 1.00 GB

CodeHeap 'non-profiled nmethods': size=120000Kb used=450Kb max_used=450Kb free=119550Kb
 bounds [0x00000158450b0000, 0x0000015845320000, 0x000001584c5e0000]
CodeHeap 'profiled nmethods': size=120000Kb used=2010Kb max_used=2010Kb free=117989Kb
 bounds [0x000001583db80000, 0x000001583ddf0000, 0x00000158450b0000]
CodeHeap 'non-nmethods': size=5760Kb used=1179Kb max_used=1229Kb free=4580Kb
 bounds [0x000001583d5e0000, 0x000001583d850000, 0x000001583db80000]
 total_blobs=1446 nmethods=1007 adapters=352
 compilation: enabled
              stopped_count=0, restarted_count=0
 full_count=0

Compilation events (20 events):
Event: 1.595 Thread 0x0000015859de9560 nmethod 945 0x000001584511ae90 code [0x000001584511b060, 0x000001584511beb8]
Event: 1.595 Thread 0x0000015859de9560  996       4       java.net.URI$Parser::scan (76 bytes)
Event: 1.598 Thread 0x0000015859274700 nmethod 993% 0x000001584511c890 code [0x000001584511ca40, 0x000001584511d2c8]
Event: 1.598 Thread 0x0000015859274700 1001 %     4       java.net.URI$Parser::scan @ 3 (41 bytes)
Event: 1.602 Thread 0x0000015859de9560 nmethod 996 0x000001584511d610 code [0x000001584511d7c0, 0x000001584511dae8]
Event: 1.602 Thread 0x0000015859de9560  995       4       java.io.File::<init> (47 bytes)
Event: 1.611 Thread 0x0000015859274700 nmethod 1001% 0x000001584511de90 code [0x000001584511e040, 0x000001584511e528]
Event: 1.611 Thread 0x0000015859274700 1002       4       java.io.WinNTFileSystem::normalize (143 bytes)
Event: 1.630 Thread 0x0000015859279100 1003       3       java.io.File::<init> (196 bytes)
Event: 1.630 Thread 0x0000015859274700 nmethod 1002 0x000001584511e910 code [0x000001584511eac0, 0x000001584511f188]
Event: 1.631 Thread 0x0000015859279100 nmethod 1003 0x000001583dd74010 code [0x000001583dd74300, 0x000001583dd75208]
Event: 1.631 Thread 0x0000015859279100 1006       3       java.net.URI::<init> (23 bytes)
Event: 1.632 Thread 0x0000015859279100 nmethod 1006 0x000001583dd75690 code [0x000001583dd75860, 0x000001583dd75c48]
Event: 1.632 Thread 0x0000015859279100 1005       3       java.lang.RuntimeException::<init> (6 bytes)
Event: 1.632 Thread 0x0000015859279100 nmethod 1005 0x000001583dd75d90 code [0x000001583dd75f40, 0x000001583dd760c8]
Event: 1.632 Thread 0x0000015859279100 1004       3       java.lang.IllegalArgumentException::<init> (6 bytes)
Event: 1.632 Thread 0x0000015859279100 nmethod 1004 0x000001583dd76190 code [0x000001583dd76340, 0x000001583dd76528]
Event: 1.633 Thread 0x0000015859279100 1007       3       java.util.ArrayDeque::pop (5 bytes)
Event: 1.633 Thread 0x0000015859279100 nmethod 1007 0x000001583dd76610 code [0x000001583dd767e0, 0x000001583dd76a38]
Event: 1.636 Thread 0x0000015859de9560 nmethod 995 0x000001584511f410 code [0x000001584511f5e0, 0x00000158451201a8]

GC Heap History (2 events):
Event: 1.199 GC heap before
{Heap before GC invocations=0 (full 0):
 garbage-first heap   total 260096K, used 22528K [0x0000000703000000, 0x0000000800000000)
  region size 2048K, 11 young (22528K), 0 survivors (0K)
 Metaspace       used 3728K, capacity 6109K, committed 6272K, reserved 1056768K
  class space    used 348K, capacity 563K, committed 640K, reserved 1048576K
}
Event: 1.214 GC heap after
{Heap after GC invocations=1 (full 0):
 garbage-first heap   total 260096K, used 6624K [0x0000000703000000, 0x0000000800000000)
  region size 2048K, 2 young (4096K), 2 survivors (4096K)
 Metaspace       used 3728K, capacity 6109K, committed 6272K, reserved 1056768K
  class space    used 348K, capacity 563K, committed 640K, reserved 1048576K
}

Deoptimization events (20 events):
Event: 1.465 Thread 0x00000158350d61b0 Uncommon trap: trap_request=0xffffff45 fr.pc=0x00000158450e39a4 relative=0x0000000000000384
Event: 1.465 Thread 0x00000158350d61b0 Uncommon trap: reason=unstable_if action=reinterpret pc=0x00000158450e39a4 method=java.lang.AbstractStringBuilder.isLatin1()Z @ 10 c2
Event: 1.465 Thread 0x00000158350d61b0 DEOPT PACKING pc=0x00000158450e39a4 sp=0x0000003e581fe430
Event: 1.465 Thread 0x00000158350d61b0 DEOPT UNPACKING pc=0x000001583d62e42f sp=0x0000003e581fe3b0 mode 2
Event: 1.588 Thread 0x00000158350d61b0 DEOPT PACKING pc=0x000001583dcaaa6a sp=0x0000003e581fdb60
Event: 1.588 Thread 0x00000158350d61b0 DEOPT UNPACKING pc=0x000001583d62e23f sp=0x0000003e581fd058 mode 0
Event: 1.603 Thread 0x00000158350d61b0 DEOPT PACKING pc=0x000001583dd53e58 sp=0x0000003e581fdee0
Event: 1.603 Thread 0x00000158350d61b0 DEOPT UNPACKING pc=0x000001583d62e23f sp=0x0000003e581fd3e8 mode 0
Event: 1.604 Thread 0x00000158350d61b0 DEOPT PACKING pc=0x000001583dd53e58 sp=0x0000003e581fdee0
Event: 1.604 Thread 0x00000158350d61b0 DEOPT UNPACKING pc=0x000001583d62e23f sp=0x0000003e581fd3e8 mode 0
Event: 1.605 Thread 0x00000158350d61b0 DEOPT PACKING pc=0x000001583dd53e58 sp=0x0000003e581fdee0
Event: 1.605 Thread 0x00000158350d61b0 DEOPT UNPACKING pc=0x000001583d62e23f sp=0x0000003e581fd3e8 mode 0
Event: 1.607 Thread 0x00000158350d61b0 DEOPT PACKING pc=0x000001583dd53e58 sp=0x0000003e581fdee0
Event: 1.607 Thread 0x00000158350d61b0 DEOPT UNPACKING pc=0x000001583d62e23f sp=0x0000003e581fd3e8 mode 0
Event: 1.616 Thread 0x00000158350d61b0 DEOPT PACKING pc=0x000001583dd53e58 sp=0x0000003e581fdee0
Event: 1.617 Thread 0x00000158350d61b0 DEOPT UNPACKING pc=0x000001583d62e23f sp=0x0000003e581fd3e8 mode 0
Event: 1.629 Thread 0x00000158350d61b0 DEOPT PACKING pc=0x000001583dd53e58 sp=0x0000003e581fdee0
Event: 1.629 Thread 0x00000158350d61b0 DEOPT UNPACKING pc=0x000001583d62e23f sp=0x0000003e581fd3e8 mode 0
Event: 1.630 Thread 0x00000158350d61b0 DEOPT PACKING pc=0x000001583dd53e58 sp=0x0000003e581fdee0
Event: 1.630 Thread 0x00000158350d61b0 DEOPT UNPACKING pc=0x000001583d62e23f sp=0x0000003e581fd3e8 mode 0

Classes unloaded (0 events):
No events

Classes redefined (0 events):
No events

Internal exceptions (8 events):
Event: 0.357 Thread 0x00000158595615f0 Exception <a 'java/lang/NoSuchMethodError'{0x000000071276d638}: 'java.lang.Object java.lang.invoke.DirectMethodHandle$Holder.invokeStatic(java.lang.Object)'> (0x000000071276d638) 
thrown [./src/hotspot/share/interpreter/linkResolver.cpp, line 782]
Event: 0.358 Thread 0x00000158595615f0 Exception <a 'java/lang/NoSuchMethodError'{0x0000000712770f48}: 'java.lang.Object java.lang.invoke.DirectMethodHandle$Holder.invokeStaticInit(java.lang.Object)'> (0x0000000712770f48) 
thrown [./src/hotspot/share/interpreter/linkResolver.cpp, line 782]
Event: 0.369 Thread 0x00000158595615f0 Exception <a 'java/lang/NoSuchMethodError'{0x000000071277e428}: 'void java.lang.invoke.DirectMethodHandle$Holder.invokeStatic(java.lang.Object, java.lang.Object)'> (0x000000071277e428) 
thrown [./src/hotspot/share/interpreter/linkResolver.cpp, line 782]
Event: 0.667 Thread 0x00000158350d61b0 Exception <a 'java/lang/NoSuchMethodError'{0x00000007120483c8}: 'int java.lang.invoke.DirectMethodHandle$Holder.invokeStaticInit(java.lang.Object, java.lang.Object, java.lang.Object, java.lang.Object)'> (0x00000007120483c8) 
thrown [./src/hotspot/share/interpreter/linkResolver.cpp, line 782]
Event: 0.670 Thread 0x00000158350d61b0 Exception <a 'java/lang/NoSuchMethodError'{0x0000000712053008}: 'java.lang.Object java.lang.invoke.DirectMethodHandle$Holder.invokeInterface(java.lang.Object, java.lang.Object)'> (0x0000000712053008) 
thrown [./src/hotspot/share/interpreter/linkResolver.cpp, line 782]
Event: 0.671 Thread 0x00000158350d61b0 Exception <a 'java/lang/IncompatibleClassChangeError'{0x0000000712056758}: Found class java.lang.Object, but interface was expected> (0x0000000712056758) 
thrown [./src/hotspot/share/interpreter/linkResolver.cpp, line 848]
Event: 0.672 Thread 0x00000158350d61b0 Exception <a 'java/lang/NoSuchMethodError'{0x00000007120599a0}: 'void java.lang.invoke.DirectMethodHandle$Holder.invokeStaticInit(java.lang.Object, java.lang.Object)'> (0x00000007120599a0) 
thrown [./src/hotspot/share/interpreter/linkResolver.cpp, line 782]
Event: 0.673 Thread 0x00000158350d61b0 Exception <a 'java/lang/NoSuchMethodError'{0x000000071205fcf8}: 'int java.lang.invoke.DirectMethodHandle$Holder.invokeStaticInit(java.lang.Object, java.lang.Object)'> (0x000000071205fcf8) 
thrown [./src/hotspot/share/interpreter/linkResolver.cpp, line 782]

Events (20 events):
Event: 1.336 Loaded shared library C:\Users\37756\.javacpp\cache\javacpp-1.5.7-windows-x86_64.jar\org\bytedeco\javacpp\windows-x86_64\msvcp140_1.dll
Event: 1.345 Loaded shared library C:\Users\37756\.javacpp\cache\javacpp-1.5.7-windows-x86_64.jar\org\bytedeco\javacpp\windows-x86_64\concrt140.dll
Event: 1.354 Loaded shared library C:\Users\37756\.javacpp\cache\javacpp-1.5.7-windows-x86_64.jar\org\bytedeco\javacpp\windows-x86_64\vcomp140.dll
Event: 1.364 Loaded shared library C:\Users\37756\.javacpp\cache\javacpp-1.5.7-windows-x86_64.jar\org\bytedeco\javacpp\windows-x86_64\jnijavacpp.dll
Event: 1.376 loading class java/lang/NumberFormatException
Event: 1.376 loading class java/lang/NumberFormatException done
Event: 1.376 Executing VM operation: HandshakeAllThreads
Event: 1.376 Executing VM operation: HandshakeAllThreads done
Event: 1.378 Thread 0x000001585a014100 Thread added: 0x000001585a014100
Event: 1.422 loading class java/util/regex/Pattern$BnM
Event: 1.422 loading class java/util/regex/Pattern$BnM done
Event: 1.422 loading class java/util/regex/Pattern$SliceS
Event: 1.422 loading class java/util/regex/Pattern$SliceS done
Event: 1.480 Loaded shared library C:\Users\37756\.javacpp\cache\llvm-13.0.1-1.5.7-windows-x86_64.jar\org\bytedeco\llvm\windows-x86_64\LTO.dll
Event: 1.488 Loaded shared library C:\Users\37756\.javacpp\cache\llvm-13.0.1-1.5.7-windows-x86_64.jar\org\bytedeco\llvm\windows-x86_64\Remarks.dll
Event: 1.504 Loaded shared library C:\Users\37756\.javacpp\cache\llvm-13.0.1-1.5.7-windows-x86_64.jar\org\bytedeco\llvm\windows-x86_64\jniLLVM.dll
Event: 1.554 loading class java/util/Stack
Event: 1.554 loading class java/util/Vector
Event: 1.555 loading class java/util/Vector done
Event: 1.555 loading class java/util/Stack done


Dynamic libraries:
0x00007ff619ef0000 - 0x00007ff619efd000 	C:\Program Files\AdoptOpenJDK\jdk-15.0.2.7-hotspot\bin\java.exe
0x00007ffd07b10000 - 0x00007ffd07d08000 	C:\WINDOWS\SYSTEM32\ntdll.dll
0x00007ffd069e0000 - 0x00007ffd06a9f000 	C:\WINDOWS\System32\KERNEL32.DLL
0x00007ffd05670000 - 0x00007ffd05942000 	C:\WINDOWS\System32\KERNELBASE.dll
0x00007ffd05470000 - 0x00007ffd05570000 	C:\WINDOWS\System32\ucrtbase.dll
0x00007ffce8090000 - 0x00007ffce80a5000 	C:\Program Files\AdoptOpenJDK\jdk-15.0.2.7-hotspot\bin\VCRUNTIME140.dll
0x00007ffce80b0000 - 0x00007ffce80c8000 	C:\Program Files\AdoptOpenJDK\jdk-15.0.2.7-hotspot\bin\jli.dll
0x00007ffd06bb0000 - 0x00007ffd06d51000 	C:\WINDOWS\System32\USER32.dll
0x00007ffd05a60000 - 0x00007ffd05a82000 	C:\WINDOWS\System32\win32u.dll
0x00007ffce30c0000 - 0x00007ffce335a000 	C:\WINDOWS\WinSxS\amd64_microsoft.windows.common-controls_6595b64144ccf1df_6.0.19041.1110_none_60b5254171f9507e\COMCTL32.dll
0x00007ffd075b0000 - 0x00007ffd075db000 	C:\WINDOWS\System32\GDI32.dll
0x00007ffd06b10000 - 0x00007ffd06bae000 	C:\WINDOWS\System32\msvcrt.dll
0x00007ffd05200000 - 0x00007ffd0530f000 	C:\WINDOWS\System32\gdi32full.dll
0x00007ffd059c0000 - 0x00007ffd05a5d000 	C:\WINDOWS\System32\msvcp_win.dll
0x00007ffd073c0000 - 0x00007ffd073f2000 	C:\WINDOWS\System32\IMM32.DLL
0x00007ffccbde0000 - 0x00007ffccbe7b000 	C:\Program Files\AdoptOpenJDK\jdk-15.0.2.7-hotspot\bin\msvcp140.dll
0x00007ffc6dcf0000 - 0x00007ffc6e87f000 	C:\Program Files\AdoptOpenJDK\jdk-15.0.2.7-hotspot\bin\server\jvm.dll
0x00007ffd065b0000 - 0x00007ffd0665e000 	C:\WINDOWS\System32\ADVAPI32.dll
0x00007ffd06d60000 - 0x00007ffd06dfc000 	C:\WINDOWS\System32\sechost.dll
0x00007ffd06660000 - 0x00007ffd06785000 	C:\WINDOWS\System32\RPCRT4.dll
0x00007ffd065a0000 - 0x00007ffd065a8000 	C:\WINDOWS\System32\PSAPI.DLL
0x00007ffd00870000 - 0x00007ffd00879000 	C:\WINDOWS\SYSTEM32\WSOCK32.dll
0x00007ffce7060000 - 0x00007ffce7087000 	C:\WINDOWS\SYSTEM32\WINMM.dll
0x00007ffd03e60000 - 0x00007ffd03e6a000 	C:\WINDOWS\SYSTEM32\VERSION.dll
0x00007ffd06aa0000 - 0x00007ffd06b0b000 	C:\WINDOWS\System32\WS2_32.dll
0x00007ffd03160000 - 0x00007ffd03172000 	C:\WINDOWS\SYSTEM32\kernel.appcore.dll
0x00007ffce8080000 - 0x00007ffce808a000 	C:\Program Files\AdoptOpenJDK\jdk-15.0.2.7-hotspot\bin\jimage.dll
0x00007ffd02ac0000 - 0x00007ffd02ca4000 	C:\WINDOWS\SYSTEM32\DBGHELP.DLL
0x00007ffce6af0000 - 0x00007ffce6b25000 	C:\WINDOWS\SYSTEM32\dbgcore.DLL
0x00007ffd05ac0000 - 0x00007ffd05b42000 	C:\WINDOWS\System32\bcryptPrimitives.dll
0x00007ffce8070000 - 0x00007ffce807e000 	C:\Program Files\AdoptOpenJDK\jdk-15.0.2.7-hotspot\bin\instrument.dll
0x00007ffcdb370000 - 0x00007ffcdb395000 	C:\Program Files\AdoptOpenJDK\jdk-15.0.2.7-hotspot\bin\java.dll
0x00007ffd05b60000 - 0x00007ffd062a4000 	C:\WINDOWS\System32\SHELL32.dll
0x00007ffd03180000 - 0x00007ffd03912000 	C:\WINDOWS\SYSTEM32\windows.storage.dll
0x00007ffd07770000 - 0x00007ffd07ac5000 	C:\WINDOWS\System32\combase.dll
0x00007ffd04bf0000 - 0x00007ffd04c20000 	C:\WINDOWS\SYSTEM32\Wldp.dll
0x00007ffd06790000 - 0x00007ffd0683d000 	C:\WINDOWS\System32\SHCORE.dll
0x00007ffd072d0000 - 0x00007ffd07325000 	C:\WINDOWS\System32\shlwapi.dll
0x00007ffd05140000 - 0x00007ffd0515f000 	C:\WINDOWS\SYSTEM32\profapi.dll
0x00007ffccbdc0000 - 0x00007ffccbdd8000 	C:\Program Files\AdoptOpenJDK\jdk-15.0.2.7-hotspot\bin\zip.dll
0x00007ffce4660000 - 0x00007ffce4679000 	C:\Program Files\AdoptOpenJDK\jdk-15.0.2.7-hotspot\bin\net.dll
0x00007ffcf9240000 - 0x00007ffcf934c000 	C:\WINDOWS\SYSTEM32\WINHTTP.dll
0x00007ffd048e0000 - 0x00007ffd0494a000 	C:\WINDOWS\system32\mswsock.dll
0x00007ffcdb350000 - 0x00007ffcdb362000 	C:\Program Files\AdoptOpenJDK\jdk-15.0.2.7-hotspot\bin\nio.dll
0x00007ffccbd20000 - 0x00007ffccbd3a000 	C:\Program Files\JetBrains\IntelliJ IDEA 2022.3\bin\breakgen64.dll
0x0000015835070000 - 0x0000015835074000 	C:\Users\37756\.javacpp\cache\javacpp-1.5.7-windows-x86_64.jar\org\bytedeco\javacpp\windows-x86_64\api-ms-win-crt-locale-l1-1-0.dll
0x0000015835080000 - 0x0000015835085000 	C:\Users\37756\.javacpp\cache\javacpp-1.5.7-windows-x86_64.jar\org\bytedeco\javacpp\windows-x86_64\api-ms-win-crt-string-l1-1-0.dll
0x0000015835090000 - 0x0000015835095000 	C:\Users\37756\.javacpp\cache\javacpp-1.5.7-windows-x86_64.jar\org\bytedeco\javacpp\windows-x86_64\api-ms-win-crt-stdio-l1-1-0.dll
0x00000158350a0000 - 0x00000158350a6000 	C:\Users\37756\.javacpp\cache\javacpp-1.5.7-windows-x86_64.jar\org\bytedeco\javacpp\windows-x86_64\api-ms-win-crt-math-l1-1-0.dll
0x0000015859e60000 - 0x0000015859e64000 	C:\Users\37756\.javacpp\cache\javacpp-1.5.7-windows-x86_64.jar\org\bytedeco\javacpp\windows-x86_64\api-ms-win-crt-heap-l1-1-0.dll
0x0000015859e70000 - 0x0000015859e75000 	C:\Users\37756\.javacpp\cache\javacpp-1.5.7-windows-x86_64.jar\org\bytedeco\javacpp\windows-x86_64\api-ms-win-crt-runtime-l1-1-0.dll
0x0000015859e80000 - 0x0000015859e85000 	C:\Users\37756\.javacpp\cache\javacpp-1.5.7-windows-x86_64.jar\org\bytedeco\javacpp\windows-x86_64\api-ms-win-crt-convert-l1-1-0.dll
0x0000015859e90000 - 0x0000015859e94000 	C:\Users\37756\.javacpp\cache\javacpp-1.5.7-windows-x86_64.jar\org\bytedeco\javacpp\windows-x86_64\api-ms-win-crt-environment-l1-1-0.dll
0x0000015859ea0000 - 0x0000015859ea4000 	C:\Users\37756\.javacpp\cache\javacpp-1.5.7-windows-x86_64.jar\org\bytedeco\javacpp\windows-x86_64\api-ms-win-crt-time-l1-1-0.dll
0x0000015859eb0000 - 0x0000015859eb4000 	C:\Users\37756\.javacpp\cache\javacpp-1.5.7-windows-x86_64.jar\org\bytedeco\javacpp\windows-x86_64\api-ms-win-crt-filesystem-l1-1-0.dll
0x0000015859ec0000 - 0x0000015859ec4000 	C:\Users\37756\.javacpp\cache\javacpp-1.5.7-windows-x86_64.jar\org\bytedeco\javacpp\windows-x86_64\api-ms-win-crt-utility-l1-1-0.dll
0x0000015859ed0000 - 0x0000015859ed6000 	C:\Users\37756\.javacpp\cache\javacpp-1.5.7-windows-x86_64.jar\org\bytedeco\javacpp\windows-x86_64\api-ms-win-crt-multibyte-l1-1-0.dll
0x0000015859ee0000 - 0x0000015859ee4000 	C:\Users\37756\.javacpp\cache\javacpp-1.5.7-windows-x86_64.jar\org\bytedeco\javacpp\windows-x86_64\api-ms-win-crt-conio-l1-1-0.dll
0x0000015859ef0000 - 0x0000015859f01000 	C:\Users\37756\.javacpp\cache\javacpp-1.5.7-windows-x86_64.jar\org\bytedeco\javacpp\windows-x86_64\api-ms-win-crt-private-l1-1-0.dll
0x0000015859f10000 - 0x0000015859f14000 	C:\Users\37756\.javacpp\cache\javacpp-1.5.7-windows-x86_64.jar\org\bytedeco\javacpp\windows-x86_64\api-ms-win-crt-process-l1-1-0.dll
0x0000015859f20000 - 0x0000015859f24000 	C:\Users\37756\.javacpp\cache\javacpp-1.5.7-windows-x86_64.jar\org\bytedeco\javacpp\windows-x86_64\api-ms-win-core-console-l1-2-0.dll
0x0000015859f30000 - 0x0000015859f34000 	C:\Users\37756\.javacpp\cache\javacpp-1.5.7-windows-x86_64.jar\org\bytedeco\javacpp\windows-x86_64\api-ms-win-core-string-l1-1-0.dll
0x0000015859f40000 - 0x0000015859f44000 	C:\Users\37756\.javacpp\cache\javacpp-1.5.7-windows-x86_64.jar\org\bytedeco\javacpp\windows-x86_64\api-ms-win-core-errorhandling-l1-1-0.dll
0x0000015859f50000 - 0x0000015859f54000 	C:\Users\37756\.javacpp\cache\javacpp-1.5.7-windows-x86_64.jar\org\bytedeco\javacpp\windows-x86_64\api-ms-win-core-timezone-l1-1-0.dll
0x0000015859f60000 - 0x0000015859f65000 	C:\Users\37756\.javacpp\cache\javacpp-1.5.7-windows-x86_64.jar\org\bytedeco\javacpp\windows-x86_64\api-ms-win-core-file-l1-1-0.dll
0x000001585af40000 - 0x000001585af44000 	C:\Users\37756\.javacpp\cache\javacpp-1.5.7-windows-x86_64.jar\org\bytedeco\javacpp\windows-x86_64\api-ms-win-core-namedpipe-l1-1-0.dll
0x000001585af70000 - 0x000001585af74000 	C:\Users\37756\.javacpp\cache\javacpp-1.5.7-windows-x86_64.jar\org\bytedeco\javacpp\windows-x86_64\api-ms-win-core-handle-l1-1-0.dll
0x000001585af50000 - 0x000001585af54000 	C:\Users\37756\.javacpp\cache\javacpp-1.5.7-windows-x86_64.jar\org\bytedeco\javacpp\windows-x86_64\api-ms-win-core-file-l2-1-0.dll
0x000001585af60000 - 0x000001585af64000 	C:\Users\37756\.javacpp\cache\javacpp-1.5.7-windows-x86_64.jar\org\bytedeco\javacpp\windows-x86_64\api-ms-win-core-heap-l1-1-0.dll
0x000001585af80000 - 0x000001585af84000 	C:\Users\37756\.javacpp\cache\javacpp-1.5.7-windows-x86_64.jar\org\bytedeco\javacpp\windows-x86_64\api-ms-win-core-libraryloader-l1-1-0.dll
0x000001585afb0000 - 0x000001585afb4000 	C:\Users\37756\.javacpp\cache\javacpp-1.5.7-windows-x86_64.jar\org\bytedeco\javacpp\windows-x86_64\api-ms-win-core-synch-l1-1-0.dll
0x000001585af90000 - 0x000001585af94000 	C:\Users\37756\.javacpp\cache\javacpp-1.5.7-windows-x86_64.jar\org\bytedeco\javacpp\windows-x86_64\api-ms-win-core-processthreads-l1-1-0.dll
0x000001585afa0000 - 0x000001585afa4000 	C:\Users\37756\.javacpp\cache\javacpp-1.5.7-windows-x86_64.jar\org\bytedeco\javacpp\windows-x86_64\api-ms-win-core-processenvironment-l1-1-0.dll
0x000001585afc0000 - 0x000001585afc4000 	C:\Users\37756\.javacpp\cache\javacpp-1.5.7-windows-x86_64.jar\org\bytedeco\javacpp\windows-x86_64\api-ms-win-core-datetime-l1-1-0.dll
0x000001585afd0000 - 0x000001585afd4000 	C:\Users\37756\.javacpp\cache\javacpp-1.5.7-windows-x86_64.jar\org\bytedeco\javacpp\windows-x86_64\api-ms-win-core-localization-l1-2-0.dll
0x000001585afe0000 - 0x000001585afe4000 	C:\Users\37756\.javacpp\cache\javacpp-1.5.7-windows-x86_64.jar\org\bytedeco\javacpp\windows-x86_64\api-ms-win-core-sysinfo-l1-1-0.dll
0x000001585aff0000 - 0x000001585aff4000 	C:\Users\37756\.javacpp\cache\javacpp-1.5.7-windows-x86_64.jar\org\bytedeco\javacpp\windows-x86_64\api-ms-win-core-synch-l1-2-0.dll
0x000001585b000000 - 0x000001585b004000 	C:\Users\37756\.javacpp\cache\javacpp-1.5.7-windows-x86_64.jar\org\bytedeco\javacpp\windows-x86_64\api-ms-win-core-console-l1-1-0.dll
0x000001585b010000 - 0x000001585b014000 	C:\Users\37756\.javacpp\cache\javacpp-1.5.7-windows-x86_64.jar\org\bytedeco\javacpp\windows-x86_64\api-ms-win-core-debug-l1-1-0.dll
0x000001585b020000 - 0x000001585b024000 	C:\Users\37756\.javacpp\cache\javacpp-1.5.7-windows-x86_64.jar\org\bytedeco\javacpp\windows-x86_64\api-ms-win-core-rtlsupport-l1-1-0.dll
0x000001585b030000 - 0x000001585b034000 	C:\Users\37756\.javacpp\cache\javacpp-1.5.7-windows-x86_64.jar\org\bytedeco\javacpp\windows-x86_64\api-ms-win-core-processthreads-l1-1-1.dll
0x000001585b040000 - 0x000001585b044000 	C:\Users\37756\.javacpp\cache\javacpp-1.5.7-windows-x86_64.jar\org\bytedeco\javacpp\windows-x86_64\api-ms-win-core-file-l1-2-0.dll
0x000001585b050000 - 0x000001585b054000 	C:\Users\37756\.javacpp\cache\javacpp-1.5.7-windows-x86_64.jar\org\bytedeco\javacpp\windows-x86_64\api-ms-win-core-profile-l1-1-0.dll
0x000001585b060000 - 0x000001585b064000 	C:\Users\37756\.javacpp\cache\javacpp-1.5.7-windows-x86_64.jar\org\bytedeco\javacpp\windows-x86_64\api-ms-win-core-memory-l1-1-0.dll
0x000001585b070000 - 0x000001585b074000 	C:\Users\37756\.javacpp\cache\javacpp-1.5.7-windows-x86_64.jar\org\bytedeco\javacpp\windows-x86_64\api-ms-win-core-util-l1-1-0.dll
0x000001585b080000 - 0x000001585b084000 	C:\Users\37756\.javacpp\cache\javacpp-1.5.7-windows-x86_64.jar\org\bytedeco\javacpp\windows-x86_64\api-ms-win-core-interlocked-l1-1-0.dll
0x00007ffc91450000 - 0x00007ffc91561000 	C:\Users\37756\.javacpp\cache\javacpp-1.5.7-windows-x86_64.jar\org\bytedeco\javacpp\windows-x86_64\ucrtbase.dll
0x00007ffccbd00000 - 0x00007ffccbd1b000 	C:\Users\37756\.javacpp\cache\javacpp-1.5.7-windows-x86_64.jar\org\bytedeco\javacpp\windows-x86_64\vcruntime140.dll
0x00007ffcdb340000 - 0x00007ffcdb34c000 	C:\Users\37756\.javacpp\cache\javacpp-1.5.7-windows-x86_64.jar\org\bytedeco\javacpp\windows-x86_64\vcruntime140_1.dll
0x00007ffccbbb0000 - 0x00007ffccbc3d000 	C:\Users\37756\.javacpp\cache\javacpp-1.5.7-windows-x86_64.jar\org\bytedeco\javacpp\windows-x86_64\msvcp140.dll
0x00007ffccbd50000 - 0x00007ffccbd59000 	C:\Users\37756\.javacpp\cache\javacpp-1.5.7-windows-x86_64.jar\org\bytedeco\javacpp\windows-x86_64\msvcp140_1.dll
0x00007ffccbb60000 - 0x00007ffccbbae000 	C:\Users\37756\.javacpp\cache\javacpp-1.5.7-windows-x86_64.jar\org\bytedeco\javacpp\windows-x86_64\concrt140.dll
0x00007ffccb830000 - 0x00007ffccb861000 	C:\Users\37756\.javacpp\cache\javacpp-1.5.7-windows-x86_64.jar\org\bytedeco\javacpp\windows-x86_64\vcomp140.dll
0x00007ffccbcc0000 - 0x00007ffccbcce000 	C:\Users\37756\.javacpp\cache\javacpp-1.5.7-windows-x86_64.jar\org\bytedeco\javacpp\windows-x86_64\jnijavacpp.dll
0x00007ffc64110000 - 0x00007ffc687ad000 	C:\Users\37756\.javacpp\cache\llvm-13.0.1-1.5.7-windows-x86_64.jar\org\bytedeco\llvm\windows-x86_64\LTO.dll
0x00007ffccb3a0000 - 0x00007ffccb3db000 	C:\Users\37756\.javacpp\cache\llvm-13.0.1-1.5.7-windows-x86_64.jar\org\bytedeco\llvm\windows-x86_64\Remarks.dll
0x00007ffc5f8c0000 - 0x00007ffc64110000 	C:\Users\37756\.javacpp\cache\llvm-13.0.1-1.5.7-windows-x86_64.jar\org\bytedeco\llvm\windows-x86_64\jniLLVM.dll
0x00007ffd068a0000 - 0x00007ffd069ca000 	C:\WINDOWS\System32\ole32.dll

dbghelp: loaded successfully - version: 4.0.5 - missing functions: none
symbol engine: initialized successfully - sym options: 0x614 - pdb path: .;C:\Program Files\AdoptOpenJDK\jdk-15.0.2.7-hotspot\bin;C:\WINDOWS\SYSTEM32;C:\WINDOWS\WinSxS\amd64_microsoft.windows.common-controls_6595b64144ccf1df_6.0.19041.1110_none_60b5254171f9507e;C:\Program Files\AdoptOpenJDK\jdk-15.0.2.7-hotspot\bin\server;C:\Program Files\JetBrains\IntelliJ IDEA 2022.3\bin;C:\Users\37756\.javacpp\cache\javacpp-1.5.7-windows-x86_64.jar\org\bytedeco\javacpp\windows-x86_64;C:\Users\37756\.javacpp\cache\llvm-13.0.1-1.5.7-windows-x86_64.jar\org\bytedeco\llvm\windows-x86_64

VM Arguments:
jvm_args: -javaagent:C:\Program Files\JetBrains\IntelliJ IDEA 2022.3\lib\idea_rt.jar=12763:C:\Program Files\JetBrains\IntelliJ IDEA 2022.3\bin -Dfile.encoding=UTF-8 
java_command: Main tests/llvm-ir-test1.sysy tests/llvm-ir-test1.out
java_class_path (initial): C:\Users\37756\Documents\NJU\2022Fall\Compilers\Lab\target\classes;C:\Users\37756\.m2\repository\org\bytedeco\llvm-platform\13.0.1-1.5.7\llvm-platform-13.0.1-1.5.7.jar;C:\Users\37756\.m2\repository\org\bytedeco\javacpp-platform\1.5.7\javacpp-platform-1.5.7.jar;C:\Users\37756\.m2\repository\org\bytedeco\javacpp\1.5.7\javacpp-1.5.7.jar;C:\Users\37756\.m2\repository\org\bytedeco\javacpp\1.5.7\javacpp-1.5.7-android-arm.jar;C:\Users\37756\.m2\repository\org\bytedeco\javacpp\1.5.7\javacpp-1.5.7-android-arm64.jar;C:\Users\37756\.m2\repository\org\bytedeco\javacpp\1.5.7\javacpp-1.5.7-android-x86.jar;C:\Users\37756\.m2\repository\org\bytedeco\javacpp\1.5.7\javacpp-1.5.7-android-x86_64.jar;C:\Users\37756\.m2\repository\org\bytedeco\javacpp\1.5.7\javacpp-1.5.7-ios-arm64.jar;C:\Users\37756\.m2\repository\org\bytedeco\javacpp\1.5.7\javacpp-1.5.7-ios-x86_64.jar;C:\Users\37756\.m2\repository\org\bytedeco\javacpp\1.5.7\javacpp-1.5.7-linux-armhf.jar;C:\Users\37756\.m2\repository\org\bytedeco\javacpp\1.5.7\javacpp-1.5.7-linux-arm64.jar;C:\Users\37756\.m2\repository\org\bytedeco\javacpp\1.5.7\javacpp-1.5.7-linux-ppc64le.jar;C:\Users\37756\.m2\repository\org\bytedeco\javacpp\1.5.7\javacpp-1.5.7-linux-x86.jar;C:\Users\37756\.m2\repository\org\bytedeco\javacpp\1.5.7\javacpp-1.5.7-linux-x86_64.jar;C:\Users\37756\.m2\repository\org\bytedeco\javacpp\1.5.7\javacpp-1.5.7-macosx-arm64.jar;C:\Users\37756\.m2\repository\org\bytedeco\javacpp\1.5.7\javacpp-1.5.7-macosx-x86_64.jar;C:\Users\37756\.m2\repository\org\bytedeco\javacpp\1.5.7\javacpp-1.5.7-windows-x86.jar;C:\Users\37756\.m2\repository\org\bytedeco\javacpp\1.5.7\javacpp-1.5.7-windows-x86_64.jar;C:\Users\37756\.m2\repository\org\bytedeco\llvm\13.0.1-1.5.7\llvm-13.0.1-1.5.7.jar;C:\Users\37756\.m2\repository\org\bytedeco\llvm\13.0.1-1.5.7\llvm-13.0.1-1.5.7-linux-x86.jar;C:\Users\37756\.m2\repository\org\bytedeco\llvm\13.0.1-1.5.7\llvm-13.0.1-1.5.7-linux-x86_64.jar;C:\Users\37756\.m2\repository\org\bytedeco\llvm\1
Launcher Type: SUN_STANDARD

[Global flags]
     intx CICompilerCount                          = 4                                         {product} {ergonomic}
     uint ConcGCThreads                            = 2                                         {product} {ergonomic}
     uint G1ConcRefinementThreads                  = 8                                         {product} {ergonomic}
   size_t G1HeapRegionSize                         = 2097152                                   {product} {ergonomic}
    uintx GCDrainStackTargetSize                   = 64                                        {product} {ergonomic}
   size_t InitialHeapSize                          = 266338304                                 {product} {ergonomic}
   size_t MarkStackSize                            = 4194304                                   {product} {ergonomic}
   size_t MaxHeapSize                              = 4244635648                                {product} {ergonomic}
   size_t MaxNewSize                               = 2545942528                                {product} {ergonomic}
   size_t MinHeapDeltaBytes                        = 2097152                                   {product} {ergonomic}
   size_t MinHeapSize                              = 8388608                                   {product} {ergonomic}
    uintx NonNMethodCodeHeapSize                   = 5839372                                {pd product} {ergonomic}
    uintx NonProfiledCodeHeapSize                  = 122909434                              {pd product} {ergonomic}
    uintx ProfiledCodeHeapSize                     = 122909434                              {pd product} {ergonomic}
    uintx ReservedCodeCacheSize                    = 251658240                              {pd product} {ergonomic}
     bool SegmentedCodeCache                       = true                                      {product} {ergonomic}
   size_t SoftMaxHeapSize                          = 4244635648                             {manageable} {ergonomic}
     bool UseCompressedClassPointers               = true                                 {lp64_product} {ergonomic}
     bool UseCompressedOops                        = true                                 {lp64_product} {ergonomic}
     bool UseG1GC                                  = true                                      {product} {ergonomic}
     bool UseLargePagesIndividualAllocation        = false                                  {pd product} {ergonomic}

Logging:
Log output configuration:
 #0: stdout all=warning uptime,level,tags
 #1: stderr all=off uptime,level,tags

Environment Variables:
CLASSPATH=.;C:Program Files(x86)\scala\bin;C:Program Files(x86)\scala\lib\dt.jar;C:Program Files(x86)\scala\lib\tools.jar.;
PATH=C:\Program Files (x86)\VMware\VMware Workstation\bin\;C:\ProgramData\Anaconda3;C:\ProgramData\Anaconda3\Library\mingw-w64\bin;C:\ProgramData\Anaconda3\Library\usr\bin;C:\ProgramData\Anaconda3\Library\bin;C:\ProgramData\Anaconda3\Scripts;C:\Program Files\AdoptOpenJDK\jdk-15.0.2.7-hotspot\bin;C:\WINDOWS\system32;C:\WINDOWS;C:\WINDOWS\System32\Wbem;C:\WINDOWS\System32\WindowsPowerShell\v1.0\;C:\WINDOWS\System32\OpenSSH\;C:\Program Files\dotnet\;C:\Program Files\Microsoft SQL Server\130\Tools\Binn\;C:\Program Files\Microsoft SQL Server\Client SDK\ODBC\170\Tools\Binn\;C:\Program Files (x86)\Dev-Cpp\MinGW64\bin;C:\Program Files\Git\cmd;C:\Program Files\PuTTY\;C:\Program Files\Graphviz\bin;C:\Program Files (x86)\Tencent\微信web开发者工具\dll;C:\Program Files\nodejs\;C:\Web\mysql-8.0.28-winx64\bin;"C:Program Files(x86)\scala\bin;C:Program Files(x86)\scala\jre\bin;";C:\Program Files\NASM;C:\Users\37756\AppData\Local\Microsoft\WindowsApps;C:\Program Files\JetBrains\PyCharm Community Edition 2020.3.3\bin;C:\Users\37756\.dotnet\tools;C:\Users\37756\AppData\Local\Programs\Microsoft VS Code\bin;C:\Program Files\JetBrains\IntelliJ IDEA Community Edition 2020.3.2\bin;C:\texlive\2020\bin\win32;C:\Program Files\JetBrains\CLion 2021.2\bin;C:\Program Files\JetBrains\PyCharm 2021.1.3\bin;C:\Program Files\JetBrains\IntelliJ IDEA 2021.1.3\bin;C:\Users\37756\AppData\Roaming\npm;C:\Program Files\JetBrains\DataGrip 2021.3.4\bin;C:\Program Files\JetBrains\WebStorm 2022.1\bin;C:\Users\37756\AppData\Local\Coursier\data\bin;C:\Program Files\NASM;;C:\Program Files\JetBrains\IntelliJ IDEA 2022.3\bin;;C:\Program Files\JetBrains\CLion 2022.3.1\bin;;C:\Program Files\JetBrains\WebStorm 2022.3.1\bin;;C:\Program Files\JetBrains\IntelliJ IDEA Community Edition 2022.3.1\bin;
USERNAME=37756
OS=Windows_NT
PROCESSOR_IDENTIFIER=Intel64 Family 6 Model 142 Stepping 12, GenuineIntel



---------------  S Y S T E M  ---------------

OS:
 Windows 10 , 64 bit Build 19041 (10.0.19041.2364)
OS uptime: 0 days 19:07 hours

CPU: total 8 (initial active 8) (4 cores per cpu, 2 threads per core) family 6 model 142 stepping 12 microcode 0xf4, cmov, cx8, fxsr, mmx, sse, sse2, sse3, ssse3, sse4.1, sse4.2, popcnt, vzeroupper, avx, avx2, aes, clmul, erms, 3dnowpref, lzcnt, ht, tsc, tscinvbit, bmi1, bmi2, adx, fma, clflush, clflushopt

Memory: 4k page, system-wide physical 16190M (3098M free)
TotalPageFile size 22590M (AvailPageFile size 2869M)
current process WorkingSet (physical memory assigned to process): 101M, peak: 103M
current process commit charge ("private bytes"): 376M, peak: 378M

vm_info: OpenJDK 64-Bit Server VM (15.0.2+7) for windows-amd64 JRE (15.0.2+7), built on Jan 21 2021 05:54:57 by "" with MS VC++ 15.9 (VS2017)

END.
