#
# A fatal error has been detected by the Java Runtime Environment:
#
#  EXCEPTION_ACCESS_VIOLATION (0xc0000005) at pc=0x00007ff94392f53d, pid=6252, tid=3952
#
# JRE version: OpenJDK Runtime Environment AdoptOpenJDK (15.0.2+7) (build 15.0.2+7)
# Java VM: OpenJDK 64-Bit Server VM AdoptOpenJDK (15.0.2+7, mixed mode, sharing, tiered, compressed oops, g1 gc, windows-amd64)
# Problematic frame:
# C  [jniLLVM.dll+0xeff53d]
#
# No core dump will be written. Minidumps are not enabled by default on client versions of Windows
#
# If you would like to submit a bug report, please visit:
#   https://github.com/AdoptOpenJDK/openjdk-support/issues
# The crash happened outside the Java Virtual Machine in native code.
# See problematic frame for where to report the bug.
#

---------------  S U M M A R Y ------------

Command Line: -javaagent:C:\Program Files\JetBrains\IntelliJ IDEA 2022.3\lib\idea_rt.jar=1580:C:\Program Files\JetBrains\IntelliJ IDEA 2022.3\bin -Dfile.encoding=UTF-8 Main tests/global-and-if-test2.sysy tests/global-and-if-test2.out

Host: Intel(R) Core(TM) i7-8565U CPU @ 1.80GHz, 8 cores, 15G,  Windows 10 , 64 bit Build 19041 (10.0.19041.2364)
Time: Fri Jan  6 12:09:24 2023 中国标准时间 elapsed time: 1.217313 seconds (0d 0h 0m 1s)

---------------  T H R E A D  ---------------

Current thread (0x000001a1295441c0):  JavaThread "main" [_thread_in_native, id=3952, stack(0x0000000780c00000,0x0000000780d00000)]

Stack: [0x0000000780c00000,0x0000000780d00000],  sp=0x0000000780cfec38,  free space=1019k
Native frames: (J=compiled Java code, j=interpreted, Vv=VM code, C=native code)
C  [jniLLVM.dll+0xeff53d]

Java frames: (J=compiled Java code, j=interpreted, Vv=VM code)
j  org.bytedeco.llvm.global.LLVM.LLVMSetInitializer(Lorg/bytedeco/llvm/LLVM/LLVMValueRef;Lorg/bytedeco/llvm/LLVM/LLVMValueRef;)V+0
j  LLVMIRVisitor.visitVarDecl(LSysYParser$VarDeclContext;)Lorg/bytedeco/llvm/LLVM/LLVMValueRef;+225
j  LLVMIRVisitor.visitVarDecl(LSysYParser$VarDeclContext;)Ljava/lang/Object;+2
j  SysYParser$VarDeclContext.accept(Lorg/antlr/v4/runtime/tree/ParseTreeVisitor;)Ljava/lang/Object;+12
j  org.antlr.v4.runtime.tree.AbstractParseTreeVisitor.visitChildren(Lorg/antlr/v4/runtime/tree/RuleNode;)Ljava/lang/Object;+46
j  SysYParserBaseVisitor.visitDecl(LSysYParser$DeclContext;)Ljava/lang/Object;+2
j  SysYParser$DeclContext.accept(Lorg/antlr/v4/runtime/tree/ParseTreeVisitor;)Ljava/lang/Object;+12
j  org.antlr.v4.runtime.tree.AbstractParseTreeVisitor.visitChildren(Lorg/antlr/v4/runtime/tree/RuleNode;)Ljava/lang/Object;+46
j  SysYParserBaseVisitor.visitCompUnit(LSysYParser$CompUnitContext;)Ljava/lang/Object;+2
j  SysYParser$CompUnitContext.accept(Lorg/antlr/v4/runtime/tree/ParseTreeVisitor;)Ljava/lang/Object;+12
j  org.antlr.v4.runtime.tree.AbstractParseTreeVisitor.visitChildren(Lorg/antlr/v4/runtime/tree/RuleNode;)Ljava/lang/Object;+46
j  SysYParserBaseVisitor.visitProgram(LSysYParser$ProgramContext;)Ljava/lang/Object;+2
j  LLVMIRVisitor.visitProgram(LSysYParser$ProgramContext;)Lorg/bytedeco/llvm/LLVM/LLVMValueRef;+19
j  LLVMIRVisitor.visitProgram(LSysYParser$ProgramContext;)Ljava/lang/Object;+2
j  SysYParser$ProgramContext.accept(Lorg/antlr/v4/runtime/tree/ParseTreeVisitor;)Ljava/lang/Object;+12
j  org.antlr.v4.runtime.tree.AbstractParseTreeVisitor.visit(Lorg/antlr/v4/runtime/tree/ParseTree;)Ljava/lang/Object;+2
j  Main.main([Ljava/lang/String;)V+54
v  ~StubRoutines::call_stub

siginfo: EXCEPTION_ACCESS_VIOLATION (0xc0000005), reading address 0x0000000000000010


Register to memory mapping:

RIP=0x00007ff94392f53d jniLLVM.dll
RAX=0x0 is NULL
RBX={method} {0x000001a14d3704a8} 'LLVMSetInitializer' '(Lorg/bytedeco/llvm/LLVM/LLVMValueRef;Lorg/bytedeco/llvm/LLVM/LLVMValueRef;)V' in 'org/bytedeco/llvm/global/LLVM'
RCX=0x0 is NULL
RDX=0x000001a14dcbc310 points into unknown readable memory: 0x000001a14ccb1238 | 38 12 cb 4c a1 01 00 00
RSP=0x0000000780cfec38 is pointing into the stack for thread: 0x000001a1295441c0
RBP=0x0000000780cfecc0 is pointing into the stack for thread: 0x000001a1295441c0
RSI=0x0000000000000001 is an unknown value
RDI=0x000001a131a59f00 is at code_begin+1664 in an Interpreter codelet
invoke return entry points  [0x000001a131a59880, 0x000001a131a5a280]  2560 bytes
R8 =0x0 is NULL
R9 =0x000001a14dcbc310 points into unknown readable memory: 0x000001a14ccb1238 | 38 12 cb 4c a1 01 00 00
R10=0x00007ff95a0880e0 jvm.dll
R11=0x0000000000000002 is an unknown value
R12=0x0 is NULL
R13={method} {0x000001a14d3704a8} 'LLVMSetInitializer' '(Lorg/bytedeco/llvm/LLVM/LLVMValueRef;Lorg/bytedeco/llvm/LLVM/LLVMValueRef;)V' in 'org/bytedeco/llvm/global/LLVM'
R14=0x0000000780cfece8 is pointing into the stack for thread: 0x000001a1295441c0
R15=0x000001a1295441c0 is a thread


Registers:
RAX=0x0000000000000000, RBX=0x000001a14d3704a0, RCX=0x0000000000000000, RDX=0x000001a14dcbc310
RSP=0x0000000780cfec38, RBP=0x0000000780cfecc0, RSI=0x0000000000000001, RDI=0x000001a131a59f00
R8 =0x0000000000000000, R9 =0x000001a14dcbc310, R10=0x00007ff95a0880e0, R11=0x0000000000000002
R12=0x0000000000000000, R13=0x000001a14d3704a0, R14=0x0000000780cfece8, R15=0x000001a1295441c0
RIP=0x00007ff94392f53d, EFLAGS=0x0000000000010202

Top of Stack: (sp=0x0000000780cfec38)
0x0000000780cfec38:   000001a131a5f177 000001a14d3704a0
0x0000000780cfec48:   0000000780cfecc0 0000000000000001
0x0000000780cfec58:   000001a14ea63b20 000001a131a5ee16
0x0000000780cfec68:   000001a131a5ee16 0000000780cfec70
0x0000000780cfec78:   0000000780cfec78 0000000000000000
0x0000000780cfec88:   0000000780cfece8 000001a14d3b53e8
0x0000000780cfec98:   0000000000000000 00000004e5a00098
0x0000000780cfeca8:   000001a14d3704a0 0000000000000000
0x0000000780cfecb8:   0000000780cfece0 0000000780cfed38
0x0000000780cfecc8:   000001a131a5a1aa 00000004e5a00098
0x0000000780cfecd8:   000001a131a5c218 00000004e68b9160
0x0000000780cfece8:   0000000000000000 0000000780cfecf0
0x0000000780cfecf8:   000001a14d33cbd1 0000000780cfeda8
0x0000000780cfed08:   000001a14d34cdc0 0000000000000000
0x0000000780cfed18:   00000004e5a00db0 000001a14d33ce48
0x0000000780cfed28:   0000000780cfece0 0000000780cfeda0 

Instructions: (pc=0x00007ff94392f53d)
0x00007ff94392f43d:   38 48 8b d9 48 8b 49 28 33 ff 48 85 c0 48 0f 44
0x00007ff94392f44d:   df 48 83 c1 08 48 8b d3 e8 c6 5b 04 00 48 85 db
0x00007ff94392f45d:   48 8d 53 38 48 8b 5c 24 30 48 0f 44 d7 48 8b 42
0x00007ff94392f46d:   08 48 8b 0a 48 89 08 48 89 41 08 48 89 3a 48 89
0x00007ff94392f47d:   7a 08 48 83 c4 20 5f c3 cc cc cc cc cc cc cc cc
0x00007ff94392f48d:   cc cc cc 0f b7 c2 66 c1 e8 08 84 c0 74 14 0f b6
0x00007ff94392f49d:   c2 ba e0 ff 00 00 66 21 51 22 66 ff c0 66 09 41
0x00007ff94392f4ad:   22 c3 ba e0 ff 00 00 33 c0 66 21 51 22 66 09 41
0x00007ff94392f4bd:   22 c3 cc 4c 8b ca 4c 8b c1 48 8b c1 48 85 d2 75
0x00007ff94392f4cd:   6f 44 0f b6 49 10 41 80 f9 03 48 0f 45 c2 48 85
0x00007ff94392f4dd:   c0 74 0a 8b 40 14 25 ff ff ff 07 eb 1e 45 84 c9
0x00007ff94392f4ed:   48 0f 45 ca 48 85 c9 74 18 48 8d 41 58 48 3b 00
0x00007ff94392f4fd:   75 0f 0f b6 41 22 c0 e8 06 a8 01 0f 84 c0 00 00
0x00007ff94392f50d:   00 49 39 50 e0 74 1c 49 8b 48 f0 49 8b 40 e8 48
0x00007ff94392f51d:   89 01 49 8b 48 e8 48 85 c9 74 08 49 8b 40 f0 48
0x00007ff94392f52d:   89 41 10 49 89 50 e0 41 81 60 14 00 00 00 f8 c3
0x00007ff94392f53d:   44 0f b6 51 10 33 d2 41 80 fa 03 48 0f 45 c2 48
0x00007ff94392f54d:   85 c0 74 0a 8b 40 14 25 ff ff ff 07 eb 1e 45 84
0x00007ff94392f55d:   d2 48 0f 45 ca 48 85 c9 74 21 48 8d 41 58 48 3b
0x00007ff94392f56d:   00 75 18 0f b6 41 22 c0 e8 06 a8 01 75 0d 41 81
0x00007ff94392f57d:   60 14 01 00 00 f8 41 83 48 14 01 49 83 c0 e0 49
0x00007ff94392f58d:   39 10 74 1c 49 8b 48 10 49 8b 40 08 48 89 01 49
0x00007ff94392f59d:   8b 48 08 48 85 c9 74 08 49 8b 40 10 48 89 41 10
0x00007ff94392f5ad:   49 8d 41 08 4d 89 08 48 8b 08 49 8d 50 08 48 89
0x00007ff94392f5bd:   0a 48 85 c9 74 04 48 89 51 10 49 89 40 10 4c 89
0x00007ff94392f5cd:   00 c3 cc 48 89 5c 24 18 57 48 83 ec 40 8b 41 20
0x00007ff94392f5dd:   48 8b fa c1 e8 0f 48 8b d9 a8 01 75 07 48 83 7a
0x00007ff94392f5ed:   08 00 74 7e 48 89 74 24 58 48 8b 72 08 48 85 f6
0x00007ff94392f5fd:   74 30 0f 10 02 0f 29 44 24 20 e8 74 e1 f7 ff 4c
0x00007ff94392f60d:   8d 44 24 20 48 8d 54 24 30 48 8b 08 48 81 c1 20
0x00007ff94392f61d:   08 00 00 e8 7b 5f df 00 0f 10 00 0f 11 07 48 8b
0x00007ff94392f62d:   77 08 48 8b cb 48 89 5c 24 50 e8 44 e1 f7 ff 48 


Stack slot to memory mapping:
stack at sp + 0 slots: 0x000001a131a5f177 is at code_begin+1047 in an Interpreter codelet
method entry point (kind = native)  [0x000001a131a5ed60, 0x000001a131a5f7e0]  2688 bytes
stack at sp + 1 slots: {method} {0x000001a14d3704a8} 'LLVMSetInitializer' '(Lorg/bytedeco/llvm/LLVM/LLVMValueRef;Lorg/bytedeco/llvm/LLVM/LLVMValueRef;)V' in 'org/bytedeco/llvm/global/LLVM'
stack at sp + 2 slots: 0x0000000780cfecc0 is pointing into the stack for thread: 0x000001a1295441c0
stack at sp + 3 slots: 0x0000000000000001 is an unknown value
stack at sp + 4 slots: 0x000001a14ea63b20 points into unknown readable memory: 0x000001a14d8f3f80 | 80 3f 8f 4d a1 01 00 00
stack at sp + 5 slots: 0x000001a131a5ee16 is at code_begin+182 in an Interpreter codelet
method entry point (kind = native)  [0x000001a131a5ed60, 0x000001a131a5f7e0]  2688 bytes
stack at sp + 6 slots: 0x000001a131a5ee16 is at code_begin+182 in an Interpreter codelet
method entry point (kind = native)  [0x000001a131a5ed60, 0x000001a131a5f7e0]  2688 bytes
stack at sp + 7 slots: 0x0000000780cfec70 is pointing into the stack for thread: 0x000001a1295441c0


---------------  P R O C E S S  ---------------

Threads class SMR info:
_java_thread_list=0x000001a14e3c6460, length=15, elements={
0x000001a1295441c0, 0x000001a14ce4e370, 0x000001a14ce4ef40, 0x000001a14d6ce730,
0x000001a14d6d1100, 0x000001a14d6d1bb0, 0x000001a14d6d78d0, 0x000001a14d6dd880,
0x000001a14d6eee40, 0x000001a14d7f5040, 0x000001a14d8884e0, 0x000001a14d8889f0,
0x000001a14d9a6b30, 0x000001a14d9a7000, 0x000001a14e57e720
}

Java Threads: ( => current thread )
=>0x000001a1295441c0 JavaThread "main" [_thread_in_native, id=3952, stack(0x0000000780c00000,0x0000000780d00000)]
  0x000001a14ce4e370 JavaThread "Reference Handler" daemon [_thread_blocked, id=6584, stack(0x0000000781300000,0x0000000781400000)]
  0x000001a14ce4ef40 JavaThread "Finalizer" daemon [_thread_blocked, id=16648, stack(0x0000000781400000,0x0000000781500000)]
  0x000001a14d6ce730 JavaThread "Signal Dispatcher" daemon [_thread_blocked, id=14188, stack(0x0000000781500000,0x0000000781600000)]
  0x000001a14d6d1100 JavaThread "Attach Listener" daemon [_thread_blocked, id=13564, stack(0x0000000781600000,0x0000000781700000)]
  0x000001a14d6d1bb0 JavaThread "Service Thread" daemon [_thread_blocked, id=4792, stack(0x0000000781700000,0x0000000781800000)]
  0x000001a14d6d78d0 JavaThread "C2 CompilerThread0" daemon [_thread_blocked, id=14548, stack(0x0000000781800000,0x0000000781900000)]
  0x000001a14d6dd880 JavaThread "C1 CompilerThread0" daemon [_thread_blocked, id=5132, stack(0x0000000781900000,0x0000000781a00000)]
  0x000001a14d6eee40 JavaThread "Sweeper thread" daemon [_thread_blocked, id=11416, stack(0x0000000781a00000,0x0000000781b00000)]
  0x000001a14d7f5040 JavaThread "Common-Cleaner" daemon [_thread_blocked, id=5204, stack(0x0000000781b00000,0x0000000781c00000)]
  0x000001a14d8884e0 JavaThread "C2 CompilerThread1" daemon [_thread_in_native, id=7972, stack(0x0000000781c00000,0x0000000781d00000)]
  0x000001a14d8889f0 JavaThread "C2 CompilerThread2" daemon [_thread_blocked, id=10972, stack(0x0000000781d00000,0x0000000781e00000)]
  0x000001a14d9a6b30 JavaThread "Monitor Ctrl-Break" daemon [_thread_in_native, id=14236, stack(0x0000000781e00000,0x0000000781f00000)]
  0x000001a14d9a7000 JavaThread "Notification Thread" daemon [_thread_blocked, id=14084, stack(0x0000000781f00000,0x0000000782000000)]
  0x000001a14e57e720 JavaThread "JavaCPP Deallocator" daemon [_thread_blocked, id=12668, stack(0x0000000782600000,0x0000000782700000)]

Other Threads:
  0x000001a14ce48ae0 VMThread "VM Thread" [stack: 0x0000000781200000,0x0000000781300000] [id=13504]
  0x000001a14d6ce310 WatcherThread [stack: 0x0000000782000000,0x0000000782100000] [id=4284]
  0x000001a129590c20 GCTaskThread "GC Thread#0" [stack: 0x0000000780d00000,0x0000000780e00000] [id=9752]
  0x000001a14de131b0 GCTaskThread "GC Thread#1" [stack: 0x0000000782100000,0x0000000782200000] [id=7444]
  0x000001a14de11500 GCTaskThread "GC Thread#2" [stack: 0x0000000782200000,0x0000000782300000] [id=4776]
  0x000001a14de11830 GCTaskThread "GC Thread#3" [stack: 0x0000000782300000,0x0000000782400000] [id=16668]
  0x000001a14de13b40 GCTaskThread "GC Thread#4" [stack: 0x0000000782400000,0x0000000782500000] [id=10688]
  0x000001a14de111d0 GCTaskThread "GC Thread#5" [stack: 0x0000000782500000,0x0000000782600000] [id=6652]
  0x000001a1295a2c00 ConcurrentGCThread "G1 Main Marker" [stack: 0x0000000780e00000,0x0000000780f00000] [id=10196]
  0x000001a1295a4fa0 ConcurrentGCThread "G1 Conc#0" [stack: 0x0000000780f00000,0x0000000781000000] [id=13800]
  0x000001a12961e560 ConcurrentGCThread "G1 Refine#0" [stack: 0x0000000781000000,0x0000000781100000] [id=3836]
  0x000001a14ccc2380 ConcurrentGCThread "G1 Young RemSet Sampling" [stack: 0x0000000781100000,0x0000000781200000] [id=11760]

Threads with active compile tasks:
C2 CompilerThread1     1324 1041       4       java.io.File::<init> (47 bytes)

VM state: not at safepoint (normal execution)

VM Mutex/Monitor currently owned by a thread: None

Heap address: 0x00000004d7400000, size: 4048 MB, Compressed Oops mode: Zero based, Oop shift amount: 3
CDS archive(s) mapped at: [0x0000000800000000-0x0000000800b50000-0x0000000800b50000), size 11862016, SharedBaseAddress: 0x0000000800000000, ArchiveRelocationMode: 0.
Compressed class space mapped at: 0x0000000800b50000-0x0000000840b50000, size: 1073741824
Narrow klass base: 0x0000000800000000, Narrow klass shift: 3, Narrow klass range: 0x100000000

GC Precious Log:
 CPUs: 8 total, 8 available
 Memory: 16190M
 Large Page Support: Disabled
 NUMA Support: Disabled
 Compressed Oops: Enabled (Zero based)
 Heap Region Size: 2M
 Heap Min Capacity: 8M
 Heap Initial Capacity: 254M
 Heap Max Capacity: 4048M
 Pre-touch: Disabled
 Parallel Workers: 8
 Concurrent Workers: 2
 Concurrent Refinement Workers: 8
 Periodic GC: Disabled

Heap:
 garbage-first heap   total 260096K, used 14448K [0x00000004d7400000, 0x00000005d4400000)
  region size 2048K, 7 young (14336K), 2 survivors (4096K)
 Metaspace       used 4376K, capacity 6528K, committed 6656K, reserved 1056768K
  class space    used 451K, capacity 660K, committed 768K, reserved 1048576K

Heap Regions: E=young(eden), S=young(survivor), O=old, HS=humongous(starts), HC=humongous(continues), CS=collection set, F=free, OA=open archive, CA=closed archive, TAMS=top-at-mark-start (previous, next)
|   0|0x00000004d7400000, 0x00000004d7600000, 0x00000004d7600000|100%| O|  |TAMS 0x00000004d7400000, 0x00000004d7400000| Untracked 
|   1|0x00000004d7600000, 0x00000004d761c200, 0x00000004d7800000|  5%| O|  |TAMS 0x00000004d7600000, 0x00000004d7600000| Untracked 
|   2|0x00000004d7800000, 0x00000004d7800000, 0x00000004d7a00000|  0%| F|  |TAMS 0x00000004d7800000, 0x00000004d7800000| Untracked 
|   3|0x00000004d7a00000, 0x00000004d7a00000, 0x00000004d7c00000|  0%| F|  |TAMS 0x00000004d7a00000, 0x00000004d7a00000| Untracked 
|   4|0x00000004d7c00000, 0x00000004d7c00000, 0x00000004d7e00000|  0%| F|  |TAMS 0x00000004d7c00000, 0x00000004d7c00000| Untracked 
|   5|0x00000004d7e00000, 0x00000004d7e00000, 0x00000004d8000000|  0%| F|  |TAMS 0x00000004d7e00000, 0x00000004d7e00000| Untracked 
|   6|0x00000004d8000000, 0x00000004d8000000, 0x00000004d8200000|  0%| F|  |TAMS 0x00000004d8000000, 0x00000004d8000000| Untracked 
|   7|0x00000004d8200000, 0x00000004d8200000, 0x00000004d8400000|  0%| F|  |TAMS 0x00000004d8200000, 0x00000004d8200000| Untracked 
|   8|0x00000004d8400000, 0x00000004d8400000, 0x00000004d8600000|  0%| F|  |TAMS 0x00000004d8400000, 0x00000004d8400000| Untracked 
|   9|0x00000004d8600000, 0x00000004d8600000, 0x00000004d8800000|  0%| F|  |TAMS 0x00000004d8600000, 0x00000004d8600000| Untracked 
|  10|0x00000004d8800000, 0x00000004d8800000, 0x00000004d8a00000|  0%| F|  |TAMS 0x00000004d8800000, 0x00000004d8800000| Untracked 
|  11|0x00000004d8a00000, 0x00000004d8a00000, 0x00000004d8c00000|  0%| F|  |TAMS 0x00000004d8a00000, 0x00000004d8a00000| Untracked 
|  12|0x00000004d8c00000, 0x00000004d8c00000, 0x00000004d8e00000|  0%| F|  |TAMS 0x00000004d8c00000, 0x00000004d8c00000| Untracked 
|  13|0x00000004d8e00000, 0x00000004d8e00000, 0x00000004d9000000|  0%| F|  |TAMS 0x00000004d8e00000, 0x00000004d8e00000| Untracked 
|  14|0x00000004d9000000, 0x00000004d9000000, 0x00000004d9200000|  0%| F|  |TAMS 0x00000004d9000000, 0x00000004d9000000| Untracked 
|  15|0x00000004d9200000, 0x00000004d9200000, 0x00000004d9400000|  0%| F|  |TAMS 0x00000004d9200000, 0x00000004d9200000| Untracked 
|  16|0x00000004d9400000, 0x00000004d9400000, 0x00000004d9600000|  0%| F|  |TAMS 0x00000004d9400000, 0x00000004d9400000| Untracked 
|  17|0x00000004d9600000, 0x00000004d9600000, 0x00000004d9800000|  0%| F|  |TAMS 0x00000004d9600000, 0x00000004d9600000| Untracked 
|  18|0x00000004d9800000, 0x00000004d9800000, 0x00000004d9a00000|  0%| F|  |TAMS 0x00000004d9800000, 0x00000004d9800000| Untracked 
|  19|0x00000004d9a00000, 0x00000004d9a00000, 0x00000004d9c00000|  0%| F|  |TAMS 0x00000004d9a00000, 0x00000004d9a00000| Untracked 
|  20|0x00000004d9c00000, 0x00000004d9c00000, 0x00000004d9e00000|  0%| F|  |TAMS 0x00000004d9c00000, 0x00000004d9c00000| Untracked 
|  21|0x00000004d9e00000, 0x00000004d9e00000, 0x00000004da000000|  0%| F|  |TAMS 0x00000004d9e00000, 0x00000004d9e00000| Untracked 
|  22|0x00000004da000000, 0x00000004da000000, 0x00000004da200000|  0%| F|  |TAMS 0x00000004da000000, 0x00000004da000000| Untracked 
|  23|0x00000004da200000, 0x00000004da200000, 0x00000004da400000|  0%| F|  |TAMS 0x00000004da200000, 0x00000004da200000| Untracked 
|  24|0x00000004da400000, 0x00000004da400000, 0x00000004da600000|  0%| F|  |TAMS 0x00000004da400000, 0x00000004da400000| Untracked 
|  25|0x00000004da600000, 0x00000004da600000, 0x00000004da800000|  0%| F|  |TAMS 0x00000004da600000, 0x00000004da600000| Untracked 
|  26|0x00000004da800000, 0x00000004da800000, 0x00000004daa00000|  0%| F|  |TAMS 0x00000004da800000, 0x00000004da800000| Untracked 
|  27|0x00000004daa00000, 0x00000004daa00000, 0x00000004dac00000|  0%| F|  |TAMS 0x00000004daa00000, 0x00000004daa00000| Untracked 
|  28|0x00000004dac00000, 0x00000004dac00000, 0x00000004dae00000|  0%| F|  |TAMS 0x00000004dac00000, 0x00000004dac00000| Untracked 
|  29|0x00000004dae00000, 0x00000004dae00000, 0x00000004db000000|  0%| F|  |TAMS 0x00000004dae00000, 0x00000004dae00000| Untracked 
|  30|0x00000004db000000, 0x00000004db000000, 0x00000004db200000|  0%| F|  |TAMS 0x00000004db000000, 0x00000004db000000| Untracked 
|  31|0x00000004db200000, 0x00000004db200000, 0x00000004db400000|  0%| F|  |TAMS 0x00000004db200000, 0x00000004db200000| Untracked 
|  32|0x00000004db400000, 0x00000004db400000, 0x00000004db600000|  0%| F|  |TAMS 0x00000004db400000, 0x00000004db400000| Untracked 
|  33|0x00000004db600000, 0x00000004db600000, 0x00000004db800000|  0%| F|  |TAMS 0x00000004db600000, 0x00000004db600000| Untracked 
|  34|0x00000004db800000, 0x00000004db800000, 0x00000004dba00000|  0%| F|  |TAMS 0x00000004db800000, 0x00000004db800000| Untracked 
|  35|0x00000004dba00000, 0x00000004dba00000, 0x00000004dbc00000|  0%| F|  |TAMS 0x00000004dba00000, 0x00000004dba00000| Untracked 
|  36|0x00000004dbc00000, 0x00000004dbc00000, 0x00000004dbe00000|  0%| F|  |TAMS 0x00000004dbc00000, 0x00000004dbc00000| Untracked 
|  37|0x00000004dbe00000, 0x00000004dbe00000, 0x00000004dc000000|  0%| F|  |TAMS 0x00000004dbe00000, 0x00000004dbe00000| Untracked 
|  38|0x00000004dc000000, 0x00000004dc000000, 0x00000004dc200000|  0%| F|  |TAMS 0x00000004dc000000, 0x00000004dc000000| Untracked 
|  39|0x00000004dc200000, 0x00000004dc200000, 0x00000004dc400000|  0%| F|  |TAMS 0x00000004dc200000, 0x00000004dc200000| Untracked 
|  40|0x00000004dc400000, 0x00000004dc400000, 0x00000004dc600000|  0%| F|  |TAMS 0x00000004dc400000, 0x00000004dc400000| Untracked 
|  41|0x00000004dc600000, 0x00000004dc600000, 0x00000004dc800000|  0%| F|  |TAMS 0x00000004dc600000, 0x00000004dc600000| Untracked 
|  42|0x00000004dc800000, 0x00000004dc800000, 0x00000004dca00000|  0%| F|  |TAMS 0x00000004dc800000, 0x00000004dc800000| Untracked 
|  43|0x00000004dca00000, 0x00000004dca00000, 0x00000004dcc00000|  0%| F|  |TAMS 0x00000004dca00000, 0x00000004dca00000| Untracked 
|  44|0x00000004dcc00000, 0x00000004dcc00000, 0x00000004dce00000|  0%| F|  |TAMS 0x00000004dcc00000, 0x00000004dcc00000| Untracked 
|  45|0x00000004dce00000, 0x00000004dce00000, 0x00000004dd000000|  0%| F|  |TAMS 0x00000004dce00000, 0x00000004dce00000| Untracked 
|  46|0x00000004dd000000, 0x00000004dd000000, 0x00000004dd200000|  0%| F|  |TAMS 0x00000004dd000000, 0x00000004dd000000| Untracked 
|  47|0x00000004dd200000, 0x00000004dd200000, 0x00000004dd400000|  0%| F|  |TAMS 0x00000004dd200000, 0x00000004dd200000| Untracked 
|  48|0x00000004dd400000, 0x00000004dd400000, 0x00000004dd600000|  0%| F|  |TAMS 0x00000004dd400000, 0x00000004dd400000| Untracked 
|  49|0x00000004dd600000, 0x00000004dd600000, 0x00000004dd800000|  0%| F|  |TAMS 0x00000004dd600000, 0x00000004dd600000| Untracked 
|  50|0x00000004dd800000, 0x00000004dd800000, 0x00000004dda00000|  0%| F|  |TAMS 0x00000004dd800000, 0x00000004dd800000| Untracked 
|  51|0x00000004dda00000, 0x00000004dda00000, 0x00000004ddc00000|  0%| F|  |TAMS 0x00000004dda00000, 0x00000004dda00000| Untracked 
|  52|0x00000004ddc00000, 0x00000004ddc00000, 0x00000004dde00000|  0%| F|  |TAMS 0x00000004ddc00000, 0x00000004ddc00000| Untracked 
|  53|0x00000004dde00000, 0x00000004dde00000, 0x00000004de000000|  0%| F|  |TAMS 0x00000004dde00000, 0x00000004dde00000| Untracked 
|  54|0x00000004de000000, 0x00000004de000000, 0x00000004de200000|  0%| F|  |TAMS 0x00000004de000000, 0x00000004de000000| Untracked 
|  55|0x00000004de200000, 0x00000004de200000, 0x00000004de400000|  0%| F|  |TAMS 0x00000004de200000, 0x00000004de200000| Untracked 
|  56|0x00000004de400000, 0x00000004de400000, 0x00000004de600000|  0%| F|  |TAMS 0x00000004de400000, 0x00000004de400000| Untracked 
|  57|0x00000004de600000, 0x00000004de600000, 0x00000004de800000|  0%| F|  |TAMS 0x00000004de600000, 0x00000004de600000| Untracked 
|  58|0x00000004de800000, 0x00000004de800000, 0x00000004dea00000|  0%| F|  |TAMS 0x00000004de800000, 0x00000004de800000| Untracked 
|  59|0x00000004dea00000, 0x00000004dea00000, 0x00000004dec00000|  0%| F|  |TAMS 0x00000004dea00000, 0x00000004dea00000| Untracked 
|  60|0x00000004dec00000, 0x00000004dec00000, 0x00000004dee00000|  0%| F|  |TAMS 0x00000004dec00000, 0x00000004dec00000| Untracked 
|  61|0x00000004dee00000, 0x00000004dee00000, 0x00000004df000000|  0%| F|  |TAMS 0x00000004dee00000, 0x00000004dee00000| Untracked 
|  62|0x00000004df000000, 0x00000004df000000, 0x00000004df200000|  0%| F|  |TAMS 0x00000004df000000, 0x00000004df000000| Untracked 
|  63|0x00000004df200000, 0x00000004df200000, 0x00000004df400000|  0%| F|  |TAMS 0x00000004df200000, 0x00000004df200000| Untracked 
|  64|0x00000004df400000, 0x00000004df400000, 0x00000004df600000|  0%| F|  |TAMS 0x00000004df400000, 0x00000004df400000| Untracked 
|  65|0x00000004df600000, 0x00000004df600000, 0x00000004df800000|  0%| F|  |TAMS 0x00000004df600000, 0x00000004df600000| Untracked 
|  66|0x00000004df800000, 0x00000004df800000, 0x00000004dfa00000|  0%| F|  |TAMS 0x00000004df800000, 0x00000004df800000| Untracked 
|  67|0x00000004dfa00000, 0x00000004dfa00000, 0x00000004dfc00000|  0%| F|  |TAMS 0x00000004dfa00000, 0x00000004dfa00000| Untracked 
|  68|0x00000004dfc00000, 0x00000004dfc00000, 0x00000004dfe00000|  0%| F|  |TAMS 0x00000004dfc00000, 0x00000004dfc00000| Untracked 
|  69|0x00000004dfe00000, 0x00000004dfe00000, 0x00000004e0000000|  0%| F|  |TAMS 0x00000004dfe00000, 0x00000004dfe00000| Untracked 
|  70|0x00000004e0000000, 0x00000004e0000000, 0x00000004e0200000|  0%| F|  |TAMS 0x00000004e0000000, 0x00000004e0000000| Untracked 
|  71|0x00000004e0200000, 0x00000004e0200000, 0x00000004e0400000|  0%| F|  |TAMS 0x00000004e0200000, 0x00000004e0200000| Untracked 
|  72|0x00000004e0400000, 0x00000004e0400000, 0x00000004e0600000|  0%| F|  |TAMS 0x00000004e0400000, 0x00000004e0400000| Untracked 
|  73|0x00000004e0600000, 0x00000004e0600000, 0x00000004e0800000|  0%| F|  |TAMS 0x00000004e0600000, 0x00000004e0600000| Untracked 
|  74|0x00000004e0800000, 0x00000004e0800000, 0x00000004e0a00000|  0%| F|  |TAMS 0x00000004e0800000, 0x00000004e0800000| Untracked 
|  75|0x00000004e0a00000, 0x00000004e0a00000, 0x00000004e0c00000|  0%| F|  |TAMS 0x00000004e0a00000, 0x00000004e0a00000| Untracked 
|  76|0x00000004e0c00000, 0x00000004e0c00000, 0x00000004e0e00000|  0%| F|  |TAMS 0x00000004e0c00000, 0x00000004e0c00000| Untracked 
|  77|0x00000004e0e00000, 0x00000004e0e00000, 0x00000004e1000000|  0%| F|  |TAMS 0x00000004e0e00000, 0x00000004e0e00000| Untracked 
|  78|0x00000004e1000000, 0x00000004e1000000, 0x00000004e1200000|  0%| F|  |TAMS 0x00000004e1000000, 0x00000004e1000000| Untracked 
|  79|0x00000004e1200000, 0x00000004e1200000, 0x00000004e1400000|  0%| F|  |TAMS 0x00000004e1200000, 0x00000004e1200000| Untracked 
|  80|0x00000004e1400000, 0x00000004e1400000, 0x00000004e1600000|  0%| F|  |TAMS 0x00000004e1400000, 0x00000004e1400000| Untracked 
|  81|0x00000004e1600000, 0x00000004e1600000, 0x00000004e1800000|  0%| F|  |TAMS 0x00000004e1600000, 0x00000004e1600000| Untracked 
|  82|0x00000004e1800000, 0x00000004e1800000, 0x00000004e1a00000|  0%| F|  |TAMS 0x00000004e1800000, 0x00000004e1800000| Untracked 
|  83|0x00000004e1a00000, 0x00000004e1a00000, 0x00000004e1c00000|  0%| F|  |TAMS 0x00000004e1a00000, 0x00000004e1a00000| Untracked 
|  84|0x00000004e1c00000, 0x00000004e1c00000, 0x00000004e1e00000|  0%| F|  |TAMS 0x00000004e1c00000, 0x00000004e1c00000| Untracked 
|  85|0x00000004e1e00000, 0x00000004e1e00000, 0x00000004e2000000|  0%| F|  |TAMS 0x00000004e1e00000, 0x00000004e1e00000| Untracked 
|  86|0x00000004e2000000, 0x00000004e2000000, 0x00000004e2200000|  0%| F|  |TAMS 0x00000004e2000000, 0x00000004e2000000| Untracked 
|  87|0x00000004e2200000, 0x00000004e2200000, 0x00000004e2400000|  0%| F|  |TAMS 0x00000004e2200000, 0x00000004e2200000| Untracked 
|  88|0x00000004e2400000, 0x00000004e2400000, 0x00000004e2600000|  0%| F|  |TAMS 0x00000004e2400000, 0x00000004e2400000| Untracked 
|  89|0x00000004e2600000, 0x00000004e2600000, 0x00000004e2800000|  0%| F|  |TAMS 0x00000004e2600000, 0x00000004e2600000| Untracked 
|  90|0x00000004e2800000, 0x00000004e2800000, 0x00000004e2a00000|  0%| F|  |TAMS 0x00000004e2800000, 0x00000004e2800000| Untracked 
|  91|0x00000004e2a00000, 0x00000004e2a00000, 0x00000004e2c00000|  0%| F|  |TAMS 0x00000004e2a00000, 0x00000004e2a00000| Untracked 
|  92|0x00000004e2c00000, 0x00000004e2c00000, 0x00000004e2e00000|  0%| F|  |TAMS 0x00000004e2c00000, 0x00000004e2c00000| Untracked 
|  93|0x00000004e2e00000, 0x00000004e2e00000, 0x00000004e3000000|  0%| F|  |TAMS 0x00000004e2e00000, 0x00000004e2e00000| Untracked 
|  94|0x00000004e3000000, 0x00000004e3000000, 0x00000004e3200000|  0%| F|  |TAMS 0x00000004e3000000, 0x00000004e3000000| Untracked 
|  95|0x00000004e3200000, 0x00000004e3200000, 0x00000004e3400000|  0%| F|  |TAMS 0x00000004e3200000, 0x00000004e3200000| Untracked 
|  96|0x00000004e3400000, 0x00000004e3400000, 0x00000004e3600000|  0%| F|  |TAMS 0x00000004e3400000, 0x00000004e3400000| Untracked 
|  97|0x00000004e3600000, 0x00000004e3600000, 0x00000004e3800000|  0%| F|  |TAMS 0x00000004e3600000, 0x00000004e3600000| Untracked 
|  98|0x00000004e3800000, 0x00000004e3800000, 0x00000004e3a00000|  0%| F|  |TAMS 0x00000004e3800000, 0x00000004e3800000| Untracked 
|  99|0x00000004e3a00000, 0x00000004e3a00000, 0x00000004e3c00000|  0%| F|  |TAMS 0x00000004e3a00000, 0x00000004e3a00000| Untracked 
| 100|0x00000004e3c00000, 0x00000004e3c00000, 0x00000004e3e00000|  0%| F|  |TAMS 0x00000004e3c00000, 0x00000004e3c00000| Untracked 
| 101|0x00000004e3e00000, 0x00000004e3e00000, 0x00000004e4000000|  0%| F|  |TAMS 0x00000004e3e00000, 0x00000004e3e00000| Untracked 
| 102|0x00000004e4000000, 0x00000004e4000000, 0x00000004e4200000|  0%| F|  |TAMS 0x00000004e4000000, 0x00000004e4000000| Untracked 
| 103|0x00000004e4200000, 0x00000004e4200000, 0x00000004e4400000|  0%| F|  |TAMS 0x00000004e4200000, 0x00000004e4200000| Untracked 
| 104|0x00000004e4400000, 0x00000004e4400000, 0x00000004e4600000|  0%| F|  |TAMS 0x00000004e4400000, 0x00000004e4400000| Untracked 
| 105|0x00000004e4600000, 0x00000004e4600000, 0x00000004e4800000|  0%| F|  |TAMS 0x00000004e4600000, 0x00000004e4600000| Untracked 
| 106|0x00000004e4800000, 0x00000004e4800000, 0x00000004e4a00000|  0%| F|  |TAMS 0x00000004e4800000, 0x00000004e4800000| Untracked 
| 107|0x00000004e4a00000, 0x00000004e4a00000, 0x00000004e4c00000|  0%| F|  |TAMS 0x00000004e4a00000, 0x00000004e4a00000| Untracked 
| 108|0x00000004e4c00000, 0x00000004e4c00000, 0x00000004e4e00000|  0%| F|  |TAMS 0x00000004e4c00000, 0x00000004e4c00000| Untracked 
| 109|0x00000004e4e00000, 0x00000004e4e00000, 0x00000004e5000000|  0%| F|  |TAMS 0x00000004e4e00000, 0x00000004e4e00000| Untracked 
| 110|0x00000004e5000000, 0x00000004e5000000, 0x00000004e5200000|  0%| F|  |TAMS 0x00000004e5000000, 0x00000004e5000000| Untracked 
| 111|0x00000004e5200000, 0x00000004e5200000, 0x00000004e5400000|  0%| F|  |TAMS 0x00000004e5200000, 0x00000004e5200000| Untracked 
| 112|0x00000004e5400000, 0x00000004e5400000, 0x00000004e5600000|  0%| F|  |TAMS 0x00000004e5400000, 0x00000004e5400000| Untracked 
| 113|0x00000004e5600000, 0x00000004e5600000, 0x00000004e5800000|  0%| F|  |TAMS 0x00000004e5600000, 0x00000004e5600000| Untracked 
| 114|0x00000004e5800000, 0x00000004e5a00000, 0x00000004e5a00000|100%| S|CS|TAMS 0x00000004e5800000, 0x00000004e5800000| Complete 
| 115|0x00000004e5a00000, 0x00000004e5c00000, 0x00000004e5c00000|100%| S|CS|TAMS 0x00000004e5a00000, 0x00000004e5a00000| Complete 
| 116|0x00000004e5c00000, 0x00000004e5c00000, 0x00000004e5e00000|  0%| F|  |TAMS 0x00000004e5c00000, 0x00000004e5c00000| Untracked 
| 117|0x00000004e5e00000, 0x00000004e5e00000, 0x00000004e6000000|  0%| F|  |TAMS 0x00000004e5e00000, 0x00000004e5e00000| Untracked 
| 118|0x00000004e6000000, 0x00000004e6000000, 0x00000004e6200000|  0%| F|  |TAMS 0x00000004e6000000, 0x00000004e6000000| Untracked 
| 119|0x00000004e6200000, 0x00000004e6200000, 0x00000004e6400000|  0%| F|  |TAMS 0x00000004e6200000, 0x00000004e6200000| Untracked 
| 120|0x00000004e6400000, 0x00000004e6400000, 0x00000004e6600000|  0%| F|  |TAMS 0x00000004e6400000, 0x00000004e6400000| Untracked 
| 121|0x00000004e6600000, 0x00000004e6600000, 0x00000004e6800000|  0%| F|  |TAMS 0x00000004e6600000, 0x00000004e6600000| Untracked 
| 122|0x00000004e6800000, 0x00000004e68f3b00, 0x00000004e6a00000| 47%| E|  |TAMS 0x00000004e6800000, 0x00000004e6800000| Complete 
| 123|0x00000004e6a00000, 0x00000004e6c00000, 0x00000004e6c00000|100%| E|CS|TAMS 0x00000004e6a00000, 0x00000004e6a00000| Complete 
| 124|0x00000004e6c00000, 0x00000004e6e00000, 0x00000004e6e00000|100%| E|CS|TAMS 0x00000004e6c00000, 0x00000004e6c00000| Complete 
| 125|0x00000004e6e00000, 0x00000004e7000000, 0x00000004e7000000|100%| E|CS|TAMS 0x00000004e6e00000, 0x00000004e6e00000| Complete 
| 126|0x00000004e7000000, 0x00000004e7200000, 0x00000004e7200000|100%| E|CS|TAMS 0x00000004e7000000, 0x00000004e7000000| Complete 

Card table byte_map: [0x000001a141570000,0x000001a141d60000] _byte_map_base: 0x000001a13eeb6000

Marking Bits (Prev, Next): (CMBitMap*) 0x000001a1295924a0, (CMBitMap*) 0x000001a1295924e0
 Prev Bits: [0x000001a142550000, 0x000001a146490000)
 Next Bits: [0x000001a146490000, 0x000001a14a3d0000)

Polling page: 0x000001a127560000

Metaspace:

Usage:
  Non-class:      5.73 MB capacity,     3.83 MB ( 67%) used,     1.89 MB ( 33%) free+waste,     3.38 KB ( <1%) overhead. 
      Class:    660.00 KB capacity,   451.78 KB ( 68%) used,   206.72 KB ( 31%) free+waste,     1.50 KB ( <1%) overhead. 
       Both:      6.38 MB capacity,     4.27 MB ( 67%) used,     2.10 MB ( 33%) free+waste,     4.88 KB ( <1%) overhead. 

Virtual space:
  Non-class space:        8.00 MB reserved,       5.75 MB ( 72%) committed 
      Class space:        1.00 GB reserved,     768.00 KB ( <1%) committed 
             Both:        1.01 GB reserved,       6.50 MB ( <1%) committed 

Chunk freelists:
   Non-Class:  20.00 KB
       Class:  12.00 KB
        Both:  32.00 KB

MaxMetaspaceSize: 17179869184.00 GB
CompressedClassSpaceSize: 1.00 GB

CodeHeap 'non-profiled nmethods': size=120000Kb used=463Kb max_used=463Kb free=119536Kb
 bounds [0x000001a139520000, 0x000001a139790000, 0x000001a140a50000]
CodeHeap 'profiled nmethods': size=120000Kb used=2038Kb max_used=2038Kb free=117961Kb
 bounds [0x000001a131ff0000, 0x000001a132260000, 0x000001a139520000]
CodeHeap 'non-nmethods': size=5760Kb used=1180Kb max_used=1230Kb free=4579Kb
 bounds [0x000001a131a50000, 0x000001a131cc0000, 0x000001a131ff0000]
 total_blobs=1481 nmethods=1042 adapters=352
 compilation: enabled
              stopped_count=0, restarted_count=0
 full_count=0

Compilation events (20 events):
Event: 1.166 Thread 0x000001a14d6dd880 1034       3       java.net.URI::isAbsolute (13 bytes)
Event: 1.166 Thread 0x000001a14d6dd880 nmethod 1034 0x000001a1321ea290 code [0x000001a1321ea420, 0x000001a1321ea578]
Event: 1.167 Thread 0x000001a14d8884e0 nmethod 1031 0x000001a139589d10 code [0x000001a139589ec0, 0x000001a13958a188]
Event: 1.167 Thread 0x000001a14d8884e0 1024 %     4       java.net.URI$Parser::scan @ 3 (41 bytes)
Event: 1.167 Thread 0x000001a14d6dd880 1035       3       sun.nio.fs.WindowsPath::<init> (26 bytes)
Event: 1.167 Thread 0x000001a14d6dd880 nmethod 1035 0x000001a1321ea610 code [0x000001a1321ea7c0, 0x000001a1321eaab8]
Event: 1.169 Thread 0x000001a14d6dd880 1036       3       java.net.URI$Parser::checkChar (14 bytes)
Event: 1.169 Thread 0x000001a14d6dd880 nmethod 1036 0x000001a1321eab90 code [0x000001a1321ead40, 0x000001a1321eae88]
Event: 1.179 Thread 0x000001a14d8884e0 nmethod 1024% 0x000001a13958a510 code [0x000001a13958a6c0, 0x000001a13958aba8]
Event: 1.184 Thread 0x000001a14d6dd880 1037       3       java.net.URI::<init> (23 bytes)
Event: 1.184 Thread 0x000001a14d6dd880 nmethod 1037 0x000001a1321eaf90 code [0x000001a1321eb160, 0x000001a1321eb548]
Event: 1.184 Thread 0x000001a14d6dd880 1038       3       java.io.File::<init> (196 bytes)
Event: 1.184 Thread 0x000001a14d8884e0 1041       4       java.io.File::<init> (47 bytes)
Event: 1.185 Thread 0x000001a14d6dd880 nmethod 1038 0x000001a1321eb690 code [0x000001a1321eb980, 0x000001a1321ec888]
Event: 1.185 Thread 0x000001a14d6dd880 1039       3       java.lang.IllegalArgumentException::<init> (6 bytes)
Event: 1.186 Thread 0x000001a14d6dd880 nmethod 1039 0x000001a1321ecd10 code [0x000001a1321ecec0, 0x000001a1321ed0a8]
Event: 1.186 Thread 0x000001a14d6dd880 1040       3       java.lang.RuntimeException::<init> (6 bytes)
Event: 1.186 Thread 0x000001a14d6dd880 nmethod 1040 0x000001a1321ed190 code [0x000001a1321ed340, 0x000001a1321ed4c8]
Event: 1.188 Thread 0x000001a14d6dd880 1042       3       java.util.ArrayDeque::pop (5 bytes)
Event: 1.189 Thread 0x000001a14d6dd880 nmethod 1042 0x000001a1321ed590 code [0x000001a1321ed760, 0x000001a1321ed9b8]

GC Heap History (2 events):
Event: 0.883 GC heap before
{Heap before GC invocations=0 (full 0):
 garbage-first heap   total 260096K, used 22528K [0x00000004d7400000, 0x00000005d4400000)
  region size 2048K, 11 young (22528K), 0 survivors (0K)
 Metaspace       used 3563K, capacity 6163K, committed 6272K, reserved 1056768K
  class space    used 336K, capacity 561K, committed 640K, reserved 1048576K
}
Event: 0.887 GC heap after
{Heap after GC invocations=1 (full 0):
 garbage-first heap   total 260096K, used 6256K [0x00000004d7400000, 0x00000005d4400000)
  region size 2048K, 2 young (4096K), 2 survivors (4096K)
 Metaspace       used 3563K, capacity 6163K, committed 6272K, reserved 1056768K
  class space    used 336K, capacity 561K, committed 640K, reserved 1048576K
}

Deoptimization events (20 events):
Event: 1.051 Thread 0x000001a1295441c0 DEOPT PACKING pc=0x000001a139557620 sp=0x0000000780cfdf70
Event: 1.051 Thread 0x000001a1295441c0 DEOPT UNPACKING pc=0x000001a131a9e42f sp=0x0000000780cfdef0 mode 2
Event: 1.055 Thread 0x000001a1295441c0 Uncommon trap: trap_request=0xffffff45 fr.pc=0x000001a13953f638 relative=0x00000000000004f8
Event: 1.055 Thread 0x000001a1295441c0 Uncommon trap: reason=unstable_if action=reinterpret pc=0x000001a13953f638 method=java.lang.AbstractStringBuilder.putStringAt(ILjava/lang/String;)V @ 8 c2
Event: 1.055 Thread 0x000001a1295441c0 DEOPT PACKING pc=0x000001a13953f638 sp=0x0000000780cfe360
Event: 1.055 Thread 0x000001a1295441c0 DEOPT UNPACKING pc=0x000001a131a9e42f sp=0x0000000780cfe268 mode 2
Event: 1.055 Thread 0x000001a1295441c0 Uncommon trap: trap_request=0xffffff45 fr.pc=0x000001a139554da4 relative=0x0000000000000384
Event: 1.055 Thread 0x000001a1295441c0 Uncommon trap: reason=unstable_if action=reinterpret pc=0x000001a139554da4 method=java.lang.AbstractStringBuilder.isLatin1()Z @ 10 c2
Event: 1.055 Thread 0x000001a1295441c0 DEOPT PACKING pc=0x000001a139554da4 sp=0x0000000780cfe370
Event: 1.055 Thread 0x000001a1295441c0 DEOPT UNPACKING pc=0x000001a131a9e42f sp=0x0000000780cfe2f0 mode 2
Event: 1.153 Thread 0x000001a1295441c0 DEOPT PACKING pc=0x000001a13210d133 sp=0x0000000780cfdc70
Event: 1.153 Thread 0x000001a1295441c0 DEOPT UNPACKING pc=0x000001a131a9e23f sp=0x0000000780cfd190 mode 0
Event: 1.158 Thread 0x000001a14d6d1100 Uncommon trap: trap_request=0xffffff45 fr.pc=0x000001a13955a6b4 relative=0x00000000000005f4
Event: 1.158 Thread 0x000001a14d6d1100 Uncommon trap: reason=unstable_if action=reinterpret pc=0x000001a13955a6b4 method=java.lang.Integer.getChars(II[B)I @ 25 c2
Event: 1.158 Thread 0x000001a14d6d1100 DEOPT PACKING pc=0x000001a13955a6b4 sp=0x00000007816ff1f0
Event: 1.158 Thread 0x000001a14d6d1100 DEOPT UNPACKING pc=0x000001a131a9e42f sp=0x00000007816ff128 mode 2
Event: 1.170 Thread 0x000001a1295441c0 DEOPT PACKING pc=0x000001a13210d133 sp=0x0000000780cfd900
Event: 1.170 Thread 0x000001a1295441c0 DEOPT UNPACKING pc=0x000001a131a9e23f sp=0x0000000780cfce20 mode 0
Event: 1.184 Thread 0x000001a1295441c0 DEOPT PACKING pc=0x000001a13210d133 sp=0x0000000780cfd970
Event: 1.184 Thread 0x000001a1295441c0 DEOPT UNPACKING pc=0x000001a131a9e23f sp=0x0000000780cfce90 mode 0

Classes unloaded (0 events):
No events

Classes redefined (0 events):
No events

Internal exceptions (8 events):
Event: 0.308 Thread 0x000001a14d9a6b30 Exception <a 'java/lang/NoSuchMethodError'{0x00000004e6b6d638}: 'java.lang.Object java.lang.invoke.DirectMethodHandle$Holder.invokeStatic(java.lang.Object)'> (0x00000004e6b6d638) 
thrown [./src/hotspot/share/interpreter/linkResolver.cpp, line 782]
Event: 0.309 Thread 0x000001a14d9a6b30 Exception <a 'java/lang/NoSuchMethodError'{0x00000004e6b70f48}: 'java.lang.Object java.lang.invoke.DirectMethodHandle$Holder.invokeStaticInit(java.lang.Object)'> (0x00000004e6b70f48) 
thrown [./src/hotspot/share/interpreter/linkResolver.cpp, line 782]
Event: 0.319 Thread 0x000001a14d9a6b30 Exception <a 'java/lang/NoSuchMethodError'{0x00000004e6b7e428}: 'void java.lang.invoke.DirectMethodHandle$Holder.invokeStatic(java.lang.Object, java.lang.Object)'> (0x00000004e6b7e428) 
thrown [./src/hotspot/share/interpreter/linkResolver.cpp, line 782]
Event: 0.517 Thread 0x000001a1295441c0 Exception <a 'java/lang/NoSuchMethodError'{0x00000004e6487600}: 'int java.lang.invoke.DirectMethodHandle$Holder.invokeStaticInit(java.lang.Object, java.lang.Object, java.lang.Object, java.lang.Object)'> (0x00000004e6487600) 
thrown [./src/hotspot/share/interpreter/linkResolver.cpp, line 782]
Event: 0.520 Thread 0x000001a1295441c0 Exception <a 'java/lang/NoSuchMethodError'{0x00000004e6492240}: 'java.lang.Object java.lang.invoke.DirectMethodHandle$Holder.invokeInterface(java.lang.Object, java.lang.Object)'> (0x00000004e6492240) 
thrown [./src/hotspot/share/interpreter/linkResolver.cpp, line 782]
Event: 0.520 Thread 0x000001a1295441c0 Exception <a 'java/lang/IncompatibleClassChangeError'{0x00000004e6495990}: Found class java.lang.Object, but interface was expected> (0x00000004e6495990) 
thrown [./src/hotspot/share/interpreter/linkResolver.cpp, line 848]
Event: 0.521 Thread 0x000001a1295441c0 Exception <a 'java/lang/NoSuchMethodError'{0x00000004e6498bd8}: 'void java.lang.invoke.DirectMethodHandle$Holder.invokeStaticInit(java.lang.Object, java.lang.Object)'> (0x00000004e6498bd8) 
thrown [./src/hotspot/share/interpreter/linkResolver.cpp, line 782]
Event: 0.523 Thread 0x000001a1295441c0 Exception <a 'java/lang/NoSuchMethodError'{0x00000004e649ed10}: 'int java.lang.invoke.DirectMethodHandle$Holder.invokeStaticInit(java.lang.Object, java.lang.Object)'> (0x00000004e649ed10) 
thrown [./src/hotspot/share/interpreter/linkResolver.cpp, line 782]

Events (20 events):
Event: 1.144 loading class sun/util/locale/provider/TimeZoneNameProviderImpl done
Event: 1.144 loading class sun/util/cldr/CLDRTimeZoneNameProviderImpl done
Event: 1.148 loading class sun/util/locale/provider/BaseLocaleDataMetaInfo
Event: 1.148 loading class sun/util/locale/provider/BaseLocaleDataMetaInfo done
Event: 1.150 loading class sun/util/resources/cldr/TimeZoneNames
Event: 1.151 loading class sun/util/resources/TimeZoneNamesBundle
Event: 1.151 loading class sun/util/resources/OpenListResourceBundle
Event: 1.151 loading class sun/util/resources/OpenListResourceBundle done
Event: 1.151 loading class sun/util/resources/TimeZoneNamesBundle done
Event: 1.151 loading class sun/util/resources/cldr/TimeZoneNames done
Event: 1.152 loading class sun/util/resources/cldr/TimeZoneNames_en
Event: 1.152 loading class sun/util/resources/cldr/TimeZoneNames_en done
Event: 1.153 loading class sun/util/resources/cldr/TimeZoneNames_en_US
Event: 1.153 loading class sun/util/resources/cldr/TimeZoneNames_en_US done
Event: 1.154 loading class java/util/LinkedHashMap$LinkedKeySet
Event: 1.154 loading class java/util/LinkedHashMap$LinkedKeySet done
Event: 1.155 loading class sun/util/resources/TimeZoneNames
Event: 1.156 loading class sun/util/resources/TimeZoneNames done
Event: 1.156 loading class sun/util/resources/TimeZoneNames_en
Event: 1.156 loading class sun/util/resources/TimeZoneNames_en done


Dynamic libraries:
0x00007ff715ef0000 - 0x00007ff715efd000 	C:\Program Files\AdoptOpenJDK\jdk-15.0.2.7-hotspot\bin\java.exe
0x00007ff9efcd0000 - 0x00007ff9efec8000 	C:\WINDOWS\SYSTEM32\ntdll.dll
0x00007ff9ef670000 - 0x00007ff9ef72f000 	C:\WINDOWS\System32\KERNEL32.DLL
0x00007ff9ed8b0000 - 0x00007ff9edb82000 	C:\WINDOWS\System32\KERNELBASE.dll
0x00007ff9e60f0000 - 0x00007ff9e6108000 	C:\Program Files\AdoptOpenJDK\jdk-15.0.2.7-hotspot\bin\jli.dll
0x00007ff9de910000 - 0x00007ff9de925000 	C:\Program Files\AdoptOpenJDK\jdk-15.0.2.7-hotspot\bin\VCRUNTIME140.dll
0x00007ff9ed520000 - 0x00007ff9ed620000 	C:\WINDOWS\System32\ucrtbase.dll
0x00007ff9ef240000 - 0x00007ff9ef3e1000 	C:\WINDOWS\System32\USER32.dll
0x00007ff9ed620000 - 0x00007ff9ed642000 	C:\WINDOWS\System32\win32u.dll
0x00007ff9ef000000 - 0x00007ff9ef02b000 	C:\WINDOWS\System32\GDI32.dll
0x00007ff9cefb0000 - 0x00007ff9cf24a000 	C:\WINDOWS\WinSxS\amd64_microsoft.windows.common-controls_6595b64144ccf1df_6.0.19041.1110_none_60b5254171f9507e\COMCTL32.dll
0x00007ff9edd10000 - 0x00007ff9eddae000 	C:\WINDOWS\System32\msvcrt.dll
0x00007ff9ed3c0000 - 0x00007ff9ed4cf000 	C:\WINDOWS\System32\gdi32full.dll
0x00007ff9edc40000 - 0x00007ff9edcdd000 	C:\WINDOWS\System32\msvcp_win.dll
0x00007ff9ef7e0000 - 0x00007ff9ef812000 	C:\WINDOWS\System32\IMM32.DLL
0x00007ff9c57b0000 - 0x00007ff9c584b000 	C:\Program Files\AdoptOpenJDK\jdk-15.0.2.7-hotspot\bin\msvcp140.dll
0x00007ff9595c0000 - 0x00007ff95a14f000 	C:\Program Files\AdoptOpenJDK\jdk-15.0.2.7-hotspot\bin\server\jvm.dll
0x00007ff9ef730000 - 0x00007ff9ef7de000 	C:\WINDOWS\System32\ADVAPI32.dll
0x00007ff9ef5d0000 - 0x00007ff9ef66c000 	C:\WINDOWS\System32\sechost.dll
0x00007ff9ef4a0000 - 0x00007ff9ef5c5000 	C:\WINDOWS\System32\RPCRT4.dll
0x00007ff9eee20000 - 0x00007ff9eee28000 	C:\WINDOWS\System32\PSAPI.DLL
0x00007ff9cef90000 - 0x00007ff9cef99000 	C:\WINDOWS\SYSTEM32\WSOCK32.dll
0x00007ff9ee560000 - 0x00007ff9ee5cb000 	C:\WINDOWS\System32\WS2_32.dll
0x00007ff9cdfe0000 - 0x00007ff9ce007000 	C:\WINDOWS\SYSTEM32\WINMM.dll
0x00007ff9ec020000 - 0x00007ff9ec02a000 	C:\WINDOWS\SYSTEM32\VERSION.dll
0x00007ff9ebad0000 - 0x00007ff9ebae2000 	C:\WINDOWS\SYSTEM32\kernel.appcore.dll
0x00007ff9e8b70000 - 0x00007ff9e8b7a000 	C:\Program Files\AdoptOpenJDK\jdk-15.0.2.7-hotspot\bin\jimage.dll
0x00007ff9eaef0000 - 0x00007ff9eb0d4000 	C:\WINDOWS\SYSTEM32\DBGHELP.DLL
0x00007ff9cf760000 - 0x00007ff9cf795000 	C:\WINDOWS\SYSTEM32\dbgcore.DLL
0x00007ff9ed7b0000 - 0x00007ff9ed832000 	C:\WINDOWS\System32\bcryptPrimitives.dll
0x00007ff9e72b0000 - 0x00007ff9e72be000 	C:\Program Files\AdoptOpenJDK\jdk-15.0.2.7-hotspot\bin\instrument.dll
0x00007ff9b68e0000 - 0x00007ff9b6905000 	C:\Program Files\AdoptOpenJDK\jdk-15.0.2.7-hotspot\bin\java.dll
0x00007ff9ee5d0000 - 0x00007ff9eed14000 	C:\WINDOWS\System32\SHELL32.dll
0x00007ff9eb320000 - 0x00007ff9ebab2000 	C:\WINDOWS\SYSTEM32\windows.storage.dll
0x00007ff9ee030000 - 0x00007ff9ee385000 	C:\WINDOWS\System32\combase.dll
0x00007ff9ecd40000 - 0x00007ff9ecd70000 	C:\WINDOWS\SYSTEM32\Wldp.dll
0x00007ff9eee30000 - 0x00007ff9eeedd000 	C:\WINDOWS\System32\SHCORE.dll
0x00007ff9ef1e0000 - 0x00007ff9ef235000 	C:\WINDOWS\System32\shlwapi.dll
0x00007ff9ed300000 - 0x00007ff9ed31f000 	C:\WINDOWS\SYSTEM32\profapi.dll
0x00007ff9b6880000 - 0x00007ff9b6898000 	C:\Program Files\AdoptOpenJDK\jdk-15.0.2.7-hotspot\bin\zip.dll
0x00007ff9b68c0000 - 0x00007ff9b68d9000 	C:\Program Files\AdoptOpenJDK\jdk-15.0.2.7-hotspot\bin\net.dll
0x00007ff9e14b0000 - 0x00007ff9e15bc000 	C:\WINDOWS\SYSTEM32\WINHTTP.dll
0x00007ff9ecaa0000 - 0x00007ff9ecb0a000 	C:\WINDOWS\system32\mswsock.dll
0x00007ff9b68a0000 - 0x00007ff9b68b2000 	C:\Program Files\AdoptOpenJDK\jdk-15.0.2.7-hotspot\bin\nio.dll
0x00007ff9d3520000 - 0x00007ff9d353a000 	C:\Program Files\JetBrains\IntelliJ IDEA 2022.3\bin\breakgen64.dll
0x000001a14e2d0000 - 0x000001a14e2d4000 	C:\Users\37756\.javacpp\cache\javacpp-1.5.7-windows-x86_64.jar\org\bytedeco\javacpp\windows-x86_64\api-ms-win-crt-locale-l1-1-0.dll
0x000001a14e2e0000 - 0x000001a14e2e5000 	C:\Users\37756\.javacpp\cache\javacpp-1.5.7-windows-x86_64.jar\org\bytedeco\javacpp\windows-x86_64\api-ms-win-crt-string-l1-1-0.dll
0x000001a14e2f0000 - 0x000001a14e2f5000 	C:\Users\37756\.javacpp\cache\javacpp-1.5.7-windows-x86_64.jar\org\bytedeco\javacpp\windows-x86_64\api-ms-win-crt-stdio-l1-1-0.dll
0x000001a14e300000 - 0x000001a14e306000 	C:\Users\37756\.javacpp\cache\javacpp-1.5.7-windows-x86_64.jar\org\bytedeco\javacpp\windows-x86_64\api-ms-win-crt-math-l1-1-0.dll
0x000001a14e310000 - 0x000001a14e314000 	C:\Users\37756\.javacpp\cache\javacpp-1.5.7-windows-x86_64.jar\org\bytedeco\javacpp\windows-x86_64\api-ms-win-crt-heap-l1-1-0.dll
0x000001a14e320000 - 0x000001a14e325000 	C:\Users\37756\.javacpp\cache\javacpp-1.5.7-windows-x86_64.jar\org\bytedeco\javacpp\windows-x86_64\api-ms-win-crt-runtime-l1-1-0.dll
0x000001a14e330000 - 0x000001a14e335000 	C:\Users\37756\.javacpp\cache\javacpp-1.5.7-windows-x86_64.jar\org\bytedeco\javacpp\windows-x86_64\api-ms-win-crt-convert-l1-1-0.dll
0x000001a14e340000 - 0x000001a14e344000 	C:\Users\37756\.javacpp\cache\javacpp-1.5.7-windows-x86_64.jar\org\bytedeco\javacpp\windows-x86_64\api-ms-win-crt-environment-l1-1-0.dll
0x000001a14e350000 - 0x000001a14e354000 	C:\Users\37756\.javacpp\cache\javacpp-1.5.7-windows-x86_64.jar\org\bytedeco\javacpp\windows-x86_64\api-ms-win-crt-time-l1-1-0.dll
0x000001a14e360000 - 0x000001a14e364000 	C:\Users\37756\.javacpp\cache\javacpp-1.5.7-windows-x86_64.jar\org\bytedeco\javacpp\windows-x86_64\api-ms-win-crt-filesystem-l1-1-0.dll
0x000001a14e370000 - 0x000001a14e374000 	C:\Users\37756\.javacpp\cache\javacpp-1.5.7-windows-x86_64.jar\org\bytedeco\javacpp\windows-x86_64\api-ms-win-crt-utility-l1-1-0.dll
0x000001a14e380000 - 0x000001a14e386000 	C:\Users\37756\.javacpp\cache\javacpp-1.5.7-windows-x86_64.jar\org\bytedeco\javacpp\windows-x86_64\api-ms-win-crt-multibyte-l1-1-0.dll
0x000001a14f360000 - 0x000001a14f364000 	C:\Users\37756\.javacpp\cache\javacpp-1.5.7-windows-x86_64.jar\org\bytedeco\javacpp\windows-x86_64\api-ms-win-crt-conio-l1-1-0.dll
0x000001a14f370000 - 0x000001a14f381000 	C:\Users\37756\.javacpp\cache\javacpp-1.5.7-windows-x86_64.jar\org\bytedeco\javacpp\windows-x86_64\api-ms-win-crt-private-l1-1-0.dll
0x000001a14f390000 - 0x000001a14f394000 	C:\Users\37756\.javacpp\cache\javacpp-1.5.7-windows-x86_64.jar\org\bytedeco\javacpp\windows-x86_64\api-ms-win-crt-process-l1-1-0.dll
0x000001a14f3a0000 - 0x000001a14f3a4000 	C:\Users\37756\.javacpp\cache\javacpp-1.5.7-windows-x86_64.jar\org\bytedeco\javacpp\windows-x86_64\api-ms-win-core-console-l1-2-0.dll
0x000001a14f3b0000 - 0x000001a14f3b4000 	C:\Users\37756\.javacpp\cache\javacpp-1.5.7-windows-x86_64.jar\org\bytedeco\javacpp\windows-x86_64\api-ms-win-core-string-l1-1-0.dll
0x000001a14f3c0000 - 0x000001a14f3c4000 	C:\Users\37756\.javacpp\cache\javacpp-1.5.7-windows-x86_64.jar\org\bytedeco\javacpp\windows-x86_64\api-ms-win-core-errorhandling-l1-1-0.dll
0x000001a14f3d0000 - 0x000001a14f3d4000 	C:\Users\37756\.javacpp\cache\javacpp-1.5.7-windows-x86_64.jar\org\bytedeco\javacpp\windows-x86_64\api-ms-win-core-timezone-l1-1-0.dll
0x000001a14f3e0000 - 0x000001a14f3e5000 	C:\Users\37756\.javacpp\cache\javacpp-1.5.7-windows-x86_64.jar\org\bytedeco\javacpp\windows-x86_64\api-ms-win-core-file-l1-1-0.dll
0x000001a14f3f0000 - 0x000001a14f3f4000 	C:\Users\37756\.javacpp\cache\javacpp-1.5.7-windows-x86_64.jar\org\bytedeco\javacpp\windows-x86_64\api-ms-win-core-namedpipe-l1-1-0.dll
0x000001a14f400000 - 0x000001a14f404000 	C:\Users\37756\.javacpp\cache\javacpp-1.5.7-windows-x86_64.jar\org\bytedeco\javacpp\windows-x86_64\api-ms-win-core-handle-l1-1-0.dll
0x000001a14f410000 - 0x000001a14f414000 	C:\Users\37756\.javacpp\cache\javacpp-1.5.7-windows-x86_64.jar\org\bytedeco\javacpp\windows-x86_64\api-ms-win-core-file-l2-1-0.dll
0x000001a14f420000 - 0x000001a14f424000 	C:\Users\37756\.javacpp\cache\javacpp-1.5.7-windows-x86_64.jar\org\bytedeco\javacpp\windows-x86_64\api-ms-win-core-heap-l1-1-0.dll
0x000001a14f430000 - 0x000001a14f434000 	C:\Users\37756\.javacpp\cache\javacpp-1.5.7-windows-x86_64.jar\org\bytedeco\javacpp\windows-x86_64\api-ms-win-core-libraryloader-l1-1-0.dll
0x000001a14f440000 - 0x000001a14f444000 	C:\Users\37756\.javacpp\cache\javacpp-1.5.7-windows-x86_64.jar\org\bytedeco\javacpp\windows-x86_64\api-ms-win-core-synch-l1-1-0.dll
0x000001a14f450000 - 0x000001a14f454000 	C:\Users\37756\.javacpp\cache\javacpp-1.5.7-windows-x86_64.jar\org\bytedeco\javacpp\windows-x86_64\api-ms-win-core-processthreads-l1-1-0.dll
0x000001a14f460000 - 0x000001a14f464000 	C:\Users\37756\.javacpp\cache\javacpp-1.5.7-windows-x86_64.jar\org\bytedeco\javacpp\windows-x86_64\api-ms-win-core-processenvironment-l1-1-0.dll
0x000001a14f470000 - 0x000001a14f474000 	C:\Users\37756\.javacpp\cache\javacpp-1.5.7-windows-x86_64.jar\org\bytedeco\javacpp\windows-x86_64\api-ms-win-core-datetime-l1-1-0.dll
0x000001a14f480000 - 0x000001a14f484000 	C:\Users\37756\.javacpp\cache\javacpp-1.5.7-windows-x86_64.jar\org\bytedeco\javacpp\windows-x86_64\api-ms-win-core-localization-l1-2-0.dll
0x000001a14f490000 - 0x000001a14f494000 	C:\Users\37756\.javacpp\cache\javacpp-1.5.7-windows-x86_64.jar\org\bytedeco\javacpp\windows-x86_64\api-ms-win-core-sysinfo-l1-1-0.dll
0x000001a14f4a0000 - 0x000001a14f4a4000 	C:\Users\37756\.javacpp\cache\javacpp-1.5.7-windows-x86_64.jar\org\bytedeco\javacpp\windows-x86_64\api-ms-win-core-synch-l1-2-0.dll
0x000001a14f4b0000 - 0x000001a14f4b4000 	C:\Users\37756\.javacpp\cache\javacpp-1.5.7-windows-x86_64.jar\org\bytedeco\javacpp\windows-x86_64\api-ms-win-core-console-l1-1-0.dll
0x000001a14f4c0000 - 0x000001a14f4c4000 	C:\Users\37756\.javacpp\cache\javacpp-1.5.7-windows-x86_64.jar\org\bytedeco\javacpp\windows-x86_64\api-ms-win-core-debug-l1-1-0.dll
0x000001a14f4d0000 - 0x000001a14f4d4000 	C:\Users\37756\.javacpp\cache\javacpp-1.5.7-windows-x86_64.jar\org\bytedeco\javacpp\windows-x86_64\api-ms-win-core-rtlsupport-l1-1-0.dll
0x000001a14f4e0000 - 0x000001a14f4e4000 	C:\Users\37756\.javacpp\cache\javacpp-1.5.7-windows-x86_64.jar\org\bytedeco\javacpp\windows-x86_64\api-ms-win-core-processthreads-l1-1-1.dll
0x000001a14f4f0000 - 0x000001a14f4f4000 	C:\Users\37756\.javacpp\cache\javacpp-1.5.7-windows-x86_64.jar\org\bytedeco\javacpp\windows-x86_64\api-ms-win-core-file-l1-2-0.dll
0x000001a14f500000 - 0x000001a14f504000 	C:\Users\37756\.javacpp\cache\javacpp-1.5.7-windows-x86_64.jar\org\bytedeco\javacpp\windows-x86_64\api-ms-win-core-profile-l1-1-0.dll
0x000001a14f510000 - 0x000001a14f514000 	C:\Users\37756\.javacpp\cache\javacpp-1.5.7-windows-x86_64.jar\org\bytedeco\javacpp\windows-x86_64\api-ms-win-core-memory-l1-1-0.dll
0x000001a14f520000 - 0x000001a14f524000 	C:\Users\37756\.javacpp\cache\javacpp-1.5.7-windows-x86_64.jar\org\bytedeco\javacpp\windows-x86_64\api-ms-win-core-util-l1-1-0.dll
0x000001a14f530000 - 0x000001a14f534000 	C:\Users\37756\.javacpp\cache\javacpp-1.5.7-windows-x86_64.jar\org\bytedeco\javacpp\windows-x86_64\api-ms-win-core-interlocked-l1-1-0.dll
0x00007ff95d1e0000 - 0x00007ff95d2f1000 	C:\Users\37756\.javacpp\cache\javacpp-1.5.7-windows-x86_64.jar\org\bytedeco\javacpp\windows-x86_64\ucrtbase.dll
0x00007ff9c6830000 - 0x00007ff9c684b000 	C:\Users\37756\.javacpp\cache\javacpp-1.5.7-windows-x86_64.jar\org\bytedeco\javacpp\windows-x86_64\vcruntime140.dll
0x00007ff9d34f0000 - 0x00007ff9d34fc000 	C:\Users\37756\.javacpp\cache\javacpp-1.5.7-windows-x86_64.jar\org\bytedeco\javacpp\windows-x86_64\vcruntime140_1.dll
0x00007ff9a4530000 - 0x00007ff9a45bd000 	C:\Users\37756\.javacpp\cache\javacpp-1.5.7-windows-x86_64.jar\org\bytedeco\javacpp\windows-x86_64\msvcp140.dll
0x00007ff9c82b0000 - 0x00007ff9c82b9000 	C:\Users\37756\.javacpp\cache\javacpp-1.5.7-windows-x86_64.jar\org\bytedeco\javacpp\windows-x86_64\msvcp140_1.dll
0x00007ff9b2e30000 - 0x00007ff9b2e7e000 	C:\Users\37756\.javacpp\cache\javacpp-1.5.7-windows-x86_64.jar\org\bytedeco\javacpp\windows-x86_64\concrt140.dll
0x00007ff9bd5e0000 - 0x00007ff9bd611000 	C:\Users\37756\.javacpp\cache\javacpp-1.5.7-windows-x86_64.jar\org\bytedeco\javacpp\windows-x86_64\vcomp140.dll
0x00007ff9c73c0000 - 0x00007ff9c73ce000 	C:\Users\37756\.javacpp\cache\javacpp-1.5.7-windows-x86_64.jar\org\bytedeco\javacpp\windows-x86_64\jnijavacpp.dll
0x00007ff947280000 - 0x00007ff94b91d000 	C:\Users\37756\.javacpp\cache\llvm-13.0.1-1.5.7-windows-x86_64.jar\org\bytedeco\llvm\windows-x86_64\LTO.dll
0x00007ff9b2d10000 - 0x00007ff9b2d4b000 	C:\Users\37756\.javacpp\cache\llvm-13.0.1-1.5.7-windows-x86_64.jar\org\bytedeco\llvm\windows-x86_64\Remarks.dll
0x00007ff942a30000 - 0x00007ff947280000 	C:\Users\37756\.javacpp\cache\llvm-13.0.1-1.5.7-windows-x86_64.jar\org\bytedeco\llvm\windows-x86_64\jniLLVM.dll
0x00007ff9edf00000 - 0x00007ff9ee02a000 	C:\WINDOWS\System32\ole32.dll

dbghelp: loaded successfully - version: 4.0.5 - missing functions: none
symbol engine: initialized successfully - sym options: 0x614 - pdb path: .;C:\Program Files\AdoptOpenJDK\jdk-15.0.2.7-hotspot\bin;C:\WINDOWS\SYSTEM32;C:\WINDOWS\WinSxS\amd64_microsoft.windows.common-controls_6595b64144ccf1df_6.0.19041.1110_none_60b5254171f9507e;C:\Program Files\AdoptOpenJDK\jdk-15.0.2.7-hotspot\bin\server;C:\Program Files\JetBrains\IntelliJ IDEA 2022.3\bin;C:\Users\37756\.javacpp\cache\javacpp-1.5.7-windows-x86_64.jar\org\bytedeco\javacpp\windows-x86_64;C:\Users\37756\.javacpp\cache\llvm-13.0.1-1.5.7-windows-x86_64.jar\org\bytedeco\llvm\windows-x86_64

VM Arguments:
jvm_args: -javaagent:C:\Program Files\JetBrains\IntelliJ IDEA 2022.3\lib\idea_rt.jar=1580:C:\Program Files\JetBrains\IntelliJ IDEA 2022.3\bin -Dfile.encoding=UTF-8 
java_command: Main tests/global-and-if-test2.sysy tests/global-and-if-test2.out
java_class_path (initial): C:\Users\37756\Documents\NJU\2022Fall\Compilers\Lab\target\classes;C:\Users\37756\.m2\repository\org\bytedeco\llvm-platform\13.0.1-1.5.7\llvm-platform-13.0.1-1.5.7.jar;C:\Users\37756\.m2\repository\org\bytedeco\javacpp-platform\1.5.7\javacpp-platform-1.5.7.jar;C:\Users\37756\.m2\repository\org\bytedeco\javacpp\1.5.7\javacpp-1.5.7.jar;C:\Users\37756\.m2\repository\org\bytedeco\javacpp\1.5.7\javacpp-1.5.7-android-arm.jar;C:\Users\37756\.m2\repository\org\bytedeco\javacpp\1.5.7\javacpp-1.5.7-android-arm64.jar;C:\Users\37756\.m2\repository\org\bytedeco\javacpp\1.5.7\javacpp-1.5.7-android-x86.jar;C:\Users\37756\.m2\repository\org\bytedeco\javacpp\1.5.7\javacpp-1.5.7-android-x86_64.jar;C:\Users\37756\.m2\repository\org\bytedeco\javacpp\1.5.7\javacpp-1.5.7-ios-arm64.jar;C:\Users\37756\.m2\repository\org\bytedeco\javacpp\1.5.7\javacpp-1.5.7-ios-x86_64.jar;C:\Users\37756\.m2\repository\org\bytedeco\javacpp\1.5.7\javacpp-1.5.7-linux-armhf.jar;C:\Users\37756\.m2\repository\org\bytedeco\javacpp\1.5.7\javacpp-1.5.7-linux-arm64.jar;C:\Users\37756\.m2\repository\org\bytedeco\javacpp\1.5.7\javacpp-1.5.7-linux-ppc64le.jar;C:\Users\37756\.m2\repository\org\bytedeco\javacpp\1.5.7\javacpp-1.5.7-linux-x86.jar;C:\Users\37756\.m2\repository\org\bytedeco\javacpp\1.5.7\javacpp-1.5.7-linux-x86_64.jar;C:\Users\37756\.m2\repository\org\bytedeco\javacpp\1.5.7\javacpp-1.5.7-macosx-arm64.jar;C:\Users\37756\.m2\repository\org\bytedeco\javacpp\1.5.7\javacpp-1.5.7-macosx-x86_64.jar;C:\Users\37756\.m2\repository\org\bytedeco\javacpp\1.5.7\javacpp-1.5.7-windows-x86.jar;C:\Users\37756\.m2\repository\org\bytedeco\javacpp\1.5.7\javacpp-1.5.7-windows-x86_64.jar;C:\Users\37756\.m2\repository\org\bytedeco\llvm\13.0.1-1.5.7\llvm-13.0.1-1.5.7.jar;C:\Users\37756\.m2\repository\org\bytedeco\llvm\13.0.1-1.5.7\llvm-13.0.1-1.5.7-linux-x86.jar;C:\Users\37756\.m2\repository\org\bytedeco\llvm\13.0.1-1.5.7\llvm-13.0.1-1.5.7-linux-x86_64.jar;C:\Users\37756\.m2\repository\org\bytedeco\llvm\1
Launcher Type: SUN_STANDARD

[Global flags]
     intx CICompilerCount                          = 4                                         {product} {ergonomic}
     uint ConcGCThreads                            = 2                                         {product} {ergonomic}
     uint G1ConcRefinementThreads                  = 8                                         {product} {ergonomic}
   size_t G1HeapRegionSize                         = 2097152                                   {product} {ergonomic}
    uintx GCDrainStackTargetSize                   = 64                                        {product} {ergonomic}
   size_t InitialHeapSize                          = 266338304                                 {product} {ergonomic}
   size_t MarkStackSize                            = 4194304                                   {product} {ergonomic}
   size_t MaxHeapSize                              = 4244635648                                {product} {ergonomic}
   size_t MaxNewSize                               = 2545942528                                {product} {ergonomic}
   size_t MinHeapDeltaBytes                        = 2097152                                   {product} {ergonomic}
   size_t MinHeapSize                              = 8388608                                   {product} {ergonomic}
    uintx NonNMethodCodeHeapSize                   = 5839372                                {pd product} {ergonomic}
    uintx NonProfiledCodeHeapSize                  = 122909434                              {pd product} {ergonomic}
    uintx ProfiledCodeHeapSize                     = 122909434                              {pd product} {ergonomic}
    uintx ReservedCodeCacheSize                    = 251658240                              {pd product} {ergonomic}
     bool SegmentedCodeCache                       = true                                      {product} {ergonomic}
   size_t SoftMaxHeapSize                          = 4244635648                             {manageable} {ergonomic}
     bool UseCompressedClassPointers               = true                                 {lp64_product} {ergonomic}
     bool UseCompressedOops                        = true                                 {lp64_product} {ergonomic}
     bool UseG1GC                                  = true                                      {product} {ergonomic}
     bool UseLargePagesIndividualAllocation        = false                                  {pd product} {ergonomic}

Logging:
Log output configuration:
 #0: stdout all=warning uptime,level,tags
 #1: stderr all=off uptime,level,tags

Environment Variables:
CLASSPATH=.;C:Program Files(x86)\scala\bin;C:Program Files(x86)\scala\lib\dt.jar;C:Program Files(x86)\scala\lib\tools.jar.;
PATH=C:\Program Files (x86)\VMware\VMware Workstation\bin\;C:\ProgramData\Anaconda3;C:\ProgramData\Anaconda3\Library\mingw-w64\bin;C:\ProgramData\Anaconda3\Library\usr\bin;C:\ProgramData\Anaconda3\Library\bin;C:\ProgramData\Anaconda3\Scripts;C:\Program Files\AdoptOpenJDK\jdk-15.0.2.7-hotspot\bin;C:\WINDOWS\system32;C:\WINDOWS;C:\WINDOWS\System32\Wbem;C:\WINDOWS\System32\WindowsPowerShell\v1.0\;C:\WINDOWS\System32\OpenSSH\;C:\Program Files\dotnet\;C:\Program Files\Microsoft SQL Server\130\Tools\Binn\;C:\Program Files\Microsoft SQL Server\Client SDK\ODBC\170\Tools\Binn\;C:\Program Files (x86)\Dev-Cpp\MinGW64\bin;C:\Program Files\Git\cmd;C:\Program Files\PuTTY\;C:\Program Files\Graphviz\bin;C:\Program Files (x86)\Tencent\微信web开发者工具\dll;C:\Program Files\nodejs\;C:\Web\mysql-8.0.28-winx64\bin;"C:Program Files(x86)\scala\bin;C:Program Files(x86)\scala\jre\bin;";C:\Program Files\NASM;C:\Users\37756\AppData\Local\Microsoft\WindowsApps;C:\Program Files\JetBrains\PyCharm Community Edition 2020.3.3\bin;C:\Users\37756\.dotnet\tools;C:\Users\37756\AppData\Local\Programs\Microsoft VS Code\bin;C:\Program Files\JetBrains\IntelliJ IDEA Community Edition 2020.3.2\bin;C:\texlive\2020\bin\win32;C:\Program Files\JetBrains\CLion 2021.2\bin;C:\Program Files\JetBrains\PyCharm 2021.1.3\bin;C:\Program Files\JetBrains\IntelliJ IDEA 2021.1.3\bin;C:\Users\37756\AppData\Roaming\npm;C:\Program Files\JetBrains\DataGrip 2021.3.4\bin;C:\Program Files\JetBrains\WebStorm 2022.1\bin;C:\Users\37756\AppData\Local\Coursier\data\bin;C:\Program Files\NASM;;C:\Program Files\JetBrains\IntelliJ IDEA 2022.3\bin;;C:\Program Files\JetBrains\CLion 2022.3.1\bin;;C:\Program Files\JetBrains\WebStorm 2022.3.1\bin;;C:\Program Files\JetBrains\IntelliJ IDEA Community Edition 2022.3.1\bin;
USERNAME=37756
OS=Windows_NT
PROCESSOR_IDENTIFIER=Intel64 Family 6 Model 142 Stepping 12, GenuineIntel



---------------  S Y S T E M  ---------------

OS:
 Windows 10 , 64 bit Build 19041 (10.0.19041.2364)
OS uptime: 0 days 1:02 hours

CPU: total 8 (initial active 8) (4 cores per cpu, 2 threads per core) family 6 model 142 stepping 12 microcode 0xf4, cmov, cx8, fxsr, mmx, sse, sse2, sse3, ssse3, sse4.1, sse4.2, popcnt, vzeroupper, avx, avx2, aes, clmul, erms, 3dnowpref, lzcnt, ht, tsc, tscinvbit, bmi1, bmi2, adx, fma, clflush, clflushopt

Memory: 4k page, system-wide physical 16190M (7571M free)
TotalPageFile size 21054M (AvailPageFile size 8335M)
current process WorkingSet (physical memory assigned to process): 101M, peak: 103M
current process commit charge ("private bytes"): 376M, peak: 377M

vm_info: OpenJDK 64-Bit Server VM (15.0.2+7) for windows-amd64 JRE (15.0.2+7), built on Jan 21 2021 05:54:57 by "" with MS VC++ 15.9 (VS2017)

END.
