#
# A fatal error has been detected by the Java Runtime Environment:
#
#  EXCEPTION_ACCESS_VIOLATION (0xc0000005) at pc=0x00007ff90476b211, pid=21328, tid=13272
#
# JRE version: OpenJDK Runtime Environment AdoptOpenJDK (15.0.2+7) (build 15.0.2+7)
# Java VM: OpenJDK 64-Bit Server VM AdoptOpenJDK (15.0.2+7, mixed mode, sharing, tiered, compressed oops, g1 gc, windows-amd64)
# Problematic frame:
# C  [jniLLVM.dll+0xf5b211]
#
# No core dump will be written. Minidumps are not enabled by default on client versions of Windows
#
# If you would like to submit a bug report, please visit:
#   https://github.com/AdoptOpenJDK/openjdk-support/issues
# The crash happened outside the Java Virtual Machine in native code.
# See problematic frame for where to report the bug.
#

---------------  S U M M A R Y ------------

Command Line: -javaagent:C:\Program Files\JetBrains\IntelliJ IDEA 2022.3\lib\idea_rt.jar=12992:C:\Program Files\JetBrains\IntelliJ IDEA 2022.3\bin -Dfile.encoding=UTF-8 Main tests/function-and-var-test2.sysy tests/function-and-var-test2.out

Host: Intel(R) Core(TM) i7-8565U CPU @ 1.80GHz, 8 cores, 15G,  Windows 10 , 64 bit Build 19041 (10.0.19041.2364)
Time: Wed Jan  4 19:51:36 2023 中国标准时间 elapsed time: 1.145535 seconds (0d 0h 0m 1s)

---------------  T H R E A D  ---------------

Current thread (0x000001bfb37b32d0):  JavaThread "main" [_thread_in_native, id=13272, stack(0x0000004890900000,0x0000004890a00000)]

Stack: [0x0000004890900000,0x0000004890a00000],  sp=0x00000048909fe770,  free space=1017k
Native frames: (J=compiled Java code, j=interpreted, Vv=VM code, C=native code)
C  [jniLLVM.dll+0xf5b211]

Java frames: (J=compiled Java code, j=interpreted, Vv=VM code)
j  org.bytedeco.llvm.global.LLVM.LLVMBuildGEP(Lorg/bytedeco/llvm/LLVM/LLVMBuilderRef;Lorg/bytedeco/llvm/LLVM/LLVMValueRef;Lorg/bytedeco/javacpp/PointerPointer;ILjava/lang/String;)Lorg/bytedeco/llvm/LLVM/LLVMValueRef;+0
j  LLVMIRVisitor.visitVarDecl(LSysYParser$VarDeclContext;)Lorg/bytedeco/llvm/LLVM/LLVMValueRef;+316
j  LLVMIRVisitor.visitVarDecl(LSysYParser$VarDeclContext;)Ljava/lang/Object;+2
j  SysYParser$VarDeclContext.accept(Lorg/antlr/v4/runtime/tree/ParseTreeVisitor;)Ljava/lang/Object;+12
j  org.antlr.v4.runtime.tree.AbstractParseTreeVisitor.visitChildren(Lorg/antlr/v4/runtime/tree/RuleNode;)Ljava/lang/Object;+46
j  SysYParserBaseVisitor.visitDecl(LSysYParser$DeclContext;)Ljava/lang/Object;+2
j  SysYParser$DeclContext.accept(Lorg/antlr/v4/runtime/tree/ParseTreeVisitor;)Ljava/lang/Object;+12
j  org.antlr.v4.runtime.tree.AbstractParseTreeVisitor.visitChildren(Lorg/antlr/v4/runtime/tree/RuleNode;)Ljava/lang/Object;+46
j  SysYParserBaseVisitor.visitBlockItem(LSysYParser$BlockItemContext;)Ljava/lang/Object;+2
j  SysYParser$BlockItemContext.accept(Lorg/antlr/v4/runtime/tree/ParseTreeVisitor;)Ljava/lang/Object;+12
j  org.antlr.v4.runtime.tree.AbstractParseTreeVisitor.visitChildren(Lorg/antlr/v4/runtime/tree/RuleNode;)Ljava/lang/Object;+46
j  SysYParserBaseVisitor.visitBlock(LSysYParser$BlockContext;)Ljava/lang/Object;+2
j  LLVMIRVisitor.visitBlock(LSysYParser$BlockContext;)Lorg/bytedeco/llvm/LLVM/LLVMValueRef;+45
j  LLVMIRVisitor.visitBlock(LSysYParser$BlockContext;)Ljava/lang/Object;+2
j  SysYParser$BlockContext.accept(Lorg/antlr/v4/runtime/tree/ParseTreeVisitor;)Ljava/lang/Object;+12
j  org.antlr.v4.runtime.tree.AbstractParseTreeVisitor.visitChildren(Lorg/antlr/v4/runtime/tree/RuleNode;)Ljava/lang/Object;+46
j  SysYParserBaseVisitor.visitFuncDef(LSysYParser$FuncDefContext;)Ljava/lang/Object;+2
j  LLVMIRVisitor.visitFuncDef(LSysYParser$FuncDefContext;)Lorg/bytedeco/llvm/LLVM/LLVMValueRef;+305
j  LLVMIRVisitor.visitFuncDef(LSysYParser$FuncDefContext;)Ljava/lang/Object;+2
j  SysYParser$FuncDefContext.accept(Lorg/antlr/v4/runtime/tree/ParseTreeVisitor;)Ljava/lang/Object;+12
j  org.antlr.v4.runtime.tree.AbstractParseTreeVisitor.visitChildren(Lorg/antlr/v4/runtime/tree/RuleNode;)Ljava/lang/Object;+46
j  SysYParserBaseVisitor.visitCompUnit(LSysYParser$CompUnitContext;)Ljava/lang/Object;+2
j  SysYParser$CompUnitContext.accept(Lorg/antlr/v4/runtime/tree/ParseTreeVisitor;)Ljava/lang/Object;+12
j  org.antlr.v4.runtime.tree.AbstractParseTreeVisitor.visitChildren(Lorg/antlr/v4/runtime/tree/RuleNode;)Ljava/lang/Object;+46
j  SysYParserBaseVisitor.visitProgram(LSysYParser$ProgramContext;)Ljava/lang/Object;+2
j  LLVMIRVisitor.visitProgram(LSysYParser$ProgramContext;)Lorg/bytedeco/llvm/LLVM/LLVMValueRef;+19
j  LLVMIRVisitor.visitProgram(LSysYParser$ProgramContext;)Ljava/lang/Object;+2
j  SysYParser$ProgramContext.accept(Lorg/antlr/v4/runtime/tree/ParseTreeVisitor;)Ljava/lang/Object;+12
j  org.antlr.v4.runtime.tree.AbstractParseTreeVisitor.visit(Lorg/antlr/v4/runtime/tree/ParseTree;)Ljava/lang/Object;+2
j  Main.main([Ljava/lang/String;)V+54
v  ~StubRoutines::call_stub

siginfo: EXCEPTION_ACCESS_VIOLATION (0xc0000005), reading address 0x0000000000000000


Register to memory mapping:

RIP=0x00007ff90476b211 jniLLVM.dll
RAX=0x0 is NULL
RBX=0x0 is NULL
RCX=0x0 is NULL
RDX=0x0 is NULL
RSP=0x00000048909fe770 is pointing into the stack for thread: 0x000001bfb37b32d0
RBP=0x000001bfd8185ad0 points into unknown readable memory: 0x000001bfd8185ae0 | e0 5a 18 d8 bf 01 00 00
RSI=0x0 is NULL
RDI=0x0 is NULL
R8 =0x00000000000000fb is an unknown value
R9 =0x0 is NULL
R10=0x0 is NULL
R11=0xbdc0000001ff36cb is an unknown value
R12=0x000001bfd6f22240 points into unknown readable memory: 0x000001bfd82c8cc0 | c0 8c 2c d8 bf 01 00 00
R13=0x0 is NULL
R14=0x000001bfd82bbc50 points into unknown readable memory: 0x000001bfd6f22268 | 68 22 f2 d6 bf 01 00 00
R15=0x0000000000000004 is an unknown value


Registers:
RAX=0x0000000000000000, RBX=0x0000000000000000, RCX=0x0000000000000000, RDX=0x0000000000000000
RSP=0x00000048909fe770, RBP=0x000001bfd8185ad0, RSI=0x0000000000000000, RDI=0x0000000000000000
R8 =0x00000000000000fb, R9 =0x0000000000000000, R10=0x0000000000000000, R11=0xbdc0000001ff36cb
R12=0x000001bfd6f22240, R13=0x0000000000000000, R14=0x000001bfd82bbc50, R15=0x0000000000000004
RIP=0x00007ff90476b211, EFLAGS=0x0000000000010202

Top of Stack: (sp=0x00000048909fe770)
0x00000048909fe770:   000001bfd81f0d08 00007ff9047271cb
0x00000048909fe780:   000001bfd81f0d00 0000000000000000
0x00000048909fe790:   0000000000000004 00007ff905d17357
0x00000048909fe7a0:   00000048909fe830 000001bfd8185ad0
0x00000048909fe7b0:   000001bfd6f22268 00007ff903a5deb3
0x00000048909fe7c0:   0000000000000000 00007ff90476dc0a
0x00000048909fe7d0:   000001bfb37b35f8 00007ff91079cc7d
0x00000048909fe7e0:   000001bfd81f0cf0 0000000000000003
0x00000048909fe7f0:   000001bfd82bbc50 00007ff90438fa9f
0x00000048909fe800:   000001bfd8e0e8a0 00000048909fe8d0
0x00000048909fe810:   000001bfd8e0e920 000001bfd82bbc50
0x00000048909fe820:   000001bfd81f0cf0 0000000000000000
0x00000048909fe830:   000001bfd81f0cf0 0000000000000003
0x00000048909fe840:   0000000000000003 00007ff9a17efde6
0x00000048909fe850:   0000000000000000 0000000000000003
0x00000048909fe860:   000001bfd81f0101 0000000000000000 

Instructions: (pc=0x00007ff90476b211)
0x00007ff90476b111:   75 cd eb 3e 48 85 c0 48 0f 45 d0 eb 35 41 8b c9
0x00007ff90476b121:   41 8b c1 2b 4f 0c 41 2b c8 c1 e8 03 3b c8 77 22
0x00007ff90476b131:   41 8b d1 48 8b cf e8 54 23 28 ff 4c 8d 44 24 60
0x00007ff90476b141:   48 8b cf 48 8d 54 24 70 e8 82 56 26 ff 48 8b 54
0x00007ff90476b151:   24 60 ff 47 08 48 81 3a 00 f0 ff ff 74 03 ff 4f
0x00007ff90476b161:   0c 33 c0 48 89 1a 48 89 42 08 4c 8b 74 24 78 48
0x00007ff90476b171:   8d 7a 08 48 8b 74 24 68 eb 1d 49 8d 8f 00 09 00
0x00007ff90476b181:   00 48 89 5c 24 20 48 8d 54 24 20 89 6c 24 28 e8
0x00007ff90476b191:   9b f1 ff ff 48 8b f8 48 8b 07 48 85 c0 75 48 49
0x00007ff90476b1a1:   8d 97 b8 07 00 00 8d 48 20 e8 51 ee 3d ff 48 85
0x00007ff90476b1b1:   c0 74 2e c6 40 08 0f 81 60 08 ff 00 00 00 c1 e5
0x00007ff90476b1c1:   08 09 68 08 4c 89 20 89 58 0c 48 89 58 10 48 89
0x00007ff90476b1d1:   58 18 48 89 07 48 83 c4 30 41 5f 41 5c 5f 5d 5b
0x00007ff90476b1e1:   c3 48 8b c3 48 89 1f 48 83 c4 30 41 5f 41 5c 5f
0x00007ff90476b1f1:   5d 5b c3 cc cc cc cc cc cc cc cc cc cc cc cc 48
0x00007ff90476b201:   89 4c 24 08 53 55 56 48 83 ec 30 48 8b d9 8b f2
0x00007ff90476b211:   48 8b 09 48 8b 29 80 bd e0 08 00 00 00 0f 85 bd
0x00007ff90476b221:   01 00 00 80 7b 08 0f 75 0b 48 83 7b 18 00 0f 84
0x00007ff90476b231:   ac 01 00 00 48 89 7c 24 58 85 f6 0f 85 10 01 00
0x00007ff90476b241:   00 48 8d bd e8 08 00 00 4c 89 74 24 68 44 8b 4f
0x00007ff90476b251:   10 45 85 c9 75 04 33 d2 eb 7d 4c 8b 37 45 8d 59
0x00007ff90476b261:   ff 33 c0 8b cb c1 e9 05 33 cb c1 e9 04 41 23 cb
0x00007ff90476b271:   44 8d 50 01 8b d1 48 c1 e2 04 49 03 d6 4c 8b 02
0x00007ff90476b281:   49 3b d8 0f 84 bd 00 00 00 66 0f 1f 44 00 00 49
0x00007ff90476b291:   81 f8 00 f0 ff ff 74 38 49 81 f8 00 e0 ff ff 75
0x00007ff90476b2a1:   07 48 85 c0 48 0f 44 c2 41 03 ca 41 ff c2 41 23
0x00007ff90476b2b1:   cb 8b d1 48 c1 e2 04 49 03 d6 4c 8b 02 49 3b d8
0x00007ff90476b2c1:   75 cd 4c 8b 74 24 68 48 8d 7a 08 e9 9e 00 00 00
0x00007ff90476b2d1:   48 85 c0 48 0f 45 d0 44 8b 47 08 43 8d 0c 49 41
0x00007ff90476b2e1:   ff c0 48 89 54 24 60 42 8d 04 85 00 00 00 00 3b
0x00007ff90476b2f1:   c1 72 06 43 8d 14 09 eb 16 41 8b c9 41 8b c1 2b
0x00007ff90476b301:   4f 0c 41 2b c8 c1 e8 03 3b c8 77 22 41 8b d1 48 


Stack slot to memory mapping:
stack at sp + 0 slots: 0x000001bfd81f0d08 points into unknown readable memory: 0x9004040069695014 | 14 50 69 69 00 04 04 90
stack at sp + 1 slots: 0x00007ff9047271cb jniLLVM.dll
stack at sp + 2 slots: 0x000001bfd81f0d00 points into unknown readable memory: 0x000001bfd90437a0 | a0 37 04 d9 bf 01 00 00
stack at sp + 3 slots: 0x0 is NULL
stack at sp + 4 slots: 0x0000000000000004 is an unknown value
stack at sp + 5 slots: 0x00007ff905d17357 jniLLVM.dll
stack at sp + 6 slots: 0x00000048909fe830 is pointing into the stack for thread: 0x000001bfb37b32d0
stack at sp + 7 slots: 0x000001bfd8185ad0 points into unknown readable memory: 0x000001bfd8185ae0 | e0 5a 18 d8 bf 01 00 00


---------------  P R O C E S S  ---------------

Threads class SMR info:
_java_thread_list=0x000001bfd812f1c0, length=15, elements={
0x000001bfb37b32d0, 0x000001bfd70c0300, 0x000001bfd70c0de0, 0x000001bfd78dd5f0,
0x000001bfd78dfec0, 0x000001bfd78e1ba0, 0x000001bfd78e5fd0, 0x000001bfd78f30b0,
0x000001bfd7904580, 0x000001bfd7a17d30, 0x000001bfd7bc0470, 0x000001bfd7bc0980,
0x000001bfd7a88260, 0x000001bfd7ab3020, 0x000001bfd831d090
}

Java Threads: ( => current thread )
=>0x000001bfb37b32d0 JavaThread "main" [_thread_in_native, id=13272, stack(0x0000004890900000,0x0000004890a00000)]
  0x000001bfd70c0300 JavaThread "Reference Handler" daemon [_thread_blocked, id=15932, stack(0x0000004891000000,0x0000004891100000)]
  0x000001bfd70c0de0 JavaThread "Finalizer" daemon [_thread_blocked, id=20556, stack(0x0000004891100000,0x0000004891200000)]
  0x000001bfd78dd5f0 JavaThread "Signal Dispatcher" daemon [_thread_blocked, id=7944, stack(0x0000004891200000,0x0000004891300000)]
  0x000001bfd78dfec0 JavaThread "Attach Listener" daemon [_thread_blocked, id=22316, stack(0x0000004891300000,0x0000004891400000)]
  0x000001bfd78e1ba0 JavaThread "Service Thread" daemon [_thread_blocked, id=19744, stack(0x0000004891400000,0x0000004891500000)]
  0x000001bfd78e5fd0 JavaThread "C2 CompilerThread0" daemon [_thread_blocked, id=11036, stack(0x0000004891500000,0x0000004891600000)]
  0x000001bfd78f30b0 JavaThread "C1 CompilerThread0" daemon [_thread_blocked, id=20788, stack(0x0000004891600000,0x0000004891700000)]
  0x000001bfd7904580 JavaThread "Sweeper thread" daemon [_thread_blocked, id=8552, stack(0x0000004891700000,0x0000004891800000)]
  0x000001bfd7a17d30 JavaThread "Common-Cleaner" daemon [_thread_blocked, id=14600, stack(0x0000004891800000,0x0000004891900000)]
  0x000001bfd7bc0470 JavaThread "C2 CompilerThread1" daemon [_thread_blocked, id=11720, stack(0x0000004891900000,0x0000004891a00000)]
  0x000001bfd7bc0980 JavaThread "C2 CompilerThread2" daemon [_thread_blocked, id=13324, stack(0x0000004891a00000,0x0000004891b00000)]
  0x000001bfd7a88260 JavaThread "Monitor Ctrl-Break" daemon [_thread_in_native, id=8160, stack(0x0000004891b00000,0x0000004891c00000)]
  0x000001bfd7ab3020 JavaThread "Notification Thread" daemon [_thread_blocked, id=12540, stack(0x0000004891c00000,0x0000004891d00000)]
  0x000001bfd831d090 JavaThread "JavaCPP Deallocator" daemon [_thread_blocked, id=19064, stack(0x0000004892300000,0x0000004892400000)]

Other Threads:
  0x000001bfd70bbb50 VMThread "VM Thread" [stack: 0x0000004890f00000,0x0000004891000000] [id=4568]
  0x000001bfd7ab3970 WatcherThread [stack: 0x0000004891d00000,0x0000004891e00000] [id=20596]
  0x000001bfb3802560 GCTaskThread "GC Thread#0" [stack: 0x0000004890a00000,0x0000004890b00000] [id=1392]
  0x000001bfd814a9c0 GCTaskThread "GC Thread#1" [stack: 0x0000004891e00000,0x0000004891f00000] [id=22124]
  0x000001bfd814a360 GCTaskThread "GC Thread#2" [stack: 0x0000004891f00000,0x0000004892000000] [id=10628]
  0x000001bfd814bce0 GCTaskThread "GC Thread#3" [stack: 0x0000004892000000,0x0000004892100000] [id=10236]
  0x000001bfd814b020 GCTaskThread "GC Thread#4" [stack: 0x0000004892100000,0x0000004892200000] [id=8584]
  0x000001bfd814c010 GCTaskThread "GC Thread#5" [stack: 0x0000004892200000,0x0000004892300000] [id=10536]
  0x000001bfb38162f0 ConcurrentGCThread "G1 Main Marker" [stack: 0x0000004890b00000,0x0000004890c00000] [id=20388]
  0x000001bfb3817590 ConcurrentGCThread "G1 Conc#0" [stack: 0x0000004890c00000,0x0000004890d00000] [id=15092]
  0x000001bfb388d670 ConcurrentGCThread "G1 Refine#0" [stack: 0x0000004890d00000,0x0000004890e00000] [id=7064]
  0x000001bfb388e180 ConcurrentGCThread "G1 Young RemSet Sampling" [stack: 0x0000004890e00000,0x0000004890f00000] [id=18348]

Threads with active compile tasks:

VM state: not at safepoint (normal execution)

VM Mutex/Monitor currently owned by a thread: None

Heap address: 0x0000000703000000, size: 4048 MB, Compressed Oops mode: Zero based, Oop shift amount: 3
CDS archive(s) mapped at: [0x0000000800000000-0x0000000800b50000-0x0000000800b50000), size 11862016, SharedBaseAddress: 0x0000000800000000, ArchiveRelocationMode: 0.
Compressed class space mapped at: 0x0000000800b50000-0x0000000840b50000, size: 1073741824
Narrow klass base: 0x0000000800000000, Narrow klass shift: 3, Narrow klass range: 0x100000000

GC Precious Log:
 CPUs: 8 total, 8 available
 Memory: 16190M
 Large Page Support: Disabled
 NUMA Support: Disabled
 Compressed Oops: Enabled (Zero based)
 Heap Region Size: 2M
 Heap Min Capacity: 8M
 Heap Initial Capacity: 254M
 Heap Max Capacity: 4048M
 Pre-touch: Disabled
 Parallel Workers: 8
 Concurrent Workers: 2
 Concurrent Refinement Workers: 8
 Periodic GC: Disabled

Heap:
 garbage-first heap   total 260096K, used 14451K [0x0000000703000000, 0x0000000800000000)
  region size 2048K, 7 young (14336K), 2 survivors (4096K)
 Metaspace       used 4407K, capacity 6576K, committed 6912K, reserved 1056768K
  class space    used 460K, capacity 675K, committed 768K, reserved 1048576K

Heap Regions: E=young(eden), S=young(survivor), O=old, HS=humongous(starts), HC=humongous(continues), CS=collection set, F=free, OA=open archive, CA=closed archive, TAMS=top-at-mark-start (previous, next)
|   0|0x0000000703000000, 0x0000000703200000, 0x0000000703200000|100%| O|  |TAMS 0x0000000703000000, 0x0000000703000000| Untracked 
|   1|0x0000000703200000, 0x000000070321ce00, 0x0000000703400000|  5%| O|  |TAMS 0x0000000703200000, 0x0000000703200000| Untracked 
|   2|0x0000000703400000, 0x0000000703400000, 0x0000000703600000|  0%| F|  |TAMS 0x0000000703400000, 0x0000000703400000| Untracked 
|   3|0x0000000703600000, 0x0000000703600000, 0x0000000703800000|  0%| F|  |TAMS 0x0000000703600000, 0x0000000703600000| Untracked 
|   4|0x0000000703800000, 0x0000000703800000, 0x0000000703a00000|  0%| F|  |TAMS 0x0000000703800000, 0x0000000703800000| Untracked 
|   5|0x0000000703a00000, 0x0000000703a00000, 0x0000000703c00000|  0%| F|  |TAMS 0x0000000703a00000, 0x0000000703a00000| Untracked 
|   6|0x0000000703c00000, 0x0000000703c00000, 0x0000000703e00000|  0%| F|  |TAMS 0x0000000703c00000, 0x0000000703c00000| Untracked 
|   7|0x0000000703e00000, 0x0000000703e00000, 0x0000000704000000|  0%| F|  |TAMS 0x0000000703e00000, 0x0000000703e00000| Untracked 
|   8|0x0000000704000000, 0x0000000704000000, 0x0000000704200000|  0%| F|  |TAMS 0x0000000704000000, 0x0000000704000000| Untracked 
|   9|0x0000000704200000, 0x0000000704200000, 0x0000000704400000|  0%| F|  |TAMS 0x0000000704200000, 0x0000000704200000| Untracked 
|  10|0x0000000704400000, 0x0000000704400000, 0x0000000704600000|  0%| F|  |TAMS 0x0000000704400000, 0x0000000704400000| Untracked 
|  11|0x0000000704600000, 0x0000000704600000, 0x0000000704800000|  0%| F|  |TAMS 0x0000000704600000, 0x0000000704600000| Untracked 
|  12|0x0000000704800000, 0x0000000704800000, 0x0000000704a00000|  0%| F|  |TAMS 0x0000000704800000, 0x0000000704800000| Untracked 
|  13|0x0000000704a00000, 0x0000000704a00000, 0x0000000704c00000|  0%| F|  |TAMS 0x0000000704a00000, 0x0000000704a00000| Untracked 
|  14|0x0000000704c00000, 0x0000000704c00000, 0x0000000704e00000|  0%| F|  |TAMS 0x0000000704c00000, 0x0000000704c00000| Untracked 
|  15|0x0000000704e00000, 0x0000000704e00000, 0x0000000705000000|  0%| F|  |TAMS 0x0000000704e00000, 0x0000000704e00000| Untracked 
|  16|0x0000000705000000, 0x0000000705000000, 0x0000000705200000|  0%| F|  |TAMS 0x0000000705000000, 0x0000000705000000| Untracked 
|  17|0x0000000705200000, 0x0000000705200000, 0x0000000705400000|  0%| F|  |TAMS 0x0000000705200000, 0x0000000705200000| Untracked 
|  18|0x0000000705400000, 0x0000000705400000, 0x0000000705600000|  0%| F|  |TAMS 0x0000000705400000, 0x0000000705400000| Untracked 
|  19|0x0000000705600000, 0x0000000705600000, 0x0000000705800000|  0%| F|  |TAMS 0x0000000705600000, 0x0000000705600000| Untracked 
|  20|0x0000000705800000, 0x0000000705800000, 0x0000000705a00000|  0%| F|  |TAMS 0x0000000705800000, 0x0000000705800000| Untracked 
|  21|0x0000000705a00000, 0x0000000705a00000, 0x0000000705c00000|  0%| F|  |TAMS 0x0000000705a00000, 0x0000000705a00000| Untracked 
|  22|0x0000000705c00000, 0x0000000705c00000, 0x0000000705e00000|  0%| F|  |TAMS 0x0000000705c00000, 0x0000000705c00000| Untracked 
|  23|0x0000000705e00000, 0x0000000705e00000, 0x0000000706000000|  0%| F|  |TAMS 0x0000000705e00000, 0x0000000705e00000| Untracked 
|  24|0x0000000706000000, 0x0000000706000000, 0x0000000706200000|  0%| F|  |TAMS 0x0000000706000000, 0x0000000706000000| Untracked 
|  25|0x0000000706200000, 0x0000000706200000, 0x0000000706400000|  0%| F|  |TAMS 0x0000000706200000, 0x0000000706200000| Untracked 
|  26|0x0000000706400000, 0x0000000706400000, 0x0000000706600000|  0%| F|  |TAMS 0x0000000706400000, 0x0000000706400000| Untracked 
|  27|0x0000000706600000, 0x0000000706600000, 0x0000000706800000|  0%| F|  |TAMS 0x0000000706600000, 0x0000000706600000| Untracked 
|  28|0x0000000706800000, 0x0000000706800000, 0x0000000706a00000|  0%| F|  |TAMS 0x0000000706800000, 0x0000000706800000| Untracked 
|  29|0x0000000706a00000, 0x0000000706a00000, 0x0000000706c00000|  0%| F|  |TAMS 0x0000000706a00000, 0x0000000706a00000| Untracked 
|  30|0x0000000706c00000, 0x0000000706c00000, 0x0000000706e00000|  0%| F|  |TAMS 0x0000000706c00000, 0x0000000706c00000| Untracked 
|  31|0x0000000706e00000, 0x0000000706e00000, 0x0000000707000000|  0%| F|  |TAMS 0x0000000706e00000, 0x0000000706e00000| Untracked 
|  32|0x0000000707000000, 0x0000000707000000, 0x0000000707200000|  0%| F|  |TAMS 0x0000000707000000, 0x0000000707000000| Untracked 
|  33|0x0000000707200000, 0x0000000707200000, 0x0000000707400000|  0%| F|  |TAMS 0x0000000707200000, 0x0000000707200000| Untracked 
|  34|0x0000000707400000, 0x0000000707400000, 0x0000000707600000|  0%| F|  |TAMS 0x0000000707400000, 0x0000000707400000| Untracked 
|  35|0x0000000707600000, 0x0000000707600000, 0x0000000707800000|  0%| F|  |TAMS 0x0000000707600000, 0x0000000707600000| Untracked 
|  36|0x0000000707800000, 0x0000000707800000, 0x0000000707a00000|  0%| F|  |TAMS 0x0000000707800000, 0x0000000707800000| Untracked 
|  37|0x0000000707a00000, 0x0000000707a00000, 0x0000000707c00000|  0%| F|  |TAMS 0x0000000707a00000, 0x0000000707a00000| Untracked 
|  38|0x0000000707c00000, 0x0000000707c00000, 0x0000000707e00000|  0%| F|  |TAMS 0x0000000707c00000, 0x0000000707c00000| Untracked 
|  39|0x0000000707e00000, 0x0000000707e00000, 0x0000000708000000|  0%| F|  |TAMS 0x0000000707e00000, 0x0000000707e00000| Untracked 
|  40|0x0000000708000000, 0x0000000708000000, 0x0000000708200000|  0%| F|  |TAMS 0x0000000708000000, 0x0000000708000000| Untracked 
|  41|0x0000000708200000, 0x0000000708200000, 0x0000000708400000|  0%| F|  |TAMS 0x0000000708200000, 0x0000000708200000| Untracked 
|  42|0x0000000708400000, 0x0000000708400000, 0x0000000708600000|  0%| F|  |TAMS 0x0000000708400000, 0x0000000708400000| Untracked 
|  43|0x0000000708600000, 0x0000000708600000, 0x0000000708800000|  0%| F|  |TAMS 0x0000000708600000, 0x0000000708600000| Untracked 
|  44|0x0000000708800000, 0x0000000708800000, 0x0000000708a00000|  0%| F|  |TAMS 0x0000000708800000, 0x0000000708800000| Untracked 
|  45|0x0000000708a00000, 0x0000000708a00000, 0x0000000708c00000|  0%| F|  |TAMS 0x0000000708a00000, 0x0000000708a00000| Untracked 
|  46|0x0000000708c00000, 0x0000000708c00000, 0x0000000708e00000|  0%| F|  |TAMS 0x0000000708c00000, 0x0000000708c00000| Untracked 
|  47|0x0000000708e00000, 0x0000000708e00000, 0x0000000709000000|  0%| F|  |TAMS 0x0000000708e00000, 0x0000000708e00000| Untracked 
|  48|0x0000000709000000, 0x0000000709000000, 0x0000000709200000|  0%| F|  |TAMS 0x0000000709000000, 0x0000000709000000| Untracked 
|  49|0x0000000709200000, 0x0000000709200000, 0x0000000709400000|  0%| F|  |TAMS 0x0000000709200000, 0x0000000709200000| Untracked 
|  50|0x0000000709400000, 0x0000000709400000, 0x0000000709600000|  0%| F|  |TAMS 0x0000000709400000, 0x0000000709400000| Untracked 
|  51|0x0000000709600000, 0x0000000709600000, 0x0000000709800000|  0%| F|  |TAMS 0x0000000709600000, 0x0000000709600000| Untracked 
|  52|0x0000000709800000, 0x0000000709800000, 0x0000000709a00000|  0%| F|  |TAMS 0x0000000709800000, 0x0000000709800000| Untracked 
|  53|0x0000000709a00000, 0x0000000709a00000, 0x0000000709c00000|  0%| F|  |TAMS 0x0000000709a00000, 0x0000000709a00000| Untracked 
|  54|0x0000000709c00000, 0x0000000709c00000, 0x0000000709e00000|  0%| F|  |TAMS 0x0000000709c00000, 0x0000000709c00000| Untracked 
|  55|0x0000000709e00000, 0x0000000709e00000, 0x000000070a000000|  0%| F|  |TAMS 0x0000000709e00000, 0x0000000709e00000| Untracked 
|  56|0x000000070a000000, 0x000000070a000000, 0x000000070a200000|  0%| F|  |TAMS 0x000000070a000000, 0x000000070a000000| Untracked 
|  57|0x000000070a200000, 0x000000070a200000, 0x000000070a400000|  0%| F|  |TAMS 0x000000070a200000, 0x000000070a200000| Untracked 
|  58|0x000000070a400000, 0x000000070a400000, 0x000000070a600000|  0%| F|  |TAMS 0x000000070a400000, 0x000000070a400000| Untracked 
|  59|0x000000070a600000, 0x000000070a600000, 0x000000070a800000|  0%| F|  |TAMS 0x000000070a600000, 0x000000070a600000| Untracked 
|  60|0x000000070a800000, 0x000000070a800000, 0x000000070aa00000|  0%| F|  |TAMS 0x000000070a800000, 0x000000070a800000| Untracked 
|  61|0x000000070aa00000, 0x000000070aa00000, 0x000000070ac00000|  0%| F|  |TAMS 0x000000070aa00000, 0x000000070aa00000| Untracked 
|  62|0x000000070ac00000, 0x000000070ac00000, 0x000000070ae00000|  0%| F|  |TAMS 0x000000070ac00000, 0x000000070ac00000| Untracked 
|  63|0x000000070ae00000, 0x000000070ae00000, 0x000000070b000000|  0%| F|  |TAMS 0x000000070ae00000, 0x000000070ae00000| Untracked 
|  64|0x000000070b000000, 0x000000070b000000, 0x000000070b200000|  0%| F|  |TAMS 0x000000070b000000, 0x000000070b000000| Untracked 
|  65|0x000000070b200000, 0x000000070b200000, 0x000000070b400000|  0%| F|  |TAMS 0x000000070b200000, 0x000000070b200000| Untracked 
|  66|0x000000070b400000, 0x000000070b400000, 0x000000070b600000|  0%| F|  |TAMS 0x000000070b400000, 0x000000070b400000| Untracked 
|  67|0x000000070b600000, 0x000000070b600000, 0x000000070b800000|  0%| F|  |TAMS 0x000000070b600000, 0x000000070b600000| Untracked 
|  68|0x000000070b800000, 0x000000070b800000, 0x000000070ba00000|  0%| F|  |TAMS 0x000000070b800000, 0x000000070b800000| Untracked 
|  69|0x000000070ba00000, 0x000000070ba00000, 0x000000070bc00000|  0%| F|  |TAMS 0x000000070ba00000, 0x000000070ba00000| Untracked 
|  70|0x000000070bc00000, 0x000000070bc00000, 0x000000070be00000|  0%| F|  |TAMS 0x000000070bc00000, 0x000000070bc00000| Untracked 
|  71|0x000000070be00000, 0x000000070be00000, 0x000000070c000000|  0%| F|  |TAMS 0x000000070be00000, 0x000000070be00000| Untracked 
|  72|0x000000070c000000, 0x000000070c000000, 0x000000070c200000|  0%| F|  |TAMS 0x000000070c000000, 0x000000070c000000| Untracked 
|  73|0x000000070c200000, 0x000000070c200000, 0x000000070c400000|  0%| F|  |TAMS 0x000000070c200000, 0x000000070c200000| Untracked 
|  74|0x000000070c400000, 0x000000070c400000, 0x000000070c600000|  0%| F|  |TAMS 0x000000070c400000, 0x000000070c400000| Untracked 
|  75|0x000000070c600000, 0x000000070c600000, 0x000000070c800000|  0%| F|  |TAMS 0x000000070c600000, 0x000000070c600000| Untracked 
|  76|0x000000070c800000, 0x000000070c800000, 0x000000070ca00000|  0%| F|  |TAMS 0x000000070c800000, 0x000000070c800000| Untracked 
|  77|0x000000070ca00000, 0x000000070ca00000, 0x000000070cc00000|  0%| F|  |TAMS 0x000000070ca00000, 0x000000070ca00000| Untracked 
|  78|0x000000070cc00000, 0x000000070cc00000, 0x000000070ce00000|  0%| F|  |TAMS 0x000000070cc00000, 0x000000070cc00000| Untracked 
|  79|0x000000070ce00000, 0x000000070ce00000, 0x000000070d000000|  0%| F|  |TAMS 0x000000070ce00000, 0x000000070ce00000| Untracked 
|  80|0x000000070d000000, 0x000000070d000000, 0x000000070d200000|  0%| F|  |TAMS 0x000000070d000000, 0x000000070d000000| Untracked 
|  81|0x000000070d200000, 0x000000070d200000, 0x000000070d400000|  0%| F|  |TAMS 0x000000070d200000, 0x000000070d200000| Untracked 
|  82|0x000000070d400000, 0x000000070d400000, 0x000000070d600000|  0%| F|  |TAMS 0x000000070d400000, 0x000000070d400000| Untracked 
|  83|0x000000070d600000, 0x000000070d600000, 0x000000070d800000|  0%| F|  |TAMS 0x000000070d600000, 0x000000070d600000| Untracked 
|  84|0x000000070d800000, 0x000000070d800000, 0x000000070da00000|  0%| F|  |TAMS 0x000000070d800000, 0x000000070d800000| Untracked 
|  85|0x000000070da00000, 0x000000070da00000, 0x000000070dc00000|  0%| F|  |TAMS 0x000000070da00000, 0x000000070da00000| Untracked 
|  86|0x000000070dc00000, 0x000000070dc00000, 0x000000070de00000|  0%| F|  |TAMS 0x000000070dc00000, 0x000000070dc00000| Untracked 
|  87|0x000000070de00000, 0x000000070de00000, 0x000000070e000000|  0%| F|  |TAMS 0x000000070de00000, 0x000000070de00000| Untracked 
|  88|0x000000070e000000, 0x000000070e000000, 0x000000070e200000|  0%| F|  |TAMS 0x000000070e000000, 0x000000070e000000| Untracked 
|  89|0x000000070e200000, 0x000000070e200000, 0x000000070e400000|  0%| F|  |TAMS 0x000000070e200000, 0x000000070e200000| Untracked 
|  90|0x000000070e400000, 0x000000070e400000, 0x000000070e600000|  0%| F|  |TAMS 0x000000070e400000, 0x000000070e400000| Untracked 
|  91|0x000000070e600000, 0x000000070e600000, 0x000000070e800000|  0%| F|  |TAMS 0x000000070e600000, 0x000000070e600000| Untracked 
|  92|0x000000070e800000, 0x000000070e800000, 0x000000070ea00000|  0%| F|  |TAMS 0x000000070e800000, 0x000000070e800000| Untracked 
|  93|0x000000070ea00000, 0x000000070ea00000, 0x000000070ec00000|  0%| F|  |TAMS 0x000000070ea00000, 0x000000070ea00000| Untracked 
|  94|0x000000070ec00000, 0x000000070ec00000, 0x000000070ee00000|  0%| F|  |TAMS 0x000000070ec00000, 0x000000070ec00000| Untracked 
|  95|0x000000070ee00000, 0x000000070ee00000, 0x000000070f000000|  0%| F|  |TAMS 0x000000070ee00000, 0x000000070ee00000| Untracked 
|  96|0x000000070f000000, 0x000000070f000000, 0x000000070f200000|  0%| F|  |TAMS 0x000000070f000000, 0x000000070f000000| Untracked 
|  97|0x000000070f200000, 0x000000070f200000, 0x000000070f400000|  0%| F|  |TAMS 0x000000070f200000, 0x000000070f200000| Untracked 
|  98|0x000000070f400000, 0x000000070f400000, 0x000000070f600000|  0%| F|  |TAMS 0x000000070f400000, 0x000000070f400000| Untracked 
|  99|0x000000070f600000, 0x000000070f600000, 0x000000070f800000|  0%| F|  |TAMS 0x000000070f600000, 0x000000070f600000| Untracked 
| 100|0x000000070f800000, 0x000000070f800000, 0x000000070fa00000|  0%| F|  |TAMS 0x000000070f800000, 0x000000070f800000| Untracked 
| 101|0x000000070fa00000, 0x000000070fa00000, 0x000000070fc00000|  0%| F|  |TAMS 0x000000070fa00000, 0x000000070fa00000| Untracked 
| 102|0x000000070fc00000, 0x000000070fc00000, 0x000000070fe00000|  0%| F|  |TAMS 0x000000070fc00000, 0x000000070fc00000| Untracked 
| 103|0x000000070fe00000, 0x000000070fe00000, 0x0000000710000000|  0%| F|  |TAMS 0x000000070fe00000, 0x000000070fe00000| Untracked 
| 104|0x0000000710000000, 0x0000000710000000, 0x0000000710200000|  0%| F|  |TAMS 0x0000000710000000, 0x0000000710000000| Untracked 
| 105|0x0000000710200000, 0x0000000710200000, 0x0000000710400000|  0%| F|  |TAMS 0x0000000710200000, 0x0000000710200000| Untracked 
| 106|0x0000000710400000, 0x0000000710400000, 0x0000000710600000|  0%| F|  |TAMS 0x0000000710400000, 0x0000000710400000| Untracked 
| 107|0x0000000710600000, 0x0000000710600000, 0x0000000710800000|  0%| F|  |TAMS 0x0000000710600000, 0x0000000710600000| Untracked 
| 108|0x0000000710800000, 0x0000000710800000, 0x0000000710a00000|  0%| F|  |TAMS 0x0000000710800000, 0x0000000710800000| Untracked 
| 109|0x0000000710a00000, 0x0000000710a00000, 0x0000000710c00000|  0%| F|  |TAMS 0x0000000710a00000, 0x0000000710a00000| Untracked 
| 110|0x0000000710c00000, 0x0000000710c00000, 0x0000000710e00000|  0%| F|  |TAMS 0x0000000710c00000, 0x0000000710c00000| Untracked 
| 111|0x0000000710e00000, 0x0000000710e00000, 0x0000000711000000|  0%| F|  |TAMS 0x0000000710e00000, 0x0000000710e00000| Untracked 
| 112|0x0000000711000000, 0x0000000711000000, 0x0000000711200000|  0%| F|  |TAMS 0x0000000711000000, 0x0000000711000000| Untracked 
| 113|0x0000000711200000, 0x0000000711200000, 0x0000000711400000|  0%| F|  |TAMS 0x0000000711200000, 0x0000000711200000| Untracked 
| 114|0x0000000711400000, 0x0000000711600000, 0x0000000711600000|100%| S|CS|TAMS 0x0000000711400000, 0x0000000711400000| Complete 
| 115|0x0000000711600000, 0x0000000711800000, 0x0000000711800000|100%| S|CS|TAMS 0x0000000711600000, 0x0000000711600000| Complete 
| 116|0x0000000711800000, 0x0000000711800000, 0x0000000711a00000|  0%| F|  |TAMS 0x0000000711800000, 0x0000000711800000| Untracked 
| 117|0x0000000711a00000, 0x0000000711a00000, 0x0000000711c00000|  0%| F|  |TAMS 0x0000000711a00000, 0x0000000711a00000| Untracked 
| 118|0x0000000711c00000, 0x0000000711c00000, 0x0000000711e00000|  0%| F|  |TAMS 0x0000000711c00000, 0x0000000711c00000| Untracked 
| 119|0x0000000711e00000, 0x0000000711e00000, 0x0000000712000000|  0%| F|  |TAMS 0x0000000711e00000, 0x0000000711e00000| Untracked 
| 120|0x0000000712000000, 0x0000000712000000, 0x0000000712200000|  0%| F|  |TAMS 0x0000000712000000, 0x0000000712000000| Untracked 
| 121|0x0000000712200000, 0x0000000712200000, 0x0000000712400000|  0%| F|  |TAMS 0x0000000712200000, 0x0000000712200000| Untracked 
| 122|0x0000000712400000, 0x00000007124f66d0, 0x0000000712600000| 48%| E|  |TAMS 0x0000000712400000, 0x0000000712400000| Complete 
| 123|0x0000000712600000, 0x0000000712800000, 0x0000000712800000|100%| E|CS|TAMS 0x0000000712600000, 0x0000000712600000| Complete 
| 124|0x0000000712800000, 0x0000000712a00000, 0x0000000712a00000|100%| E|CS|TAMS 0x0000000712800000, 0x0000000712800000| Complete 
| 125|0x0000000712a00000, 0x0000000712c00000, 0x0000000712c00000|100%| E|CS|TAMS 0x0000000712a00000, 0x0000000712a00000| Complete 
| 126|0x0000000712c00000, 0x0000000712e00000, 0x0000000712e00000|100%| E|CS|TAMS 0x0000000712c00000, 0x0000000712c00000| Complete 

Card table byte_map: [0x000001bfcb7f0000,0x000001bfcbfe0000] _byte_map_base: 0x000001bfc7fd8000

Marking Bits (Prev, Next): (CMBitMap*) 0x000001bfb3805c90, (CMBitMap*) 0x000001bfb3805cd0
 Prev Bits: [0x000001bfcc7d0000, 0x000001bfd0710000)
 Next Bits: [0x000001bfd0710000, 0x000001bfd4650000)

Polling page: 0x000001bfb1750000

Metaspace:

Usage:
  Non-class:      5.76 MB capacity,     3.85 MB ( 67%) used,     1.90 MB ( 33%) free+waste,     5.44 KB ( <1%) overhead. 
      Class:    675.00 KB capacity,   460.55 KB ( 68%) used,   212.02 KB ( 31%) free+waste,     2.44 KB ( <1%) overhead. 
       Both:      6.42 MB capacity,     4.30 MB ( 67%) used,     2.11 MB ( 33%) free+waste,     7.88 KB ( <1%) overhead. 

Virtual space:
  Non-class space:        8.00 MB reserved,       6.00 MB ( 75%) committed 
      Class space:        1.00 GB reserved,     768.00 KB ( <1%) committed 
             Both:        1.01 GB reserved,       6.75 MB ( <1%) committed 

Chunk freelists:
   Non-Class:  3.00 KB
       Class:  0 bytes
        Both:  3.00 KB

MaxMetaspaceSize: 17179869184.00 GB
CompressedClassSpaceSize: 1.00 GB

CodeHeap 'non-profiled nmethods': size=120000Kb used=515Kb max_used=515Kb free=119484Kb
 bounds [0x000001bfc3790000, 0x000001bfc3a00000, 0x000001bfcacc0000]
CodeHeap 'profiled nmethods': size=120000Kb used=2015Kb max_used=2015Kb free=117985Kb
 bounds [0x000001bfbc260000, 0x000001bfbc4d0000, 0x000001bfc3790000]
CodeHeap 'non-nmethods': size=5760Kb used=1182Kb max_used=1246Kb free=4577Kb
 bounds [0x000001bfbbcc0000, 0x000001bfbbf30000, 0x000001bfbc260000]
 total_blobs=1521 nmethods=1078 adapters=356
 compilation: enabled
              stopped_count=0, restarted_count=0
 full_count=0

Compilation events (20 events):
Event: 1.120 Thread 0x000001bfd7bc0980 nmethod 1022 0x000001bfc380d090 code [0x000001bfc380d220, 0x000001bfc380d858]
Event: 1.120 Thread 0x000001bfd78e5fd0 nmethod 1040 0x000001bfc380d990 code [0x000001bfc380db00, 0x000001bfc380db78]
Event: 1.121 Thread 0x000001bfd78f30b0 nmethod 1052 0x000001bfbc44c590 code [0x000001bfbc44c8a0, 0x000001bfbc44d748]
Event: 1.121 Thread 0x000001bfd78f30b0 1056       3       java.lang.invoke.MemberName::getReferenceKind (12 bytes)
Event: 1.121 Thread 0x000001bfd78f30b0 nmethod 1056 0x000001bfbc44dc90 code [0x000001bfbc44de20, 0x000001bfbc44df38]
Event: 1.121 Thread 0x000001bfd78f30b0 1057       1       sun.util.locale.BaseLocale::getLanguage (5 bytes)
Event: 1.121 Thread 0x000001bfd7bc0470 nmethod 1026 0x000001bfc380e290 code [0x000001bfc380e400, 0x000001bfc380e758]
Event: 1.121 Thread 0x000001bfd78f30b0 nmethod 1057 0x000001bfc380e890 code [0x000001bfc380ea20, 0x000001bfc380ead8]
Event: 1.121 Thread 0x000001bfd78f30b0 1050       1       java.lang.invoke.LambdaForm$Name::type (5 bytes)
Event: 1.122 Thread 0x000001bfd78f30b0 nmethod 1050 0x000001bfc380eb90 code [0x000001bfc380ed20, 0x000001bfc380edd8]
Event: 1.122 Thread 0x000001bfd78f30b0 1058       3       jdk.internal.org.objectweb.asm.MethodWriter::visitMethodInsn (191 bytes)
Event: 1.122 Thread 0x000001bfd78f30b0 nmethod 1058 0x000001bfbc44e010 code [0x000001bfbc44e240, 0x000001bfbc44e9e8]
Event: 1.123 Thread 0x000001bfd78f30b0 1063       3       jdk.internal.org.objectweb.asm.SymbolTable::addConstantNameAndType (137 bytes)
Event: 1.123 Thread 0x000001bfd78f30b0 nmethod 1063 0x000001bfbc44ed10 code [0x000001bfbc44ef60, 0x000001bfbc44f688]
Event: 1.123 Thread 0x000001bfd78f30b0 1066       3       jdk.internal.org.objectweb.asm.Frame::getLocal (46 bytes)
Event: 1.124 Thread 0x000001bfd78f30b0 nmethod 1066 0x000001bfbc44fa90 code [0x000001bfbc44fc20, 0x000001bfbc44fe38]
Event: 1.124 Thread 0x000001bfd78f30b0 1068       3       java.util.StringTokenizer::scanToken (179 bytes)
Event: 1.124 Thread 0x000001bfd7bc0980 1073       4       java.util.HashMap::put (13 bytes)
Event: 1.126 Thread 0x000001bfd78f30b0 nmethod 1068 0x000001bfbc44ff10 code [0x000001bfbc450280, 0x000001bfbc4518b8]
Event: 1.126 Thread 0x000001bfd78f30b0 1067       3       java.util.StringTokenizer::skipDelimiters (116 bytes)

GC Heap History (2 events):
Event: 0.804 GC heap before
{Heap before GC invocations=0 (full 0):
 garbage-first heap   total 260096K, used 20480K [0x0000000703000000, 0x0000000800000000)
  region size 2048K, 11 young (22528K), 0 survivors (0K)
 Metaspace       used 3522K, capacity 6099K, committed 6272K, reserved 1056768K
  class space    used 332K, capacity 561K, committed 640K, reserved 1048576K
}
Event: 0.808 GC heap after
{Heap after GC invocations=1 (full 0):
 garbage-first heap   total 260096K, used 6259K [0x0000000703000000, 0x0000000800000000)
  region size 2048K, 2 young (4096K), 2 survivors (4096K)
 Metaspace       used 3522K, capacity 6099K, committed 6272K, reserved 1056768K
  class space    used 332K, capacity 561K, committed 640K, reserved 1048576K
}

Deoptimization events (20 events):
Event: 0.956 Thread 0x000001bfb37b32d0 Uncommon trap: trap_request=0xffffff45 fr.pc=0x000001bfc37cce0c relative=0x000000000000064c
Event: 0.956 Thread 0x000001bfb37b32d0 Uncommon trap: reason=unstable_if action=reinterpret pc=0x000001bfc37cce0c method=java.io.WinNTFileSystem.normalize(Ljava/lang/String;)Ljava/lang/String; @ 128 c2
Event: 0.956 Thread 0x000001bfb37b32d0 DEOPT PACKING pc=0x000001bfc37cce0c sp=0x00000048909fe5b0
Event: 0.956 Thread 0x000001bfb37b32d0 DEOPT UNPACKING pc=0x000001bfbbd0e42f sp=0x00000048909fe538 mode 2
Event: 0.957 Thread 0x000001bfb37b32d0 Uncommon trap: trap_request=0xffffff45 fr.pc=0x000001bfc37c5aa0 relative=0x0000000000000320
Event: 0.957 Thread 0x000001bfb37b32d0 Uncommon trap: reason=unstable_if action=reinterpret pc=0x000001bfc37c5aa0 method=java.lang.StringUTF16.compress([CI[BII)I @ 20 c2
Event: 0.957 Thread 0x000001bfb37b32d0 DEOPT PACKING pc=0x000001bfc37c5aa0 sp=0x00000048909fe330
Event: 0.957 Thread 0x000001bfb37b32d0 DEOPT UNPACKING pc=0x000001bfbbd0e42f sp=0x00000048909fe2b0 mode 2
Event: 0.960 Thread 0x000001bfb37b32d0 Uncommon trap: trap_request=0xffffff45 fr.pc=0x000001bfc37aefb8 relative=0x00000000000004f8
Event: 0.960 Thread 0x000001bfb37b32d0 Uncommon trap: reason=unstable_if action=reinterpret pc=0x000001bfc37aefb8 method=java.lang.AbstractStringBuilder.putStringAt(ILjava/lang/String;)V @ 8 c2
Event: 0.960 Thread 0x000001bfb37b32d0 DEOPT PACKING pc=0x000001bfc37aefb8 sp=0x00000048909fe720
Event: 0.960 Thread 0x000001bfb37b32d0 DEOPT UNPACKING pc=0x000001bfbbd0e42f sp=0x00000048909fe628 mode 2
Event: 0.960 Thread 0x000001bfb37b32d0 Uncommon trap: trap_request=0xffffff45 fr.pc=0x000001bfc37d7224 relative=0x0000000000000384
Event: 0.960 Thread 0x000001bfb37b32d0 Uncommon trap: reason=unstable_if action=reinterpret pc=0x000001bfc37d7224 method=java.lang.AbstractStringBuilder.isLatin1()Z @ 10 c2
Event: 0.960 Thread 0x000001bfb37b32d0 DEOPT PACKING pc=0x000001bfc37d7224 sp=0x00000048909fe730
Event: 0.960 Thread 0x000001bfb37b32d0 DEOPT UNPACKING pc=0x000001bfbbd0e42f sp=0x00000048909fe6b0 mode 2
Event: 1.059 Thread 0x000001bfb37b32d0 DEOPT PACKING pc=0x000001bfbc364ab3 sp=0x00000048909fe170
Event: 1.059 Thread 0x000001bfb37b32d0 DEOPT UNPACKING pc=0x000001bfbbd0e23f sp=0x00000048909fd690 mode 0
Event: 1.074 Thread 0x000001bfb37b32d0 DEOPT PACKING pc=0x000001bfbc364ab3 sp=0x00000048909fde90
Event: 1.074 Thread 0x000001bfb37b32d0 DEOPT UNPACKING pc=0x000001bfbbd0e23f sp=0x00000048909fd3b0 mode 0

Classes unloaded (0 events):
No events

Classes redefined (0 events):
No events

Internal exceptions (8 events):
Event: 0.257 Thread 0x000001bfd7a88260 Exception <a 'java/lang/NoSuchMethodError'{0x000000071276d638}: 'java.lang.Object java.lang.invoke.DirectMethodHandle$Holder.invokeStatic(java.lang.Object)'> (0x000000071276d638) 
thrown [./src/hotspot/share/interpreter/linkResolver.cpp, line 782]
Event: 0.260 Thread 0x000001bfd7a88260 Exception <a 'java/lang/NoSuchMethodError'{0x0000000712770f48}: 'java.lang.Object java.lang.invoke.DirectMethodHandle$Holder.invokeStaticInit(java.lang.Object)'> (0x0000000712770f48) 
thrown [./src/hotspot/share/interpreter/linkResolver.cpp, line 782]
Event: 0.269 Thread 0x000001bfd7a88260 Exception <a 'java/lang/NoSuchMethodError'{0x000000071277e428}: 'void java.lang.invoke.DirectMethodHandle$Holder.invokeStatic(java.lang.Object, java.lang.Object)'> (0x000000071277e428) 
thrown [./src/hotspot/share/interpreter/linkResolver.cpp, line 782]
Event: 0.448 Thread 0x000001bfb37b32d0 Exception <a 'java/lang/NoSuchMethodError'{0x0000000712062b70}: 'int java.lang.invoke.DirectMethodHandle$Holder.invokeStaticInit(java.lang.Object, java.lang.Object, java.lang.Object, java.lang.Object)'> (0x0000000712062b70) 
thrown [./src/hotspot/share/interpreter/linkResolver.cpp, line 782]
Event: 0.452 Thread 0x000001bfb37b32d0 Exception <a 'java/lang/NoSuchMethodError'{0x000000071206d7b0}: 'java.lang.Object java.lang.invoke.DirectMethodHandle$Holder.invokeInterface(java.lang.Object, java.lang.Object)'> (0x000000071206d7b0) 
thrown [./src/hotspot/share/interpreter/linkResolver.cpp, line 782]
Event: 0.452 Thread 0x000001bfb37b32d0 Exception <a 'java/lang/IncompatibleClassChangeError'{0x0000000712070f00}: Found class java.lang.Object, but interface was expected> (0x0000000712070f00) 
thrown [./src/hotspot/share/interpreter/linkResolver.cpp, line 848]
Event: 0.453 Thread 0x000001bfb37b32d0 Exception <a 'java/lang/NoSuchMethodError'{0x0000000712074148}: 'void java.lang.invoke.DirectMethodHandle$Holder.invokeStaticInit(java.lang.Object, java.lang.Object)'> (0x0000000712074148) 
thrown [./src/hotspot/share/interpreter/linkResolver.cpp, line 782]
Event: 0.454 Thread 0x000001bfb37b32d0 Exception <a 'java/lang/NoSuchMethodError'{0x000000071207a720}: 'int java.lang.invoke.DirectMethodHandle$Holder.invokeStaticInit(java.lang.Object, java.lang.Object)'> (0x000000071207a720) 
thrown [./src/hotspot/share/interpreter/linkResolver.cpp, line 782]

Events (20 events):
Event: 1.117 loading class java/lang/invoke/BoundMethodHandle$Species_LLLLLL
Event: 1.117 loading class java/lang/invoke/BoundMethodHandle$Species_LLLLLL done
Event: 1.117 loading class sun/util/locale/provider/TimeZoneNameUtility
Event: 1.118 loading class sun/util/locale/provider/TimeZoneNameUtility done
Event: 1.118 loading class sun/util/locale/provider/TimeZoneNameUtility$TimeZoneNameGetter
Event: 1.118 loading class sun/util/locale/provider/TimeZoneNameUtility$TimeZoneNameGetter done
Event: 1.118 loading class java/lang/invoke/BoundMethodHandle$Species_LLLLLLL
Event: 1.119 loading class java/lang/invoke/BoundMethodHandle$Species_LLLLLLL done
Event: 1.121 loading class jdk/internal/module/ModulePatcher$PatchedModuleReader
Event: 1.121 loading class jdk/internal/module/ModulePatcher$PatchedModuleReader done
Event: 1.121 Executing VM operation: HandshakeAllThreads
Event: 1.122 Executing VM operation: HandshakeAllThreads done
Event: 1.122 loading class sun/net/www/protocol/jrt/Handler
Event: 1.122 loading class sun/net/www/protocol/jrt/Handler done
Event: 1.123 loading class sun/util/cldr/CLDRTimeZoneNameProviderImpl
Event: 1.123 loading class sun/util/locale/provider/TimeZoneNameProviderImpl
Event: 1.123 loading class sun/util/locale/provider/TimeZoneNameProviderImpl done
Event: 1.123 loading class sun/util/cldr/CLDRTimeZoneNameProviderImpl done
Event: 1.126 loading class sun/util/locale/provider/BaseLocaleDataMetaInfo
Event: 1.126 loading class sun/util/locale/provider/BaseLocaleDataMetaInfo done


Dynamic libraries:
0x00007ff7a0d00000 - 0x00007ff7a0d0d000 	C:\Program Files\AdoptOpenJDK\jdk-15.0.2.7-hotspot\bin\java.exe
0x00007ff9a40f0000 - 0x00007ff9a42e8000 	C:\WINDOWS\SYSTEM32\ntdll.dll
0x00007ff9a2ea0000 - 0x00007ff9a2f5f000 	C:\WINDOWS\System32\KERNEL32.DLL
0x00007ff9a1a90000 - 0x00007ff9a1d62000 	C:\WINDOWS\System32\KERNELBASE.dll
0x00007ff9a17e0000 - 0x00007ff9a18e0000 	C:\WINDOWS\System32\ucrtbase.dll
0x00007ff987da0000 - 0x00007ff987db8000 	C:\Program Files\AdoptOpenJDK\jdk-15.0.2.7-hotspot\bin\jli.dll
0x00007ff987dc0000 - 0x00007ff987dd5000 	C:\Program Files\AdoptOpenJDK\jdk-15.0.2.7-hotspot\bin\VCRUNTIME140.dll
0x00007ff9a3e20000 - 0x00007ff9a3fc1000 	C:\WINDOWS\System32\USER32.dll
0x00007ff9825a0000 - 0x00007ff98283a000 	C:\WINDOWS\WinSxS\amd64_microsoft.windows.common-controls_6595b64144ccf1df_6.0.19041.1110_none_60b5254171f9507e\COMCTL32.dll
0x00007ff9a1dc0000 - 0x00007ff9a1de2000 	C:\WINDOWS\System32\win32u.dll
0x00007ff9a3cd0000 - 0x00007ff9a3d6e000 	C:\WINDOWS\System32\msvcrt.dll
0x00007ff9a3ca0000 - 0x00007ff9a3ccb000 	C:\WINDOWS\System32\GDI32.dll
0x00007ff9a1980000 - 0x00007ff9a1a8f000 	C:\WINDOWS\System32\gdi32full.dll
0x00007ff9a18e0000 - 0x00007ff9a197d000 	C:\WINDOWS\System32\msvcp_win.dll
0x00007ff9a22b0000 - 0x00007ff9a22e2000 	C:\WINDOWS\System32\IMM32.DLL
0x00007ff94b500000 - 0x00007ff94b59b000 	C:\Program Files\AdoptOpenJDK\jdk-15.0.2.7-hotspot\bin\msvcp140.dll
0x00007ff910410000 - 0x00007ff910f9f000 	C:\Program Files\AdoptOpenJDK\jdk-15.0.2.7-hotspot\bin\server\jvm.dll
0x00007ff9a2130000 - 0x00007ff9a21de000 	C:\WINDOWS\System32\ADVAPI32.dll
0x00007ff9a38e0000 - 0x00007ff9a397c000 	C:\WINDOWS\System32\sechost.dll
0x00007ff9a2310000 - 0x00007ff9a2435000 	C:\WINDOWS\System32\RPCRT4.dll
0x00007ff9a3100000 - 0x00007ff9a3108000 	C:\WINDOWS\System32\PSAPI.DLL
0x00007ff980440000 - 0x00007ff980449000 	C:\WINDOWS\SYSTEM32\WSOCK32.dll
0x00007ff9829c0000 - 0x00007ff9829e7000 	C:\WINDOWS\SYSTEM32\WINMM.dll
0x00007ff9a3090000 - 0x00007ff9a30fb000 	C:\WINDOWS\System32\WS2_32.dll
0x00007ff9a0440000 - 0x00007ff9a044a000 	C:\WINDOWS\SYSTEM32\VERSION.dll
0x00007ff99fef0000 - 0x00007ff99ff02000 	C:\WINDOWS\SYSTEM32\kernel.appcore.dll
0x00007ff995db0000 - 0x00007ff995dba000 	C:\Program Files\AdoptOpenJDK\jdk-15.0.2.7-hotspot\bin\jimage.dll
0x00007ff99f460000 - 0x00007ff99f644000 	C:\WINDOWS\SYSTEM32\DBGHELP.DLL
0x00007ff984050000 - 0x00007ff984085000 	C:\WINDOWS\SYSTEM32\dbgcore.DLL
0x00007ff9a1df0000 - 0x00007ff9a1e72000 	C:\WINDOWS\System32\bcryptPrimitives.dll
0x00007ff9998f0000 - 0x00007ff9998fe000 	C:\Program Files\AdoptOpenJDK\jdk-15.0.2.7-hotspot\bin\instrument.dll
0x00007ff987d70000 - 0x00007ff987d95000 	C:\Program Files\AdoptOpenJDK\jdk-15.0.2.7-hotspot\bin\java.dll
0x00007ff9a2440000 - 0x00007ff9a2b84000 	C:\WINDOWS\System32\SHELL32.dll
0x00007ff99f740000 - 0x00007ff99fed2000 	C:\WINDOWS\SYSTEM32\windows.storage.dll
0x00007ff9a3580000 - 0x00007ff9a38d5000 	C:\WINDOWS\System32\combase.dll
0x00007ff9a1160000 - 0x00007ff9a1190000 	C:\WINDOWS\SYSTEM32\Wldp.dll
0x00007ff9a3d70000 - 0x00007ff9a3e1d000 	C:\WINDOWS\System32\SHCORE.dll
0x00007ff9a3a30000 - 0x00007ff9a3a85000 	C:\WINDOWS\System32\shlwapi.dll
0x00007ff9a1720000 - 0x00007ff9a173f000 	C:\WINDOWS\SYSTEM32\profapi.dll
0x00007ff987c70000 - 0x00007ff987c88000 	C:\Program Files\AdoptOpenJDK\jdk-15.0.2.7-hotspot\bin\zip.dll
0x00007ff987d50000 - 0x00007ff987d69000 	C:\Program Files\AdoptOpenJDK\jdk-15.0.2.7-hotspot\bin\net.dll
0x00007ff996230000 - 0x00007ff99633c000 	C:\WINDOWS\SYSTEM32\WINHTTP.dll
0x00007ff9a0ec0000 - 0x00007ff9a0f2a000 	C:\WINDOWS\system32\mswsock.dll
0x00007ff987d30000 - 0x00007ff987d42000 	C:\Program Files\AdoptOpenJDK\jdk-15.0.2.7-hotspot\bin\nio.dll
0x00007ff987ef0000 - 0x00007ff987f0a000 	C:\Program Files\JetBrains\IntelliJ IDEA 2022.3\bin\breakgen64.dll
0x000001bfb3770000 - 0x000001bfb3774000 	C:\Users\37756\.javacpp\cache\javacpp-1.5.7-windows-x86_64.jar\org\bytedeco\javacpp\windows-x86_64\api-ms-win-crt-locale-l1-1-0.dll
0x000001bfb3780000 - 0x000001bfb3785000 	C:\Users\37756\.javacpp\cache\javacpp-1.5.7-windows-x86_64.jar\org\bytedeco\javacpp\windows-x86_64\api-ms-win-crt-string-l1-1-0.dll
0x000001bfd84d0000 - 0x000001bfd84d5000 	C:\Users\37756\.javacpp\cache\javacpp-1.5.7-windows-x86_64.jar\org\bytedeco\javacpp\windows-x86_64\api-ms-win-crt-stdio-l1-1-0.dll
0x000001bfd84e0000 - 0x000001bfd84e6000 	C:\Users\37756\.javacpp\cache\javacpp-1.5.7-windows-x86_64.jar\org\bytedeco\javacpp\windows-x86_64\api-ms-win-crt-math-l1-1-0.dll
0x000001bfd84f0000 - 0x000001bfd84f4000 	C:\Users\37756\.javacpp\cache\javacpp-1.5.7-windows-x86_64.jar\org\bytedeco\javacpp\windows-x86_64\api-ms-win-crt-heap-l1-1-0.dll
0x000001bfd8500000 - 0x000001bfd8505000 	C:\Users\37756\.javacpp\cache\javacpp-1.5.7-windows-x86_64.jar\org\bytedeco\javacpp\windows-x86_64\api-ms-win-crt-runtime-l1-1-0.dll
0x000001bfd8510000 - 0x000001bfd8515000 	C:\Users\37756\.javacpp\cache\javacpp-1.5.7-windows-x86_64.jar\org\bytedeco\javacpp\windows-x86_64\api-ms-win-crt-convert-l1-1-0.dll
0x000001bfd8520000 - 0x000001bfd8524000 	C:\Users\37756\.javacpp\cache\javacpp-1.5.7-windows-x86_64.jar\org\bytedeco\javacpp\windows-x86_64\api-ms-win-crt-environment-l1-1-0.dll
0x000001bfd8530000 - 0x000001bfd8534000 	C:\Users\37756\.javacpp\cache\javacpp-1.5.7-windows-x86_64.jar\org\bytedeco\javacpp\windows-x86_64\api-ms-win-crt-time-l1-1-0.dll
0x000001bfd8540000 - 0x000001bfd8544000 	C:\Users\37756\.javacpp\cache\javacpp-1.5.7-windows-x86_64.jar\org\bytedeco\javacpp\windows-x86_64\api-ms-win-crt-filesystem-l1-1-0.dll
0x000001bfd8550000 - 0x000001bfd8554000 	C:\Users\37756\.javacpp\cache\javacpp-1.5.7-windows-x86_64.jar\org\bytedeco\javacpp\windows-x86_64\api-ms-win-crt-utility-l1-1-0.dll
0x000001bfd8560000 - 0x000001bfd8566000 	C:\Users\37756\.javacpp\cache\javacpp-1.5.7-windows-x86_64.jar\org\bytedeco\javacpp\windows-x86_64\api-ms-win-crt-multibyte-l1-1-0.dll
0x000001bfd8570000 - 0x000001bfd8574000 	C:\Users\37756\.javacpp\cache\javacpp-1.5.7-windows-x86_64.jar\org\bytedeco\javacpp\windows-x86_64\api-ms-win-crt-conio-l1-1-0.dll
0x000001bfd8580000 - 0x000001bfd8591000 	C:\Users\37756\.javacpp\cache\javacpp-1.5.7-windows-x86_64.jar\org\bytedeco\javacpp\windows-x86_64\api-ms-win-crt-private-l1-1-0.dll
0x000001bfd85a0000 - 0x000001bfd85a4000 	C:\Users\37756\.javacpp\cache\javacpp-1.5.7-windows-x86_64.jar\org\bytedeco\javacpp\windows-x86_64\api-ms-win-crt-process-l1-1-0.dll
0x000001bfd85b0000 - 0x000001bfd85b4000 	C:\Users\37756\.javacpp\cache\javacpp-1.5.7-windows-x86_64.jar\org\bytedeco\javacpp\windows-x86_64\api-ms-win-core-console-l1-2-0.dll
0x000001bfd85c0000 - 0x000001bfd85c4000 	C:\Users\37756\.javacpp\cache\javacpp-1.5.7-windows-x86_64.jar\org\bytedeco\javacpp\windows-x86_64\api-ms-win-core-string-l1-1-0.dll
0x000001bfd85d0000 - 0x000001bfd85d4000 	C:\Users\37756\.javacpp\cache\javacpp-1.5.7-windows-x86_64.jar\org\bytedeco\javacpp\windows-x86_64\api-ms-win-core-errorhandling-l1-1-0.dll
0x000001bfd85e0000 - 0x000001bfd85e4000 	C:\Users\37756\.javacpp\cache\javacpp-1.5.7-windows-x86_64.jar\org\bytedeco\javacpp\windows-x86_64\api-ms-win-core-timezone-l1-1-0.dll
0x000001bfd95c0000 - 0x000001bfd95c5000 	C:\Users\37756\.javacpp\cache\javacpp-1.5.7-windows-x86_64.jar\org\bytedeco\javacpp\windows-x86_64\api-ms-win-core-file-l1-1-0.dll
0x000001bfd95d0000 - 0x000001bfd95d4000 	C:\Users\37756\.javacpp\cache\javacpp-1.5.7-windows-x86_64.jar\org\bytedeco\javacpp\windows-x86_64\api-ms-win-core-namedpipe-l1-1-0.dll
0x000001bfd95e0000 - 0x000001bfd95e4000 	C:\Users\37756\.javacpp\cache\javacpp-1.5.7-windows-x86_64.jar\org\bytedeco\javacpp\windows-x86_64\api-ms-win-core-handle-l1-1-0.dll
0x000001bfd95f0000 - 0x000001bfd95f4000 	C:\Users\37756\.javacpp\cache\javacpp-1.5.7-windows-x86_64.jar\org\bytedeco\javacpp\windows-x86_64\api-ms-win-core-file-l2-1-0.dll
0x000001bfd9600000 - 0x000001bfd9604000 	C:\Users\37756\.javacpp\cache\javacpp-1.5.7-windows-x86_64.jar\org\bytedeco\javacpp\windows-x86_64\api-ms-win-core-heap-l1-1-0.dll
0x000001bfd9610000 - 0x000001bfd9614000 	C:\Users\37756\.javacpp\cache\javacpp-1.5.7-windows-x86_64.jar\org\bytedeco\javacpp\windows-x86_64\api-ms-win-core-libraryloader-l1-1-0.dll
0x000001bfd9620000 - 0x000001bfd9624000 	C:\Users\37756\.javacpp\cache\javacpp-1.5.7-windows-x86_64.jar\org\bytedeco\javacpp\windows-x86_64\api-ms-win-core-synch-l1-1-0.dll
0x000001bfd9630000 - 0x000001bfd9634000 	C:\Users\37756\.javacpp\cache\javacpp-1.5.7-windows-x86_64.jar\org\bytedeco\javacpp\windows-x86_64\api-ms-win-core-processthreads-l1-1-0.dll
0x000001bfd9640000 - 0x000001bfd9644000 	C:\Users\37756\.javacpp\cache\javacpp-1.5.7-windows-x86_64.jar\org\bytedeco\javacpp\windows-x86_64\api-ms-win-core-processenvironment-l1-1-0.dll
0x000001bfd9650000 - 0x000001bfd9654000 	C:\Users\37756\.javacpp\cache\javacpp-1.5.7-windows-x86_64.jar\org\bytedeco\javacpp\windows-x86_64\api-ms-win-core-datetime-l1-1-0.dll
0x000001bfd9660000 - 0x000001bfd9664000 	C:\Users\37756\.javacpp\cache\javacpp-1.5.7-windows-x86_64.jar\org\bytedeco\javacpp\windows-x86_64\api-ms-win-core-localization-l1-2-0.dll
0x000001bfd9670000 - 0x000001bfd9674000 	C:\Users\37756\.javacpp\cache\javacpp-1.5.7-windows-x86_64.jar\org\bytedeco\javacpp\windows-x86_64\api-ms-win-core-sysinfo-l1-1-0.dll
0x000001bfd9680000 - 0x000001bfd9684000 	C:\Users\37756\.javacpp\cache\javacpp-1.5.7-windows-x86_64.jar\org\bytedeco\javacpp\windows-x86_64\api-ms-win-core-synch-l1-2-0.dll
0x000001bfd9690000 - 0x000001bfd9694000 	C:\Users\37756\.javacpp\cache\javacpp-1.5.7-windows-x86_64.jar\org\bytedeco\javacpp\windows-x86_64\api-ms-win-core-console-l1-1-0.dll
0x000001bfd96a0000 - 0x000001bfd96a4000 	C:\Users\37756\.javacpp\cache\javacpp-1.5.7-windows-x86_64.jar\org\bytedeco\javacpp\windows-x86_64\api-ms-win-core-debug-l1-1-0.dll
0x000001bfd96b0000 - 0x000001bfd96b4000 	C:\Users\37756\.javacpp\cache\javacpp-1.5.7-windows-x86_64.jar\org\bytedeco\javacpp\windows-x86_64\api-ms-win-core-rtlsupport-l1-1-0.dll
0x000001bfd96c0000 - 0x000001bfd96c4000 	C:\Users\37756\.javacpp\cache\javacpp-1.5.7-windows-x86_64.jar\org\bytedeco\javacpp\windows-x86_64\api-ms-win-core-processthreads-l1-1-1.dll
0x000001bfd96d0000 - 0x000001bfd96d4000 	C:\Users\37756\.javacpp\cache\javacpp-1.5.7-windows-x86_64.jar\org\bytedeco\javacpp\windows-x86_64\api-ms-win-core-file-l1-2-0.dll
0x000001bfd96e0000 - 0x000001bfd96e4000 	C:\Users\37756\.javacpp\cache\javacpp-1.5.7-windows-x86_64.jar\org\bytedeco\javacpp\windows-x86_64\api-ms-win-core-profile-l1-1-0.dll
0x000001bfd96f0000 - 0x000001bfd96f4000 	C:\Users\37756\.javacpp\cache\javacpp-1.5.7-windows-x86_64.jar\org\bytedeco\javacpp\windows-x86_64\api-ms-win-core-memory-l1-1-0.dll
0x000001bfd9700000 - 0x000001bfd9704000 	C:\Users\37756\.javacpp\cache\javacpp-1.5.7-windows-x86_64.jar\org\bytedeco\javacpp\windows-x86_64\api-ms-win-core-util-l1-1-0.dll
0x000001bfd9710000 - 0x000001bfd9714000 	C:\Users\37756\.javacpp\cache\javacpp-1.5.7-windows-x86_64.jar\org\bytedeco\javacpp\windows-x86_64\api-ms-win-core-interlocked-l1-1-0.dll
0x00007ff9676d0000 - 0x00007ff9677e1000 	C:\Users\37756\.javacpp\cache\javacpp-1.5.7-windows-x86_64.jar\org\bytedeco\javacpp\windows-x86_64\ucrtbase.dll
0x00007ff97be70000 - 0x00007ff97be8b000 	C:\Users\37756\.javacpp\cache\javacpp-1.5.7-windows-x86_64.jar\org\bytedeco\javacpp\windows-x86_64\vcruntime140.dll
0x00007ff9998e0000 - 0x00007ff9998ec000 	C:\Users\37756\.javacpp\cache\javacpp-1.5.7-windows-x86_64.jar\org\bytedeco\javacpp\windows-x86_64\vcruntime140_1.dll
0x00007ff964030000 - 0x00007ff9640bd000 	C:\Users\37756\.javacpp\cache\javacpp-1.5.7-windows-x86_64.jar\org\bytedeco\javacpp\windows-x86_64\msvcp140.dll
0x00007ff996630000 - 0x00007ff996639000 	C:\Users\37756\.javacpp\cache\javacpp-1.5.7-windows-x86_64.jar\org\bytedeco\javacpp\windows-x86_64\msvcp140_1.dll
0x00007ff969230000 - 0x00007ff96927e000 	C:\Users\37756\.javacpp\cache\javacpp-1.5.7-windows-x86_64.jar\org\bytedeco\javacpp\windows-x86_64\concrt140.dll
0x00007ff966e50000 - 0x00007ff966e81000 	C:\Users\37756\.javacpp\cache\javacpp-1.5.7-windows-x86_64.jar\org\bytedeco\javacpp\windows-x86_64\vcomp140.dll
0x00007ff987ee0000 - 0x00007ff987eee000 	C:\Users\37756\.javacpp\cache\javacpp-1.5.7-windows-x86_64.jar\org\bytedeco\javacpp\windows-x86_64\jnijavacpp.dll
0x00007ff908060000 - 0x00007ff90c6fd000 	C:\Users\37756\.javacpp\cache\llvm-13.0.1-1.5.7-windows-x86_64.jar\org\bytedeco\llvm\windows-x86_64\LTO.dll
0x00007ff960e00000 - 0x00007ff960e3b000 	C:\Users\37756\.javacpp\cache\llvm-13.0.1-1.5.7-windows-x86_64.jar\org\bytedeco\llvm\windows-x86_64\Remarks.dll
0x00007ff903810000 - 0x00007ff908060000 	C:\Users\37756\.javacpp\cache\llvm-13.0.1-1.5.7-windows-x86_64.jar\org\bytedeco\llvm\windows-x86_64\jniLLVM.dll
0x00007ff9a2f60000 - 0x00007ff9a308a000 	C:\WINDOWS\System32\ole32.dll

dbghelp: loaded successfully - version: 4.0.5 - missing functions: none
symbol engine: initialized successfully - sym options: 0x614 - pdb path: .;C:\Program Files\AdoptOpenJDK\jdk-15.0.2.7-hotspot\bin;C:\WINDOWS\SYSTEM32;C:\WINDOWS\WinSxS\amd64_microsoft.windows.common-controls_6595b64144ccf1df_6.0.19041.1110_none_60b5254171f9507e;C:\Program Files\AdoptOpenJDK\jdk-15.0.2.7-hotspot\bin\server;C:\Program Files\JetBrains\IntelliJ IDEA 2022.3\bin;C:\Users\37756\.javacpp\cache\javacpp-1.5.7-windows-x86_64.jar\org\bytedeco\javacpp\windows-x86_64;C:\Users\37756\.javacpp\cache\llvm-13.0.1-1.5.7-windows-x86_64.jar\org\bytedeco\llvm\windows-x86_64

VM Arguments:
jvm_args: -javaagent:C:\Program Files\JetBrains\IntelliJ IDEA 2022.3\lib\idea_rt.jar=12992:C:\Program Files\JetBrains\IntelliJ IDEA 2022.3\bin -Dfile.encoding=UTF-8 
java_command: Main tests/function-and-var-test2.sysy tests/function-and-var-test2.out
java_class_path (initial): C:\Users\37756\Documents\NJU\2022Fall\Compilers\Lab\target\classes;C:\Users\37756\.m2\repository\org\bytedeco\llvm-platform\13.0.1-1.5.7\llvm-platform-13.0.1-1.5.7.jar;C:\Users\37756\.m2\repository\org\bytedeco\javacpp-platform\1.5.7\javacpp-platform-1.5.7.jar;C:\Users\37756\.m2\repository\org\bytedeco\javacpp\1.5.7\javacpp-1.5.7.jar;C:\Users\37756\.m2\repository\org\bytedeco\javacpp\1.5.7\javacpp-1.5.7-android-arm.jar;C:\Users\37756\.m2\repository\org\bytedeco\javacpp\1.5.7\javacpp-1.5.7-android-arm64.jar;C:\Users\37756\.m2\repository\org\bytedeco\javacpp\1.5.7\javacpp-1.5.7-android-x86.jar;C:\Users\37756\.m2\repository\org\bytedeco\javacpp\1.5.7\javacpp-1.5.7-android-x86_64.jar;C:\Users\37756\.m2\repository\org\bytedeco\javacpp\1.5.7\javacpp-1.5.7-ios-arm64.jar;C:\Users\37756\.m2\repository\org\bytedeco\javacpp\1.5.7\javacpp-1.5.7-ios-x86_64.jar;C:\Users\37756\.m2\repository\org\bytedeco\javacpp\1.5.7\javacpp-1.5.7-linux-armhf.jar;C:\Users\37756\.m2\repository\org\bytedeco\javacpp\1.5.7\javacpp-1.5.7-linux-arm64.jar;C:\Users\37756\.m2\repository\org\bytedeco\javacpp\1.5.7\javacpp-1.5.7-linux-ppc64le.jar;C:\Users\37756\.m2\repository\org\bytedeco\javacpp\1.5.7\javacpp-1.5.7-linux-x86.jar;C:\Users\37756\.m2\repository\org\bytedeco\javacpp\1.5.7\javacpp-1.5.7-linux-x86_64.jar;C:\Users\37756\.m2\repository\org\bytedeco\javacpp\1.5.7\javacpp-1.5.7-macosx-arm64.jar;C:\Users\37756\.m2\repository\org\bytedeco\javacpp\1.5.7\javacpp-1.5.7-macosx-x86_64.jar;C:\Users\37756\.m2\repository\org\bytedeco\javacpp\1.5.7\javacpp-1.5.7-windows-x86.jar;C:\Users\37756\.m2\repository\org\bytedeco\javacpp\1.5.7\javacpp-1.5.7-windows-x86_64.jar;C:\Users\37756\.m2\repository\org\bytedeco\llvm\13.0.1-1.5.7\llvm-13.0.1-1.5.7.jar;C:\Users\37756\.m2\repository\org\bytedeco\llvm\13.0.1-1.5.7\llvm-13.0.1-1.5.7-linux-x86.jar;C:\Users\37756\.m2\repository\org\bytedeco\llvm\13.0.1-1.5.7\llvm-13.0.1-1.5.7-linux-x86_64.jar;C:\Users\37756\.m2\repository\org\bytedeco\llvm\1
Launcher Type: SUN_STANDARD

[Global flags]
     intx CICompilerCount                          = 4                                         {product} {ergonomic}
     uint ConcGCThreads                            = 2                                         {product} {ergonomic}
     uint G1ConcRefinementThreads                  = 8                                         {product} {ergonomic}
   size_t G1HeapRegionSize                         = 2097152                                   {product} {ergonomic}
    uintx GCDrainStackTargetSize                   = 64                                        {product} {ergonomic}
   size_t InitialHeapSize                          = 266338304                                 {product} {ergonomic}
   size_t MarkStackSize                            = 4194304                                   {product} {ergonomic}
   size_t MaxHeapSize                              = 4244635648                                {product} {ergonomic}
   size_t MaxNewSize                               = 2545942528                                {product} {ergonomic}
   size_t MinHeapDeltaBytes                        = 2097152                                   {product} {ergonomic}
   size_t MinHeapSize                              = 8388608                                   {product} {ergonomic}
    uintx NonNMethodCodeHeapSize                   = 5839372                                {pd product} {ergonomic}
    uintx NonProfiledCodeHeapSize                  = 122909434                              {pd product} {ergonomic}
    uintx ProfiledCodeHeapSize                     = 122909434                              {pd product} {ergonomic}
    uintx ReservedCodeCacheSize                    = 251658240                              {pd product} {ergonomic}
     bool SegmentedCodeCache                       = true                                      {product} {ergonomic}
   size_t SoftMaxHeapSize                          = 4244635648                             {manageable} {ergonomic}
     bool UseCompressedClassPointers               = true                                 {lp64_product} {ergonomic}
     bool UseCompressedOops                        = true                                 {lp64_product} {ergonomic}
     bool UseG1GC                                  = true                                      {product} {ergonomic}
     bool UseLargePagesIndividualAllocation        = false                                  {pd product} {ergonomic}

Logging:
Log output configuration:
 #0: stdout all=warning uptime,level,tags
 #1: stderr all=off uptime,level,tags

Environment Variables:
CLASSPATH=.;C:Program Files(x86)\scala\bin;C:Program Files(x86)\scala\lib\dt.jar;C:Program Files(x86)\scala\lib\tools.jar.;
PATH=C:\Program Files (x86)\VMware\VMware Workstation\bin\;C:\ProgramData\Anaconda3;C:\ProgramData\Anaconda3\Library\mingw-w64\bin;C:\ProgramData\Anaconda3\Library\usr\bin;C:\ProgramData\Anaconda3\Library\bin;C:\ProgramData\Anaconda3\Scripts;C:\Program Files\AdoptOpenJDK\jdk-15.0.2.7-hotspot\bin;C:\WINDOWS\system32;C:\WINDOWS;C:\WINDOWS\System32\Wbem;C:\WINDOWS\System32\WindowsPowerShell\v1.0\;C:\WINDOWS\System32\OpenSSH\;C:\Program Files\dotnet\;C:\Program Files\Microsoft SQL Server\130\Tools\Binn\;C:\Program Files\Microsoft SQL Server\Client SDK\ODBC\170\Tools\Binn\;C:\Program Files (x86)\Dev-Cpp\MinGW64\bin;C:\Program Files\Git\cmd;C:\Program Files\PuTTY\;C:\Program Files\Graphviz\bin;C:\Program Files (x86)\Tencent\微信web开发者工具\dll;C:\Program Files\nodejs\;C:\Web\mysql-8.0.28-winx64\bin;"C:Program Files(x86)\scala\bin;C:Program Files(x86)\scala\jre\bin;";C:\Program Files\NASM;C:\Users\37756\AppData\Local\Microsoft\WindowsApps;C:\Program Files\JetBrains\PyCharm Community Edition 2020.3.3\bin;C:\Users\37756\.dotnet\tools;C:\Users\37756\AppData\Local\Programs\Microsoft VS Code\bin;C:\Program Files\JetBrains\IntelliJ IDEA Community Edition 2020.3.2\bin;C:\texlive\2020\bin\win32;C:\Program Files\JetBrains\CLion 2021.2\bin;C:\Program Files\JetBrains\PyCharm 2021.1.3\bin;C:\Program Files\JetBrains\IntelliJ IDEA 2021.1.3\bin;C:\Users\37756\AppData\Roaming\npm;C:\Program Files\JetBrains\DataGrip 2021.3.4\bin;C:\Program Files\JetBrains\WebStorm 2022.1\bin;C:\Users\37756\AppData\Local\Coursier\data\bin;C:\Program Files\NASM;;C:\Program Files\JetBrains\IntelliJ IDEA 2022.3\bin;;C:\Program Files\JetBrains\CLion 2022.3.1\bin;;C:\Program Files\JetBrains\WebStorm 2022.3.1\bin;;C:\Program Files\JetBrains\IntelliJ IDEA Community Edition 2022.3.1\bin;
USERNAME=37756
OS=Windows_NT
PROCESSOR_IDENTIFIER=Intel64 Family 6 Model 142 Stepping 12, GenuineIntel



---------------  S Y S T E M  ---------------

OS:
 Windows 10 , 64 bit Build 19041 (10.0.19041.2364)
OS uptime: 1 days 4:56 hours

CPU: total 8 (initial active 8) (4 cores per cpu, 2 threads per core) family 6 model 142 stepping 12 microcode 0xf4, cmov, cx8, fxsr, mmx, sse, sse2, sse3, ssse3, sse4.1, sse4.2, popcnt, vzeroupper, avx, avx2, aes, clmul, erms, 3dnowpref, lzcnt, ht, tsc, tscinvbit, bmi1, bmi2, adx, fma, clflush, clflushopt

Memory: 4k page, system-wide physical 16190M (5351M free)
TotalPageFile size 21054M (AvailPageFile size 5941M)
current process WorkingSet (physical memory assigned to process): 104M, peak: 106M
current process commit charge ("private bytes"): 379M, peak: 383M

vm_info: OpenJDK 64-Bit Server VM (15.0.2+7) for windows-amd64 JRE (15.0.2+7), built on Jan 21 2021 05:54:57 by "" with MS VC++ 15.9 (VS2017)

END.
