#
# A fatal error has been detected by the Java Runtime Environment:
#
#  EXCEPTION_ACCESS_VIOLATION (0xc0000005) at pc=0x00007ff94392f53d, pid=9384, tid=12516
#
# JRE version: OpenJDK Runtime Environment AdoptOpenJDK (15.0.2+7) (build 15.0.2+7)
# Java VM: OpenJDK 64-Bit Server VM AdoptOpenJDK (15.0.2+7, mixed mode, sharing, tiered, compressed oops, g1 gc, windows-amd64)
# Problematic frame:
# C  [jniLLVM.dll+0xeff53d]
#
# No core dump will be written. Minidumps are not enabled by default on client versions of Windows
#
# If you would like to submit a bug report, please visit:
#   https://github.com/AdoptOpenJDK/openjdk-support/issues
# The crash happened outside the Java Virtual Machine in native code.
# See problematic frame for where to report the bug.
#

---------------  S U M M A R Y ------------

Command Line: -javaagent:C:\Program Files\JetBrains\IntelliJ IDEA 2022.3\lib\idea_rt.jar=13931:C:\Program Files\JetBrains\IntelliJ IDEA 2022.3\bin -Dfile.encoding=UTF-8 Main tests/global-and-if-test2.sysy tests/global-and-if-test2.out

Host: Intel(R) Core(TM) i7-8565U CPU @ 1.80GHz, 8 cores, 15G,  Windows 10 , 64 bit Build 19041 (10.0.19041.2364)
Time: Fri Jan  6 12:05:12 2023 中国标准时间 elapsed time: 1.089732 seconds (0d 0h 0m 1s)

---------------  T H R E A D  ---------------

Current thread (0x0000021ffc733840):  JavaThread "main" [_thread_in_native, id=12516, stack(0x0000006598200000,0x0000006598300000)]

Stack: [0x0000006598200000,0x0000006598300000],  sp=0x00000065982fe8a8,  free space=1018k
Native frames: (J=compiled Java code, j=interpreted, Vv=VM code, C=native code)
C  [jniLLVM.dll+0xeff53d]

Java frames: (J=compiled Java code, j=interpreted, Vv=VM code)
j  org.bytedeco.llvm.global.LLVM.LLVMSetInitializer(Lorg/bytedeco/llvm/LLVM/LLVMValueRef;Lorg/bytedeco/llvm/LLVM/LLVMValueRef;)V+0
j  LLVMIRVisitor.visitVarDecl(LSysYParser$VarDeclContext;)Lorg/bytedeco/llvm/LLVM/LLVMValueRef;+145
j  LLVMIRVisitor.visitVarDecl(LSysYParser$VarDeclContext;)Ljava/lang/Object;+2
j  SysYParser$VarDeclContext.accept(Lorg/antlr/v4/runtime/tree/ParseTreeVisitor;)Ljava/lang/Object;+12
j  org.antlr.v4.runtime.tree.AbstractParseTreeVisitor.visitChildren(Lorg/antlr/v4/runtime/tree/RuleNode;)Ljava/lang/Object;+46
j  SysYParserBaseVisitor.visitDecl(LSysYParser$DeclContext;)Ljava/lang/Object;+2
j  SysYParser$DeclContext.accept(Lorg/antlr/v4/runtime/tree/ParseTreeVisitor;)Ljava/lang/Object;+12
j  org.antlr.v4.runtime.tree.AbstractParseTreeVisitor.visitChildren(Lorg/antlr/v4/runtime/tree/RuleNode;)Ljava/lang/Object;+46
j  SysYParserBaseVisitor.visitCompUnit(LSysYParser$CompUnitContext;)Ljava/lang/Object;+2
j  SysYParser$CompUnitContext.accept(Lorg/antlr/v4/runtime/tree/ParseTreeVisitor;)Ljava/lang/Object;+12
j  org.antlr.v4.runtime.tree.AbstractParseTreeVisitor.visitChildren(Lorg/antlr/v4/runtime/tree/RuleNode;)Ljava/lang/Object;+46
j  SysYParserBaseVisitor.visitProgram(LSysYParser$ProgramContext;)Ljava/lang/Object;+2
j  LLVMIRVisitor.visitProgram(LSysYParser$ProgramContext;)Lorg/bytedeco/llvm/LLVM/LLVMValueRef;+19
j  LLVMIRVisitor.visitProgram(LSysYParser$ProgramContext;)Ljava/lang/Object;+2
j  SysYParser$ProgramContext.accept(Lorg/antlr/v4/runtime/tree/ParseTreeVisitor;)Ljava/lang/Object;+12
j  org.antlr.v4.runtime.tree.AbstractParseTreeVisitor.visit(Lorg/antlr/v4/runtime/tree/ParseTree;)Ljava/lang/Object;+2
j  Main.main([Ljava/lang/String;)V+54
v  ~StubRoutines::call_stub

siginfo: EXCEPTION_ACCESS_VIOLATION (0xc0000005), reading address 0x0000000000000010


Register to memory mapping:

RIP=0x00007ff94392f53d jniLLVM.dll
RAX=0x0 is NULL
RBX={method} {0x0000021fff2c04a8} 'LLVMSetInitializer' '(Lorg/bytedeco/llvm/LLVM/LLVMValueRef;Lorg/bytedeco/llvm/LLVM/LLVMValueRef;)V' in 'org/bytedeco/llvm/global/LLVM'
RCX=0x0 is NULL
RDX=0x0000021fa2304fc0 points into unknown readable memory: 0x0000021fa1d12240 | 40 22 d1 a1 1f 02 00 00
RSP=0x00000065982fe8a8 is pointing into the stack for thread: 0x0000021ffc733840
RBP=0x00000065982fe930 is pointing into the stack for thread: 0x0000021ffc733840
RSI=0x0000000000000003 is an unknown value
RDI=0x0000021f88439950 is at code_begin+208 in an Interpreter codelet
invoke return entry points  [0x0000021f88439880, 0x0000021f8843a280]  2560 bytes
R8 =0x0 is NULL
R9 =0x0000021fa2304fc0 points into unknown readable memory: 0x0000021fa1d12240 | 40 22 d1 a1 1f 02 00 00
R10=0x00007ff95a0880e0 jvm.dll
R11=0x0000000000000002 is an unknown value
R12=0x0 is NULL
R13={method} {0x0000021fff2c04a8} 'LLVMSetInitializer' '(Lorg/bytedeco/llvm/LLVM/LLVMValueRef;Lorg/bytedeco/llvm/LLVM/LLVMValueRef;)V' in 'org/bytedeco/llvm/global/LLVM'
R14=0x00000065982fe958 is pointing into the stack for thread: 0x0000021ffc733840
R15=0x0000021ffc733840 is a thread


Registers:
RAX=0x0000000000000000, RBX=0x0000021fff2c04a0, RCX=0x0000000000000000, RDX=0x0000021fa2304fc0
RSP=0x00000065982fe8a8, RBP=0x00000065982fe930, RSI=0x0000000000000003, RDI=0x0000021f88439950
R8 =0x0000000000000000, R9 =0x0000021fa2304fc0, R10=0x00007ff95a0880e0, R11=0x0000000000000002
R12=0x0000000000000000, R13=0x0000021fff2c04a0, R14=0x00000065982fe958, R15=0x0000021ffc733840
RIP=0x00007ff94392f53d, EFLAGS=0x0000000000010206

Top of Stack: (sp=0x00000065982fe8a8)
0x00000065982fe8a8:   0000021f8843f177 0000021fff2c04a0
0x00000065982fe8b8:   00000065982fe930 0000000000000003
0x00000065982fe8c8:   0000000000000003 00000007031e4790
0x00000065982fe8d8:   0000000800128648 0000021f8843ee16
0x00000065982fe8e8:   00000065982fe8e8 0000021fff2c04a0
0x00000065982fe8f8:   00000065982fe958 0000021fff3053e8
0x00000065982fe908:   0000000000000000 0000000711600098
0x00000065982fe918:   0000021fff2c04a0 0000000000000000
0x00000065982fe928:   00000065982fe950 00000065982fe9a8
0x00000065982fe938:   0000021f8843a1aa 0000000711600098
0x00000065982fe948:   0000021f8843c218 00000007126c26f8
0x00000065982fe958:   0000000000000000 00000065982fe960
0x00000065982fe968:   0000021fff28d8d9 00000065982fea18
0x00000065982fe978:   0000021fff29d520 0000000000000000
0x00000065982fe988:   00000007116eb4b0 0000021fff28db28
0x00000065982fe998:   00000065982fe950 00000065982fea10 

Instructions: (pc=0x00007ff94392f53d)
0x00007ff94392f43d:   38 48 8b d9 48 8b 49 28 33 ff 48 85 c0 48 0f 44
0x00007ff94392f44d:   df 48 83 c1 08 48 8b d3 e8 c6 5b 04 00 48 85 db
0x00007ff94392f45d:   48 8d 53 38 48 8b 5c 24 30 48 0f 44 d7 48 8b 42
0x00007ff94392f46d:   08 48 8b 0a 48 89 08 48 89 41 08 48 89 3a 48 89
0x00007ff94392f47d:   7a 08 48 83 c4 20 5f c3 cc cc cc cc cc cc cc cc
0x00007ff94392f48d:   cc cc cc 0f b7 c2 66 c1 e8 08 84 c0 74 14 0f b6
0x00007ff94392f49d:   c2 ba e0 ff 00 00 66 21 51 22 66 ff c0 66 09 41
0x00007ff94392f4ad:   22 c3 ba e0 ff 00 00 33 c0 66 21 51 22 66 09 41
0x00007ff94392f4bd:   22 c3 cc 4c 8b ca 4c 8b c1 48 8b c1 48 85 d2 75
0x00007ff94392f4cd:   6f 44 0f b6 49 10 41 80 f9 03 48 0f 45 c2 48 85
0x00007ff94392f4dd:   c0 74 0a 8b 40 14 25 ff ff ff 07 eb 1e 45 84 c9
0x00007ff94392f4ed:   48 0f 45 ca 48 85 c9 74 18 48 8d 41 58 48 3b 00
0x00007ff94392f4fd:   75 0f 0f b6 41 22 c0 e8 06 a8 01 0f 84 c0 00 00
0x00007ff94392f50d:   00 49 39 50 e0 74 1c 49 8b 48 f0 49 8b 40 e8 48
0x00007ff94392f51d:   89 01 49 8b 48 e8 48 85 c9 74 08 49 8b 40 f0 48
0x00007ff94392f52d:   89 41 10 49 89 50 e0 41 81 60 14 00 00 00 f8 c3
0x00007ff94392f53d:   44 0f b6 51 10 33 d2 41 80 fa 03 48 0f 45 c2 48
0x00007ff94392f54d:   85 c0 74 0a 8b 40 14 25 ff ff ff 07 eb 1e 45 84
0x00007ff94392f55d:   d2 48 0f 45 ca 48 85 c9 74 21 48 8d 41 58 48 3b
0x00007ff94392f56d:   00 75 18 0f b6 41 22 c0 e8 06 a8 01 75 0d 41 81
0x00007ff94392f57d:   60 14 01 00 00 f8 41 83 48 14 01 49 83 c0 e0 49
0x00007ff94392f58d:   39 10 74 1c 49 8b 48 10 49 8b 40 08 48 89 01 49
0x00007ff94392f59d:   8b 48 08 48 85 c9 74 08 49 8b 40 10 48 89 41 10
0x00007ff94392f5ad:   49 8d 41 08 4d 89 08 48 8b 08 49 8d 50 08 48 89
0x00007ff94392f5bd:   0a 48 85 c9 74 04 48 89 51 10 49 89 40 10 4c 89
0x00007ff94392f5cd:   00 c3 cc 48 89 5c 24 18 57 48 83 ec 40 8b 41 20
0x00007ff94392f5dd:   48 8b fa c1 e8 0f 48 8b d9 a8 01 75 07 48 83 7a
0x00007ff94392f5ed:   08 00 74 7e 48 89 74 24 58 48 8b 72 08 48 85 f6
0x00007ff94392f5fd:   74 30 0f 10 02 0f 29 44 24 20 e8 74 e1 f7 ff 4c
0x00007ff94392f60d:   8d 44 24 20 48 8d 54 24 30 48 8b 08 48 81 c1 20
0x00007ff94392f61d:   08 00 00 e8 7b 5f df 00 0f 10 00 0f 11 07 48 8b
0x00007ff94392f62d:   77 08 48 8b cb 48 89 5c 24 50 e8 44 e1 f7 ff 48 


Stack slot to memory mapping:
stack at sp + 0 slots: 0x0000021f8843f177 is at code_begin+1047 in an Interpreter codelet
method entry point (kind = native)  [0x0000021f8843ed60, 0x0000021f8843f7e0]  2688 bytes
stack at sp + 1 slots: {method} {0x0000021fff2c04a8} 'LLVMSetInitializer' '(Lorg/bytedeco/llvm/LLVM/LLVMValueRef;Lorg/bytedeco/llvm/LLVM/LLVMValueRef;)V' in 'org/bytedeco/llvm/global/LLVM'
stack at sp + 2 slots: 0x00000065982fe930 is pointing into the stack for thread: 0x0000021ffc733840
stack at sp + 3 slots: 0x0000000000000003 is an unknown value
stack at sp + 4 slots: 0x0000000000000003 is an unknown value
stack at sp + 5 slots: 0x00000007031e4790 is an oop: java.lang.Class 
{0x00000007031e4790} - klass: 'java/lang/Class'
stack at sp + 6 slots: {method} {0x0000000800128650} 'emptyIterator' '()Ljava/util/Iterator;' in 'java/util/Collections'
stack at sp + 7 slots: 0x0000021f8843ee16 is at code_begin+182 in an Interpreter codelet
method entry point (kind = native)  [0x0000021f8843ed60, 0x0000021f8843f7e0]  2688 bytes


---------------  P R O C E S S  ---------------

Threads class SMR info:
_java_thread_list=0x0000021fa1ba14f0, length=15, elements={
0x0000021ffc733840, 0x0000021ffed9d7c0, 0x0000021ffed9e390, 0x0000021fff61e9f0,
0x0000021fff6214b0, 0x0000021fff622f70, 0x0000021fff627d30, 0x0000021fff62bcd0,
0x0000021fff6366e0, 0x0000021fff733d00, 0x0000021fff7e7fe0, 0x0000021fff825980,
0x0000021fff81acc0, 0x0000021fff81b190, 0x0000021fa1ba0e20
}

Java Threads: ( => current thread )
=>0x0000021ffc733840 JavaThread "main" [_thread_in_native, id=12516, stack(0x0000006598200000,0x0000006598300000)]
  0x0000021ffed9d7c0 JavaThread "Reference Handler" daemon [_thread_blocked, id=7092, stack(0x0000006598900000,0x0000006598a00000)]
  0x0000021ffed9e390 JavaThread "Finalizer" daemon [_thread_blocked, id=9684, stack(0x0000006598a00000,0x0000006598b00000)]
  0x0000021fff61e9f0 JavaThread "Signal Dispatcher" daemon [_thread_blocked, id=11252, stack(0x0000006598b00000,0x0000006598c00000)]
  0x0000021fff6214b0 JavaThread "Attach Listener" daemon [_thread_blocked, id=1524, stack(0x0000006598c00000,0x0000006598d00000)]
  0x0000021fff622f70 JavaThread "Service Thread" daemon [_thread_blocked, id=6224, stack(0x0000006598d00000,0x0000006598e00000)]
  0x0000021fff627d30 JavaThread "C2 CompilerThread0" daemon [_thread_blocked, id=6964, stack(0x0000006598e00000,0x0000006598f00000)]
  0x0000021fff62bcd0 JavaThread "C1 CompilerThread0" daemon [_thread_blocked, id=9284, stack(0x0000006598f00000,0x0000006599000000)]
  0x0000021fff6366e0 JavaThread "Sweeper thread" daemon [_thread_blocked, id=5868, stack(0x0000006599000000,0x0000006599100000)]
  0x0000021fff733d00 JavaThread "Common-Cleaner" daemon [_thread_blocked, id=9772, stack(0x0000006599100000,0x0000006599200000)]
  0x0000021fff7e7fe0 JavaThread "C2 CompilerThread1" daemon [_thread_blocked, id=7752, stack(0x0000006599200000,0x0000006599300000)]
  0x0000021fff825980 JavaThread "C2 CompilerThread2" daemon [_thread_blocked, id=9464, stack(0x0000006599300000,0x0000006599400000)]
  0x0000021fff81acc0 JavaThread "Monitor Ctrl-Break" daemon [_thread_in_native, id=15340, stack(0x0000006599400000,0x0000006599500000)]
  0x0000021fff81b190 JavaThread "Notification Thread" daemon [_thread_blocked, id=6908, stack(0x0000006599500000,0x0000006599600000)]
  0x0000021fa1ba0e20 JavaThread "JavaCPP Deallocator" daemon [_thread_blocked, id=12292, stack(0x0000006599c00000,0x0000006599d00000)]

Other Threads:
  0x0000021ffed9af30 VMThread "VM Thread" [stack: 0x0000006598800000,0x0000006598900000] [id=12936]
  0x0000021ffc7349f0 WatcherThread [stack: 0x0000006599600000,0x0000006599700000] [id=3920]
  0x0000021ffc781820 GCTaskThread "GC Thread#0" [stack: 0x0000006598300000,0x0000006598400000] [id=7208]
  0x0000021fa172e400 GCTaskThread "GC Thread#1" [stack: 0x0000006599700000,0x0000006599800000] [id=9644]
  0x0000021fa172c0f0 GCTaskThread "GC Thread#2" [stack: 0x0000006599800000,0x0000006599900000] [id=16152]
  0x0000021fa172d740 GCTaskThread "GC Thread#3" [stack: 0x0000006599900000,0x0000006599a00000] [id=14276]
  0x0000021fa172b100 GCTaskThread "GC Thread#4" [stack: 0x0000006599a00000,0x0000006599b00000] [id=9408]
  0x0000021fa172dda0 GCTaskThread "GC Thread#5" [stack: 0x0000006599b00000,0x0000006599c00000] [id=6108]
  0x0000021ffc7956a0 ConcurrentGCThread "G1 Main Marker" [stack: 0x0000006598400000,0x0000006598500000] [id=9632]
  0x0000021ffc796a30 ConcurrentGCThread "G1 Conc#0" [stack: 0x0000006598500000,0x0000006598600000] [id=13700]
  0x0000021ffc80e520 ConcurrentGCThread "G1 Refine#0" [stack: 0x0000006598600000,0x0000006598700000] [id=9596]
  0x0000021ffec12220 ConcurrentGCThread "G1 Young RemSet Sampling" [stack: 0x0000006598700000,0x0000006598800000] [id=1960]

Threads with active compile tasks:

VM state: not at safepoint (normal execution)

VM Mutex/Monitor currently owned by a thread: None

Heap address: 0x0000000703000000, size: 4048 MB, Compressed Oops mode: Zero based, Oop shift amount: 3
CDS archive(s) mapped at: [0x0000000800000000-0x0000000800b50000-0x0000000800b50000), size 11862016, SharedBaseAddress: 0x0000000800000000, ArchiveRelocationMode: 0.
Compressed class space mapped at: 0x0000000800b50000-0x0000000840b50000, size: 1073741824
Narrow klass base: 0x0000000800000000, Narrow klass shift: 3, Narrow klass range: 0x100000000

GC Precious Log:
 CPUs: 8 total, 8 available
 Memory: 16190M
 Large Page Support: Disabled
 NUMA Support: Disabled
 Compressed Oops: Enabled (Zero based)
 Heap Region Size: 2M
 Heap Min Capacity: 8M
 Heap Initial Capacity: 254M
 Heap Max Capacity: 4048M
 Pre-touch: Disabled
 Parallel Workers: 8
 Concurrent Workers: 2
 Concurrent Refinement Workers: 8
 Periodic GC: Disabled

Heap:
 garbage-first heap   total 260096K, used 12381K [0x0000000703000000, 0x0000000800000000)
  region size 2048K, 6 young (12288K), 2 survivors (4096K)
 Metaspace       used 4338K, capacity 6525K, committed 6656K, reserved 1056768K
  class space    used 449K, capacity 659K, committed 768K, reserved 1048576K

Heap Regions: E=young(eden), S=young(survivor), O=old, HS=humongous(starts), HC=humongous(continues), CS=collection set, F=free, OA=open archive, CA=closed archive, TAMS=top-at-mark-start (previous, next)
|   0|0x0000000703000000, 0x0000000703200000, 0x0000000703200000|100%| O|  |TAMS 0x0000000703000000, 0x0000000703000000| Untracked 
|   1|0x0000000703200000, 0x0000000703217600, 0x0000000703400000|  4%| O|  |TAMS 0x0000000703200000, 0x0000000703200000| Untracked 
|   2|0x0000000703400000, 0x0000000703400000, 0x0000000703600000|  0%| F|  |TAMS 0x0000000703400000, 0x0000000703400000| Untracked 
|   3|0x0000000703600000, 0x0000000703600000, 0x0000000703800000|  0%| F|  |TAMS 0x0000000703600000, 0x0000000703600000| Untracked 
|   4|0x0000000703800000, 0x0000000703800000, 0x0000000703a00000|  0%| F|  |TAMS 0x0000000703800000, 0x0000000703800000| Untracked 
|   5|0x0000000703a00000, 0x0000000703a00000, 0x0000000703c00000|  0%| F|  |TAMS 0x0000000703a00000, 0x0000000703a00000| Untracked 
|   6|0x0000000703c00000, 0x0000000703c00000, 0x0000000703e00000|  0%| F|  |TAMS 0x0000000703c00000, 0x0000000703c00000| Untracked 
|   7|0x0000000703e00000, 0x0000000703e00000, 0x0000000704000000|  0%| F|  |TAMS 0x0000000703e00000, 0x0000000703e00000| Untracked 
|   8|0x0000000704000000, 0x0000000704000000, 0x0000000704200000|  0%| F|  |TAMS 0x0000000704000000, 0x0000000704000000| Untracked 
|   9|0x0000000704200000, 0x0000000704200000, 0x0000000704400000|  0%| F|  |TAMS 0x0000000704200000, 0x0000000704200000| Untracked 
|  10|0x0000000704400000, 0x0000000704400000, 0x0000000704600000|  0%| F|  |TAMS 0x0000000704400000, 0x0000000704400000| Untracked 
|  11|0x0000000704600000, 0x0000000704600000, 0x0000000704800000|  0%| F|  |TAMS 0x0000000704600000, 0x0000000704600000| Untracked 
|  12|0x0000000704800000, 0x0000000704800000, 0x0000000704a00000|  0%| F|  |TAMS 0x0000000704800000, 0x0000000704800000| Untracked 
|  13|0x0000000704a00000, 0x0000000704a00000, 0x0000000704c00000|  0%| F|  |TAMS 0x0000000704a00000, 0x0000000704a00000| Untracked 
|  14|0x0000000704c00000, 0x0000000704c00000, 0x0000000704e00000|  0%| F|  |TAMS 0x0000000704c00000, 0x0000000704c00000| Untracked 
|  15|0x0000000704e00000, 0x0000000704e00000, 0x0000000705000000|  0%| F|  |TAMS 0x0000000704e00000, 0x0000000704e00000| Untracked 
|  16|0x0000000705000000, 0x0000000705000000, 0x0000000705200000|  0%| F|  |TAMS 0x0000000705000000, 0x0000000705000000| Untracked 
|  17|0x0000000705200000, 0x0000000705200000, 0x0000000705400000|  0%| F|  |TAMS 0x0000000705200000, 0x0000000705200000| Untracked 
|  18|0x0000000705400000, 0x0000000705400000, 0x0000000705600000|  0%| F|  |TAMS 0x0000000705400000, 0x0000000705400000| Untracked 
|  19|0x0000000705600000, 0x0000000705600000, 0x0000000705800000|  0%| F|  |TAMS 0x0000000705600000, 0x0000000705600000| Untracked 
|  20|0x0000000705800000, 0x0000000705800000, 0x0000000705a00000|  0%| F|  |TAMS 0x0000000705800000, 0x0000000705800000| Untracked 
|  21|0x0000000705a00000, 0x0000000705a00000, 0x0000000705c00000|  0%| F|  |TAMS 0x0000000705a00000, 0x0000000705a00000| Untracked 
|  22|0x0000000705c00000, 0x0000000705c00000, 0x0000000705e00000|  0%| F|  |TAMS 0x0000000705c00000, 0x0000000705c00000| Untracked 
|  23|0x0000000705e00000, 0x0000000705e00000, 0x0000000706000000|  0%| F|  |TAMS 0x0000000705e00000, 0x0000000705e00000| Untracked 
|  24|0x0000000706000000, 0x0000000706000000, 0x0000000706200000|  0%| F|  |TAMS 0x0000000706000000, 0x0000000706000000| Untracked 
|  25|0x0000000706200000, 0x0000000706200000, 0x0000000706400000|  0%| F|  |TAMS 0x0000000706200000, 0x0000000706200000| Untracked 
|  26|0x0000000706400000, 0x0000000706400000, 0x0000000706600000|  0%| F|  |TAMS 0x0000000706400000, 0x0000000706400000| Untracked 
|  27|0x0000000706600000, 0x0000000706600000, 0x0000000706800000|  0%| F|  |TAMS 0x0000000706600000, 0x0000000706600000| Untracked 
|  28|0x0000000706800000, 0x0000000706800000, 0x0000000706a00000|  0%| F|  |TAMS 0x0000000706800000, 0x0000000706800000| Untracked 
|  29|0x0000000706a00000, 0x0000000706a00000, 0x0000000706c00000|  0%| F|  |TAMS 0x0000000706a00000, 0x0000000706a00000| Untracked 
|  30|0x0000000706c00000, 0x0000000706c00000, 0x0000000706e00000|  0%| F|  |TAMS 0x0000000706c00000, 0x0000000706c00000| Untracked 
|  31|0x0000000706e00000, 0x0000000706e00000, 0x0000000707000000|  0%| F|  |TAMS 0x0000000706e00000, 0x0000000706e00000| Untracked 
|  32|0x0000000707000000, 0x0000000707000000, 0x0000000707200000|  0%| F|  |TAMS 0x0000000707000000, 0x0000000707000000| Untracked 
|  33|0x0000000707200000, 0x0000000707200000, 0x0000000707400000|  0%| F|  |TAMS 0x0000000707200000, 0x0000000707200000| Untracked 
|  34|0x0000000707400000, 0x0000000707400000, 0x0000000707600000|  0%| F|  |TAMS 0x0000000707400000, 0x0000000707400000| Untracked 
|  35|0x0000000707600000, 0x0000000707600000, 0x0000000707800000|  0%| F|  |TAMS 0x0000000707600000, 0x0000000707600000| Untracked 
|  36|0x0000000707800000, 0x0000000707800000, 0x0000000707a00000|  0%| F|  |TAMS 0x0000000707800000, 0x0000000707800000| Untracked 
|  37|0x0000000707a00000, 0x0000000707a00000, 0x0000000707c00000|  0%| F|  |TAMS 0x0000000707a00000, 0x0000000707a00000| Untracked 
|  38|0x0000000707c00000, 0x0000000707c00000, 0x0000000707e00000|  0%| F|  |TAMS 0x0000000707c00000, 0x0000000707c00000| Untracked 
|  39|0x0000000707e00000, 0x0000000707e00000, 0x0000000708000000|  0%| F|  |TAMS 0x0000000707e00000, 0x0000000707e00000| Untracked 
|  40|0x0000000708000000, 0x0000000708000000, 0x0000000708200000|  0%| F|  |TAMS 0x0000000708000000, 0x0000000708000000| Untracked 
|  41|0x0000000708200000, 0x0000000708200000, 0x0000000708400000|  0%| F|  |TAMS 0x0000000708200000, 0x0000000708200000| Untracked 
|  42|0x0000000708400000, 0x0000000708400000, 0x0000000708600000|  0%| F|  |TAMS 0x0000000708400000, 0x0000000708400000| Untracked 
|  43|0x0000000708600000, 0x0000000708600000, 0x0000000708800000|  0%| F|  |TAMS 0x0000000708600000, 0x0000000708600000| Untracked 
|  44|0x0000000708800000, 0x0000000708800000, 0x0000000708a00000|  0%| F|  |TAMS 0x0000000708800000, 0x0000000708800000| Untracked 
|  45|0x0000000708a00000, 0x0000000708a00000, 0x0000000708c00000|  0%| F|  |TAMS 0x0000000708a00000, 0x0000000708a00000| Untracked 
|  46|0x0000000708c00000, 0x0000000708c00000, 0x0000000708e00000|  0%| F|  |TAMS 0x0000000708c00000, 0x0000000708c00000| Untracked 
|  47|0x0000000708e00000, 0x0000000708e00000, 0x0000000709000000|  0%| F|  |TAMS 0x0000000708e00000, 0x0000000708e00000| Untracked 
|  48|0x0000000709000000, 0x0000000709000000, 0x0000000709200000|  0%| F|  |TAMS 0x0000000709000000, 0x0000000709000000| Untracked 
|  49|0x0000000709200000, 0x0000000709200000, 0x0000000709400000|  0%| F|  |TAMS 0x0000000709200000, 0x0000000709200000| Untracked 
|  50|0x0000000709400000, 0x0000000709400000, 0x0000000709600000|  0%| F|  |TAMS 0x0000000709400000, 0x0000000709400000| Untracked 
|  51|0x0000000709600000, 0x0000000709600000, 0x0000000709800000|  0%| F|  |TAMS 0x0000000709600000, 0x0000000709600000| Untracked 
|  52|0x0000000709800000, 0x0000000709800000, 0x0000000709a00000|  0%| F|  |TAMS 0x0000000709800000, 0x0000000709800000| Untracked 
|  53|0x0000000709a00000, 0x0000000709a00000, 0x0000000709c00000|  0%| F|  |TAMS 0x0000000709a00000, 0x0000000709a00000| Untracked 
|  54|0x0000000709c00000, 0x0000000709c00000, 0x0000000709e00000|  0%| F|  |TAMS 0x0000000709c00000, 0x0000000709c00000| Untracked 
|  55|0x0000000709e00000, 0x0000000709e00000, 0x000000070a000000|  0%| F|  |TAMS 0x0000000709e00000, 0x0000000709e00000| Untracked 
|  56|0x000000070a000000, 0x000000070a000000, 0x000000070a200000|  0%| F|  |TAMS 0x000000070a000000, 0x000000070a000000| Untracked 
|  57|0x000000070a200000, 0x000000070a200000, 0x000000070a400000|  0%| F|  |TAMS 0x000000070a200000, 0x000000070a200000| Untracked 
|  58|0x000000070a400000, 0x000000070a400000, 0x000000070a600000|  0%| F|  |TAMS 0x000000070a400000, 0x000000070a400000| Untracked 
|  59|0x000000070a600000, 0x000000070a600000, 0x000000070a800000|  0%| F|  |TAMS 0x000000070a600000, 0x000000070a600000| Untracked 
|  60|0x000000070a800000, 0x000000070a800000, 0x000000070aa00000|  0%| F|  |TAMS 0x000000070a800000, 0x000000070a800000| Untracked 
|  61|0x000000070aa00000, 0x000000070aa00000, 0x000000070ac00000|  0%| F|  |TAMS 0x000000070aa00000, 0x000000070aa00000| Untracked 
|  62|0x000000070ac00000, 0x000000070ac00000, 0x000000070ae00000|  0%| F|  |TAMS 0x000000070ac00000, 0x000000070ac00000| Untracked 
|  63|0x000000070ae00000, 0x000000070ae00000, 0x000000070b000000|  0%| F|  |TAMS 0x000000070ae00000, 0x000000070ae00000| Untracked 
|  64|0x000000070b000000, 0x000000070b000000, 0x000000070b200000|  0%| F|  |TAMS 0x000000070b000000, 0x000000070b000000| Untracked 
|  65|0x000000070b200000, 0x000000070b200000, 0x000000070b400000|  0%| F|  |TAMS 0x000000070b200000, 0x000000070b200000| Untracked 
|  66|0x000000070b400000, 0x000000070b400000, 0x000000070b600000|  0%| F|  |TAMS 0x000000070b400000, 0x000000070b400000| Untracked 
|  67|0x000000070b600000, 0x000000070b600000, 0x000000070b800000|  0%| F|  |TAMS 0x000000070b600000, 0x000000070b600000| Untracked 
|  68|0x000000070b800000, 0x000000070b800000, 0x000000070ba00000|  0%| F|  |TAMS 0x000000070b800000, 0x000000070b800000| Untracked 
|  69|0x000000070ba00000, 0x000000070ba00000, 0x000000070bc00000|  0%| F|  |TAMS 0x000000070ba00000, 0x000000070ba00000| Untracked 
|  70|0x000000070bc00000, 0x000000070bc00000, 0x000000070be00000|  0%| F|  |TAMS 0x000000070bc00000, 0x000000070bc00000| Untracked 
|  71|0x000000070be00000, 0x000000070be00000, 0x000000070c000000|  0%| F|  |TAMS 0x000000070be00000, 0x000000070be00000| Untracked 
|  72|0x000000070c000000, 0x000000070c000000, 0x000000070c200000|  0%| F|  |TAMS 0x000000070c000000, 0x000000070c000000| Untracked 
|  73|0x000000070c200000, 0x000000070c200000, 0x000000070c400000|  0%| F|  |TAMS 0x000000070c200000, 0x000000070c200000| Untracked 
|  74|0x000000070c400000, 0x000000070c400000, 0x000000070c600000|  0%| F|  |TAMS 0x000000070c400000, 0x000000070c400000| Untracked 
|  75|0x000000070c600000, 0x000000070c600000, 0x000000070c800000|  0%| F|  |TAMS 0x000000070c600000, 0x000000070c600000| Untracked 
|  76|0x000000070c800000, 0x000000070c800000, 0x000000070ca00000|  0%| F|  |TAMS 0x000000070c800000, 0x000000070c800000| Untracked 
|  77|0x000000070ca00000, 0x000000070ca00000, 0x000000070cc00000|  0%| F|  |TAMS 0x000000070ca00000, 0x000000070ca00000| Untracked 
|  78|0x000000070cc00000, 0x000000070cc00000, 0x000000070ce00000|  0%| F|  |TAMS 0x000000070cc00000, 0x000000070cc00000| Untracked 
|  79|0x000000070ce00000, 0x000000070ce00000, 0x000000070d000000|  0%| F|  |TAMS 0x000000070ce00000, 0x000000070ce00000| Untracked 
|  80|0x000000070d000000, 0x000000070d000000, 0x000000070d200000|  0%| F|  |TAMS 0x000000070d000000, 0x000000070d000000| Untracked 
|  81|0x000000070d200000, 0x000000070d200000, 0x000000070d400000|  0%| F|  |TAMS 0x000000070d200000, 0x000000070d200000| Untracked 
|  82|0x000000070d400000, 0x000000070d400000, 0x000000070d600000|  0%| F|  |TAMS 0x000000070d400000, 0x000000070d400000| Untracked 
|  83|0x000000070d600000, 0x000000070d600000, 0x000000070d800000|  0%| F|  |TAMS 0x000000070d600000, 0x000000070d600000| Untracked 
|  84|0x000000070d800000, 0x000000070d800000, 0x000000070da00000|  0%| F|  |TAMS 0x000000070d800000, 0x000000070d800000| Untracked 
|  85|0x000000070da00000, 0x000000070da00000, 0x000000070dc00000|  0%| F|  |TAMS 0x000000070da00000, 0x000000070da00000| Untracked 
|  86|0x000000070dc00000, 0x000000070dc00000, 0x000000070de00000|  0%| F|  |TAMS 0x000000070dc00000, 0x000000070dc00000| Untracked 
|  87|0x000000070de00000, 0x000000070de00000, 0x000000070e000000|  0%| F|  |TAMS 0x000000070de00000, 0x000000070de00000| Untracked 
|  88|0x000000070e000000, 0x000000070e000000, 0x000000070e200000|  0%| F|  |TAMS 0x000000070e000000, 0x000000070e000000| Untracked 
|  89|0x000000070e200000, 0x000000070e200000, 0x000000070e400000|  0%| F|  |TAMS 0x000000070e200000, 0x000000070e200000| Untracked 
|  90|0x000000070e400000, 0x000000070e400000, 0x000000070e600000|  0%| F|  |TAMS 0x000000070e400000, 0x000000070e400000| Untracked 
|  91|0x000000070e600000, 0x000000070e600000, 0x000000070e800000|  0%| F|  |TAMS 0x000000070e600000, 0x000000070e600000| Untracked 
|  92|0x000000070e800000, 0x000000070e800000, 0x000000070ea00000|  0%| F|  |TAMS 0x000000070e800000, 0x000000070e800000| Untracked 
|  93|0x000000070ea00000, 0x000000070ea00000, 0x000000070ec00000|  0%| F|  |TAMS 0x000000070ea00000, 0x000000070ea00000| Untracked 
|  94|0x000000070ec00000, 0x000000070ec00000, 0x000000070ee00000|  0%| F|  |TAMS 0x000000070ec00000, 0x000000070ec00000| Untracked 
|  95|0x000000070ee00000, 0x000000070ee00000, 0x000000070f000000|  0%| F|  |TAMS 0x000000070ee00000, 0x000000070ee00000| Untracked 
|  96|0x000000070f000000, 0x000000070f000000, 0x000000070f200000|  0%| F|  |TAMS 0x000000070f000000, 0x000000070f000000| Untracked 
|  97|0x000000070f200000, 0x000000070f200000, 0x000000070f400000|  0%| F|  |TAMS 0x000000070f200000, 0x000000070f200000| Untracked 
|  98|0x000000070f400000, 0x000000070f400000, 0x000000070f600000|  0%| F|  |TAMS 0x000000070f400000, 0x000000070f400000| Untracked 
|  99|0x000000070f600000, 0x000000070f600000, 0x000000070f800000|  0%| F|  |TAMS 0x000000070f600000, 0x000000070f600000| Untracked 
| 100|0x000000070f800000, 0x000000070f800000, 0x000000070fa00000|  0%| F|  |TAMS 0x000000070f800000, 0x000000070f800000| Untracked 
| 101|0x000000070fa00000, 0x000000070fa00000, 0x000000070fc00000|  0%| F|  |TAMS 0x000000070fa00000, 0x000000070fa00000| Untracked 
| 102|0x000000070fc00000, 0x000000070fc00000, 0x000000070fe00000|  0%| F|  |TAMS 0x000000070fc00000, 0x000000070fc00000| Untracked 
| 103|0x000000070fe00000, 0x000000070fe00000, 0x0000000710000000|  0%| F|  |TAMS 0x000000070fe00000, 0x000000070fe00000| Untracked 
| 104|0x0000000710000000, 0x0000000710000000, 0x0000000710200000|  0%| F|  |TAMS 0x0000000710000000, 0x0000000710000000| Untracked 
| 105|0x0000000710200000, 0x0000000710200000, 0x0000000710400000|  0%| F|  |TAMS 0x0000000710200000, 0x0000000710200000| Untracked 
| 106|0x0000000710400000, 0x0000000710400000, 0x0000000710600000|  0%| F|  |TAMS 0x0000000710400000, 0x0000000710400000| Untracked 
| 107|0x0000000710600000, 0x0000000710600000, 0x0000000710800000|  0%| F|  |TAMS 0x0000000710600000, 0x0000000710600000| Untracked 
| 108|0x0000000710800000, 0x0000000710800000, 0x0000000710a00000|  0%| F|  |TAMS 0x0000000710800000, 0x0000000710800000| Untracked 
| 109|0x0000000710a00000, 0x0000000710a00000, 0x0000000710c00000|  0%| F|  |TAMS 0x0000000710a00000, 0x0000000710a00000| Untracked 
| 110|0x0000000710c00000, 0x0000000710c00000, 0x0000000710e00000|  0%| F|  |TAMS 0x0000000710c00000, 0x0000000710c00000| Untracked 
| 111|0x0000000710e00000, 0x0000000710e00000, 0x0000000711000000|  0%| F|  |TAMS 0x0000000710e00000, 0x0000000710e00000| Untracked 
| 112|0x0000000711000000, 0x0000000711000000, 0x0000000711200000|  0%| F|  |TAMS 0x0000000711000000, 0x0000000711000000| Untracked 
| 113|0x0000000711200000, 0x0000000711200000, 0x0000000711400000|  0%| F|  |TAMS 0x0000000711200000, 0x0000000711200000| Untracked 
| 114|0x0000000711400000, 0x0000000711600000, 0x0000000711600000|100%| S|CS|TAMS 0x0000000711400000, 0x0000000711400000| Complete 
| 115|0x0000000711600000, 0x0000000711800000, 0x0000000711800000|100%| S|CS|TAMS 0x0000000711600000, 0x0000000711600000| Complete 
| 116|0x0000000711800000, 0x0000000711800000, 0x0000000711a00000|  0%| F|  |TAMS 0x0000000711800000, 0x0000000711800000| Untracked 
| 117|0x0000000711a00000, 0x0000000711a00000, 0x0000000711c00000|  0%| F|  |TAMS 0x0000000711a00000, 0x0000000711a00000| Untracked 
| 118|0x0000000711c00000, 0x0000000711c00000, 0x0000000711e00000|  0%| F|  |TAMS 0x0000000711c00000, 0x0000000711c00000| Untracked 
| 119|0x0000000711e00000, 0x0000000711e00000, 0x0000000712000000|  0%| F|  |TAMS 0x0000000711e00000, 0x0000000711e00000| Untracked 
| 120|0x0000000712000000, 0x0000000712000000, 0x0000000712200000|  0%| F|  |TAMS 0x0000000712000000, 0x0000000712000000| Untracked 
| 121|0x0000000712200000, 0x0000000712200000, 0x0000000712400000|  0%| F|  |TAMS 0x0000000712200000, 0x0000000712200000| Untracked 
| 122|0x0000000712400000, 0x0000000712400000, 0x0000000712600000|  0%| F|  |TAMS 0x0000000712400000, 0x0000000712400000| Untracked 
| 123|0x0000000712600000, 0x00000007127e7618, 0x0000000712800000| 95%| E|  |TAMS 0x0000000712600000, 0x0000000712600000| Complete 
| 124|0x0000000712800000, 0x0000000712a00000, 0x0000000712a00000|100%| E|CS|TAMS 0x0000000712800000, 0x0000000712800000| Complete 
| 125|0x0000000712a00000, 0x0000000712c00000, 0x0000000712c00000|100%| E|CS|TAMS 0x0000000712a00000, 0x0000000712a00000| Complete 
| 126|0x0000000712c00000, 0x0000000712e00000, 0x0000000712e00000|100%| E|CS|TAMS 0x0000000712c00000, 0x0000000712c00000| Complete 

Card table byte_map: [0x0000021ffd350000,0x0000021ffdb40000] _byte_map_base: 0x0000021ff9b38000

Marking Bits (Prev, Next): (CMBitMap*) 0x0000021ffc784030, (CMBitMap*) 0x0000021ffc784070
 Prev Bits: [0x0000021f97430000, 0x0000021f9b370000)
 Next Bits: [0x0000021f9b370000, 0x0000021f9f2b0000)

Polling page: 0x0000021ffbf10000

Metaspace:

Usage:
  Non-class:      5.73 MB capacity,     3.80 MB ( 66%) used,     1.93 MB ( 34%) free+waste,     3.25 KB ( <1%) overhead. 
      Class:    659.00 KB capacity,   449.20 KB ( 68%) used,   208.36 KB ( 32%) free+waste,     1.44 KB ( <1%) overhead. 
       Both:      6.37 MB capacity,     4.24 MB ( 66%) used,     2.13 MB ( 33%) free+waste,     4.69 KB ( <1%) overhead. 

Virtual space:
  Non-class space:        8.00 MB reserved,       5.75 MB ( 72%) committed 
      Class space:        1.00 GB reserved,     768.00 KB ( <1%) committed 
             Both:        1.01 GB reserved,       6.50 MB ( <1%) committed 

Chunk freelists:
   Non-Class:  22.00 KB
       Class:  13.00 KB
        Both:  35.00 KB

MaxMetaspaceSize: 17179869184.00 GB
CompressedClassSpaceSize: 1.00 GB

CodeHeap 'non-profiled nmethods': size=120000Kb used=445Kb max_used=445Kb free=119554Kb
 bounds [0x0000021f8ff00000, 0x0000021f90170000, 0x0000021f97430000]
CodeHeap 'profiled nmethods': size=120000Kb used=2020Kb max_used=2020Kb free=117980Kb
 bounds [0x0000021f889d0000, 0x0000021f88c40000, 0x0000021f8ff00000]
CodeHeap 'non-nmethods': size=5760Kb used=1179Kb max_used=1221Kb free=4580Kb
 bounds [0x0000021f88430000, 0x0000021f886a0000, 0x0000021f889d0000]
 total_blobs=1459 nmethods=1020 adapters=352
 compilation: enabled
              stopped_count=0, restarted_count=0
 full_count=0

Compilation events (20 events):
Event: 1.045 Thread 0x0000021fff825980 nmethod 856 0x0000021f8ff5ee90 code [0x0000021f8ff5f240, 0x0000021f8ff63918]
Event: 1.055 Thread 0x0000021fff62bcd0  980  s    3       java.util.jar.JarFile::getInputStream (72 bytes)
Event: 1.056 Thread 0x0000021fff62bcd0 nmethod 980 0x0000021f88bb3290 code [0x0000021f88bb34a0, 0x0000021f88bb39d8]
Event: 1.056 Thread 0x0000021fff62bcd0  981       3       java.util.jar.JarFile::getManifestFromReference (125 bytes)
Event: 1.057 Thread 0x0000021fff62bcd0 nmethod 981 0x0000021f88bb3b90 code [0x0000021f88bb3e20, 0x0000021f88bb4ce8]
Event: 1.057 Thread 0x0000021fff62bcd0  983   !   3       jdk.internal.loader.BuiltinClassLoader::defineOrCheckPackage (94 bytes)
Event: 1.058 Thread 0x0000021fff62bcd0 nmethod 983 0x0000021f88bb5110 code [0x0000021f88bb5380, 0x0000021f88bb5cf8]
Event: 1.058 Thread 0x0000021fff62bcd0  982       3       jdk.internal.loader.ClassLoaders$AppClassLoader::defineOrCheckPackage (8 bytes)
Event: 1.058 Thread 0x0000021fff62bcd0 nmethod 982 0x0000021f88bb6010 code [0x0000021f88bb61c0, 0x0000021f88bb62e8]
Event: 1.059 Thread 0x0000021fff825980  984       4       java.util.HashMap::getNode (150 bytes)
Event: 1.062 Thread 0x0000021fff62bcd0  985       3       java.lang.ClassLoader::definePackage (85 bytes)
Event: 1.063 Thread 0x0000021fff62bcd0 nmethod 985 0x0000021f88bb6390 code [0x0000021f88bb6660, 0x0000021f88bb75b8]
Event: 1.063 Thread 0x0000021fff62bcd0  986       3       java.lang.Package::isSealed (26 bytes)
Event: 1.063 Thread 0x0000021fff62bcd0 nmethod 986 0x0000021f88bb7a10 code [0x0000021f88bb7bc0, 0x0000021f88bb7ed8]
Event: 1.064 Thread 0x0000021fff62bcd0  987       3       jdk.internal.loader.BuiltinClassLoader::isSealed (71 bytes)
Event: 1.064 Thread 0x0000021fff825980 nmethod 984 0x0000021f8ff66410 code [0x0000021f8ff665a0, 0x0000021f8ff66838]
Event: 1.064 Thread 0x0000021fff825980  988       4       java.util.concurrent.ConcurrentHashMap$Traverser::advance (188 bytes)
Event: 1.066 Thread 0x0000021fff62bcd0 nmethod 987 0x0000021f88bb8010 code [0x0000021f88bb8400, 0x0000021f88bb9e18]
Event: 1.066 Thread 0x0000021fff62bcd0  989       3       jdk.internal.loader.NativeLibraries$NativeLibraryImpl::find (6 bytes)
Event: 1.066 Thread 0x0000021fff62bcd0 nmethod 989 0x0000021f88bba810 code [0x0000021f88bba9c0, 0x0000021f88bbaae8]

GC Heap History (2 events):
Event: 0.830 GC heap before
{Heap before GC invocations=0 (full 0):
 garbage-first heap   total 260096K, used 22528K [0x0000000703000000, 0x0000000800000000)
  region size 2048K, 11 young (22528K), 0 survivors (0K)
 Metaspace       used 3559K, capacity 6163K, committed 6272K, reserved 1056768K
  class space    used 336K, capacity 561K, committed 640K, reserved 1048576K
}
Event: 0.834 GC heap after
{Heap after GC invocations=1 (full 0):
 garbage-first heap   total 260096K, used 6237K [0x0000000703000000, 0x0000000800000000)
  region size 2048K, 2 young (4096K), 2 survivors (4096K)
 Metaspace       used 3559K, capacity 6163K, committed 6272K, reserved 1056768K
  class space    used 336K, capacity 561K, committed 640K, reserved 1048576K
}

Deoptimization events (20 events):
Event: 0.980 Thread 0x0000021ffc733840 Uncommon trap: trap_request=0xffffff45 fr.pc=0x0000021f8ff39a20 relative=0x0000000000000280
Event: 0.980 Thread 0x0000021ffc733840 Uncommon trap: reason=unstable_if action=reinterpret pc=0x0000021f8ff39a20 method=jdk.internal.loader.URLClassPath.getLoader(I)Ljdk/internal/loader/URLClassPath$Loader; @ 19 c2
Event: 0.980 Thread 0x0000021ffc733840 DEOPT PACKING pc=0x0000021f8ff39a20 sp=0x00000065982fdd60
Event: 0.980 Thread 0x0000021ffc733840 DEOPT UNPACKING pc=0x0000021f8847e42f sp=0x00000065982fdcf8 mode 2
Event: 0.983 Thread 0x0000021ffc733840 Uncommon trap: trap_request=0xffffff45 fr.pc=0x0000021f8ff3de8c relative=0x000000000000064c
Event: 0.983 Thread 0x0000021ffc733840 Uncommon trap: reason=unstable_if action=reinterpret pc=0x0000021f8ff3de8c method=java.io.WinNTFileSystem.normalize(Ljava/lang/String;)Ljava/lang/String; @ 128 c2
Event: 0.983 Thread 0x0000021ffc733840 DEOPT PACKING pc=0x0000021f8ff3de8c sp=0x00000065982fde60
Event: 0.983 Thread 0x0000021ffc733840 DEOPT UNPACKING pc=0x0000021f8847e42f sp=0x00000065982fdde8 mode 2
Event: 0.984 Thread 0x0000021ffc733840 Uncommon trap: trap_request=0xffffff45 fr.pc=0x0000021f8ff37820 relative=0x0000000000000320
Event: 0.984 Thread 0x0000021ffc733840 Uncommon trap: reason=unstable_if action=reinterpret pc=0x0000021f8ff37820 method=java.lang.StringUTF16.compress([CI[BII)I @ 20 c2
Event: 0.984 Thread 0x0000021ffc733840 DEOPT PACKING pc=0x0000021f8ff37820 sp=0x00000065982fdbe0
Event: 0.984 Thread 0x0000021ffc733840 DEOPT UNPACKING pc=0x0000021f8847e42f sp=0x00000065982fdb60 mode 2
Event: 0.987 Thread 0x0000021ffc733840 Uncommon trap: trap_request=0xffffff45 fr.pc=0x0000021f8ff209b8 relative=0x00000000000004f8
Event: 0.987 Thread 0x0000021ffc733840 Uncommon trap: reason=unstable_if action=reinterpret pc=0x0000021f8ff209b8 method=java.lang.AbstractStringBuilder.putStringAt(ILjava/lang/String;)V @ 8 c2
Event: 0.987 Thread 0x0000021ffc733840 DEOPT PACKING pc=0x0000021f8ff209b8 sp=0x00000065982fdfd0
Event: 0.987 Thread 0x0000021ffc733840 DEOPT UNPACKING pc=0x0000021f8847e42f sp=0x00000065982fded8 mode 2
Event: 0.987 Thread 0x0000021ffc733840 Uncommon trap: trap_request=0xffffff45 fr.pc=0x0000021f8ff34ea4 relative=0x0000000000000384
Event: 0.987 Thread 0x0000021ffc733840 Uncommon trap: reason=unstable_if action=reinterpret pc=0x0000021f8ff34ea4 method=java.lang.AbstractStringBuilder.isLatin1()Z @ 10 c2
Event: 0.987 Thread 0x0000021ffc733840 DEOPT PACKING pc=0x0000021f8ff34ea4 sp=0x00000065982fdfe0
Event: 0.987 Thread 0x0000021ffc733840 DEOPT UNPACKING pc=0x0000021f8847e42f sp=0x00000065982fdf60 mode 2

Classes unloaded (0 events):
No events

Classes redefined (0 events):
No events

Internal exceptions (8 events):
Event: 0.267 Thread 0x0000021fff81acc0 Exception <a 'java/lang/NoSuchMethodError'{0x000000071276d638}: 'java.lang.Object java.lang.invoke.DirectMethodHandle$Holder.invokeStatic(java.lang.Object)'> (0x000000071276d638) 
thrown [./src/hotspot/share/interpreter/linkResolver.cpp, line 782]
Event: 0.268 Thread 0x0000021fff81acc0 Exception <a 'java/lang/NoSuchMethodError'{0x0000000712770f48}: 'java.lang.Object java.lang.invoke.DirectMethodHandle$Holder.invokeStaticInit(java.lang.Object)'> (0x0000000712770f48) 
thrown [./src/hotspot/share/interpreter/linkResolver.cpp, line 782]
Event: 0.275 Thread 0x0000021fff81acc0 Exception <a 'java/lang/NoSuchMethodError'{0x000000071277e428}: 'void java.lang.invoke.DirectMethodHandle$Holder.invokeStatic(java.lang.Object, java.lang.Object)'> (0x000000071277e428) 
thrown [./src/hotspot/share/interpreter/linkResolver.cpp, line 782]
Event: 0.467 Thread 0x0000021ffc733840 Exception <a 'java/lang/NoSuchMethodError'{0x0000000712087600}: 'int java.lang.invoke.DirectMethodHandle$Holder.invokeStaticInit(java.lang.Object, java.lang.Object, java.lang.Object, java.lang.Object)'> (0x0000000712087600) 
thrown [./src/hotspot/share/interpreter/linkResolver.cpp, line 782]
Event: 0.469 Thread 0x0000021ffc733840 Exception <a 'java/lang/NoSuchMethodError'{0x0000000712092240}: 'java.lang.Object java.lang.invoke.DirectMethodHandle$Holder.invokeInterface(java.lang.Object, java.lang.Object)'> (0x0000000712092240) 
thrown [./src/hotspot/share/interpreter/linkResolver.cpp, line 782]
Event: 0.470 Thread 0x0000021ffc733840 Exception <a 'java/lang/IncompatibleClassChangeError'{0x0000000712095990}: Found class java.lang.Object, but interface was expected> (0x0000000712095990) 
thrown [./src/hotspot/share/interpreter/linkResolver.cpp, line 848]
Event: 0.471 Thread 0x0000021ffc733840 Exception <a 'java/lang/NoSuchMethodError'{0x0000000712098bd8}: 'void java.lang.invoke.DirectMethodHandle$Holder.invokeStaticInit(java.lang.Object, java.lang.Object)'> (0x0000000712098bd8) 
thrown [./src/hotspot/share/interpreter/linkResolver.cpp, line 782]
Event: 0.472 Thread 0x0000021ffc733840 Exception <a 'java/lang/NoSuchMethodError'{0x000000071209ed30}: 'int java.lang.invoke.DirectMethodHandle$Holder.invokeStaticInit(java.lang.Object, java.lang.Object)'> (0x000000071209ed30) 
thrown [./src/hotspot/share/interpreter/linkResolver.cpp, line 782]

Events (20 events):
Event: 0.877 Loaded shared library C:\Users\37756\.javacpp\cache\javacpp-1.5.7-windows-x86_64.jar\org\bytedeco\javacpp\windows-x86_64\msvcp140_1.dll
Event: 0.885 Loaded shared library C:\Users\37756\.javacpp\cache\javacpp-1.5.7-windows-x86_64.jar\org\bytedeco\javacpp\windows-x86_64\concrt140.dll
Event: 0.893 Loaded shared library C:\Users\37756\.javacpp\cache\javacpp-1.5.7-windows-x86_64.jar\org\bytedeco\javacpp\windows-x86_64\vcomp140.dll
Event: 0.899 Loaded shared library C:\Users\37756\.javacpp\cache\javacpp-1.5.7-windows-x86_64.jar\org\bytedeco\javacpp\windows-x86_64\jnijavacpp.dll
Event: 0.909 loading class java/lang/NumberFormatException
Event: 0.909 loading class java/lang/NumberFormatException done
Event: 0.909 Executing VM operation: HandshakeAllThreads
Event: 0.909 Executing VM operation: HandshakeAllThreads done
Event: 0.911 Thread 0x0000021fa1ba0e20 Thread added: 0x0000021fa1ba0e20
Event: 0.949 loading class java/util/regex/Pattern$BnM
Event: 0.949 loading class java/util/regex/Pattern$BnM done
Event: 0.949 loading class java/util/regex/Pattern$SliceS
Event: 0.952 loading class java/util/regex/Pattern$SliceS done
Event: 1.003 Loaded shared library C:\Users\37756\.javacpp\cache\llvm-13.0.1-1.5.7-windows-x86_64.jar\org\bytedeco\llvm\windows-x86_64\LTO.dll
Event: 1.011 Loaded shared library C:\Users\37756\.javacpp\cache\llvm-13.0.1-1.5.7-windows-x86_64.jar\org\bytedeco\llvm\windows-x86_64\Remarks.dll
Event: 1.024 Loaded shared library C:\Users\37756\.javacpp\cache\llvm-13.0.1-1.5.7-windows-x86_64.jar\org\bytedeco\llvm\windows-x86_64\jniLLVM.dll
Event: 1.065 loading class java/util/Stack
Event: 1.065 loading class java/util/Vector
Event: 1.065 loading class java/util/Vector done
Event: 1.065 loading class java/util/Stack done


Dynamic libraries:
0x00007ff715ef0000 - 0x00007ff715efd000 	C:\Program Files\AdoptOpenJDK\jdk-15.0.2.7-hotspot\bin\java.exe
0x00007ff9efcd0000 - 0x00007ff9efec8000 	C:\WINDOWS\SYSTEM32\ntdll.dll
0x00007ff9ef670000 - 0x00007ff9ef72f000 	C:\WINDOWS\System32\KERNEL32.DLL
0x00007ff9ed8b0000 - 0x00007ff9edb82000 	C:\WINDOWS\System32\KERNELBASE.dll
0x00007ff9ed520000 - 0x00007ff9ed620000 	C:\WINDOWS\System32\ucrtbase.dll
0x00007ff9de910000 - 0x00007ff9de925000 	C:\Program Files\AdoptOpenJDK\jdk-15.0.2.7-hotspot\bin\VCRUNTIME140.dll
0x00007ff9e60f0000 - 0x00007ff9e6108000 	C:\Program Files\AdoptOpenJDK\jdk-15.0.2.7-hotspot\bin\jli.dll
0x00007ff9ef240000 - 0x00007ff9ef3e1000 	C:\WINDOWS\System32\USER32.dll
0x00007ff9ed620000 - 0x00007ff9ed642000 	C:\WINDOWS\System32\win32u.dll
0x00007ff9cefb0000 - 0x00007ff9cf24a000 	C:\WINDOWS\WinSxS\amd64_microsoft.windows.common-controls_6595b64144ccf1df_6.0.19041.1110_none_60b5254171f9507e\COMCTL32.dll
0x00007ff9ef000000 - 0x00007ff9ef02b000 	C:\WINDOWS\System32\GDI32.dll
0x00007ff9edd10000 - 0x00007ff9eddae000 	C:\WINDOWS\System32\msvcrt.dll
0x00007ff9ed3c0000 - 0x00007ff9ed4cf000 	C:\WINDOWS\System32\gdi32full.dll
0x00007ff9edc40000 - 0x00007ff9edcdd000 	C:\WINDOWS\System32\msvcp_win.dll
0x00007ff9ef7e0000 - 0x00007ff9ef812000 	C:\WINDOWS\System32\IMM32.DLL
0x00007ff9c57b0000 - 0x00007ff9c584b000 	C:\Program Files\AdoptOpenJDK\jdk-15.0.2.7-hotspot\bin\msvcp140.dll
0x00007ff9595c0000 - 0x00007ff95a14f000 	C:\Program Files\AdoptOpenJDK\jdk-15.0.2.7-hotspot\bin\server\jvm.dll
0x00007ff9ef730000 - 0x00007ff9ef7de000 	C:\WINDOWS\System32\ADVAPI32.dll
0x00007ff9ef5d0000 - 0x00007ff9ef66c000 	C:\WINDOWS\System32\sechost.dll
0x00007ff9ef4a0000 - 0x00007ff9ef5c5000 	C:\WINDOWS\System32\RPCRT4.dll
0x00007ff9eee20000 - 0x00007ff9eee28000 	C:\WINDOWS\System32\PSAPI.DLL
0x00007ff9cef90000 - 0x00007ff9cef99000 	C:\WINDOWS\SYSTEM32\WSOCK32.dll
0x00007ff9cdfe0000 - 0x00007ff9ce007000 	C:\WINDOWS\SYSTEM32\WINMM.dll
0x00007ff9ec020000 - 0x00007ff9ec02a000 	C:\WINDOWS\SYSTEM32\VERSION.dll
0x00007ff9ee560000 - 0x00007ff9ee5cb000 	C:\WINDOWS\System32\WS2_32.dll
0x00007ff9ebad0000 - 0x00007ff9ebae2000 	C:\WINDOWS\SYSTEM32\kernel.appcore.dll
0x00007ff9e8b70000 - 0x00007ff9e8b7a000 	C:\Program Files\AdoptOpenJDK\jdk-15.0.2.7-hotspot\bin\jimage.dll
0x00007ff9eaef0000 - 0x00007ff9eb0d4000 	C:\WINDOWS\SYSTEM32\DBGHELP.DLL
0x00007ff9cf760000 - 0x00007ff9cf795000 	C:\WINDOWS\SYSTEM32\dbgcore.DLL
0x00007ff9ed7b0000 - 0x00007ff9ed832000 	C:\WINDOWS\System32\bcryptPrimitives.dll
0x00007ff9e72c0000 - 0x00007ff9e72ce000 	C:\Program Files\AdoptOpenJDK\jdk-15.0.2.7-hotspot\bin\instrument.dll
0x00007ff9b68e0000 - 0x00007ff9b6905000 	C:\Program Files\AdoptOpenJDK\jdk-15.0.2.7-hotspot\bin\java.dll
0x00007ff9ee5d0000 - 0x00007ff9eed14000 	C:\WINDOWS\System32\SHELL32.dll
0x00007ff9eb320000 - 0x00007ff9ebab2000 	C:\WINDOWS\SYSTEM32\windows.storage.dll
0x00007ff9ee030000 - 0x00007ff9ee385000 	C:\WINDOWS\System32\combase.dll
0x00007ff9ecd40000 - 0x00007ff9ecd70000 	C:\WINDOWS\SYSTEM32\Wldp.dll
0x00007ff9eee30000 - 0x00007ff9eeedd000 	C:\WINDOWS\System32\SHCORE.dll
0x00007ff9ef1e0000 - 0x00007ff9ef235000 	C:\WINDOWS\System32\shlwapi.dll
0x00007ff9ed300000 - 0x00007ff9ed31f000 	C:\WINDOWS\SYSTEM32\profapi.dll
0x00007ff9b6880000 - 0x00007ff9b6898000 	C:\Program Files\AdoptOpenJDK\jdk-15.0.2.7-hotspot\bin\zip.dll
0x00007ff9b68c0000 - 0x00007ff9b68d9000 	C:\Program Files\AdoptOpenJDK\jdk-15.0.2.7-hotspot\bin\net.dll
0x00007ff9e14b0000 - 0x00007ff9e15bc000 	C:\WINDOWS\SYSTEM32\WINHTTP.dll
0x00007ff9ecaa0000 - 0x00007ff9ecb0a000 	C:\WINDOWS\system32\mswsock.dll
0x00007ff9b68a0000 - 0x00007ff9b68b2000 	C:\Program Files\AdoptOpenJDK\jdk-15.0.2.7-hotspot\bin\nio.dll
0x00007ff9d35e0000 - 0x00007ff9d35fa000 	C:\Program Files\JetBrains\IntelliJ IDEA 2022.3\bin\breakgen64.dll
0x0000021fffa20000 - 0x0000021fffa24000 	C:\Users\37756\.javacpp\cache\javacpp-1.5.7-windows-x86_64.jar\org\bytedeco\javacpp\windows-x86_64\api-ms-win-crt-locale-l1-1-0.dll
0x0000021fffa30000 - 0x0000021fffa35000 	C:\Users\37756\.javacpp\cache\javacpp-1.5.7-windows-x86_64.jar\org\bytedeco\javacpp\windows-x86_64\api-ms-win-crt-string-l1-1-0.dll
0x0000021fffa40000 - 0x0000021fffa45000 	C:\Users\37756\.javacpp\cache\javacpp-1.5.7-windows-x86_64.jar\org\bytedeco\javacpp\windows-x86_64\api-ms-win-crt-stdio-l1-1-0.dll
0x0000021fffa50000 - 0x0000021fffa56000 	C:\Users\37756\.javacpp\cache\javacpp-1.5.7-windows-x86_64.jar\org\bytedeco\javacpp\windows-x86_64\api-ms-win-crt-math-l1-1-0.dll
0x0000021fffa60000 - 0x0000021fffa64000 	C:\Users\37756\.javacpp\cache\javacpp-1.5.7-windows-x86_64.jar\org\bytedeco\javacpp\windows-x86_64\api-ms-win-crt-heap-l1-1-0.dll
0x0000021fffa70000 - 0x0000021fffa75000 	C:\Users\37756\.javacpp\cache\javacpp-1.5.7-windows-x86_64.jar\org\bytedeco\javacpp\windows-x86_64\api-ms-win-crt-runtime-l1-1-0.dll
0x0000021fffa80000 - 0x0000021fffa85000 	C:\Users\37756\.javacpp\cache\javacpp-1.5.7-windows-x86_64.jar\org\bytedeco\javacpp\windows-x86_64\api-ms-win-crt-convert-l1-1-0.dll
0x0000021fffa90000 - 0x0000021fffa94000 	C:\Users\37756\.javacpp\cache\javacpp-1.5.7-windows-x86_64.jar\org\bytedeco\javacpp\windows-x86_64\api-ms-win-crt-environment-l1-1-0.dll
0x0000021fffaa0000 - 0x0000021fffaa4000 	C:\Users\37756\.javacpp\cache\javacpp-1.5.7-windows-x86_64.jar\org\bytedeco\javacpp\windows-x86_64\api-ms-win-crt-time-l1-1-0.dll
0x0000021fffab0000 - 0x0000021fffab4000 	C:\Users\37756\.javacpp\cache\javacpp-1.5.7-windows-x86_64.jar\org\bytedeco\javacpp\windows-x86_64\api-ms-win-crt-filesystem-l1-1-0.dll
0x0000021fffac0000 - 0x0000021fffac4000 	C:\Users\37756\.javacpp\cache\javacpp-1.5.7-windows-x86_64.jar\org\bytedeco\javacpp\windows-x86_64\api-ms-win-crt-utility-l1-1-0.dll
0x0000021fffad0000 - 0x0000021fffad6000 	C:\Users\37756\.javacpp\cache\javacpp-1.5.7-windows-x86_64.jar\org\bytedeco\javacpp\windows-x86_64\api-ms-win-crt-multibyte-l1-1-0.dll
0x0000021fffae0000 - 0x0000021fffae4000 	C:\Users\37756\.javacpp\cache\javacpp-1.5.7-windows-x86_64.jar\org\bytedeco\javacpp\windows-x86_64\api-ms-win-crt-conio-l1-1-0.dll
0x0000021fffaf0000 - 0x0000021fffb01000 	C:\Users\37756\.javacpp\cache\javacpp-1.5.7-windows-x86_64.jar\org\bytedeco\javacpp\windows-x86_64\api-ms-win-crt-private-l1-1-0.dll
0x0000021fffb10000 - 0x0000021fffb14000 	C:\Users\37756\.javacpp\cache\javacpp-1.5.7-windows-x86_64.jar\org\bytedeco\javacpp\windows-x86_64\api-ms-win-crt-process-l1-1-0.dll
0x0000021fffb20000 - 0x0000021fffb24000 	C:\Users\37756\.javacpp\cache\javacpp-1.5.7-windows-x86_64.jar\org\bytedeco\javacpp\windows-x86_64\api-ms-win-core-console-l1-2-0.dll
0x0000021fffb30000 - 0x0000021fffb34000 	C:\Users\37756\.javacpp\cache\javacpp-1.5.7-windows-x86_64.jar\org\bytedeco\javacpp\windows-x86_64\api-ms-win-core-string-l1-1-0.dll
0x0000021fffb40000 - 0x0000021fffb44000 	C:\Users\37756\.javacpp\cache\javacpp-1.5.7-windows-x86_64.jar\org\bytedeco\javacpp\windows-x86_64\api-ms-win-core-errorhandling-l1-1-0.dll
0x0000021fffb50000 - 0x0000021fffb54000 	C:\Users\37756\.javacpp\cache\javacpp-1.5.7-windows-x86_64.jar\org\bytedeco\javacpp\windows-x86_64\api-ms-win-core-timezone-l1-1-0.dll
0x0000021fffb60000 - 0x0000021fffb65000 	C:\Users\37756\.javacpp\cache\javacpp-1.5.7-windows-x86_64.jar\org\bytedeco\javacpp\windows-x86_64\api-ms-win-core-file-l1-1-0.dll
0x0000021fffb70000 - 0x0000021fffb74000 	C:\Users\37756\.javacpp\cache\javacpp-1.5.7-windows-x86_64.jar\org\bytedeco\javacpp\windows-x86_64\api-ms-win-core-namedpipe-l1-1-0.dll
0x0000021fffb80000 - 0x0000021fffb84000 	C:\Users\37756\.javacpp\cache\javacpp-1.5.7-windows-x86_64.jar\org\bytedeco\javacpp\windows-x86_64\api-ms-win-core-handle-l1-1-0.dll
0x0000021fffb90000 - 0x0000021fffb94000 	C:\Users\37756\.javacpp\cache\javacpp-1.5.7-windows-x86_64.jar\org\bytedeco\javacpp\windows-x86_64\api-ms-win-core-file-l2-1-0.dll
0x0000021fffba0000 - 0x0000021fffba4000 	C:\Users\37756\.javacpp\cache\javacpp-1.5.7-windows-x86_64.jar\org\bytedeco\javacpp\windows-x86_64\api-ms-win-core-heap-l1-1-0.dll
0x0000021fffbb0000 - 0x0000021fffbb4000 	C:\Users\37756\.javacpp\cache\javacpp-1.5.7-windows-x86_64.jar\org\bytedeco\javacpp\windows-x86_64\api-ms-win-core-libraryloader-l1-1-0.dll
0x0000021fffbc0000 - 0x0000021fffbc4000 	C:\Users\37756\.javacpp\cache\javacpp-1.5.7-windows-x86_64.jar\org\bytedeco\javacpp\windows-x86_64\api-ms-win-core-synch-l1-1-0.dll
0x0000021fffbd0000 - 0x0000021fffbd4000 	C:\Users\37756\.javacpp\cache\javacpp-1.5.7-windows-x86_64.jar\org\bytedeco\javacpp\windows-x86_64\api-ms-win-core-processthreads-l1-1-0.dll
0x0000021fffbe0000 - 0x0000021fffbe4000 	C:\Users\37756\.javacpp\cache\javacpp-1.5.7-windows-x86_64.jar\org\bytedeco\javacpp\windows-x86_64\api-ms-win-core-processenvironment-l1-1-0.dll
0x0000021fffbf0000 - 0x0000021fffbf4000 	C:\Users\37756\.javacpp\cache\javacpp-1.5.7-windows-x86_64.jar\org\bytedeco\javacpp\windows-x86_64\api-ms-win-core-datetime-l1-1-0.dll
0x0000021fffc00000 - 0x0000021fffc04000 	C:\Users\37756\.javacpp\cache\javacpp-1.5.7-windows-x86_64.jar\org\bytedeco\javacpp\windows-x86_64\api-ms-win-core-localization-l1-2-0.dll
0x0000021fffc10000 - 0x0000021fffc14000 	C:\Users\37756\.javacpp\cache\javacpp-1.5.7-windows-x86_64.jar\org\bytedeco\javacpp\windows-x86_64\api-ms-win-core-sysinfo-l1-1-0.dll
0x0000021fffc20000 - 0x0000021fffc24000 	C:\Users\37756\.javacpp\cache\javacpp-1.5.7-windows-x86_64.jar\org\bytedeco\javacpp\windows-x86_64\api-ms-win-core-synch-l1-2-0.dll
0x0000021fffc30000 - 0x0000021fffc34000 	C:\Users\37756\.javacpp\cache\javacpp-1.5.7-windows-x86_64.jar\org\bytedeco\javacpp\windows-x86_64\api-ms-win-core-console-l1-1-0.dll
0x0000021fffc40000 - 0x0000021fffc44000 	C:\Users\37756\.javacpp\cache\javacpp-1.5.7-windows-x86_64.jar\org\bytedeco\javacpp\windows-x86_64\api-ms-win-core-debug-l1-1-0.dll
0x0000021fffc50000 - 0x0000021fffc54000 	C:\Users\37756\.javacpp\cache\javacpp-1.5.7-windows-x86_64.jar\org\bytedeco\javacpp\windows-x86_64\api-ms-win-core-rtlsupport-l1-1-0.dll
0x0000021fffc60000 - 0x0000021fffc64000 	C:\Users\37756\.javacpp\cache\javacpp-1.5.7-windows-x86_64.jar\org\bytedeco\javacpp\windows-x86_64\api-ms-win-core-processthreads-l1-1-1.dll
0x0000021fffc70000 - 0x0000021fffc74000 	C:\Users\37756\.javacpp\cache\javacpp-1.5.7-windows-x86_64.jar\org\bytedeco\javacpp\windows-x86_64\api-ms-win-core-file-l1-2-0.dll
0x0000021fffc80000 - 0x0000021fffc84000 	C:\Users\37756\.javacpp\cache\javacpp-1.5.7-windows-x86_64.jar\org\bytedeco\javacpp\windows-x86_64\api-ms-win-core-profile-l1-1-0.dll
0x0000021fffc90000 - 0x0000021fffc94000 	C:\Users\37756\.javacpp\cache\javacpp-1.5.7-windows-x86_64.jar\org\bytedeco\javacpp\windows-x86_64\api-ms-win-core-memory-l1-1-0.dll
0x0000021fffca0000 - 0x0000021fffca4000 	C:\Users\37756\.javacpp\cache\javacpp-1.5.7-windows-x86_64.jar\org\bytedeco\javacpp\windows-x86_64\api-ms-win-core-util-l1-1-0.dll
0x0000021fffcb0000 - 0x0000021fffcb4000 	C:\Users\37756\.javacpp\cache\javacpp-1.5.7-windows-x86_64.jar\org\bytedeco\javacpp\windows-x86_64\api-ms-win-core-interlocked-l1-1-0.dll
0x00007ff95d1e0000 - 0x00007ff95d2f1000 	C:\Users\37756\.javacpp\cache\javacpp-1.5.7-windows-x86_64.jar\org\bytedeco\javacpp\windows-x86_64\ucrtbase.dll
0x00007ff9c6830000 - 0x00007ff9c684b000 	C:\Users\37756\.javacpp\cache\javacpp-1.5.7-windows-x86_64.jar\org\bytedeco\javacpp\windows-x86_64\vcruntime140.dll
0x00007ff9c8310000 - 0x00007ff9c831c000 	C:\Users\37756\.javacpp\cache\javacpp-1.5.7-windows-x86_64.jar\org\bytedeco\javacpp\windows-x86_64\vcruntime140_1.dll
0x00007ff9ad720000 - 0x00007ff9ad7ad000 	C:\Users\37756\.javacpp\cache\javacpp-1.5.7-windows-x86_64.jar\org\bytedeco\javacpp\windows-x86_64\msvcp140.dll
0x00007ff9c73c0000 - 0x00007ff9c73c9000 	C:\Users\37756\.javacpp\cache\javacpp-1.5.7-windows-x86_64.jar\org\bytedeco\javacpp\windows-x86_64\msvcp140_1.dll
0x00007ff9b38a0000 - 0x00007ff9b38ee000 	C:\Users\37756\.javacpp\cache\javacpp-1.5.7-windows-x86_64.jar\org\bytedeco\javacpp\windows-x86_64\concrt140.dll
0x00007ff9bd5e0000 - 0x00007ff9bd611000 	C:\Users\37756\.javacpp\cache\javacpp-1.5.7-windows-x86_64.jar\org\bytedeco\javacpp\windows-x86_64\vcomp140.dll
0x00007ff9c6820000 - 0x00007ff9c682e000 	C:\Users\37756\.javacpp\cache\javacpp-1.5.7-windows-x86_64.jar\org\bytedeco\javacpp\windows-x86_64\jnijavacpp.dll
0x00007ff947280000 - 0x00007ff94b91d000 	C:\Users\37756\.javacpp\cache\llvm-13.0.1-1.5.7-windows-x86_64.jar\org\bytedeco\llvm\windows-x86_64\LTO.dll
0x00007ff9b56e0000 - 0x00007ff9b571b000 	C:\Users\37756\.javacpp\cache\llvm-13.0.1-1.5.7-windows-x86_64.jar\org\bytedeco\llvm\windows-x86_64\Remarks.dll
0x00007ff942a30000 - 0x00007ff947280000 	C:\Users\37756\.javacpp\cache\llvm-13.0.1-1.5.7-windows-x86_64.jar\org\bytedeco\llvm\windows-x86_64\jniLLVM.dll
0x00007ff9edf00000 - 0x00007ff9ee02a000 	C:\WINDOWS\System32\ole32.dll

dbghelp: loaded successfully - version: 4.0.5 - missing functions: none
symbol engine: initialized successfully - sym options: 0x614 - pdb path: .;C:\Program Files\AdoptOpenJDK\jdk-15.0.2.7-hotspot\bin;C:\WINDOWS\SYSTEM32;C:\WINDOWS\WinSxS\amd64_microsoft.windows.common-controls_6595b64144ccf1df_6.0.19041.1110_none_60b5254171f9507e;C:\Program Files\AdoptOpenJDK\jdk-15.0.2.7-hotspot\bin\server;C:\Program Files\JetBrains\IntelliJ IDEA 2022.3\bin;C:\Users\37756\.javacpp\cache\javacpp-1.5.7-windows-x86_64.jar\org\bytedeco\javacpp\windows-x86_64;C:\Users\37756\.javacpp\cache\llvm-13.0.1-1.5.7-windows-x86_64.jar\org\bytedeco\llvm\windows-x86_64

VM Arguments:
jvm_args: -javaagent:C:\Program Files\JetBrains\IntelliJ IDEA 2022.3\lib\idea_rt.jar=13931:C:\Program Files\JetBrains\IntelliJ IDEA 2022.3\bin -Dfile.encoding=UTF-8 
java_command: Main tests/global-and-if-test2.sysy tests/global-and-if-test2.out
java_class_path (initial): C:\Users\37756\Documents\NJU\2022Fall\Compilers\Lab\target\classes;C:\Users\37756\.m2\repository\org\bytedeco\llvm-platform\13.0.1-1.5.7\llvm-platform-13.0.1-1.5.7.jar;C:\Users\37756\.m2\repository\org\bytedeco\javacpp-platform\1.5.7\javacpp-platform-1.5.7.jar;C:\Users\37756\.m2\repository\org\bytedeco\javacpp\1.5.7\javacpp-1.5.7.jar;C:\Users\37756\.m2\repository\org\bytedeco\javacpp\1.5.7\javacpp-1.5.7-android-arm.jar;C:\Users\37756\.m2\repository\org\bytedeco\javacpp\1.5.7\javacpp-1.5.7-android-arm64.jar;C:\Users\37756\.m2\repository\org\bytedeco\javacpp\1.5.7\javacpp-1.5.7-android-x86.jar;C:\Users\37756\.m2\repository\org\bytedeco\javacpp\1.5.7\javacpp-1.5.7-android-x86_64.jar;C:\Users\37756\.m2\repository\org\bytedeco\javacpp\1.5.7\javacpp-1.5.7-ios-arm64.jar;C:\Users\37756\.m2\repository\org\bytedeco\javacpp\1.5.7\javacpp-1.5.7-ios-x86_64.jar;C:\Users\37756\.m2\repository\org\bytedeco\javacpp\1.5.7\javacpp-1.5.7-linux-armhf.jar;C:\Users\37756\.m2\repository\org\bytedeco\javacpp\1.5.7\javacpp-1.5.7-linux-arm64.jar;C:\Users\37756\.m2\repository\org\bytedeco\javacpp\1.5.7\javacpp-1.5.7-linux-ppc64le.jar;C:\Users\37756\.m2\repository\org\bytedeco\javacpp\1.5.7\javacpp-1.5.7-linux-x86.jar;C:\Users\37756\.m2\repository\org\bytedeco\javacpp\1.5.7\javacpp-1.5.7-linux-x86_64.jar;C:\Users\37756\.m2\repository\org\bytedeco\javacpp\1.5.7\javacpp-1.5.7-macosx-arm64.jar;C:\Users\37756\.m2\repository\org\bytedeco\javacpp\1.5.7\javacpp-1.5.7-macosx-x86_64.jar;C:\Users\37756\.m2\repository\org\bytedeco\javacpp\1.5.7\javacpp-1.5.7-windows-x86.jar;C:\Users\37756\.m2\repository\org\bytedeco\javacpp\1.5.7\javacpp-1.5.7-windows-x86_64.jar;C:\Users\37756\.m2\repository\org\bytedeco\llvm\13.0.1-1.5.7\llvm-13.0.1-1.5.7.jar;C:\Users\37756\.m2\repository\org\bytedeco\llvm\13.0.1-1.5.7\llvm-13.0.1-1.5.7-linux-x86.jar;C:\Users\37756\.m2\repository\org\bytedeco\llvm\13.0.1-1.5.7\llvm-13.0.1-1.5.7-linux-x86_64.jar;C:\Users\37756\.m2\repository\org\bytedeco\llvm\1
Launcher Type: SUN_STANDARD

[Global flags]
     intx CICompilerCount                          = 4                                         {product} {ergonomic}
     uint ConcGCThreads                            = 2                                         {product} {ergonomic}
     uint G1ConcRefinementThreads                  = 8                                         {product} {ergonomic}
   size_t G1HeapRegionSize                         = 2097152                                   {product} {ergonomic}
    uintx GCDrainStackTargetSize                   = 64                                        {product} {ergonomic}
   size_t InitialHeapSize                          = 266338304                                 {product} {ergonomic}
   size_t MarkStackSize                            = 4194304                                   {product} {ergonomic}
   size_t MaxHeapSize                              = 4244635648                                {product} {ergonomic}
   size_t MaxNewSize                               = 2545942528                                {product} {ergonomic}
   size_t MinHeapDeltaBytes                        = 2097152                                   {product} {ergonomic}
   size_t MinHeapSize                              = 8388608                                   {product} {ergonomic}
    uintx NonNMethodCodeHeapSize                   = 5839372                                {pd product} {ergonomic}
    uintx NonProfiledCodeHeapSize                  = 122909434                              {pd product} {ergonomic}
    uintx ProfiledCodeHeapSize                     = 122909434                              {pd product} {ergonomic}
    uintx ReservedCodeCacheSize                    = 251658240                              {pd product} {ergonomic}
     bool SegmentedCodeCache                       = true                                      {product} {ergonomic}
   size_t SoftMaxHeapSize                          = 4244635648                             {manageable} {ergonomic}
     bool UseCompressedClassPointers               = true                                 {lp64_product} {ergonomic}
     bool UseCompressedOops                        = true                                 {lp64_product} {ergonomic}
     bool UseG1GC                                  = true                                      {product} {ergonomic}
     bool UseLargePagesIndividualAllocation        = false                                  {pd product} {ergonomic}

Logging:
Log output configuration:
 #0: stdout all=warning uptime,level,tags
 #1: stderr all=off uptime,level,tags

Environment Variables:
CLASSPATH=.;C:Program Files(x86)\scala\bin;C:Program Files(x86)\scala\lib\dt.jar;C:Program Files(x86)\scala\lib\tools.jar.;
PATH=C:\Program Files (x86)\VMware\VMware Workstation\bin\;C:\ProgramData\Anaconda3;C:\ProgramData\Anaconda3\Library\mingw-w64\bin;C:\ProgramData\Anaconda3\Library\usr\bin;C:\ProgramData\Anaconda3\Library\bin;C:\ProgramData\Anaconda3\Scripts;C:\Program Files\AdoptOpenJDK\jdk-15.0.2.7-hotspot\bin;C:\WINDOWS\system32;C:\WINDOWS;C:\WINDOWS\System32\Wbem;C:\WINDOWS\System32\WindowsPowerShell\v1.0\;C:\WINDOWS\System32\OpenSSH\;C:\Program Files\dotnet\;C:\Program Files\Microsoft SQL Server\130\Tools\Binn\;C:\Program Files\Microsoft SQL Server\Client SDK\ODBC\170\Tools\Binn\;C:\Program Files (x86)\Dev-Cpp\MinGW64\bin;C:\Program Files\Git\cmd;C:\Program Files\PuTTY\;C:\Program Files\Graphviz\bin;C:\Program Files (x86)\Tencent\微信web开发者工具\dll;C:\Program Files\nodejs\;C:\Web\mysql-8.0.28-winx64\bin;"C:Program Files(x86)\scala\bin;C:Program Files(x86)\scala\jre\bin;";C:\Program Files\NASM;C:\Users\37756\AppData\Local\Microsoft\WindowsApps;C:\Program Files\JetBrains\PyCharm Community Edition 2020.3.3\bin;C:\Users\37756\.dotnet\tools;C:\Users\37756\AppData\Local\Programs\Microsoft VS Code\bin;C:\Program Files\JetBrains\IntelliJ IDEA Community Edition 2020.3.2\bin;C:\texlive\2020\bin\win32;C:\Program Files\JetBrains\CLion 2021.2\bin;C:\Program Files\JetBrains\PyCharm 2021.1.3\bin;C:\Program Files\JetBrains\IntelliJ IDEA 2021.1.3\bin;C:\Users\37756\AppData\Roaming\npm;C:\Program Files\JetBrains\DataGrip 2021.3.4\bin;C:\Program Files\JetBrains\WebStorm 2022.1\bin;C:\Users\37756\AppData\Local\Coursier\data\bin;C:\Program Files\NASM;;C:\Program Files\JetBrains\IntelliJ IDEA 2022.3\bin;;C:\Program Files\JetBrains\CLion 2022.3.1\bin;;C:\Program Files\JetBrains\WebStorm 2022.3.1\bin;;C:\Program Files\JetBrains\IntelliJ IDEA Community Edition 2022.3.1\bin;
USERNAME=37756
OS=Windows_NT
PROCESSOR_IDENTIFIER=Intel64 Family 6 Model 142 Stepping 12, GenuineIntel



---------------  S Y S T E M  ---------------

OS:
 Windows 10 , 64 bit Build 19041 (10.0.19041.2364)
OS uptime: 0 days 0:58 hours

CPU: total 8 (initial active 8) (4 cores per cpu, 2 threads per core) family 6 model 142 stepping 12 microcode 0xf4, cmov, cx8, fxsr, mmx, sse, sse2, sse3, ssse3, sse4.1, sse4.2, popcnt, vzeroupper, avx, avx2, aes, clmul, erms, 3dnowpref, lzcnt, ht, tsc, tscinvbit, bmi1, bmi2, adx, fma, clflush, clflushopt

Memory: 4k page, system-wide physical 16190M (7773M free)
TotalPageFile size 21054M (AvailPageFile size 8495M)
current process WorkingSet (physical memory assigned to process): 100M, peak: 100M
current process commit charge ("private bytes"): 375M, peak: 376M

vm_info: OpenJDK 64-Bit Server VM (15.0.2+7) for windows-amd64 JRE (15.0.2+7), built on Jan 21 2021 05:54:57 by "" with MS VC++ 15.9 (VS2017)

END.
