#
# A fatal error has been detected by the Java Runtime Environment:
#
#  EXCEPTION_ACCESS_VIOLATION (0xc0000005) at pc=0x00007ff90476b211, pid=10888, tid=20668
#
# JRE version: OpenJDK Runtime Environment AdoptOpenJDK (15.0.2+7) (build 15.0.2+7)
# Java VM: OpenJDK 64-Bit Server VM AdoptOpenJDK (15.0.2+7, mixed mode, sharing, tiered, compressed oops, g1 gc, windows-amd64)
# Problematic frame:
# C  [jniLLVM.dll+0xf5b211]
#
# No core dump will be written. Minidumps are not enabled by default on client versions of Windows
#
# If you would like to submit a bug report, please visit:
#   https://github.com/AdoptOpenJDK/openjdk-support/issues
# The crash happened outside the Java Virtual Machine in native code.
# See problematic frame for where to report the bug.
#

---------------  S U M M A R Y ------------

Command Line: -javaagent:C:\Program Files\JetBrains\IntelliJ IDEA 2022.3\lib\idea_rt.jar=8350:C:\Program Files\JetBrains\IntelliJ IDEA 2022.3\bin -Dfile.encoding=UTF-8 Main tests/function-and-var-test2.sysy tests/function-and-var-test2.out

Host: Intel(R) Core(TM) i7-8565U CPU @ 1.80GHz, 8 cores, 15G,  Windows 10 , 64 bit Build 19041 (10.0.19041.2364)
Time: Wed Jan  4 20:12:18 2023 中国标准时间 elapsed time: 1.310044 seconds (0d 0h 0m 1s)

---------------  T H R E A D  ---------------

Current thread (0x000001d2896d3960):  JavaThread "main" [_thread_in_native, id=20668, stack(0x00000076bb400000,0x00000076bb500000)]

Stack: [0x00000076bb400000,0x00000076bb500000],  sp=0x00000076bb4fe480,  free space=1017k
Native frames: (J=compiled Java code, j=interpreted, Vv=VM code, C=native code)
C  [jniLLVM.dll+0xf5b211]

Java frames: (J=compiled Java code, j=interpreted, Vv=VM code)
j  org.bytedeco.llvm.global.LLVM.LLVMBuildGEP(Lorg/bytedeco/llvm/LLVM/LLVMBuilderRef;Lorg/bytedeco/llvm/LLVM/LLVMValueRef;Lorg/bytedeco/javacpp/PointerPointer;ILjava/lang/String;)Lorg/bytedeco/llvm/LLVM/LLVMValueRef;+0
j  LLVMIRVisitor.visitVarDecl(LSysYParser$VarDeclContext;)Lorg/bytedeco/llvm/LLVM/LLVMValueRef;+325
j  LLVMIRVisitor.visitVarDecl(LSysYParser$VarDeclContext;)Ljava/lang/Object;+2
j  SysYParser$VarDeclContext.accept(Lorg/antlr/v4/runtime/tree/ParseTreeVisitor;)Ljava/lang/Object;+12
j  org.antlr.v4.runtime.tree.AbstractParseTreeVisitor.visitChildren(Lorg/antlr/v4/runtime/tree/RuleNode;)Ljava/lang/Object;+46
j  SysYParserBaseVisitor.visitDecl(LSysYParser$DeclContext;)Ljava/lang/Object;+2
j  SysYParser$DeclContext.accept(Lorg/antlr/v4/runtime/tree/ParseTreeVisitor;)Ljava/lang/Object;+12
j  org.antlr.v4.runtime.tree.AbstractParseTreeVisitor.visitChildren(Lorg/antlr/v4/runtime/tree/RuleNode;)Ljava/lang/Object;+46
j  SysYParserBaseVisitor.visitBlockItem(LSysYParser$BlockItemContext;)Ljava/lang/Object;+2
j  SysYParser$BlockItemContext.accept(Lorg/antlr/v4/runtime/tree/ParseTreeVisitor;)Ljava/lang/Object;+12
j  org.antlr.v4.runtime.tree.AbstractParseTreeVisitor.visitChildren(Lorg/antlr/v4/runtime/tree/RuleNode;)Ljava/lang/Object;+46
j  SysYParserBaseVisitor.visitBlock(LSysYParser$BlockContext;)Ljava/lang/Object;+2
j  LLVMIRVisitor.visitBlock(LSysYParser$BlockContext;)Lorg/bytedeco/llvm/LLVM/LLVMValueRef;+54
j  LLVMIRVisitor.visitBlock(LSysYParser$BlockContext;)Ljava/lang/Object;+2
j  SysYParser$BlockContext.accept(Lorg/antlr/v4/runtime/tree/ParseTreeVisitor;)Ljava/lang/Object;+12
j  org.antlr.v4.runtime.tree.AbstractParseTreeVisitor.visitChildren(Lorg/antlr/v4/runtime/tree/RuleNode;)Ljava/lang/Object;+46
j  SysYParserBaseVisitor.visitFuncDef(LSysYParser$FuncDefContext;)Ljava/lang/Object;+2
j  LLVMIRVisitor.visitFuncDef(LSysYParser$FuncDefContext;)Lorg/bytedeco/llvm/LLVM/LLVMValueRef;+305
j  LLVMIRVisitor.visitFuncDef(LSysYParser$FuncDefContext;)Ljava/lang/Object;+2
j  SysYParser$FuncDefContext.accept(Lorg/antlr/v4/runtime/tree/ParseTreeVisitor;)Ljava/lang/Object;+12
j  org.antlr.v4.runtime.tree.AbstractParseTreeVisitor.visitChildren(Lorg/antlr/v4/runtime/tree/RuleNode;)Ljava/lang/Object;+46
j  SysYParserBaseVisitor.visitCompUnit(LSysYParser$CompUnitContext;)Ljava/lang/Object;+2
j  SysYParser$CompUnitContext.accept(Lorg/antlr/v4/runtime/tree/ParseTreeVisitor;)Ljava/lang/Object;+12
j  org.antlr.v4.runtime.tree.AbstractParseTreeVisitor.visitChildren(Lorg/antlr/v4/runtime/tree/RuleNode;)Ljava/lang/Object;+46
j  SysYParserBaseVisitor.visitProgram(LSysYParser$ProgramContext;)Ljava/lang/Object;+2
j  LLVMIRVisitor.visitProgram(LSysYParser$ProgramContext;)Lorg/bytedeco/llvm/LLVM/LLVMValueRef;+19
j  LLVMIRVisitor.visitProgram(LSysYParser$ProgramContext;)Ljava/lang/Object;+2
j  SysYParser$ProgramContext.accept(Lorg/antlr/v4/runtime/tree/ParseTreeVisitor;)Ljava/lang/Object;+12
j  org.antlr.v4.runtime.tree.AbstractParseTreeVisitor.visit(Lorg/antlr/v4/runtime/tree/ParseTree;)Ljava/lang/Object;+2
j  Main.main([Ljava/lang/String;)V+54
v  ~StubRoutines::call_stub

siginfo: EXCEPTION_ACCESS_VIOLATION (0xc0000005), reading address 0x0000000000000000


Register to memory mapping:

RIP=0x00007ff90476b211 jniLLVM.dll
RAX=0x0 is NULL
RBX=0x0 is NULL
RCX=0x0 is NULL
RDX=0x0 is NULL
RSP=0x00000076bb4fe480 is pointing into the stack for thread: 0x000001d2896d3960
RBP=0x000001d2ae2ab400 points into unknown readable memory: 0x000001d2ae2ab410 | 10 b4 2a ae d2 01 00 00
RSI=0x0 is NULL
RDI=0x0 is NULL
R8 =0x00000000000000fb is an unknown value
R9 =0x0 is NULL
R10=0x0 is NULL
R11=0x80000007f2c2ff9f is an unknown value
R12=0x000001d2ace55260 points into unknown readable memory: 0x000001d2ae42f7a0 | a0 f7 42 ae d2 01 00 00
R13=0x0 is NULL
R14=0x000001d2aef2dae0 points into unknown readable memory: 0x000001d2ace55288 | 88 52 e5 ac d2 01 00 00
R15=0x0000000000000004 is an unknown value


Registers:
RAX=0x0000000000000000, RBX=0x0000000000000000, RCX=0x0000000000000000, RDX=0x0000000000000000
RSP=0x00000076bb4fe480, RBP=0x000001d2ae2ab400, RSI=0x0000000000000000, RDI=0x0000000000000000
R8 =0x00000000000000fb, R9 =0x0000000000000000, R10=0x0000000000000000, R11=0x80000007f2c2ff9f
R12=0x000001d2ace55260, R13=0x0000000000000000, R14=0x000001d2aef2dae0, R15=0x0000000000000004
RIP=0x00007ff90476b211, EFLAGS=0x0000000000010202

Top of Stack: (sp=0x00000076bb4fe480)
0x00000076bb4fe480:   000001d2aee4bd88 00007ff9047271cb
0x00000076bb4fe490:   000001d2aee4bd80 0000000000000000
0x00000076bb4fe4a0:   0000000000000004 00007ff905d17357
0x00000076bb4fe4b0:   00000076bb4fe540 000001d2ae2ab400
0x00000076bb4fe4c0:   000001d2ace55288 00007ff903a5deb3
0x00000076bb4fe4d0:   0000000000000000 00007ff90476dc0a
0x00000076bb4fe4e0:   000001d2896d3c88 00007ff91079cc7d
0x00000076bb4fe4f0:   000001d2aee4bd70 0000000000000003
0x00000076bb4fe500:   000001d2aef2dae0 00007ff90438fa9f
0x00000076bb4fe510:   000001d2aecc5af0 00000076bb4fe5e0
0x00000076bb4fe520:   000001d2aecc5b70 000001d2aef2dae0
0x00000076bb4fe530:   000001d2aee4bd70 0000000000000000
0x00000076bb4fe540:   000001d2aee4bd70 0000000000000003
0x00000076bb4fe550:   0000000000000003 00007ff9a17efde6
0x00000076bb4fe560:   0000000000000000 0000000000000003
0x00000076bb4fe570:   000001d2aee40101 0000000000000000 

Instructions: (pc=0x00007ff90476b211)
0x00007ff90476b111:   75 cd eb 3e 48 85 c0 48 0f 45 d0 eb 35 41 8b c9
0x00007ff90476b121:   41 8b c1 2b 4f 0c 41 2b c8 c1 e8 03 3b c8 77 22
0x00007ff90476b131:   41 8b d1 48 8b cf e8 54 23 28 ff 4c 8d 44 24 60
0x00007ff90476b141:   48 8b cf 48 8d 54 24 70 e8 82 56 26 ff 48 8b 54
0x00007ff90476b151:   24 60 ff 47 08 48 81 3a 00 f0 ff ff 74 03 ff 4f
0x00007ff90476b161:   0c 33 c0 48 89 1a 48 89 42 08 4c 8b 74 24 78 48
0x00007ff90476b171:   8d 7a 08 48 8b 74 24 68 eb 1d 49 8d 8f 00 09 00
0x00007ff90476b181:   00 48 89 5c 24 20 48 8d 54 24 20 89 6c 24 28 e8
0x00007ff90476b191:   9b f1 ff ff 48 8b f8 48 8b 07 48 85 c0 75 48 49
0x00007ff90476b1a1:   8d 97 b8 07 00 00 8d 48 20 e8 51 ee 3d ff 48 85
0x00007ff90476b1b1:   c0 74 2e c6 40 08 0f 81 60 08 ff 00 00 00 c1 e5
0x00007ff90476b1c1:   08 09 68 08 4c 89 20 89 58 0c 48 89 58 10 48 89
0x00007ff90476b1d1:   58 18 48 89 07 48 83 c4 30 41 5f 41 5c 5f 5d 5b
0x00007ff90476b1e1:   c3 48 8b c3 48 89 1f 48 83 c4 30 41 5f 41 5c 5f
0x00007ff90476b1f1:   5d 5b c3 cc cc cc cc cc cc cc cc cc cc cc cc 48
0x00007ff90476b201:   89 4c 24 08 53 55 56 48 83 ec 30 48 8b d9 8b f2
0x00007ff90476b211:   48 8b 09 48 8b 29 80 bd e0 08 00 00 00 0f 85 bd
0x00007ff90476b221:   01 00 00 80 7b 08 0f 75 0b 48 83 7b 18 00 0f 84
0x00007ff90476b231:   ac 01 00 00 48 89 7c 24 58 85 f6 0f 85 10 01 00
0x00007ff90476b241:   00 48 8d bd e8 08 00 00 4c 89 74 24 68 44 8b 4f
0x00007ff90476b251:   10 45 85 c9 75 04 33 d2 eb 7d 4c 8b 37 45 8d 59
0x00007ff90476b261:   ff 33 c0 8b cb c1 e9 05 33 cb c1 e9 04 41 23 cb
0x00007ff90476b271:   44 8d 50 01 8b d1 48 c1 e2 04 49 03 d6 4c 8b 02
0x00007ff90476b281:   49 3b d8 0f 84 bd 00 00 00 66 0f 1f 44 00 00 49
0x00007ff90476b291:   81 f8 00 f0 ff ff 74 38 49 81 f8 00 e0 ff ff 75
0x00007ff90476b2a1:   07 48 85 c0 48 0f 44 c2 41 03 ca 41 ff c2 41 23
0x00007ff90476b2b1:   cb 8b d1 48 c1 e2 04 49 03 d6 4c 8b 02 49 3b d8
0x00007ff90476b2c1:   75 cd 4c 8b 74 24 68 48 8d 7a 08 e9 9e 00 00 00
0x00007ff90476b2d1:   48 85 c0 48 0f 45 d0 44 8b 47 08 43 8d 0c 49 41
0x00007ff90476b2e1:   ff c0 48 89 54 24 60 42 8d 04 85 00 00 00 00 3b
0x00007ff90476b2f1:   c1 72 06 43 8d 14 09 eb 16 41 8b c9 41 8b c1 2b
0x00007ff90476b301:   4f 0c 41 2b c8 c1 e8 03 3b c8 77 22 41 8b d1 48 


Stack slot to memory mapping:
stack at sp + 0 slots: 0x000001d2aee4bd88 points into unknown readable memory: 0x9002c6007154dc06 | 06 dc 54 71 00 c6 02 90
stack at sp + 1 slots: 0x00007ff9047271cb jniLLVM.dll
stack at sp + 2 slots: 0x000001d2aee4bd80 points into unknown readable memory: 0x000001d2ae691cd0 | d0 1c 69 ae d2 01 00 00
stack at sp + 3 slots: 0x0 is NULL
stack at sp + 4 slots: 0x0000000000000004 is an unknown value
stack at sp + 5 slots: 0x00007ff905d17357 jniLLVM.dll
stack at sp + 6 slots: 0x00000076bb4fe540 is pointing into the stack for thread: 0x000001d2896d3960
stack at sp + 7 slots: 0x000001d2ae2ab400 points into unknown readable memory: 0x000001d2ae2ab410 | 10 b4 2a ae d2 01 00 00


---------------  P R O C E S S  ---------------

Threads class SMR info:
_java_thread_list=0x000001d2ae583ad0, length=14, elements={
0x000001d2896d3960, 0x000001d2ad7f4fc0, 0x000001d2ad7f5aa0, 0x000001d2ad817070,
0x000001d2ad817930, 0x000001d2ad81a300, 0x000001d2ad81f330, 0x000001d2ad82c9e0,
0x000001d2ad8452b0, 0x000001d2ad8f5bc0, 0x000001d2ada33f40, 0x000001d2adaba530,
0x000001d2adabaa00, 0x000001d2ae671690
}

Java Threads: ( => current thread )
=>0x000001d2896d3960 JavaThread "main" [_thread_in_native, id=20668, stack(0x00000076bb400000,0x00000076bb500000)]
  0x000001d2ad7f4fc0 JavaThread "Reference Handler" daemon [_thread_blocked, id=7940, stack(0x00000076bbb00000,0x00000076bbc00000)]
  0x000001d2ad7f5aa0 JavaThread "Finalizer" daemon [_thread_blocked, id=6104, stack(0x00000076bbc00000,0x00000076bbd00000)]
  0x000001d2ad817070 JavaThread "Signal Dispatcher" daemon [_thread_blocked, id=21332, stack(0x00000076bbd00000,0x00000076bbe00000)]
  0x000001d2ad817930 JavaThread "Attach Listener" daemon [_thread_blocked, id=17428, stack(0x00000076bbe00000,0x00000076bbf00000)]
  0x000001d2ad81a300 JavaThread "Service Thread" daemon [_thread_blocked, id=19480, stack(0x00000076bbf00000,0x00000076bc000000)]
  0x000001d2ad81f330 JavaThread "C2 CompilerThread0" daemon [_thread_in_native, id=20788, stack(0x00000076bc000000,0x00000076bc100000)]
  0x000001d2ad82c9e0 JavaThread "C1 CompilerThread0" daemon [_thread_blocked, id=22064, stack(0x00000076bc100000,0x00000076bc200000)]
  0x000001d2ad8452b0 JavaThread "Sweeper thread" daemon [_thread_blocked, id=11588, stack(0x00000076bc200000,0x00000076bc300000)]
  0x000001d2ad8f5bc0 JavaThread "Common-Cleaner" daemon [_thread_blocked, id=8152, stack(0x00000076bc300000,0x00000076bc400000)]
  0x000001d2ada33f40 JavaThread "C2 CompilerThread1" daemon [_thread_blocked, id=22000, stack(0x00000076bc400000,0x00000076bc500000)]
  0x000001d2adaba530 JavaThread "Monitor Ctrl-Break" daemon [_thread_in_native, id=12420, stack(0x00000076bc500000,0x00000076bc600000)]
  0x000001d2adabaa00 JavaThread "Notification Thread" daemon [_thread_blocked, id=14224, stack(0x00000076bc600000,0x00000076bc700000)]
  0x000001d2ae671690 JavaThread "JavaCPP Deallocator" daemon [_thread_blocked, id=21548, stack(0x00000076bcd00000,0x00000076bce00000)]

Other Threads:
  0x000001d2ad7f0810 VMThread "VM Thread" [stack: 0x00000076bba00000,0x00000076bbb00000] [id=21392]
  0x000001d2ad9a0a20 WatcherThread [stack: 0x00000076bc700000,0x00000076bc800000] [id=9648]
  0x000001d2897226a0 GCTaskThread "GC Thread#0" [stack: 0x00000076bb500000,0x00000076bb600000] [id=5080]
  0x000001d2ae1b3510 GCTaskThread "GC Thread#1" [stack: 0x00000076bc800000,0x00000076bc900000] [id=6652]
  0x000001d2ae1b2eb0 GCTaskThread "GC Thread#2" [stack: 0x00000076bc900000,0x00000076bca00000] [id=10956]
  0x000001d2ae1b3ea0 GCTaskThread "GC Thread#3" [stack: 0x00000076bca00000,0x00000076bcb00000] [id=20108]
  0x000001d2ae1b21f0 GCTaskThread "GC Thread#4" [stack: 0x00000076bcb00000,0x00000076bcc00000] [id=16976]
  0x000001d2ae1b31e0 GCTaskThread "GC Thread#5" [stack: 0x00000076bcc00000,0x00000076bcd00000] [id=12472]
  0x000001d2897364b0 ConcurrentGCThread "G1 Main Marker" [stack: 0x00000076bb600000,0x00000076bb700000] [id=21372]
  0x000001d289737750 ConcurrentGCThread "G1 Conc#0" [stack: 0x00000076bb700000,0x00000076bb800000] [id=14864]
  0x000001d2897ae5d0 ConcurrentGCThread "G1 Refine#0" [stack: 0x00000076bb800000,0x00000076bb900000] [id=2852]
  0x000001d2ace67100 ConcurrentGCThread "G1 Young RemSet Sampling" [stack: 0x00000076bb900000,0x00000076bba00000] [id=10084]

Threads with active compile tasks:
C2 CompilerThread0     1458  992 %     4       java.io.WinNTFileSystem::normalize @ 22 (143 bytes)

VM state: not at safepoint (normal execution)

VM Mutex/Monitor currently owned by a thread: None

Heap address: 0x0000000703000000, size: 4048 MB, Compressed Oops mode: Zero based, Oop shift amount: 3
CDS archive(s) mapped at: [0x0000000800000000-0x0000000800b50000-0x0000000800b50000), size 11862016, SharedBaseAddress: 0x0000000800000000, ArchiveRelocationMode: 0.
Compressed class space mapped at: 0x0000000800b50000-0x0000000840b50000, size: 1073741824
Narrow klass base: 0x0000000800000000, Narrow klass shift: 3, Narrow klass range: 0x100000000

GC Precious Log:
 CPUs: 8 total, 8 available
 Memory: 16190M
 Large Page Support: Disabled
 NUMA Support: Disabled
 Compressed Oops: Enabled (Zero based)
 Heap Region Size: 2M
 Heap Min Capacity: 8M
 Heap Initial Capacity: 254M
 Heap Max Capacity: 4048M
 Pre-touch: Disabled
 Parallel Workers: 8
 Concurrent Workers: 2
 Concurrent Refinement Workers: 8
 Periodic GC: Disabled

Heap:
 garbage-first heap   total 260096K, used 13970K [0x0000000703000000, 0x0000000800000000)
  region size 2048K, 7 young (14336K), 2 survivors (4096K)
 Metaspace       used 4427K, capacity 6640K, committed 6912K, reserved 1056768K
  class space    used 461K, capacity 675K, committed 768K, reserved 1048576K

Heap Regions: E=young(eden), S=young(survivor), O=old, HS=humongous(starts), HC=humongous(continues), CS=collection set, F=free, OA=open archive, CA=closed archive, TAMS=top-at-mark-start (previous, next)
|   0|0x0000000703000000, 0x00000007031a4a00, 0x0000000703200000| 82%| O|  |TAMS 0x0000000703000000, 0x0000000703000000| Untracked 
|   1|0x0000000703200000, 0x0000000703200000, 0x0000000703400000|  0%| F|  |TAMS 0x0000000703200000, 0x0000000703200000| Untracked 
|   2|0x0000000703400000, 0x0000000703400000, 0x0000000703600000|  0%| F|  |TAMS 0x0000000703400000, 0x0000000703400000| Untracked 
|   3|0x0000000703600000, 0x0000000703600000, 0x0000000703800000|  0%| F|  |TAMS 0x0000000703600000, 0x0000000703600000| Untracked 
|   4|0x0000000703800000, 0x0000000703800000, 0x0000000703a00000|  0%| F|  |TAMS 0x0000000703800000, 0x0000000703800000| Untracked 
|   5|0x0000000703a00000, 0x0000000703a00000, 0x0000000703c00000|  0%| F|  |TAMS 0x0000000703a00000, 0x0000000703a00000| Untracked 
|   6|0x0000000703c00000, 0x0000000703c00000, 0x0000000703e00000|  0%| F|  |TAMS 0x0000000703c00000, 0x0000000703c00000| Untracked 
|   7|0x0000000703e00000, 0x0000000703e00000, 0x0000000704000000|  0%| F|  |TAMS 0x0000000703e00000, 0x0000000703e00000| Untracked 
|   8|0x0000000704000000, 0x0000000704000000, 0x0000000704200000|  0%| F|  |TAMS 0x0000000704000000, 0x0000000704000000| Untracked 
|   9|0x0000000704200000, 0x0000000704200000, 0x0000000704400000|  0%| F|  |TAMS 0x0000000704200000, 0x0000000704200000| Untracked 
|  10|0x0000000704400000, 0x0000000704400000, 0x0000000704600000|  0%| F|  |TAMS 0x0000000704400000, 0x0000000704400000| Untracked 
|  11|0x0000000704600000, 0x0000000704600000, 0x0000000704800000|  0%| F|  |TAMS 0x0000000704600000, 0x0000000704600000| Untracked 
|  12|0x0000000704800000, 0x0000000704800000, 0x0000000704a00000|  0%| F|  |TAMS 0x0000000704800000, 0x0000000704800000| Untracked 
|  13|0x0000000704a00000, 0x0000000704a00000, 0x0000000704c00000|  0%| F|  |TAMS 0x0000000704a00000, 0x0000000704a00000| Untracked 
|  14|0x0000000704c00000, 0x0000000704c00000, 0x0000000704e00000|  0%| F|  |TAMS 0x0000000704c00000, 0x0000000704c00000| Untracked 
|  15|0x0000000704e00000, 0x0000000704e00000, 0x0000000705000000|  0%| F|  |TAMS 0x0000000704e00000, 0x0000000704e00000| Untracked 
|  16|0x0000000705000000, 0x0000000705000000, 0x0000000705200000|  0%| F|  |TAMS 0x0000000705000000, 0x0000000705000000| Untracked 
|  17|0x0000000705200000, 0x0000000705200000, 0x0000000705400000|  0%| F|  |TAMS 0x0000000705200000, 0x0000000705200000| Untracked 
|  18|0x0000000705400000, 0x0000000705400000, 0x0000000705600000|  0%| F|  |TAMS 0x0000000705400000, 0x0000000705400000| Untracked 
|  19|0x0000000705600000, 0x0000000705600000, 0x0000000705800000|  0%| F|  |TAMS 0x0000000705600000, 0x0000000705600000| Untracked 
|  20|0x0000000705800000, 0x0000000705800000, 0x0000000705a00000|  0%| F|  |TAMS 0x0000000705800000, 0x0000000705800000| Untracked 
|  21|0x0000000705a00000, 0x0000000705a00000, 0x0000000705c00000|  0%| F|  |TAMS 0x0000000705a00000, 0x0000000705a00000| Untracked 
|  22|0x0000000705c00000, 0x0000000705c00000, 0x0000000705e00000|  0%| F|  |TAMS 0x0000000705c00000, 0x0000000705c00000| Untracked 
|  23|0x0000000705e00000, 0x0000000705e00000, 0x0000000706000000|  0%| F|  |TAMS 0x0000000705e00000, 0x0000000705e00000| Untracked 
|  24|0x0000000706000000, 0x0000000706000000, 0x0000000706200000|  0%| F|  |TAMS 0x0000000706000000, 0x0000000706000000| Untracked 
|  25|0x0000000706200000, 0x0000000706200000, 0x0000000706400000|  0%| F|  |TAMS 0x0000000706200000, 0x0000000706200000| Untracked 
|  26|0x0000000706400000, 0x0000000706400000, 0x0000000706600000|  0%| F|  |TAMS 0x0000000706400000, 0x0000000706400000| Untracked 
|  27|0x0000000706600000, 0x0000000706600000, 0x0000000706800000|  0%| F|  |TAMS 0x0000000706600000, 0x0000000706600000| Untracked 
|  28|0x0000000706800000, 0x0000000706800000, 0x0000000706a00000|  0%| F|  |TAMS 0x0000000706800000, 0x0000000706800000| Untracked 
|  29|0x0000000706a00000, 0x0000000706a00000, 0x0000000706c00000|  0%| F|  |TAMS 0x0000000706a00000, 0x0000000706a00000| Untracked 
|  30|0x0000000706c00000, 0x0000000706c00000, 0x0000000706e00000|  0%| F|  |TAMS 0x0000000706c00000, 0x0000000706c00000| Untracked 
|  31|0x0000000706e00000, 0x0000000706e00000, 0x0000000707000000|  0%| F|  |TAMS 0x0000000706e00000, 0x0000000706e00000| Untracked 
|  32|0x0000000707000000, 0x0000000707000000, 0x0000000707200000|  0%| F|  |TAMS 0x0000000707000000, 0x0000000707000000| Untracked 
|  33|0x0000000707200000, 0x0000000707200000, 0x0000000707400000|  0%| F|  |TAMS 0x0000000707200000, 0x0000000707200000| Untracked 
|  34|0x0000000707400000, 0x0000000707400000, 0x0000000707600000|  0%| F|  |TAMS 0x0000000707400000, 0x0000000707400000| Untracked 
|  35|0x0000000707600000, 0x0000000707600000, 0x0000000707800000|  0%| F|  |TAMS 0x0000000707600000, 0x0000000707600000| Untracked 
|  36|0x0000000707800000, 0x0000000707800000, 0x0000000707a00000|  0%| F|  |TAMS 0x0000000707800000, 0x0000000707800000| Untracked 
|  37|0x0000000707a00000, 0x0000000707a00000, 0x0000000707c00000|  0%| F|  |TAMS 0x0000000707a00000, 0x0000000707a00000| Untracked 
|  38|0x0000000707c00000, 0x0000000707c00000, 0x0000000707e00000|  0%| F|  |TAMS 0x0000000707c00000, 0x0000000707c00000| Untracked 
|  39|0x0000000707e00000, 0x0000000707e00000, 0x0000000708000000|  0%| F|  |TAMS 0x0000000707e00000, 0x0000000707e00000| Untracked 
|  40|0x0000000708000000, 0x0000000708000000, 0x0000000708200000|  0%| F|  |TAMS 0x0000000708000000, 0x0000000708000000| Untracked 
|  41|0x0000000708200000, 0x0000000708200000, 0x0000000708400000|  0%| F|  |TAMS 0x0000000708200000, 0x0000000708200000| Untracked 
|  42|0x0000000708400000, 0x0000000708400000, 0x0000000708600000|  0%| F|  |TAMS 0x0000000708400000, 0x0000000708400000| Untracked 
|  43|0x0000000708600000, 0x0000000708600000, 0x0000000708800000|  0%| F|  |TAMS 0x0000000708600000, 0x0000000708600000| Untracked 
|  44|0x0000000708800000, 0x0000000708800000, 0x0000000708a00000|  0%| F|  |TAMS 0x0000000708800000, 0x0000000708800000| Untracked 
|  45|0x0000000708a00000, 0x0000000708a00000, 0x0000000708c00000|  0%| F|  |TAMS 0x0000000708a00000, 0x0000000708a00000| Untracked 
|  46|0x0000000708c00000, 0x0000000708c00000, 0x0000000708e00000|  0%| F|  |TAMS 0x0000000708c00000, 0x0000000708c00000| Untracked 
|  47|0x0000000708e00000, 0x0000000708e00000, 0x0000000709000000|  0%| F|  |TAMS 0x0000000708e00000, 0x0000000708e00000| Untracked 
|  48|0x0000000709000000, 0x0000000709000000, 0x0000000709200000|  0%| F|  |TAMS 0x0000000709000000, 0x0000000709000000| Untracked 
|  49|0x0000000709200000, 0x0000000709200000, 0x0000000709400000|  0%| F|  |TAMS 0x0000000709200000, 0x0000000709200000| Untracked 
|  50|0x0000000709400000, 0x0000000709400000, 0x0000000709600000|  0%| F|  |TAMS 0x0000000709400000, 0x0000000709400000| Untracked 
|  51|0x0000000709600000, 0x0000000709600000, 0x0000000709800000|  0%| F|  |TAMS 0x0000000709600000, 0x0000000709600000| Untracked 
|  52|0x0000000709800000, 0x0000000709800000, 0x0000000709a00000|  0%| F|  |TAMS 0x0000000709800000, 0x0000000709800000| Untracked 
|  53|0x0000000709a00000, 0x0000000709a00000, 0x0000000709c00000|  0%| F|  |TAMS 0x0000000709a00000, 0x0000000709a00000| Untracked 
|  54|0x0000000709c00000, 0x0000000709c00000, 0x0000000709e00000|  0%| F|  |TAMS 0x0000000709c00000, 0x0000000709c00000| Untracked 
|  55|0x0000000709e00000, 0x0000000709e00000, 0x000000070a000000|  0%| F|  |TAMS 0x0000000709e00000, 0x0000000709e00000| Untracked 
|  56|0x000000070a000000, 0x000000070a000000, 0x000000070a200000|  0%| F|  |TAMS 0x000000070a000000, 0x000000070a000000| Untracked 
|  57|0x000000070a200000, 0x000000070a200000, 0x000000070a400000|  0%| F|  |TAMS 0x000000070a200000, 0x000000070a200000| Untracked 
|  58|0x000000070a400000, 0x000000070a400000, 0x000000070a600000|  0%| F|  |TAMS 0x000000070a400000, 0x000000070a400000| Untracked 
|  59|0x000000070a600000, 0x000000070a600000, 0x000000070a800000|  0%| F|  |TAMS 0x000000070a600000, 0x000000070a600000| Untracked 
|  60|0x000000070a800000, 0x000000070a800000, 0x000000070aa00000|  0%| F|  |TAMS 0x000000070a800000, 0x000000070a800000| Untracked 
|  61|0x000000070aa00000, 0x000000070aa00000, 0x000000070ac00000|  0%| F|  |TAMS 0x000000070aa00000, 0x000000070aa00000| Untracked 
|  62|0x000000070ac00000, 0x000000070ac00000, 0x000000070ae00000|  0%| F|  |TAMS 0x000000070ac00000, 0x000000070ac00000| Untracked 
|  63|0x000000070ae00000, 0x000000070ae00000, 0x000000070b000000|  0%| F|  |TAMS 0x000000070ae00000, 0x000000070ae00000| Untracked 
|  64|0x000000070b000000, 0x000000070b000000, 0x000000070b200000|  0%| F|  |TAMS 0x000000070b000000, 0x000000070b000000| Untracked 
|  65|0x000000070b200000, 0x000000070b200000, 0x000000070b400000|  0%| F|  |TAMS 0x000000070b200000, 0x000000070b200000| Untracked 
|  66|0x000000070b400000, 0x000000070b400000, 0x000000070b600000|  0%| F|  |TAMS 0x000000070b400000, 0x000000070b400000| Untracked 
|  67|0x000000070b600000, 0x000000070b600000, 0x000000070b800000|  0%| F|  |TAMS 0x000000070b600000, 0x000000070b600000| Untracked 
|  68|0x000000070b800000, 0x000000070b800000, 0x000000070ba00000|  0%| F|  |TAMS 0x000000070b800000, 0x000000070b800000| Untracked 
|  69|0x000000070ba00000, 0x000000070ba00000, 0x000000070bc00000|  0%| F|  |TAMS 0x000000070ba00000, 0x000000070ba00000| Untracked 
|  70|0x000000070bc00000, 0x000000070bc00000, 0x000000070be00000|  0%| F|  |TAMS 0x000000070bc00000, 0x000000070bc00000| Untracked 
|  71|0x000000070be00000, 0x000000070be00000, 0x000000070c000000|  0%| F|  |TAMS 0x000000070be00000, 0x000000070be00000| Untracked 
|  72|0x000000070c000000, 0x000000070c000000, 0x000000070c200000|  0%| F|  |TAMS 0x000000070c000000, 0x000000070c000000| Untracked 
|  73|0x000000070c200000, 0x000000070c200000, 0x000000070c400000|  0%| F|  |TAMS 0x000000070c200000, 0x000000070c200000| Untracked 
|  74|0x000000070c400000, 0x000000070c400000, 0x000000070c600000|  0%| F|  |TAMS 0x000000070c400000, 0x000000070c400000| Untracked 
|  75|0x000000070c600000, 0x000000070c600000, 0x000000070c800000|  0%| F|  |TAMS 0x000000070c600000, 0x000000070c600000| Untracked 
|  76|0x000000070c800000, 0x000000070c800000, 0x000000070ca00000|  0%| F|  |TAMS 0x000000070c800000, 0x000000070c800000| Untracked 
|  77|0x000000070ca00000, 0x000000070ca00000, 0x000000070cc00000|  0%| F|  |TAMS 0x000000070ca00000, 0x000000070ca00000| Untracked 
|  78|0x000000070cc00000, 0x000000070cc00000, 0x000000070ce00000|  0%| F|  |TAMS 0x000000070cc00000, 0x000000070cc00000| Untracked 
|  79|0x000000070ce00000, 0x000000070ce00000, 0x000000070d000000|  0%| F|  |TAMS 0x000000070ce00000, 0x000000070ce00000| Untracked 
|  80|0x000000070d000000, 0x000000070d000000, 0x000000070d200000|  0%| F|  |TAMS 0x000000070d000000, 0x000000070d000000| Untracked 
|  81|0x000000070d200000, 0x000000070d200000, 0x000000070d400000|  0%| F|  |TAMS 0x000000070d200000, 0x000000070d200000| Untracked 
|  82|0x000000070d400000, 0x000000070d400000, 0x000000070d600000|  0%| F|  |TAMS 0x000000070d400000, 0x000000070d400000| Untracked 
|  83|0x000000070d600000, 0x000000070d600000, 0x000000070d800000|  0%| F|  |TAMS 0x000000070d600000, 0x000000070d600000| Untracked 
|  84|0x000000070d800000, 0x000000070d800000, 0x000000070da00000|  0%| F|  |TAMS 0x000000070d800000, 0x000000070d800000| Untracked 
|  85|0x000000070da00000, 0x000000070da00000, 0x000000070dc00000|  0%| F|  |TAMS 0x000000070da00000, 0x000000070da00000| Untracked 
|  86|0x000000070dc00000, 0x000000070dc00000, 0x000000070de00000|  0%| F|  |TAMS 0x000000070dc00000, 0x000000070dc00000| Untracked 
|  87|0x000000070de00000, 0x000000070de00000, 0x000000070e000000|  0%| F|  |TAMS 0x000000070de00000, 0x000000070de00000| Untracked 
|  88|0x000000070e000000, 0x000000070e000000, 0x000000070e200000|  0%| F|  |TAMS 0x000000070e000000, 0x000000070e000000| Untracked 
|  89|0x000000070e200000, 0x000000070e200000, 0x000000070e400000|  0%| F|  |TAMS 0x000000070e200000, 0x000000070e200000| Untracked 
|  90|0x000000070e400000, 0x000000070e400000, 0x000000070e600000|  0%| F|  |TAMS 0x000000070e400000, 0x000000070e400000| Untracked 
|  91|0x000000070e600000, 0x000000070e600000, 0x000000070e800000|  0%| F|  |TAMS 0x000000070e600000, 0x000000070e600000| Untracked 
|  92|0x000000070e800000, 0x000000070e800000, 0x000000070ea00000|  0%| F|  |TAMS 0x000000070e800000, 0x000000070e800000| Untracked 
|  93|0x000000070ea00000, 0x000000070ea00000, 0x000000070ec00000|  0%| F|  |TAMS 0x000000070ea00000, 0x000000070ea00000| Untracked 
|  94|0x000000070ec00000, 0x000000070ec00000, 0x000000070ee00000|  0%| F|  |TAMS 0x000000070ec00000, 0x000000070ec00000| Untracked 
|  95|0x000000070ee00000, 0x000000070ee00000, 0x000000070f000000|  0%| F|  |TAMS 0x000000070ee00000, 0x000000070ee00000| Untracked 
|  96|0x000000070f000000, 0x000000070f000000, 0x000000070f200000|  0%| F|  |TAMS 0x000000070f000000, 0x000000070f000000| Untracked 
|  97|0x000000070f200000, 0x000000070f200000, 0x000000070f400000|  0%| F|  |TAMS 0x000000070f200000, 0x000000070f200000| Untracked 
|  98|0x000000070f400000, 0x000000070f400000, 0x000000070f600000|  0%| F|  |TAMS 0x000000070f400000, 0x000000070f400000| Untracked 
|  99|0x000000070f600000, 0x000000070f600000, 0x000000070f800000|  0%| F|  |TAMS 0x000000070f600000, 0x000000070f600000| Untracked 
| 100|0x000000070f800000, 0x000000070f800000, 0x000000070fa00000|  0%| F|  |TAMS 0x000000070f800000, 0x000000070f800000| Untracked 
| 101|0x000000070fa00000, 0x000000070fa00000, 0x000000070fc00000|  0%| F|  |TAMS 0x000000070fa00000, 0x000000070fa00000| Untracked 
| 102|0x000000070fc00000, 0x000000070fc00000, 0x000000070fe00000|  0%| F|  |TAMS 0x000000070fc00000, 0x000000070fc00000| Untracked 
| 103|0x000000070fe00000, 0x000000070fe00000, 0x0000000710000000|  0%| F|  |TAMS 0x000000070fe00000, 0x000000070fe00000| Untracked 
| 104|0x0000000710000000, 0x0000000710000000, 0x0000000710200000|  0%| F|  |TAMS 0x0000000710000000, 0x0000000710000000| Untracked 
| 105|0x0000000710200000, 0x0000000710200000, 0x0000000710400000|  0%| F|  |TAMS 0x0000000710200000, 0x0000000710200000| Untracked 
| 106|0x0000000710400000, 0x0000000710400000, 0x0000000710600000|  0%| F|  |TAMS 0x0000000710400000, 0x0000000710400000| Untracked 
| 107|0x0000000710600000, 0x0000000710600000, 0x0000000710800000|  0%| F|  |TAMS 0x0000000710600000, 0x0000000710600000| Untracked 
| 108|0x0000000710800000, 0x0000000710800000, 0x0000000710a00000|  0%| F|  |TAMS 0x0000000710800000, 0x0000000710800000| Untracked 
| 109|0x0000000710a00000, 0x0000000710a00000, 0x0000000710c00000|  0%| F|  |TAMS 0x0000000710a00000, 0x0000000710a00000| Untracked 
| 110|0x0000000710c00000, 0x0000000710c00000, 0x0000000710e00000|  0%| F|  |TAMS 0x0000000710c00000, 0x0000000710c00000| Untracked 
| 111|0x0000000710e00000, 0x0000000710e00000, 0x0000000711000000|  0%| F|  |TAMS 0x0000000710e00000, 0x0000000710e00000| Untracked 
| 112|0x0000000711000000, 0x0000000711000000, 0x0000000711200000|  0%| F|  |TAMS 0x0000000711000000, 0x0000000711000000| Untracked 
| 113|0x0000000711200000, 0x0000000711200000, 0x0000000711400000|  0%| F|  |TAMS 0x0000000711200000, 0x0000000711200000| Untracked 
| 114|0x0000000711400000, 0x0000000711600000, 0x0000000711600000|100%| S|CS|TAMS 0x0000000711400000, 0x0000000711400000| Complete 
| 115|0x0000000711600000, 0x0000000711800000, 0x0000000711800000|100%| S|CS|TAMS 0x0000000711600000, 0x0000000711600000| Complete 
| 116|0x0000000711800000, 0x0000000711800000, 0x0000000711a00000|  0%| F|  |TAMS 0x0000000711800000, 0x0000000711800000| Untracked 
| 117|0x0000000711a00000, 0x0000000711a00000, 0x0000000711c00000|  0%| F|  |TAMS 0x0000000711a00000, 0x0000000711a00000| Untracked 
| 118|0x0000000711c00000, 0x0000000711c00000, 0x0000000711e00000|  0%| F|  |TAMS 0x0000000711c00000, 0x0000000711c00000| Untracked 
| 119|0x0000000711e00000, 0x0000000711e00000, 0x0000000712000000|  0%| F|  |TAMS 0x0000000711e00000, 0x0000000711e00000| Untracked 
| 120|0x0000000712000000, 0x0000000712000000, 0x0000000712200000|  0%| F|  |TAMS 0x0000000712000000, 0x0000000712000000| Untracked 
| 121|0x0000000712200000, 0x0000000712200000, 0x0000000712400000|  0%| F|  |TAMS 0x0000000712200000, 0x0000000712200000| Untracked 
| 122|0x0000000712400000, 0x0000000712569768, 0x0000000712600000| 70%| E|  |TAMS 0x0000000712400000, 0x0000000712400000| Complete 
| 123|0x0000000712600000, 0x0000000712800000, 0x0000000712800000|100%| E|CS|TAMS 0x0000000712600000, 0x0000000712600000| Complete 
| 124|0x0000000712800000, 0x0000000712a00000, 0x0000000712a00000|100%| E|CS|TAMS 0x0000000712800000, 0x0000000712800000| Complete 
| 125|0x0000000712a00000, 0x0000000712c00000, 0x0000000712c00000|100%| E|CS|TAMS 0x0000000712a00000, 0x0000000712a00000| Complete 
| 126|0x0000000712c00000, 0x0000000712e00000, 0x0000000712e00000|100%| E|CS|TAMS 0x0000000712c00000, 0x0000000712c00000| Complete 

Card table byte_map: [0x000001d2a1700000,0x000001d2a1ef0000] _byte_map_base: 0x000001d29dee8000

Marking Bits (Prev, Next): (CMBitMap*) 0x000001d289724e40, (CMBitMap*) 0x000001d289724e80
 Prev Bits: [0x000001d2a26e0000, 0x000001d2a6620000)
 Next Bits: [0x000001d2a6620000, 0x000001d2aa560000)

Polling page: 0x000001d288eb0000

Metaspace:

Usage:
  Non-class:      5.83 MB capacity,     3.87 MB ( 66%) used,     1.95 MB ( 33%) free+waste,     5.50 KB ( <1%) overhead. 
      Class:    675.00 KB capacity,   461.32 KB ( 68%) used,   211.24 KB ( 31%) free+waste,     2.44 KB ( <1%) overhead. 
       Both:      6.48 MB capacity,     4.32 MB ( 67%) used,     2.15 MB ( 33%) free+waste,     7.94 KB ( <1%) overhead. 

Virtual space:
  Non-class space:        8.00 MB reserved,       6.00 MB ( 75%) committed 
      Class space:        1.00 GB reserved,     768.00 KB ( <1%) committed 
             Both:        1.01 GB reserved,       6.75 MB ( <1%) committed 

Chunk freelists:
   Non-Class:  51.00 KB
       Class:  0 bytes
        Both:  51.00 KB

MaxMetaspaceSize: 17179869184.00 GB
CompressedClassSpaceSize: 1.00 GB

CodeHeap 'non-profiled nmethods': size=120000Kb used=463Kb max_used=463Kb free=119537Kb
 bounds [0x000001d2996b0000, 0x000001d299920000, 0x000001d2a0be0000]
CodeHeap 'profiled nmethods': size=120000Kb used=2044Kb max_used=2044Kb free=117955Kb
 bounds [0x000001d292180000, 0x000001d2923f0000, 0x000001d2996b0000]
CodeHeap 'non-nmethods': size=5760Kb used=1182Kb max_used=1247Kb free=4577Kb
 bounds [0x000001d291be0000, 0x000001d291e50000, 0x000001d292180000]
 total_blobs=1500 nmethods=1057 adapters=356
 compilation: enabled
              stopped_count=0, restarted_count=0
 full_count=0

Compilation events (20 events):
Event: 1.285 Thread 0x000001d2ad82c9e0 nmethod 1029 0x000001d29971bd90 code [0x000001d29971bf20, 0x000001d29971bfd8]
Event: 1.285 Thread 0x000001d2ad82c9e0 1056       3       java.lang.invoke.LambdaForm$BasicType::basicType (19 bytes)
Event: 1.285 Thread 0x000001d2ad82c9e0 nmethod 1056 0x000001d29237b110 code [0x000001d29237b2e0, 0x000001d29237b518]
Event: 1.285 Thread 0x000001d2ad82c9e0 1042       3       java.lang.Number::<init> (5 bytes)
Event: 1.286 Thread 0x000001d2ad82c9e0 nmethod 1042 0x000001d29237b690 code [0x000001d29237b820, 0x000001d29237b978]
Event: 1.286 Thread 0x000001d2ad82c9e0 1038       1       java.lang.invoke.LambdaForm$BasicType::basicTypeClass (5 bytes)
Event: 1.286 Thread 0x000001d2ad82c9e0 nmethod 1038 0x000001d29971c090 code [0x000001d29971c220, 0x000001d29971c2d8]
Event: 1.286 Thread 0x000001d2ad82c9e0 1050       1       java.lang.invoke.LambdaForm$Name::type (5 bytes)
Event: 1.286 Thread 0x000001d2ad82c9e0 nmethod 1050 0x000001d29971c390 code [0x000001d29971c520, 0x000001d29971c5d8]
Event: 1.286 Thread 0x000001d2ad82c9e0 1003       3       java.net.URLConnection::setUseCaches (10 bytes)
Event: 1.286 Thread 0x000001d2ad82c9e0 nmethod 1003 0x000001d29237ba10 code [0x000001d29237bbc0, 0x000001d29237be48]
Event: 1.286 Thread 0x000001d2ad82c9e0 1017       1       java.lang.invoke.MethodTypeForm::basicType (5 bytes)
Event: 1.286 Thread 0x000001d2ad82c9e0 nmethod 1017 0x000001d29971cc90 code [0x000001d29971ce20, 0x000001d29971ced8]
Event: 1.286 Thread 0x000001d2ad82c9e0 1004       3       java.net.URLConnection::checkConnected (19 bytes)
Event: 1.286 Thread 0x000001d2ad82c9e0 nmethod 1004 0x000001d29237bf90 code [0x000001d29237c140, 0x000001d29237c368]
Event: 1.286 Thread 0x000001d2ad82c9e0 1005   !   3       sun.net.www.protocol.jar.JarURLConnection::connect (163 bytes)
Event: 1.288 Thread 0x000001d2ad82c9e0 nmethod 1005 0x000001d29237c490 code [0x000001d29237c7e0, 0x000001d29237dc28]
Event: 1.288 Thread 0x000001d2ad82c9e0 1006   !   3       sun.net.www.protocol.jar.JarFileFactory::getConnection (40 bytes)
Event: 1.289 Thread 0x000001d2ad82c9e0 nmethod 1006 0x000001d29237e210 code [0x000001d29237e400, 0x000001d29237ea18]
Event: 1.289 Thread 0x000001d2ad82c9e0 1007       3       java.lang.IllegalArgumentException::<init> (6 bytes)

GC Heap History (2 events):
Event: 0.948 GC heap before
{Heap before GC invocations=0 (full 0):
 garbage-first heap   total 260096K, used 20480K [0x0000000703000000, 0x0000000800000000)
  region size 2048K, 11 young (22528K), 0 survivors (0K)
 Metaspace       used 3558K, capacity 6163K, committed 6272K, reserved 1056768K
  class space    used 333K, capacity 561K, committed 640K, reserved 1048576K
}
Event: 0.953 GC heap after
{Heap after GC invocations=1 (full 0):
 garbage-first heap   total 260096K, used 5778K [0x0000000703000000, 0x0000000800000000)
  region size 2048K, 2 young (4096K), 2 survivors (4096K)
 Metaspace       used 3558K, capacity 6163K, committed 6272K, reserved 1056768K
  class space    used 333K, capacity 561K, committed 640K, reserved 1048576K
}

Deoptimization events (20 events):
Event: 1.124 Thread 0x000001d2896d3960 DEOPT PACKING pc=0x000001d2996e8aa0 sp=0x00000076bb4fe040
Event: 1.124 Thread 0x000001d2896d3960 DEOPT UNPACKING pc=0x000001d291c2e42f sp=0x00000076bb4fdfc0 mode 2
Event: 1.127 Thread 0x000001d2896d3960 Uncommon trap: trap_request=0xffffff45 fr.pc=0x000001d2996d05b8 relative=0x00000000000004f8
Event: 1.127 Thread 0x000001d2896d3960 Uncommon trap: reason=unstable_if action=reinterpret pc=0x000001d2996d05b8 method=java.lang.AbstractStringBuilder.putStringAt(ILjava/lang/String;)V @ 8 c2
Event: 1.127 Thread 0x000001d2896d3960 DEOPT PACKING pc=0x000001d2996d05b8 sp=0x00000076bb4fe430
Event: 1.127 Thread 0x000001d2896d3960 DEOPT UNPACKING pc=0x000001d291c2e42f sp=0x00000076bb4fe338 mode 2
Event: 1.127 Thread 0x000001d2896d3960 Uncommon trap: trap_request=0xffffff45 fr.pc=0x000001d2996e6b24 relative=0x0000000000000384
Event: 1.127 Thread 0x000001d2896d3960 Uncommon trap: reason=unstable_if action=reinterpret pc=0x000001d2996e6b24 method=java.lang.AbstractStringBuilder.isLatin1()Z @ 10 c2
Event: 1.127 Thread 0x000001d2896d3960 DEOPT PACKING pc=0x000001d2996e6b24 sp=0x00000076bb4fe440
Event: 1.127 Thread 0x000001d2896d3960 DEOPT UNPACKING pc=0x000001d291c2e42f sp=0x00000076bb4fe3c0 mode 2
Event: 1.216 Thread 0x000001d2896d3960 DEOPT PACKING pc=0x000001d292298a33 sp=0x00000076bb4fe160
Event: 1.216 Thread 0x000001d2896d3960 DEOPT UNPACKING pc=0x000001d291c2e23f sp=0x00000076bb4fd680 mode 0
Event: 1.229 Thread 0x000001d2896d3960 DEOPT PACKING pc=0x000001d292298a33 sp=0x00000076bb4fde40
Event: 1.229 Thread 0x000001d2896d3960 DEOPT UNPACKING pc=0x000001d291c2e23f sp=0x00000076bb4fd360 mode 0
Event: 1.230 Thread 0x000001d2896d3960 DEOPT PACKING pc=0x000001d2922bbfea sp=0x00000076bb4fe130
Event: 1.230 Thread 0x000001d2896d3960 DEOPT UNPACKING pc=0x000001d291c2e23f sp=0x00000076bb4fd628 mode 0
Event: 1.233 Thread 0x000001d2896d3960 DEOPT PACKING pc=0x000001d2922f6621 sp=0x00000076bb4fe120
Event: 1.233 Thread 0x000001d2896d3960 DEOPT UNPACKING pc=0x000001d291c2e23f sp=0x00000076bb4fd618 mode 0
Event: 1.244 Thread 0x000001d2896d3960 DEOPT PACKING pc=0x000001d292298a33 sp=0x00000076bb4fde60
Event: 1.244 Thread 0x000001d2896d3960 DEOPT UNPACKING pc=0x000001d291c2e23f sp=0x00000076bb4fd380 mode 0

Classes unloaded (0 events):
No events

Classes redefined (0 events):
No events

Internal exceptions (8 events):
Event: 0.316 Thread 0x000001d2adaba530 Exception <a 'java/lang/NoSuchMethodError'{0x000000071276d638}: 'java.lang.Object java.lang.invoke.DirectMethodHandle$Holder.invokeStatic(java.lang.Object)'> (0x000000071276d638) 
thrown [./src/hotspot/share/interpreter/linkResolver.cpp, line 782]
Event: 0.316 Thread 0x000001d2adaba530 Exception <a 'java/lang/NoSuchMethodError'{0x0000000712770f48}: 'java.lang.Object java.lang.invoke.DirectMethodHandle$Holder.invokeStaticInit(java.lang.Object)'> (0x0000000712770f48) 
thrown [./src/hotspot/share/interpreter/linkResolver.cpp, line 782]
Event: 0.326 Thread 0x000001d2adaba530 Exception <a 'java/lang/NoSuchMethodError'{0x000000071277e428}: 'void java.lang.invoke.DirectMethodHandle$Holder.invokeStatic(java.lang.Object, java.lang.Object)'> (0x000000071277e428) 
thrown [./src/hotspot/share/interpreter/linkResolver.cpp, line 782]
Event: 0.537 Thread 0x000001d2896d3960 Exception <a 'java/lang/NoSuchMethodError'{0x0000000712063780}: 'int java.lang.invoke.DirectMethodHandle$Holder.invokeStaticInit(java.lang.Object, java.lang.Object, java.lang.Object, java.lang.Object)'> (0x0000000712063780) 
thrown [./src/hotspot/share/interpreter/linkResolver.cpp, line 782]
Event: 0.540 Thread 0x000001d2896d3960 Exception <a 'java/lang/NoSuchMethodError'{0x000000071206e3c0}: 'java.lang.Object java.lang.invoke.DirectMethodHandle$Holder.invokeInterface(java.lang.Object, java.lang.Object)'> (0x000000071206e3c0) 
thrown [./src/hotspot/share/interpreter/linkResolver.cpp, line 782]
Event: 0.541 Thread 0x000001d2896d3960 Exception <a 'java/lang/IncompatibleClassChangeError'{0x0000000712071b10}: Found class java.lang.Object, but interface was expected> (0x0000000712071b10) 
thrown [./src/hotspot/share/interpreter/linkResolver.cpp, line 848]
Event: 0.542 Thread 0x000001d2896d3960 Exception <a 'java/lang/NoSuchMethodError'{0x0000000712074d58}: 'void java.lang.invoke.DirectMethodHandle$Holder.invokeStaticInit(java.lang.Object, java.lang.Object)'> (0x0000000712074d58) 
thrown [./src/hotspot/share/interpreter/linkResolver.cpp, line 782]
Event: 0.544 Thread 0x000001d2896d3960 Exception <a 'java/lang/NoSuchMethodError'{0x000000071207aef0}: 'int java.lang.invoke.DirectMethodHandle$Holder.invokeStaticInit(java.lang.Object, java.lang.Object)'> (0x000000071207aef0) 
thrown [./src/hotspot/share/interpreter/linkResolver.cpp, line 782]

Events (20 events):
Event: 1.116 loading class sun/util/resources/TimeZoneNames done
Event: 1.116 loading class sun/util/resources/TimeZoneNames_en
Event: 1.116 loading class sun/util/resources/TimeZoneNames_en done
Event: 1.140 Loaded shared library C:\Users\37756\.javacpp\cache\llvm-13.0.1-1.5.7-windows-x86_64.jar\org\bytedeco\llvm\windows-x86_64\LTO.dll
Event: 1.146 Loaded shared library C:\Users\37756\.javacpp\cache\llvm-13.0.1-1.5.7-windows-x86_64.jar\org\bytedeco\llvm\windows-x86_64\Remarks.dll
Event: 1.159 Loaded shared library C:\Users\37756\.javacpp\cache\llvm-13.0.1-1.5.7-windows-x86_64.jar\org\bytedeco\llvm\windows-x86_64\jniLLVM.dll
Event: 1.257 loading class java/lang/invoke/BoundMethodHandle$Species_LL
Event: 1.257 loading class java/lang/invoke/BoundMethodHandle$Species_LL done
Event: 1.267 loading class java/lang/invoke/BoundMethodHandle$Species_LLL
Event: 1.267 loading class java/lang/invoke/BoundMethodHandle$Species_LLL done
Event: 1.269 loading class java/lang/invoke/BoundMethodHandle$Species_LLLL
Event: 1.269 loading class java/lang/invoke/BoundMethodHandle$Species_LLLL done
Event: 1.272 loading class java/lang/invoke/BoundMethodHandle$Species_LLLLL
Event: 1.272 loading class java/lang/invoke/BoundMethodHandle$Species_LLLLL done
Event: 1.274 loading class java/lang/invoke/BoundMethodHandle$Species_LJ
Event: 1.274 loading class java/lang/invoke/BoundMethodHandle$Species_LJ done
Event: 1.276 loading class java/lang/invoke/BoundMethodHandle$Species_LLLLLL
Event: 1.276 loading class java/lang/invoke/BoundMethodHandle$Species_LLLLLL done
Event: 1.278 loading class java/lang/invoke/BoundMethodHandle$Species_LLLLLLL
Event: 1.278 loading class java/lang/invoke/BoundMethodHandle$Species_LLLLLLL done


Dynamic libraries:
0x00007ff7a0d00000 - 0x00007ff7a0d0d000 	C:\Program Files\AdoptOpenJDK\jdk-15.0.2.7-hotspot\bin\java.exe
0x00007ff9a40f0000 - 0x00007ff9a42e8000 	C:\WINDOWS\SYSTEM32\ntdll.dll
0x00007ff9a2ea0000 - 0x00007ff9a2f5f000 	C:\WINDOWS\System32\KERNEL32.DLL
0x00007ff9a1a90000 - 0x00007ff9a1d62000 	C:\WINDOWS\System32\KERNELBASE.dll
0x00007ff9a17e0000 - 0x00007ff9a18e0000 	C:\WINDOWS\System32\ucrtbase.dll
0x00007ff987dc0000 - 0x00007ff987dd5000 	C:\Program Files\AdoptOpenJDK\jdk-15.0.2.7-hotspot\bin\VCRUNTIME140.dll
0x00007ff987da0000 - 0x00007ff987db8000 	C:\Program Files\AdoptOpenJDK\jdk-15.0.2.7-hotspot\bin\jli.dll
0x00007ff9a3e20000 - 0x00007ff9a3fc1000 	C:\WINDOWS\System32\USER32.dll
0x00007ff9a1dc0000 - 0x00007ff9a1de2000 	C:\WINDOWS\System32\win32u.dll
0x00007ff9825a0000 - 0x00007ff98283a000 	C:\WINDOWS\WinSxS\amd64_microsoft.windows.common-controls_6595b64144ccf1df_6.0.19041.1110_none_60b5254171f9507e\COMCTL32.dll
0x00007ff9a3ca0000 - 0x00007ff9a3ccb000 	C:\WINDOWS\System32\GDI32.dll
0x00007ff9a3cd0000 - 0x00007ff9a3d6e000 	C:\WINDOWS\System32\msvcrt.dll
0x00007ff9a1980000 - 0x00007ff9a1a8f000 	C:\WINDOWS\System32\gdi32full.dll
0x00007ff9a18e0000 - 0x00007ff9a197d000 	C:\WINDOWS\System32\msvcp_win.dll
0x00007ff9a22b0000 - 0x00007ff9a22e2000 	C:\WINDOWS\System32\IMM32.DLL
0x00007ff94b500000 - 0x00007ff94b59b000 	C:\Program Files\AdoptOpenJDK\jdk-15.0.2.7-hotspot\bin\msvcp140.dll
0x00007ff910410000 - 0x00007ff910f9f000 	C:\Program Files\AdoptOpenJDK\jdk-15.0.2.7-hotspot\bin\server\jvm.dll
0x00007ff9a2130000 - 0x00007ff9a21de000 	C:\WINDOWS\System32\ADVAPI32.dll
0x00007ff9a38e0000 - 0x00007ff9a397c000 	C:\WINDOWS\System32\sechost.dll
0x00007ff9a2310000 - 0x00007ff9a2435000 	C:\WINDOWS\System32\RPCRT4.dll
0x00007ff9a3100000 - 0x00007ff9a3108000 	C:\WINDOWS\System32\PSAPI.DLL
0x00007ff9829c0000 - 0x00007ff9829e7000 	C:\WINDOWS\SYSTEM32\WINMM.dll
0x00007ff980440000 - 0x00007ff980449000 	C:\WINDOWS\SYSTEM32\WSOCK32.dll
0x00007ff9a0440000 - 0x00007ff9a044a000 	C:\WINDOWS\SYSTEM32\VERSION.dll
0x00007ff9a3090000 - 0x00007ff9a30fb000 	C:\WINDOWS\System32\WS2_32.dll
0x00007ff99fef0000 - 0x00007ff99ff02000 	C:\WINDOWS\SYSTEM32\kernel.appcore.dll
0x00007ff995db0000 - 0x00007ff995dba000 	C:\Program Files\AdoptOpenJDK\jdk-15.0.2.7-hotspot\bin\jimage.dll
0x00007ff99f460000 - 0x00007ff99f644000 	C:\WINDOWS\SYSTEM32\DBGHELP.DLL
0x00007ff984050000 - 0x00007ff984085000 	C:\WINDOWS\SYSTEM32\dbgcore.DLL
0x00007ff9a1df0000 - 0x00007ff9a1e72000 	C:\WINDOWS\System32\bcryptPrimitives.dll
0x00007ff99b940000 - 0x00007ff99b94e000 	C:\Program Files\AdoptOpenJDK\jdk-15.0.2.7-hotspot\bin\instrument.dll
0x00007ff987d70000 - 0x00007ff987d95000 	C:\Program Files\AdoptOpenJDK\jdk-15.0.2.7-hotspot\bin\java.dll
0x00007ff9a2440000 - 0x00007ff9a2b84000 	C:\WINDOWS\System32\SHELL32.dll
0x00007ff99f740000 - 0x00007ff99fed2000 	C:\WINDOWS\SYSTEM32\windows.storage.dll
0x00007ff9a3580000 - 0x00007ff9a38d5000 	C:\WINDOWS\System32\combase.dll
0x00007ff9a1160000 - 0x00007ff9a1190000 	C:\WINDOWS\SYSTEM32\Wldp.dll
0x00007ff9a3d70000 - 0x00007ff9a3e1d000 	C:\WINDOWS\System32\SHCORE.dll
0x00007ff9a3a30000 - 0x00007ff9a3a85000 	C:\WINDOWS\System32\shlwapi.dll
0x00007ff9a1720000 - 0x00007ff9a173f000 	C:\WINDOWS\SYSTEM32\profapi.dll
0x00007ff987c70000 - 0x00007ff987c88000 	C:\Program Files\AdoptOpenJDK\jdk-15.0.2.7-hotspot\bin\zip.dll
0x00007ff987d50000 - 0x00007ff987d69000 	C:\Program Files\AdoptOpenJDK\jdk-15.0.2.7-hotspot\bin\net.dll
0x00007ff996230000 - 0x00007ff99633c000 	C:\WINDOWS\SYSTEM32\WINHTTP.dll
0x00007ff9a0ec0000 - 0x00007ff9a0f2a000 	C:\WINDOWS\system32\mswsock.dll
0x00007ff987d30000 - 0x00007ff987d42000 	C:\Program Files\AdoptOpenJDK\jdk-15.0.2.7-hotspot\bin\nio.dll
0x00007ff99b920000 - 0x00007ff99b93a000 	C:\Program Files\JetBrains\IntelliJ IDEA 2022.3\bin\breakgen64.dll
0x000001d2ae450000 - 0x000001d2ae454000 	C:\Users\37756\.javacpp\cache\javacpp-1.5.7-windows-x86_64.jar\org\bytedeco\javacpp\windows-x86_64\api-ms-win-crt-locale-l1-1-0.dll
0x000001d2ae460000 - 0x000001d2ae465000 	C:\Users\37756\.javacpp\cache\javacpp-1.5.7-windows-x86_64.jar\org\bytedeco\javacpp\windows-x86_64\api-ms-win-crt-string-l1-1-0.dll
0x000001d2ae470000 - 0x000001d2ae475000 	C:\Users\37756\.javacpp\cache\javacpp-1.5.7-windows-x86_64.jar\org\bytedeco\javacpp\windows-x86_64\api-ms-win-crt-stdio-l1-1-0.dll
0x000001d2ae480000 - 0x000001d2ae486000 	C:\Users\37756\.javacpp\cache\javacpp-1.5.7-windows-x86_64.jar\org\bytedeco\javacpp\windows-x86_64\api-ms-win-crt-math-l1-1-0.dll
0x000001d2ae490000 - 0x000001d2ae494000 	C:\Users\37756\.javacpp\cache\javacpp-1.5.7-windows-x86_64.jar\org\bytedeco\javacpp\windows-x86_64\api-ms-win-crt-heap-l1-1-0.dll
0x000001d2ae4a0000 - 0x000001d2ae4a5000 	C:\Users\37756\.javacpp\cache\javacpp-1.5.7-windows-x86_64.jar\org\bytedeco\javacpp\windows-x86_64\api-ms-win-crt-runtime-l1-1-0.dll
0x000001d2ae4b0000 - 0x000001d2ae4b5000 	C:\Users\37756\.javacpp\cache\javacpp-1.5.7-windows-x86_64.jar\org\bytedeco\javacpp\windows-x86_64\api-ms-win-crt-convert-l1-1-0.dll
0x000001d2ae4c0000 - 0x000001d2ae4c4000 	C:\Users\37756\.javacpp\cache\javacpp-1.5.7-windows-x86_64.jar\org\bytedeco\javacpp\windows-x86_64\api-ms-win-crt-environment-l1-1-0.dll
0x000001d2ae4d0000 - 0x000001d2ae4d4000 	C:\Users\37756\.javacpp\cache\javacpp-1.5.7-windows-x86_64.jar\org\bytedeco\javacpp\windows-x86_64\api-ms-win-crt-time-l1-1-0.dll
0x000001d2ae4e0000 - 0x000001d2ae4e4000 	C:\Users\37756\.javacpp\cache\javacpp-1.5.7-windows-x86_64.jar\org\bytedeco\javacpp\windows-x86_64\api-ms-win-crt-filesystem-l1-1-0.dll
0x000001d2ae4f0000 - 0x000001d2ae4f4000 	C:\Users\37756\.javacpp\cache\javacpp-1.5.7-windows-x86_64.jar\org\bytedeco\javacpp\windows-x86_64\api-ms-win-crt-utility-l1-1-0.dll
0x000001d2ae500000 - 0x000001d2ae506000 	C:\Users\37756\.javacpp\cache\javacpp-1.5.7-windows-x86_64.jar\org\bytedeco\javacpp\windows-x86_64\api-ms-win-crt-multibyte-l1-1-0.dll
0x000001d2ae510000 - 0x000001d2ae514000 	C:\Users\37756\.javacpp\cache\javacpp-1.5.7-windows-x86_64.jar\org\bytedeco\javacpp\windows-x86_64\api-ms-win-crt-conio-l1-1-0.dll
0x000001d2ae520000 - 0x000001d2ae531000 	C:\Users\37756\.javacpp\cache\javacpp-1.5.7-windows-x86_64.jar\org\bytedeco\javacpp\windows-x86_64\api-ms-win-crt-private-l1-1-0.dll
0x000001d2ae540000 - 0x000001d2ae544000 	C:\Users\37756\.javacpp\cache\javacpp-1.5.7-windows-x86_64.jar\org\bytedeco\javacpp\windows-x86_64\api-ms-win-crt-process-l1-1-0.dll
0x000001d2af520000 - 0x000001d2af524000 	C:\Users\37756\.javacpp\cache\javacpp-1.5.7-windows-x86_64.jar\org\bytedeco\javacpp\windows-x86_64\api-ms-win-core-console-l1-2-0.dll
0x000001d2af530000 - 0x000001d2af534000 	C:\Users\37756\.javacpp\cache\javacpp-1.5.7-windows-x86_64.jar\org\bytedeco\javacpp\windows-x86_64\api-ms-win-core-string-l1-1-0.dll
0x000001d2af540000 - 0x000001d2af544000 	C:\Users\37756\.javacpp\cache\javacpp-1.5.7-windows-x86_64.jar\org\bytedeco\javacpp\windows-x86_64\api-ms-win-core-errorhandling-l1-1-0.dll
0x000001d2af550000 - 0x000001d2af554000 	C:\Users\37756\.javacpp\cache\javacpp-1.5.7-windows-x86_64.jar\org\bytedeco\javacpp\windows-x86_64\api-ms-win-core-timezone-l1-1-0.dll
0x000001d2af560000 - 0x000001d2af565000 	C:\Users\37756\.javacpp\cache\javacpp-1.5.7-windows-x86_64.jar\org\bytedeco\javacpp\windows-x86_64\api-ms-win-core-file-l1-1-0.dll
0x000001d2af570000 - 0x000001d2af574000 	C:\Users\37756\.javacpp\cache\javacpp-1.5.7-windows-x86_64.jar\org\bytedeco\javacpp\windows-x86_64\api-ms-win-core-namedpipe-l1-1-0.dll
0x000001d2af580000 - 0x000001d2af584000 	C:\Users\37756\.javacpp\cache\javacpp-1.5.7-windows-x86_64.jar\org\bytedeco\javacpp\windows-x86_64\api-ms-win-core-handle-l1-1-0.dll
0x000001d2af590000 - 0x000001d2af594000 	C:\Users\37756\.javacpp\cache\javacpp-1.5.7-windows-x86_64.jar\org\bytedeco\javacpp\windows-x86_64\api-ms-win-core-file-l2-1-0.dll
0x000001d2af5a0000 - 0x000001d2af5a4000 	C:\Users\37756\.javacpp\cache\javacpp-1.5.7-windows-x86_64.jar\org\bytedeco\javacpp\windows-x86_64\api-ms-win-core-heap-l1-1-0.dll
0x000001d2af5b0000 - 0x000001d2af5b4000 	C:\Users\37756\.javacpp\cache\javacpp-1.5.7-windows-x86_64.jar\org\bytedeco\javacpp\windows-x86_64\api-ms-win-core-libraryloader-l1-1-0.dll
0x000001d2af5c0000 - 0x000001d2af5c4000 	C:\Users\37756\.javacpp\cache\javacpp-1.5.7-windows-x86_64.jar\org\bytedeco\javacpp\windows-x86_64\api-ms-win-core-synch-l1-1-0.dll
0x000001d2af5d0000 - 0x000001d2af5d4000 	C:\Users\37756\.javacpp\cache\javacpp-1.5.7-windows-x86_64.jar\org\bytedeco\javacpp\windows-x86_64\api-ms-win-core-processthreads-l1-1-0.dll
0x000001d2af5e0000 - 0x000001d2af5e4000 	C:\Users\37756\.javacpp\cache\javacpp-1.5.7-windows-x86_64.jar\org\bytedeco\javacpp\windows-x86_64\api-ms-win-core-processenvironment-l1-1-0.dll
0x000001d2af5f0000 - 0x000001d2af5f4000 	C:\Users\37756\.javacpp\cache\javacpp-1.5.7-windows-x86_64.jar\org\bytedeco\javacpp\windows-x86_64\api-ms-win-core-datetime-l1-1-0.dll
0x000001d2af600000 - 0x000001d2af604000 	C:\Users\37756\.javacpp\cache\javacpp-1.5.7-windows-x86_64.jar\org\bytedeco\javacpp\windows-x86_64\api-ms-win-core-localization-l1-2-0.dll
0x000001d2af610000 - 0x000001d2af614000 	C:\Users\37756\.javacpp\cache\javacpp-1.5.7-windows-x86_64.jar\org\bytedeco\javacpp\windows-x86_64\api-ms-win-core-sysinfo-l1-1-0.dll
0x000001d2af620000 - 0x000001d2af624000 	C:\Users\37756\.javacpp\cache\javacpp-1.5.7-windows-x86_64.jar\org\bytedeco\javacpp\windows-x86_64\api-ms-win-core-synch-l1-2-0.dll
0x000001d2af630000 - 0x000001d2af634000 	C:\Users\37756\.javacpp\cache\javacpp-1.5.7-windows-x86_64.jar\org\bytedeco\javacpp\windows-x86_64\api-ms-win-core-console-l1-1-0.dll
0x000001d2af640000 - 0x000001d2af644000 	C:\Users\37756\.javacpp\cache\javacpp-1.5.7-windows-x86_64.jar\org\bytedeco\javacpp\windows-x86_64\api-ms-win-core-debug-l1-1-0.dll
0x000001d2af650000 - 0x000001d2af654000 	C:\Users\37756\.javacpp\cache\javacpp-1.5.7-windows-x86_64.jar\org\bytedeco\javacpp\windows-x86_64\api-ms-win-core-rtlsupport-l1-1-0.dll
0x000001d2af660000 - 0x000001d2af664000 	C:\Users\37756\.javacpp\cache\javacpp-1.5.7-windows-x86_64.jar\org\bytedeco\javacpp\windows-x86_64\api-ms-win-core-processthreads-l1-1-1.dll
0x000001d2af670000 - 0x000001d2af674000 	C:\Users\37756\.javacpp\cache\javacpp-1.5.7-windows-x86_64.jar\org\bytedeco\javacpp\windows-x86_64\api-ms-win-core-file-l1-2-0.dll
0x000001d2af680000 - 0x000001d2af684000 	C:\Users\37756\.javacpp\cache\javacpp-1.5.7-windows-x86_64.jar\org\bytedeco\javacpp\windows-x86_64\api-ms-win-core-profile-l1-1-0.dll
0x000001d2af690000 - 0x000001d2af694000 	C:\Users\37756\.javacpp\cache\javacpp-1.5.7-windows-x86_64.jar\org\bytedeco\javacpp\windows-x86_64\api-ms-win-core-memory-l1-1-0.dll
0x000001d2af6a0000 - 0x000001d2af6a4000 	C:\Users\37756\.javacpp\cache\javacpp-1.5.7-windows-x86_64.jar\org\bytedeco\javacpp\windows-x86_64\api-ms-win-core-util-l1-1-0.dll
0x000001d2af6b0000 - 0x000001d2af6b4000 	C:\Users\37756\.javacpp\cache\javacpp-1.5.7-windows-x86_64.jar\org\bytedeco\javacpp\windows-x86_64\api-ms-win-core-interlocked-l1-1-0.dll
0x00007ff967740000 - 0x00007ff967851000 	C:\Users\37756\.javacpp\cache\javacpp-1.5.7-windows-x86_64.jar\org\bytedeco\javacpp\windows-x86_64\ucrtbase.dll
0x00007ff9998e0000 - 0x00007ff9998fb000 	C:\Users\37756\.javacpp\cache\javacpp-1.5.7-windows-x86_64.jar\org\bytedeco\javacpp\windows-x86_64\vcruntime140.dll
0x00007ff987f40000 - 0x00007ff987f4c000 	C:\Users\37756\.javacpp\cache\javacpp-1.5.7-windows-x86_64.jar\org\bytedeco\javacpp\windows-x86_64\vcruntime140_1.dll
0x00007ff9676b0000 - 0x00007ff96773d000 	C:\Users\37756\.javacpp\cache\javacpp-1.5.7-windows-x86_64.jar\org\bytedeco\javacpp\windows-x86_64\msvcp140.dll
0x00007ff987ef0000 - 0x00007ff987ef9000 	C:\Users\37756\.javacpp\cache\javacpp-1.5.7-windows-x86_64.jar\org\bytedeco\javacpp\windows-x86_64\msvcp140_1.dll
0x00007ff97bee0000 - 0x00007ff97bf2e000 	C:\Users\37756\.javacpp\cache\javacpp-1.5.7-windows-x86_64.jar\org\bytedeco\javacpp\windows-x86_64\concrt140.dll
0x00007ff9698e0000 - 0x00007ff969911000 	C:\Users\37756\.javacpp\cache\javacpp-1.5.7-windows-x86_64.jar\org\bytedeco\javacpp\windows-x86_64\vcomp140.dll
0x00007ff987ee0000 - 0x00007ff987eee000 	C:\Users\37756\.javacpp\cache\javacpp-1.5.7-windows-x86_64.jar\org\bytedeco\javacpp\windows-x86_64\jnijavacpp.dll
0x00007ff908060000 - 0x00007ff90c6fd000 	C:\Users\37756\.javacpp\cache\llvm-13.0.1-1.5.7-windows-x86_64.jar\org\bytedeco\llvm\windows-x86_64\LTO.dll
0x00007ff969240000 - 0x00007ff96927b000 	C:\Users\37756\.javacpp\cache\llvm-13.0.1-1.5.7-windows-x86_64.jar\org\bytedeco\llvm\windows-x86_64\Remarks.dll
0x00007ff903810000 - 0x00007ff908060000 	C:\Users\37756\.javacpp\cache\llvm-13.0.1-1.5.7-windows-x86_64.jar\org\bytedeco\llvm\windows-x86_64\jniLLVM.dll
0x00007ff9a2f60000 - 0x00007ff9a308a000 	C:\WINDOWS\System32\ole32.dll

dbghelp: loaded successfully - version: 4.0.5 - missing functions: none
symbol engine: initialized successfully - sym options: 0x614 - pdb path: .;C:\Program Files\AdoptOpenJDK\jdk-15.0.2.7-hotspot\bin;C:\WINDOWS\SYSTEM32;C:\WINDOWS\WinSxS\amd64_microsoft.windows.common-controls_6595b64144ccf1df_6.0.19041.1110_none_60b5254171f9507e;C:\Program Files\AdoptOpenJDK\jdk-15.0.2.7-hotspot\bin\server;C:\Program Files\JetBrains\IntelliJ IDEA 2022.3\bin;C:\Users\37756\.javacpp\cache\javacpp-1.5.7-windows-x86_64.jar\org\bytedeco\javacpp\windows-x86_64;C:\Users\37756\.javacpp\cache\llvm-13.0.1-1.5.7-windows-x86_64.jar\org\bytedeco\llvm\windows-x86_64

VM Arguments:
jvm_args: -javaagent:C:\Program Files\JetBrains\IntelliJ IDEA 2022.3\lib\idea_rt.jar=8350:C:\Program Files\JetBrains\IntelliJ IDEA 2022.3\bin -Dfile.encoding=UTF-8 
java_command: Main tests/function-and-var-test2.sysy tests/function-and-var-test2.out
java_class_path (initial): C:\Users\37756\Documents\NJU\2022Fall\Compilers\Lab\target\classes;C:\Users\37756\.m2\repository\org\bytedeco\llvm-platform\13.0.1-1.5.7\llvm-platform-13.0.1-1.5.7.jar;C:\Users\37756\.m2\repository\org\bytedeco\javacpp-platform\1.5.7\javacpp-platform-1.5.7.jar;C:\Users\37756\.m2\repository\org\bytedeco\javacpp\1.5.7\javacpp-1.5.7.jar;C:\Users\37756\.m2\repository\org\bytedeco\javacpp\1.5.7\javacpp-1.5.7-android-arm.jar;C:\Users\37756\.m2\repository\org\bytedeco\javacpp\1.5.7\javacpp-1.5.7-android-arm64.jar;C:\Users\37756\.m2\repository\org\bytedeco\javacpp\1.5.7\javacpp-1.5.7-android-x86.jar;C:\Users\37756\.m2\repository\org\bytedeco\javacpp\1.5.7\javacpp-1.5.7-android-x86_64.jar;C:\Users\37756\.m2\repository\org\bytedeco\javacpp\1.5.7\javacpp-1.5.7-ios-arm64.jar;C:\Users\37756\.m2\repository\org\bytedeco\javacpp\1.5.7\javacpp-1.5.7-ios-x86_64.jar;C:\Users\37756\.m2\repository\org\bytedeco\javacpp\1.5.7\javacpp-1.5.7-linux-armhf.jar;C:\Users\37756\.m2\repository\org\bytedeco\javacpp\1.5.7\javacpp-1.5.7-linux-arm64.jar;C:\Users\37756\.m2\repository\org\bytedeco\javacpp\1.5.7\javacpp-1.5.7-linux-ppc64le.jar;C:\Users\37756\.m2\repository\org\bytedeco\javacpp\1.5.7\javacpp-1.5.7-linux-x86.jar;C:\Users\37756\.m2\repository\org\bytedeco\javacpp\1.5.7\javacpp-1.5.7-linux-x86_64.jar;C:\Users\37756\.m2\repository\org\bytedeco\javacpp\1.5.7\javacpp-1.5.7-macosx-arm64.jar;C:\Users\37756\.m2\repository\org\bytedeco\javacpp\1.5.7\javacpp-1.5.7-macosx-x86_64.jar;C:\Users\37756\.m2\repository\org\bytedeco\javacpp\1.5.7\javacpp-1.5.7-windows-x86.jar;C:\Users\37756\.m2\repository\org\bytedeco\javacpp\1.5.7\javacpp-1.5.7-windows-x86_64.jar;C:\Users\37756\.m2\repository\org\bytedeco\llvm\13.0.1-1.5.7\llvm-13.0.1-1.5.7.jar;C:\Users\37756\.m2\repository\org\bytedeco\llvm\13.0.1-1.5.7\llvm-13.0.1-1.5.7-linux-x86.jar;C:\Users\37756\.m2\repository\org\bytedeco\llvm\13.0.1-1.5.7\llvm-13.0.1-1.5.7-linux-x86_64.jar;C:\Users\37756\.m2\repository\org\bytedeco\llvm\1
Launcher Type: SUN_STANDARD

[Global flags]
     intx CICompilerCount                          = 4                                         {product} {ergonomic}
     uint ConcGCThreads                            = 2                                         {product} {ergonomic}
     uint G1ConcRefinementThreads                  = 8                                         {product} {ergonomic}
   size_t G1HeapRegionSize                         = 2097152                                   {product} {ergonomic}
    uintx GCDrainStackTargetSize                   = 64                                        {product} {ergonomic}
   size_t InitialHeapSize                          = 266338304                                 {product} {ergonomic}
   size_t MarkStackSize                            = 4194304                                   {product} {ergonomic}
   size_t MaxHeapSize                              = 4244635648                                {product} {ergonomic}
   size_t MaxNewSize                               = 2545942528                                {product} {ergonomic}
   size_t MinHeapDeltaBytes                        = 2097152                                   {product} {ergonomic}
   size_t MinHeapSize                              = 8388608                                   {product} {ergonomic}
    uintx NonNMethodCodeHeapSize                   = 5839372                                {pd product} {ergonomic}
    uintx NonProfiledCodeHeapSize                  = 122909434                              {pd product} {ergonomic}
    uintx ProfiledCodeHeapSize                     = 122909434                              {pd product} {ergonomic}
    uintx ReservedCodeCacheSize                    = 251658240                              {pd product} {ergonomic}
     bool SegmentedCodeCache                       = true                                      {product} {ergonomic}
   size_t SoftMaxHeapSize                          = 4244635648                             {manageable} {ergonomic}
     bool UseCompressedClassPointers               = true                                 {lp64_product} {ergonomic}
     bool UseCompressedOops                        = true                                 {lp64_product} {ergonomic}
     bool UseG1GC                                  = true                                      {product} {ergonomic}
     bool UseLargePagesIndividualAllocation        = false                                  {pd product} {ergonomic}

Logging:
Log output configuration:
 #0: stdout all=warning uptime,level,tags
 #1: stderr all=off uptime,level,tags

Environment Variables:
CLASSPATH=.;C:Program Files(x86)\scala\bin;C:Program Files(x86)\scala\lib\dt.jar;C:Program Files(x86)\scala\lib\tools.jar.;
PATH=C:\Program Files (x86)\VMware\VMware Workstation\bin\;C:\ProgramData\Anaconda3;C:\ProgramData\Anaconda3\Library\mingw-w64\bin;C:\ProgramData\Anaconda3\Library\usr\bin;C:\ProgramData\Anaconda3\Library\bin;C:\ProgramData\Anaconda3\Scripts;C:\Program Files\AdoptOpenJDK\jdk-15.0.2.7-hotspot\bin;C:\WINDOWS\system32;C:\WINDOWS;C:\WINDOWS\System32\Wbem;C:\WINDOWS\System32\WindowsPowerShell\v1.0\;C:\WINDOWS\System32\OpenSSH\;C:\Program Files\dotnet\;C:\Program Files\Microsoft SQL Server\130\Tools\Binn\;C:\Program Files\Microsoft SQL Server\Client SDK\ODBC\170\Tools\Binn\;C:\Program Files (x86)\Dev-Cpp\MinGW64\bin;C:\Program Files\Git\cmd;C:\Program Files\PuTTY\;C:\Program Files\Graphviz\bin;C:\Program Files (x86)\Tencent\微信web开发者工具\dll;C:\Program Files\nodejs\;C:\Web\mysql-8.0.28-winx64\bin;"C:Program Files(x86)\scala\bin;C:Program Files(x86)\scala\jre\bin;";C:\Program Files\NASM;C:\Users\37756\AppData\Local\Microsoft\WindowsApps;C:\Program Files\JetBrains\PyCharm Community Edition 2020.3.3\bin;C:\Users\37756\.dotnet\tools;C:\Users\37756\AppData\Local\Programs\Microsoft VS Code\bin;C:\Program Files\JetBrains\IntelliJ IDEA Community Edition 2020.3.2\bin;C:\texlive\2020\bin\win32;C:\Program Files\JetBrains\CLion 2021.2\bin;C:\Program Files\JetBrains\PyCharm 2021.1.3\bin;C:\Program Files\JetBrains\IntelliJ IDEA 2021.1.3\bin;C:\Users\37756\AppData\Roaming\npm;C:\Program Files\JetBrains\DataGrip 2021.3.4\bin;C:\Program Files\JetBrains\WebStorm 2022.1\bin;C:\Users\37756\AppData\Local\Coursier\data\bin;C:\Program Files\NASM;;C:\Program Files\JetBrains\IntelliJ IDEA 2022.3\bin;;C:\Program Files\JetBrains\CLion 2022.3.1\bin;;C:\Program Files\JetBrains\WebStorm 2022.3.1\bin;;C:\Program Files\JetBrains\IntelliJ IDEA Community Edition 2022.3.1\bin;
USERNAME=37756
OS=Windows_NT
PROCESSOR_IDENTIFIER=Intel64 Family 6 Model 142 Stepping 12, GenuineIntel



---------------  S Y S T E M  ---------------

OS:
 Windows 10 , 64 bit Build 19041 (10.0.19041.2364)
OS uptime: 1 days 5:17 hours

CPU: total 8 (initial active 8) (4 cores per cpu, 2 threads per core) family 6 model 142 stepping 12 microcode 0xf4, cmov, cx8, fxsr, mmx, sse, sse2, sse3, ssse3, sse4.1, sse4.2, popcnt, vzeroupper, avx, avx2, aes, clmul, erms, 3dnowpref, lzcnt, ht, tsc, tscinvbit, bmi1, bmi2, adx, fma, clflush, clflushopt

Memory: 4k page, system-wide physical 16190M (5344M free)
TotalPageFile size 21054M (AvailPageFile size 5645M)
current process WorkingSet (physical memory assigned to process): 98M, peak: 99M
current process commit charge ("private bytes"): 374M, peak: 374M

vm_info: OpenJDK 64-Bit Server VM (15.0.2+7) for windows-amd64 JRE (15.0.2+7), built on Jan 21 2021 05:54:57 by "" with MS VC++ 15.9 (VS2017)

END.
